"응용 프로그램별 권한 설정에서 CLSID가 
{2593F8B9-4EAF-457C-B68A-50F6B8EA6B54}
이고 APPID가 
{15C20B67-12E7-4BB6-92BB-7AFF07997402}
인 COM 서버 응용 프로그램에 대한 로컬 활성화 사용 권한을 응용 프로그램 컨테이너 사용할 수 없음 SID(사용할 수 없음)에서 실행 중인 주소 LocalHost(LRPC 사용)의 사용자 DT\zinpi SID(S-1-5-21-3843888092-660805983-3388631941-1001)에게 부여하지 않았습니다. 구성 요소 서비스 관리 도구를 사용하여 이 보안 권한을 수정할 수 있습니다.","10016","0","0","3","0","0","-9187343239835811840","25303","Microsoft-Windows-DistributedCOM","1b562e86-b7aa-4131-badc-b6f3a001407e","System","1520","8388","DT","S-1-5-21-3843888092-660805983-3388631941-1001","10/4/2025 10:20:03 PM","7a994cd6-2f63-0008-f78c-b77a632fdc01",,"c:\users\zinpi\desktop\251215_sys.evtx","System.UInt32[]","System.Diagnostics.Eventing.Reader.EventBookmark","경고","정보",,"System.Collections.ObjectModel.ReadOnlyCollection`1[System.String]","System.Collections.Generic.List`1[System.Diagnostics.Eventing.Reader.EventProperty]"
"다음 오류로 인해 Steam Client Service 서비스를 시작하지 못했습니다. 
서비스가 시작이나 제어 요청에 빠르게 응답하지 않았습니다.","7000","0","49152","2","0","0","-9187343239835811840","25302","Service Control Manager","555908d1-a6d7-4695-8e1e-26931d2012f4","System","1152","1212","DT",,"10/4/2025 10:19:56 PM",,,"c:\users\zinpi\desktop\251215_sys.evtx","System.UInt32[]","System.Diagnostics.Eventing.Reader.EventBookmark","오류",,,"System.Collections.ObjectModel.ReadOnlyCollection`1[System.String]","System.Collections.Generic.List`1[System.Diagnostics.Eventing.Reader.EventProperty]"
"Steam Client Service 서비스 연결을 기다리는 동안 제한 시간에 도달했습니다(30000밀리초).","7009","0","49152","2","0","0","-9187343239835811840","25301","Service Control Manager","555908d1-a6d7-4695-8e1e-26931d2012f4","System","1152","1212","DT",,"10/4/2025 10:19:56 PM",,,"c:\users\zinpi\desktop\251215_sys.evtx","System.UInt32[]","System.Diagnostics.Eventing.Reader.EventBookmark","오류",,,"System.Collections.ObjectModel.ReadOnlyCollection`1[System.String]","System.Collections.Generic.List`1[System.Diagnostics.Eventing.Reader.EventProperty]"
"응용 프로그램별 권한 설정에서 CLSID가 
{2593F8B9-4EAF-457C-B68A-50F6B8EA6B54}
이고 APPID가 
{15C20B67-12E7-4BB6-92BB-7AFF07997402}
인 COM 서버 응용 프로그램에 대한 로컬 활성화 사용 권한을 응용 프로그램 컨테이너 사용할 수 없음 SID(사용할 수 없음)에서 실행 중인 주소 LocalHost(LRPC 사용)의 사용자 DT\zinpi SID(S-1-5-21-3843888092-660805983-3388631941-1001)에게 부여하지 않았습니다. 구성 요소 서비스 관리 도구를 사용하여 이 보안 권한을 수정할 수 있습니다.","10016","0","0","3","0","0","-9187343239835811840","25300","Microsoft-Windows-DistributedCOM","1b562e86-b7aa-4131-badc-b6f3a001407e","System","1520","14440","DT","S-1-5-21-3843888092-660805983-3388631941-1001","10/4/2025 10:19:48 PM","7a994cd6-2f63-0003-e3df-b77a632fdc01",,"c:\users\zinpi\desktop\251215_sys.evtx","System.UInt32[]","System.Diagnostics.Eventing.Reader.EventBookmark","경고","정보",,"System.Collections.ObjectModel.ReadOnlyCollection`1[System.String]","System.Collections.Generic.List`1[System.Diagnostics.Eventing.Reader.EventProperty]"
,"6062","0","32768","3","0","0","36028797018963968","25270","Netwtw14",,"System","4","12760","DT",,"10/4/2025 10:15:03 PM",,,"c:\users\zinpi\desktop\251215_sys.evtx","System.UInt32[]","System.Diagnostics.Eventing.Reader.EventBookmark","경고",,"없음","System.Collections.ObjectModel.ReadOnlyCollection`1[System.String]","System.Collections.Generic.List`1[System.Diagnostics.Eventing.Reader.EventProperty]"
"응용 프로그램별 권한 설정에서 CLSID가 
{6B3B8D23-FA8D-40B9-8DBD-B950333E2C52}
이고 APPID가 
{4839DDB7-58C2-48F5-8283-E1D1807D0D7D}
인 COM 서버 응용 프로그램에 대한 로컬 활성화 사용 권한을 응용 프로그램 컨테이너 사용할 수 없음 SID(사용할 수 없음)에서 실행 중인 주소 LocalHost(LRPC 사용)의 사용자 NT AUTHORITY\LOCAL SERVICE SID(S-1-5-19)에게 부여하지 않았습니다. 구성 요소 서비스 관리 도구를 사용하여 이 보안 권한을 수정할 수 있습니다.","10016","0","0","3","0","0","-9187343239835811840","25256","Microsoft-Windows-DistributedCOM","1b562e86-b7aa-4131-badc-b6f3a001407e","System","1520","7460","DT","S-1-5-19","10/4/2025 10:15:00 PM",,,"c:\users\zinpi\desktop\251215_sys.evtx","System.UInt32[]","System.Diagnostics.Eventing.Reader.EventBookmark","경고","정보",,"System.Collections.ObjectModel.ReadOnlyCollection`1[System.String]","System.Collections.Generic.List`1[System.Diagnostics.Eventing.Reader.EventProperty]"
"응용 프로그램별 권한 설정에서 CLSID가 
{6B3B8D23-FA8D-40B9-8DBD-B950333E2C52}
이고 APPID가 
{4839DDB7-58C2-48F5-8283-E1D1807D0D7D}
인 COM 서버 응용 프로그램에 대한 로컬 활성화 사용 권한을 응용 프로그램 컨테이너 사용할 수 없음 SID(사용할 수 없음)에서 실행 중인 주소 LocalHost(LRPC 사용)의 사용자 NT AUTHORITY\LOCAL SERVICE SID(S-1-5-19)에게 부여하지 않았습니다. 구성 요소 서비스 관리 도구를 사용하여 이 보안 권한을 수정할 수 있습니다.","10016","0","0","3","0","0","-9187343239835811840","25255","Microsoft-Windows-DistributedCOM","1b562e86-b7aa-4131-badc-b6f3a001407e","System","1520","9452","DT","S-1-5-19","10/4/2025 10:15:00 PM",,,"c:\users\zinpi\desktop\251215_sys.evtx","System.UInt32[]","System.Diagnostics.Eventing.Reader.EventBookmark","경고","정보",,"System.Collections.ObjectModel.ReadOnlyCollection`1[System.String]","System.Collections.Generic.List`1[System.Diagnostics.Eventing.Reader.EventProperty]"
"NtpClient는 'time.windows.com,0x9'의 DNS 확인 오류로 인해 시간 원본으로 사용할 수동 피어를 설정하지 못했습니다. NtpClient는 15분 내에 다시 시도하고 그 후로는 재시도 간격을 두 배로 합니다. 오류: 알려진 호스트가 없습니다. (0x80072AF9)","134","0",,"3","0","0","-9223372036854775808","25246","Microsoft-Windows-Time-Service","06edcfeb-0fd0-4e53-acca-a6f8bbf81bcb","System","23220","23216","DT","S-1-5-19","10/4/2025 10:14:58 PM",,,"c:\users\zinpi\desktop\251215_sys.evtx","System.UInt32[]","System.Diagnostics.Eventing.Reader.EventBookmark","경고","정보",,"System.Collections.ObjectModel.ReadOnlyCollection`1[System.String]","System.Collections.Generic.List`1[System.Diagnostics.Eventing.Reader.EventProperty]"
"Intel(R) Ethernet Controller (3) I225-V
 네트워크 링크가 분리되었습니다.
","27","0","40964","3","0","0","36028797018963968","25237","e2fexpress",,"System","4","532","DT",,"10/4/2025 10:14:57 PM",,,"c:\users\zinpi\desktop\251215_sys.evtx","System.UInt32[]","System.Diagnostics.Eventing.Reader.EventBookmark","경고",,"없음","System.Collections.ObjectModel.ReadOnlyCollection`1[System.String]","System.Collections.Generic.List`1[System.Diagnostics.Eventing.Reader.EventProperty]"
"PICO Streaming Service 서비스가 예기치 않게 1번 종료되었습니다. 1000밀리초 안에 다음 수정 작업을 합니다. 서비스 다시 시작.","7031","0","49152","2","0","0","-9187343239835811840","25228","Service Control Manager","555908d1-a6d7-4695-8e1e-26931d2012f4","System","1152","21884","DT",,"9/28/2025 5:57:05 AM",,,"c:\users\zinpi\desktop\251215_sys.evtx","System.UInt32[]","System.Diagnostics.Eventing.Reader.EventBookmark","오류",,,"System.Collections.ObjectModel.ReadOnlyCollection`1[System.String]","System.Collections.Generic.List`1[System.Diagnostics.Eventing.Reader.EventProperty]"
"ACPI Time 및 Alarm Device 메서드를 평가하지 못했기 때문에 하드웨어 실시간 시계가 설정되지 않았습니다.  상태: 0xC0000001.","21","0",,"2","0","0","-9223372036854775808","25202","Microsoft-Windows-HAL","63d1e632-95cc-4443-9312-af927761d52a","System","23220","23360","DT","S-1-5-19","9/27/2025 10:10:40 PM",,,"c:\users\zinpi\desktop\251215_sys.evtx","System.UInt32[]","System.Diagnostics.Eventing.Reader.EventBookmark","오류","정보",,"System.Collections.ObjectModel.ReadOnlyCollection`1[System.String]","System.Collections.Generic.List`1[System.Diagnostics.Eventing.Reader.EventProperty]"
"ACPI Time 및 Alarm Device 메서드를 평가하지 못했기 때문에 하드웨어 실시간 시계가 설정되지 않았습니다.  상태: 0xC0000001.","21","0",,"2","0","0","-9223372036854775808","25198","Microsoft-Windows-HAL","63d1e632-95cc-4443-9312-af927761d52a","System","23220","23360","DT","S-1-5-19","9/27/2025 10:10:40 PM",,,"c:\users\zinpi\desktop\251215_sys.evtx","System.UInt32[]","System.Diagnostics.Eventing.Reader.EventBookmark","오류","정보",,"System.Collections.ObjectModel.ReadOnlyCollection`1[System.String]","System.Collections.Generic.List`1[System.Diagnostics.Eventing.Reader.EventProperty]"
"응용 프로그램별 권한 설정에서 CLSID가 
{2593F8B9-4EAF-457C-B68A-50F6B8EA6B54}
이고 APPID가 
{15C20B67-12E7-4BB6-92BB-7AFF07997402}
인 COM 서버 응용 프로그램에 대한 로컬 활성화 사용 권한을 응용 프로그램 컨테이너 MicrosoftWindows.Client.WebExperience_525.24401.50.0_x64__cw5n1h2txyewy SID(사용할 수 없음)에서 실행 중인 주소 LocalHost(LRPC 사용)의 사용자 DT\zinpi SID(S-1-5-21-3843888092-660805983-3388631941-1001)에게 부여하지 않았습니다. 구성 요소 서비스 관리 도구를 사용하여 이 보안 권한을 수정할 수 있습니다.","10016","0","0","3","0","0","-9187343239835811840","25167","Microsoft-Windows-DistributedCOM","1b562e86-b7aa-4131-badc-b6f3a001407e","System","1520","6736","DT","S-1-5-21-3843888092-660805983-3388631941-1001","9/27/2025 6:56:43 PM","7a994cd6-2f63-0005-4e47-9b7a632fdc01",,"c:\users\zinpi\desktop\251215_sys.evtx","System.UInt32[]","System.Diagnostics.Eventing.Reader.EventBookmark","경고","정보",,"System.Collections.ObjectModel.ReadOnlyCollection`1[System.String]","System.Collections.Generic.List`1[System.Diagnostics.Eventing.Reader.EventProperty]"
"응용 프로그램별 권한 설정에서 CLSID가 
{2593F8B9-4EAF-457C-B68A-50F6B8EA6B54}
이고 APPID가 
{15C20B67-12E7-4BB6-92BB-7AFF07997402}
인 COM 서버 응용 프로그램에 대한 로컬 활성화 사용 권한을 응용 프로그램 컨테이너 사용할 수 없음 SID(사용할 수 없음)에서 실행 중인 주소 LocalHost(LRPC 사용)의 사용자 DT\zinpi SID(S-1-5-21-3843888092-660805983-3388631941-1001)에게 부여하지 않았습니다. 구성 요소 서비스 관리 도구를 사용하여 이 보안 권한을 수정할 수 있습니다.","10016","0","0","3","0","0","-9187343239835811840","25157","Microsoft-Windows-DistributedCOM","1b562e86-b7aa-4131-badc-b6f3a001407e","System","1520","10184","DT","S-1-5-21-3843888092-660805983-3388631941-1001","9/27/2025 1:11:09 PM","7a994cd6-2f63-000e-c53c-9a7a632fdc01",,"c:\users\zinpi\desktop\251215_sys.evtx","System.UInt32[]","System.Diagnostics.Eventing.Reader.EventBookmark","경고","정보",,"System.Collections.ObjectModel.ReadOnlyCollection`1[System.String]","System.Collections.Generic.List`1[System.Diagnostics.Eventing.Reader.EventProperty]"
"응용 프로그램별 권한 설정에서 CLSID가 
Windows.SecurityCenter.SecurityAppBroker
이고 APPID가 
사용할 수 없음
인 COM 서버 응용 프로그램에 대한 로컬 시작 사용 권한을 응용 프로그램 컨테이너 사용할 수 없음 SID(사용할 수 없음)에서 실행 중인 주소 LocalHost(LRPC 사용)의 사용자 NT AUTHORITY\SYSTEM SID(S-1-5-18)에게 부여하지 않았습니다. 구성 요소 서비스 관리 도구를 사용하여 이 보안 권한을 수정할 수 있습니다.","10016","0","0","3","0","0","-9187343239835811840","25154","Microsoft-Windows-DistributedCOM","1b562e86-b7aa-4131-badc-b6f3a001407e","System","1520","13612","DT","S-1-5-18","9/27/2025 1:04:34 PM",,,"c:\users\zinpi\desktop\251215_sys.evtx","System.UInt32[]","System.Diagnostics.Eventing.Reader.EventBookmark","경고","정보",,"System.Collections.ObjectModel.ReadOnlyCollection`1[System.String]","System.Collections.Generic.List`1[System.Diagnostics.Eventing.Reader.EventProperty]"
"응용 프로그램별 권한 설정에서 CLSID가 
Windows.SecurityCenter.WscBrokerManager
이고 APPID가 
사용할 수 없음
인 COM 서버 응용 프로그램에 대한 로컬 시작 사용 권한을 응용 프로그램 컨테이너 사용할 수 없음 SID(사용할 수 없음)에서 실행 중인 주소 LocalHost(LRPC 사용)의 사용자 NT AUTHORITY\SYSTEM SID(S-1-5-18)에게 부여하지 않았습니다. 구성 요소 서비스 관리 도구를 사용하여 이 보안 권한을 수정할 수 있습니다.","10016","0","0","3","0","0","-9187343239835811840","25153","Microsoft-Windows-DistributedCOM","1b562e86-b7aa-4131-badc-b6f3a001407e","System","1520","5704","DT","S-1-5-18","9/27/2025 1:04:34 PM",,,"c:\users\zinpi\desktop\251215_sys.evtx","System.UInt32[]","System.Diagnostics.Eventing.Reader.EventBookmark","경고","정보",,"System.Collections.ObjectModel.ReadOnlyCollection`1[System.String]","System.Collections.Generic.List`1[System.Diagnostics.Eventing.Reader.EventProperty]"
"응용 프로그램별 권한 설정에서 CLSID가 
Windows.SecurityCenter.WscDataProtection
이고 APPID가 
사용할 수 없음
인 COM 서버 응용 프로그램에 대한 로컬 시작 사용 권한을 응용 프로그램 컨테이너 사용할 수 없음 SID(사용할 수 없음)에서 실행 중인 주소 LocalHost(LRPC 사용)의 사용자 NT AUTHORITY\SYSTEM SID(S-1-5-18)에게 부여하지 않았습니다. 구성 요소 서비스 관리 도구를 사용하여 이 보안 권한을 수정할 수 있습니다.","10016","0","0","3","0","0","-9187343239835811840","25152","Microsoft-Windows-DistributedCOM","1b562e86-b7aa-4131-badc-b6f3a001407e","System","1520","6152","DT","S-1-5-18","9/27/2025 1:04:34 PM",,,"c:\users\zinpi\desktop\251215_sys.evtx","System.UInt32[]","System.Diagnostics.Eventing.Reader.EventBookmark","경고","정보",,"System.Collections.ObjectModel.ReadOnlyCollection`1[System.String]","System.Collections.Generic.List`1[System.Diagnostics.Eventing.Reader.EventProperty]"
"다음 오류로 인해 Google 업데이트 서비스 (gupdate) 서비스를 시작하지 못했습니다. 
서비스가 시작이나 제어 요청에 빠르게 응답하지 않았습니다.","7000","0","49152","2","0","0","-9187343239835811840","25149","Service Control Manager","555908d1-a6d7-4695-8e1e-26931d2012f4","System","1152","4172","DT",,"9/27/2025 1:04:33 PM",,,"c:\users\zinpi\desktop\251215_sys.evtx","System.UInt32[]","System.Diagnostics.Eventing.Reader.EventBookmark","오류",,,"System.Collections.ObjectModel.ReadOnlyCollection`1[System.String]","System.Collections.Generic.List`1[System.Diagnostics.Eventing.Reader.EventProperty]"
"Google 업데이트 서비스 (gupdate) 서비스 연결을 기다리는 동안 제한 시간에 도달했습니다(30000밀리초).","7009","0","49152","2","0","0","-9187343239835811840","25148","Service Control Manager","555908d1-a6d7-4695-8e1e-26931d2012f4","System","1152","4172","DT",,"9/27/2025 1:04:33 PM",,,"c:\users\zinpi\desktop\251215_sys.evtx","System.UInt32[]","System.Diagnostics.Eventing.Reader.EventBookmark","오류",,,"System.Collections.ObjectModel.ReadOnlyCollection`1[System.String]","System.Collections.Generic.List`1[System.Diagnostics.Eventing.Reader.EventProperty]"
"응용 프로그램별 권한 설정에서 CLSID가 
{2593F8B9-4EAF-457C-B68A-50F6B8EA6B54}
이고 APPID가 
{15C20B67-12E7-4BB6-92BB-7AFF07997402}
인 COM 서버 응용 프로그램에 대한 로컬 활성화 사용 권한을 응용 프로그램 컨테이너 사용할 수 없음 SID(사용할 수 없음)에서 실행 중인 주소 LocalHost(LRPC 사용)의 사용자 DT\zinpi SID(S-1-5-21-3843888092-660805983-3388631941-1001)에게 부여하지 않았습니다. 구성 요소 서비스 관리 도구를 사용하여 이 보안 권한을 수정할 수 있습니다.","10016","0","0","3","0","0","-9187343239835811840","25143","Microsoft-Windows-DistributedCOM","1b562e86-b7aa-4131-badc-b6f3a001407e","System","1520","5932","DT","S-1-5-21-3843888092-660805983-3388631941-1001","9/27/2025 1:03:11 PM","7a994cd6-2f63-000a-d4a8-997a632fdc01",,"c:\users\zinpi\desktop\251215_sys.evtx","System.UInt32[]","System.Diagnostics.Eventing.Reader.EventBookmark","경고","정보",,"System.Collections.ObjectModel.ReadOnlyCollection`1[System.String]","System.Collections.Generic.List`1[System.Diagnostics.Eventing.Reader.EventProperty]"
"응용 프로그램별 권한 설정에서 CLSID가 
{6B3B8D23-FA8D-40B9-8DBD-B950333E2C52}
이고 APPID가 
{4839DDB7-58C2-48F5-8283-E1D1807D0D7D}
인 COM 서버 응용 프로그램에 대한 로컬 활성화 사용 권한을 응용 프로그램 컨테이너 사용할 수 없음 SID(사용할 수 없음)에서 실행 중인 주소 LocalHost(LRPC 사용)의 사용자 NT AUTHORITY\LOCAL SERVICE SID(S-1-5-19)에게 부여하지 않았습니다. 구성 요소 서비스 관리 도구를 사용하여 이 보안 권한을 수정할 수 있습니다.","10016","0","0","3","0","0","-9187343239835811840","25133","Microsoft-Windows-DistributedCOM","1b562e86-b7aa-4131-badc-b6f3a001407e","System","1520","1820","DT","S-1-5-19","9/27/2025 1:02:33 PM",,,"c:\users\zinpi\desktop\251215_sys.evtx","System.UInt32[]","System.Diagnostics.Eventing.Reader.EventBookmark","경고","정보",,"System.Collections.ObjectModel.ReadOnlyCollection`1[System.String]","System.Collections.Generic.List`1[System.Diagnostics.Eventing.Reader.EventProperty]"
"응용 프로그램별 권한 설정에서 CLSID가 
{6B3B8D23-FA8D-40B9-8DBD-B950333E2C52}
이고 APPID가 
{4839DDB7-58C2-48F5-8283-E1D1807D0D7D}
인 COM 서버 응용 프로그램에 대한 로컬 활성화 사용 권한을 응용 프로그램 컨테이너 사용할 수 없음 SID(사용할 수 없음)에서 실행 중인 주소 LocalHost(LRPC 사용)의 사용자 NT AUTHORITY\LOCAL SERVICE SID(S-1-5-19)에게 부여하지 않았습니다. 구성 요소 서비스 관리 도구를 사용하여 이 보안 권한을 수정할 수 있습니다.","10016","0","0","3","0","0","-9187343239835811840","25132","Microsoft-Windows-DistributedCOM","1b562e86-b7aa-4131-badc-b6f3a001407e","System","1520","5704","DT","S-1-5-19","9/27/2025 1:02:33 PM",,,"c:\users\zinpi\desktop\251215_sys.evtx","System.UInt32[]","System.Diagnostics.Eventing.Reader.EventBookmark","경고","정보",,"System.Collections.ObjectModel.ReadOnlyCollection`1[System.String]","System.Collections.Generic.List`1[System.Diagnostics.Eventing.Reader.EventProperty]"
"다음 오류로 인해 OracleVssWriterXE 서비스를 시작하지 못했습니다. 
서비스가 올바르게 작동하는 데 필요한 권한이 서비스 계정 구성에 없습니다. 서비스 MMC(Microsoft Management Console) 스냅인(services.msc)과 로컬 보안 설정 MMC 스냅인(secpol.msc)을 사용하여 서비스 구성과 계정 구성을 볼 수 있습니다.","7000","0","49152","2","0","0","-9187343239835811840","25122","Service Control Manager","555908d1-a6d7-4695-8e1e-26931d2012f4","System","1152","4192","DT",,"9/27/2025 1:02:32 PM",,,"c:\users\zinpi\desktop\251215_sys.evtx","System.UInt32[]","System.Diagnostics.Eventing.Reader.EventBookmark","오류",,,"System.Collections.ObjectModel.ReadOnlyCollection`1[System.String]","System.Collections.Generic.List`1[System.Diagnostics.Eventing.Reader.EventProperty]"
"드라이버가 이 HID 키보드에 불량 펌웨어가 있는 것을 검색했습니다. 중복 보고서 패킷을 전송하고 있습니다.","1","0","32773","3","0","0","36028797018963968","25085","kbdhid",,"System","4","196","DT",,"9/27/2025 1:02:30 PM",,,"c:\users\zinpi\desktop\251215_sys.evtx","System.UInt32[]","System.Diagnostics.Eventing.Reader.EventBookmark","경고",,"없음","System.Collections.ObjectModel.ReadOnlyCollection`1[System.String]","System.Collections.Generic.List`1[System.Diagnostics.Eventing.Reader.EventProperty]"
"Intel(R) Ethernet Controller (3) I225-V
 네트워크 링크가 분리되었습니다.
","27","0","40964","3","0","0","36028797018963968","25074","e2fexpress",,"System","4","504","DT",,"9/27/2025 1:02:28 PM",,,"c:\users\zinpi\desktop\251215_sys.evtx","System.UInt32[]","System.Diagnostics.Eventing.Reader.EventBookmark","경고",,"없음","System.Collections.ObjectModel.ReadOnlyCollection`1[System.String]","System.Collections.Generic.List`1[System.Diagnostics.Eventing.Reader.EventProperty]"
"시스템이 비정상적으로 종료된 후 다시 부팅되었습니다. 이 오류는 시스템이 응답을 멈추었거나 손상되었거나 예기치 않게 전원 공급이 중단되면 발생할 수 있습니다.","41","10",,"1","63","0","-9223301668110598142","25043","Microsoft-Windows-Kernel-Power","331c3b3a-2005-44c2-ac5e-77220c37d6b4","System","4","8","DT","S-1-5-18","9/27/2025 1:02:02 PM",,,"c:\users\zinpi\desktop\251215_sys.evtx","System.UInt32[]","System.Diagnostics.Eventing.Reader.EventBookmark","위험","정보",,"System.Collections.ObjectModel.ReadOnlyCollection`1[System.String]","System.Collections.Generic.List`1[System.Diagnostics.Eventing.Reader.EventProperty]"
"‎2025-‎09-‎26의 오후 9:28:49에서 이전에 예기치 않은 시스템 종료가 있었습니다.","6008","0","32768","2","0","0","36028797018963968","25027","EventLog",,"System","2468","2548","DT",,"9/27/2025 1:02:31 PM",,,"c:\users\zinpi\desktop\251215_sys.evtx","System.UInt32[]","System.Diagnostics.Eventing.Reader.EventBookmark","오류",,"없음","System.Collections.ObjectModel.ReadOnlyCollection`1[System.String]","System.Collections.Generic.List`1[System.Diagnostics.Eventing.Reader.EventProperty]"
"하이퍼스레딩이 활성화되어 있기 때문에 하이퍼바이저는 가상 머신에 대한 부채널 취약성에 대한 완화를 활성화하지 않았습니다. 가상 머신에 대한 완화를 활성화하려면 HyperThreading을 비활성화합니다.","167","0",,"3","0","0","-9223301668110598144","25026","Microsoft-Windows-Hyper-V-Hypervisor","52fc89f8-995e-434c-a91e-199986449890","System","4","8","DT","S-1-5-18","9/27/2025 1:02:01 PM",,,"c:\users\zinpi\desktop\251215_sys.evtx","System.UInt32[]","System.Diagnostics.Eventing.Reader.EventBookmark","경고","정보",,"System.Collections.ObjectModel.ReadOnlyCollection`1[System.String]","System.Collections.Generic.List`1[System.Diagnostics.Eventing.Reader.EventProperty]"
"Windows가 빠른 시작에 실패했습니다(오류 상태: 0xC00000D4).","29","1",,"2","0","0","-9223363240761753600","25011","Microsoft-Windows-Kernel-Boot","15ca44ff-4d7a-4baa-bba5-0998955e531e","System","4","8","DT","S-1-5-18","9/27/2025 1:02:01 PM",,,"c:\users\zinpi\desktop\251215_sys.evtx","System.UInt32[]","System.Diagnostics.Eventing.Reader.EventBookmark","오류","정보",,"System.Collections.ObjectModel.ReadOnlyCollection`1[System.String]","System.Collections.Generic.List`1[System.Diagnostics.Eventing.Reader.EventProperty]"
"UserDataSvc_7e4f8 서비스에서 트랜잭션 응답을 기다리는 동안 제한 시간에 도달했습니다(30000밀리초).","7011","0","49152","2","0","0","-9187343239835811840","25007","Service Control Manager","555908d1-a6d7-4695-8e1e-26931d2012f4","System","1284","22000","DT",,"9/26/2025 10:05:33 PM","be9de3fc-2eca-0002-981a-b0beca2edc01",,"c:\users\zinpi\desktop\251215_sys.evtx","System.UInt32[]","System.Diagnostics.Eventing.Reader.EventBookmark","오류",,,"System.Collections.ObjectModel.ReadOnlyCollection`1[System.String]","System.Collections.Generic.List`1[System.Diagnostics.Eventing.Reader.EventProperty]"
"UnistoreSvc_7e4f8 서비스에서 트랜잭션 응답을 기다리는 동안 제한 시간에 도달했습니다(30000밀리초).","7011","0","49152","2","0","0","-9187343239835811840","25006","Service Control Manager","555908d1-a6d7-4695-8e1e-26931d2012f4","System","1284","22000","DT",,"9/26/2025 10:05:03 PM","be9de3fc-2eca-0002-981a-b0beca2edc01",,"c:\users\zinpi\desktop\251215_sys.evtx","System.UInt32[]","System.Diagnostics.Eventing.Reader.EventBookmark","오류",,,"System.Collections.ObjectModel.ReadOnlyCollection`1[System.String]","System.Collections.Generic.List`1[System.Diagnostics.Eventing.Reader.EventProperty]"
"PimIndexMaintenanceSvc_7e4f8 서비스에서 트랜잭션 응답을 기다리는 동안 제한 시간에 도달했습니다(30000밀리초).","7011","0","49152","2","0","0","-9187343239835811840","25005","Service Control Manager","555908d1-a6d7-4695-8e1e-26931d2012f4","System","1284","22000","DT",,"9/26/2025 10:04:33 PM","be9de3fc-2eca-0002-981a-b0beca2edc01",,"c:\users\zinpi\desktop\251215_sys.evtx","System.UInt32[]","System.Diagnostics.Eventing.Reader.EventBookmark","오류",,,"System.Collections.ObjectModel.ReadOnlyCollection`1[System.String]","System.Collections.Generic.List`1[System.Diagnostics.Eventing.Reader.EventProperty]"
"PICO Streaming Service 서비스가 예기치 않게 1번 종료되었습니다. 1000밀리초 안에 다음 수정 작업을 합니다. 서비스 다시 시작.","7031","0","49152","2","0","0","-9187343239835811840","25004","Service Control Manager","555908d1-a6d7-4695-8e1e-26931d2012f4","System","1284","3240","DT",,"9/26/2025 10:04:04 PM",,,"c:\users\zinpi\desktop\251215_sys.evtx","System.UInt32[]","System.Diagnostics.Eventing.Reader.EventBookmark","오류",,,"System.Collections.ObjectModel.ReadOnlyCollection`1[System.String]","System.Collections.Generic.List`1[System.Diagnostics.Eventing.Reader.EventProperty]"
"응용 프로그램별 권한 설정에서 CLSID가 
{2593F8B9-4EAF-457C-B68A-50F6B8EA6B54}
이고 APPID가 
{15C20B67-12E7-4BB6-92BB-7AFF07997402}
인 COM 서버 응용 프로그램에 대한 로컬 활성화 사용 권한을 응용 프로그램 컨테이너 사용할 수 없음 SID(사용할 수 없음)에서 실행 중인 주소 LocalHost(LRPC 사용)의 사용자 DT\zinpi SID(S-1-5-21-3843888092-660805983-3388631941-1001)에게 부여하지 않았습니다. 구성 요소 서비스 관리 도구를 사용하여 이 보안 권한을 수정할 수 있습니다.","10016","0","0","3","0","0","-9187343239835811840","25001","Microsoft-Windows-DistributedCOM","1b562e86-b7aa-4131-badc-b6f3a001407e","System","1652","21636","DT","S-1-5-21-3843888092-660805983-3388631941-1001","9/26/2025 8:36:28 PM","be9de3fc-2eca-000a-fbf0-a0beca2edc01",,"c:\users\zinpi\desktop\251215_sys.evtx","System.UInt32[]","System.Diagnostics.Eventing.Reader.EventBookmark","경고","정보",,"System.Collections.ObjectModel.ReadOnlyCollection`1[System.String]","System.Collections.Generic.List`1[System.Diagnostics.Eventing.Reader.EventProperty]"
"응용 프로그램별 권한 설정에서 CLSID가 
{2593F8B9-4EAF-457C-B68A-50F6B8EA6B54}
이고 APPID가 
{15C20B67-12E7-4BB6-92BB-7AFF07997402}
인 COM 서버 응용 프로그램에 대한 로컬 활성화 사용 권한을 응용 프로그램 컨테이너 MicrosoftWindows.Client.WebExperience_525.24401.50.0_x64__cw5n1h2txyewy SID(사용할 수 없음)에서 실행 중인 주소 LocalHost(LRPC 사용)의 사용자 DT\zinpi SID(S-1-5-21-3843888092-660805983-3388631941-1001)에게 부여하지 않았습니다. 구성 요소 서비스 관리 도구를 사용하여 이 보안 권한을 수정할 수 있습니다.","10016","0","0","3","0","0","-9187343239835811840","24994","Microsoft-Windows-DistributedCOM","1b562e86-b7aa-4131-badc-b6f3a001407e","System","1652","22900","DT","S-1-5-21-3843888092-660805983-3388631941-1001","9/26/2025 7:17:59 PM","be9de3fc-2eca-0008-ce48-a0beca2edc01",,"c:\users\zinpi\desktop\251215_sys.evtx","System.UInt32[]","System.Diagnostics.Eventing.Reader.EventBookmark","경고","정보",,"System.Collections.ObjectModel.ReadOnlyCollection`1[System.String]","System.Collections.Generic.List`1[System.Diagnostics.Eventing.Reader.EventProperty]"
"설치 실패: 0x80073D02 오류 때문에 Windows에서 다음 업데이트를 설치하지 못했습니다. 9WZDNCRFJBMP-MICROSOFT.WINDOWSSTORE.","20","1",,"2","1","13","-9223372036854775768","24987","Microsoft-Windows-WindowsUpdateClient","945a8954-c147-4acd-923f-40c45405a658","System","1744","17076","DT","S-1-5-18","9/26/2025 7:07:25 PM","be9de3fc-2eca-0001-db0d-9fbeca2edc01",,"c:\users\zinpi\desktop\251215_sys.evtx","System.UInt32[]","System.Diagnostics.Eventing.Reader.EventBookmark","오류","설치","Windows 업데이트 에이전트","System.Collections.ObjectModel.ReadOnlyCollection`1[System.String]","System.Collections.Generic.List`1[System.Diagnostics.Eventing.Reader.EventProperty]"
"설치 실패: 0x80073D02 오류 때문에 Windows에서 다음 업데이트를 설치하지 못했습니다. 9MV0B5HZVK9Z-Microsoft.GamingApp.","20","1",,"2","1","13","-9223372036854775768","24976","Microsoft-Windows-WindowsUpdateClient","945a8954-c147-4acd-923f-40c45405a658","System","1744","11892","DT","S-1-5-18","9/26/2025 7:07:16 PM","be9de3fc-2eca-0011-004d-a1beca2edc01",,"c:\users\zinpi\desktop\251215_sys.evtx","System.UInt32[]","System.Diagnostics.Eventing.Reader.EventBookmark","오류","설치","Windows 업데이트 에이전트","System.Collections.ObjectModel.ReadOnlyCollection`1[System.String]","System.Collections.Generic.List`1[System.Diagnostics.Eventing.Reader.EventProperty]"
"응용 프로그램별 권한 설정에서 CLSID가 
{2593F8B9-4EAF-457C-B68A-50F6B8EA6B54}
이고 APPID가 
{15C20B67-12E7-4BB6-92BB-7AFF07997402}
인 COM 서버 응용 프로그램에 대한 로컬 활성화 사용 권한을 응용 프로그램 컨테이너 사용할 수 없음 SID(사용할 수 없음)에서 실행 중인 주소 LocalHost(LRPC 사용)의 사용자 DT\zinpi SID(S-1-5-21-3843888092-660805983-3388631941-1001)에게 부여하지 않았습니다. 구성 요소 서비스 관리 도구를 사용하여 이 보안 권한을 수정할 수 있습니다.","10016","0","0","3","0","0","-9187343239835811840","24916","Microsoft-Windows-DistributedCOM","1b562e86-b7aa-4131-badc-b6f3a001407e","System","1652","2276","DT","S-1-5-21-3843888092-660805983-3388631941-1001","9/26/2025 6:53:31 PM","be9de3fc-2eca-000e-8ef0-9ebeca2edc01",,"c:\users\zinpi\desktop\251215_sys.evtx","System.UInt32[]","System.Diagnostics.Eventing.Reader.EventBookmark","경고","정보",,"System.Collections.ObjectModel.ReadOnlyCollection`1[System.String]","System.Collections.Generic.List`1[System.Diagnostics.Eventing.Reader.EventProperty]"
"응용 프로그램별 권한 설정에서 CLSID가 
Windows.SecurityCenter.SecurityAppBroker
이고 APPID가 
사용할 수 없음
인 COM 서버 응용 프로그램에 대한 로컬 시작 사용 권한을 응용 프로그램 컨테이너 사용할 수 없음 SID(사용할 수 없음)에서 실행 중인 주소 LocalHost(LRPC 사용)의 사용자 NT AUTHORITY\SYSTEM SID(S-1-5-18)에게 부여하지 않았습니다. 구성 요소 서비스 관리 도구를 사용하여 이 보안 권한을 수정할 수 있습니다.","10016","0","0","3","0","0","-9187343239835811840","24914","Microsoft-Windows-DistributedCOM","1b562e86-b7aa-4131-badc-b6f3a001407e","System","1652","4832","DT","S-1-5-18","9/26/2025 6:50:51 PM",,,"c:\users\zinpi\desktop\251215_sys.evtx","System.UInt32[]","System.Diagnostics.Eventing.Reader.EventBookmark","경고","정보",,"System.Collections.ObjectModel.ReadOnlyCollection`1[System.String]","System.Collections.Generic.List`1[System.Diagnostics.Eventing.Reader.EventProperty]"
"응용 프로그램별 권한 설정에서 CLSID가 
Windows.SecurityCenter.WscDataProtection
이고 APPID가 
사용할 수 없음
인 COM 서버 응용 프로그램에 대한 로컬 시작 사용 권한을 응용 프로그램 컨테이너 사용할 수 없음 SID(사용할 수 없음)에서 실행 중인 주소 LocalHost(LRPC 사용)의 사용자 NT AUTHORITY\SYSTEM SID(S-1-5-18)에게 부여하지 않았습니다. 구성 요소 서비스 관리 도구를 사용하여 이 보안 권한을 수정할 수 있습니다.","10016","0","0","3","0","0","-9187343239835811840","24913","Microsoft-Windows-DistributedCOM","1b562e86-b7aa-4131-badc-b6f3a001407e","System","1652","2000","DT","S-1-5-18","9/26/2025 6:50:51 PM",,,"c:\users\zinpi\desktop\251215_sys.evtx","System.UInt32[]","System.Diagnostics.Eventing.Reader.EventBookmark","경고","정보",,"System.Collections.ObjectModel.ReadOnlyCollection`1[System.String]","System.Collections.Generic.List`1[System.Diagnostics.Eventing.Reader.EventProperty]"
"응용 프로그램별 권한 설정에서 CLSID가 
Windows.SecurityCenter.WscBrokerManager
이고 APPID가 
사용할 수 없음
인 COM 서버 응용 프로그램에 대한 로컬 시작 사용 권한을 응용 프로그램 컨테이너 사용할 수 없음 SID(사용할 수 없음)에서 실행 중인 주소 LocalHost(LRPC 사용)의 사용자 NT AUTHORITY\SYSTEM SID(S-1-5-18)에게 부여하지 않았습니다. 구성 요소 서비스 관리 도구를 사용하여 이 보안 권한을 수정할 수 있습니다.","10016","0","0","3","0","0","-9187343239835811840","24912","Microsoft-Windows-DistributedCOM","1b562e86-b7aa-4131-badc-b6f3a001407e","System","1652","1920","DT","S-1-5-18","9/26/2025 6:50:51 PM",,,"c:\users\zinpi\desktop\251215_sys.evtx","System.UInt32[]","System.Diagnostics.Eventing.Reader.EventBookmark","경고","정보",,"System.Collections.ObjectModel.ReadOnlyCollection`1[System.String]","System.Collections.Generic.List`1[System.Diagnostics.Eventing.Reader.EventProperty]"
"다음 오류로 인해 Google 업데이트 서비스 (gupdate) 서비스를 시작하지 못했습니다. 
서비스가 시작이나 제어 요청에 빠르게 응답하지 않았습니다.","7000","0","49152","2","0","0","-9187343239835811840","24909","Service Control Manager","555908d1-a6d7-4695-8e1e-26931d2012f4","System","1284","9980","DT",,"9/26/2025 6:50:51 PM",,,"c:\users\zinpi\desktop\251215_sys.evtx","System.UInt32[]","System.Diagnostics.Eventing.Reader.EventBookmark","오류",,,"System.Collections.ObjectModel.ReadOnlyCollection`1[System.String]","System.Collections.Generic.List`1[System.Diagnostics.Eventing.Reader.EventProperty]"
"Google 업데이트 서비스 (gupdate) 서비스 연결을 기다리는 동안 제한 시간에 도달했습니다(30000밀리초).","7009","0","49152","2","0","0","-9187343239835811840","24908","Service Control Manager","555908d1-a6d7-4695-8e1e-26931d2012f4","System","1284","9980","DT",,"9/26/2025 6:50:51 PM",,,"c:\users\zinpi\desktop\251215_sys.evtx","System.UInt32[]","System.Diagnostics.Eventing.Reader.EventBookmark","오류",,,"System.Collections.ObjectModel.ReadOnlyCollection`1[System.String]","System.Collections.Generic.List`1[System.Diagnostics.Eventing.Reader.EventProperty]"
"Intel(R) Ethernet Controller (3) I225-V
 네트워크 링크가 분리되었습니다.
","27","0","40964","3","0","0","36028797018963968","24904","e2fexpress",,"System","4","520","DT",,"9/26/2025 6:50:12 PM",,,"c:\users\zinpi\desktop\251215_sys.evtx","System.UInt32[]","System.Diagnostics.Eventing.Reader.EventBookmark","경고",,"없음","System.Collections.ObjectModel.ReadOnlyCollection`1[System.String]","System.Collections.Generic.List`1[System.Diagnostics.Eventing.Reader.EventProperty]"
"Intel(R) Ethernet Controller (3) I225-V
 네트워크 링크가 분리되었습니다.
","27","0","40964","3","0","0","36028797018963968","24902","e2fexpress",,"System","4","12612","DT",,"9/26/2025 6:50:09 PM",,,"c:\users\zinpi\desktop\251215_sys.evtx","System.UInt32[]","System.Diagnostics.Eventing.Reader.EventBookmark","경고",,"없음","System.Collections.ObjectModel.ReadOnlyCollection`1[System.String]","System.Collections.Generic.List`1[System.Diagnostics.Eventing.Reader.EventProperty]"
,"6062","0","32768","3","0","0","36028797018963968","24900","Netwtw14",,"System","4","12580","DT",,"9/26/2025 6:50:06 PM",,,"c:\users\zinpi\desktop\251215_sys.evtx","System.UInt32[]","System.Diagnostics.Eventing.Reader.EventBookmark","경고",,"없음","System.Collections.ObjectModel.ReadOnlyCollection`1[System.String]","System.Collections.Generic.List`1[System.Diagnostics.Eventing.Reader.EventProperty]"
"Intel(R) Ethernet Controller (3) I225-V
 네트워크 링크가 분리되었습니다.
","27","0","40964","3","0","0","36028797018963968","24898","e2fexpress",,"System","4","516","DT",,"9/26/2025 6:50:05 PM",,,"c:\users\zinpi\desktop\251215_sys.evtx","System.UInt32[]","System.Diagnostics.Eventing.Reader.EventBookmark","경고",,"없음","System.Collections.ObjectModel.ReadOnlyCollection`1[System.String]","System.Collections.Generic.List`1[System.Diagnostics.Eventing.Reader.EventProperty]"
"응용 프로그램별 권한 설정에서 CLSID가 
{6B3B8D23-FA8D-40B9-8DBD-B950333E2C52}
이고 APPID가 
{4839DDB7-58C2-48F5-8283-E1D1807D0D7D}
인 COM 서버 응용 프로그램에 대한 로컬 활성화 사용 권한을 응용 프로그램 컨테이너 사용할 수 없음 SID(사용할 수 없음)에서 실행 중인 주소 LocalHost(LRPC 사용)의 사용자 NT AUTHORITY\LOCAL SERVICE SID(S-1-5-19)에게 부여하지 않았습니다. 구성 요소 서비스 관리 도구를 사용하여 이 보안 권한을 수정할 수 있습니다.","10016","0","0","3","0","0","-9187343239835811840","24877","Microsoft-Windows-DistributedCOM","1b562e86-b7aa-4131-badc-b6f3a001407e","System","1652","2260","DT","S-1-5-19","9/26/2025 6:48:50 PM",,,"c:\users\zinpi\desktop\251215_sys.evtx","System.UInt32[]","System.Diagnostics.Eventing.Reader.EventBookmark","경고","정보",,"System.Collections.ObjectModel.ReadOnlyCollection`1[System.String]","System.Collections.Generic.List`1[System.Diagnostics.Eventing.Reader.EventProperty]"
"응용 프로그램별 권한 설정에서 CLSID가 
{6B3B8D23-FA8D-40B9-8DBD-B950333E2C52}
이고 APPID가 
{4839DDB7-58C2-48F5-8283-E1D1807D0D7D}
인 COM 서버 응용 프로그램에 대한 로컬 활성화 사용 권한을 응용 프로그램 컨테이너 사용할 수 없음 SID(사용할 수 없음)에서 실행 중인 주소 LocalHost(LRPC 사용)의 사용자 NT AUTHORITY\LOCAL SERVICE SID(S-1-5-19)에게 부여하지 않았습니다. 구성 요소 서비스 관리 도구를 사용하여 이 보안 권한을 수정할 수 있습니다.","10016","0","0","3","0","0","-9187343239835811840","24876","Microsoft-Windows-DistributedCOM","1b562e86-b7aa-4131-badc-b6f3a001407e","System","1652","2260","DT","S-1-5-19","9/26/2025 6:48:50 PM",,,"c:\users\zinpi\desktop\251215_sys.evtx","System.UInt32[]","System.Diagnostics.Eventing.Reader.EventBookmark","경고","정보",,"System.Collections.ObjectModel.ReadOnlyCollection`1[System.String]","System.Collections.Generic.List`1[System.Diagnostics.Eventing.Reader.EventProperty]"
"다음 오류로 인해 OracleVssWriterXE 서비스를 시작하지 못했습니다. 
서비스가 올바르게 작동하는 데 필요한 권한이 서비스 계정 구성에 없습니다. 서비스 MMC(Microsoft Management Console) 스냅인(services.msc)과 로컬 보안 설정 MMC 스냅인(secpol.msc)을 사용하여 서비스 구성과 계정 구성을 볼 수 있습니다.","7000","0","49152","2","0","0","-9187343239835811840","24867","Service Control Manager","555908d1-a6d7-4695-8e1e-26931d2012f4","System","1284","4388","DT",,"9/26/2025 6:48:49 PM",,,"c:\users\zinpi\desktop\251215_sys.evtx","System.UInt32[]","System.Diagnostics.Eventing.Reader.EventBookmark","오류",,,"System.Collections.ObjectModel.ReadOnlyCollection`1[System.String]","System.Collections.Generic.List`1[System.Diagnostics.Eventing.Reader.EventProperty]"
"Intel(R) Ethernet Controller (3) I225-V
 네트워크 링크가 분리되었습니다.
","27","0","40964","3","0","0","36028797018963968","24861","e2fexpress",,"System","4","504","DT",,"9/26/2025 6:48:49 PM",,,"c:\users\zinpi\desktop\251215_sys.evtx","System.UInt32[]","System.Diagnostics.Eventing.Reader.EventBookmark","경고",,"없음","System.Collections.ObjectModel.ReadOnlyCollection`1[System.String]","System.Collections.Generic.List`1[System.Diagnostics.Eventing.Reader.EventProperty]"
"드라이버가 이 HID 키보드에 불량 펌웨어가 있는 것을 검색했습니다. 중복 보고서 패킷을 전송하고 있습니다.","1","0","32773","3","0","0","36028797018963968","24817","kbdhid",,"System","4","512","DT",,"9/26/2025 6:48:48 PM",,,"c:\users\zinpi\desktop\251215_sys.evtx","System.UInt32[]","System.Diagnostics.Eventing.Reader.EventBookmark","경고",,"없음","System.Collections.ObjectModel.ReadOnlyCollection`1[System.String]","System.Collections.Generic.List`1[System.Diagnostics.Eventing.Reader.EventProperty]"
"Intel(R) Ethernet Controller (3) I225-V
 네트워크 링크가 분리되었습니다.
","27","0","40964","3","0","0","36028797018963968","24805","e2fexpress",,"System","4","296","DT",,"9/26/2025 6:48:46 PM",,,"c:\users\zinpi\desktop\251215_sys.evtx","System.UInt32[]","System.Diagnostics.Eventing.Reader.EventBookmark","경고",,"없음","System.Collections.ObjectModel.ReadOnlyCollection`1[System.String]","System.Collections.Generic.List`1[System.Diagnostics.Eventing.Reader.EventProperty]"
"시스템이 비정상적으로 종료된 후 다시 부팅되었습니다. 이 오류는 시스템이 응답을 멈추었거나 손상되었거나 예기치 않게 전원 공급이 중단되면 발생할 수 있습니다.","41","10",,"1","63","0","-9223301668110598142","24771","Microsoft-Windows-Kernel-Power","331c3b3a-2005-44c2-ac5e-77220c37d6b4","System","4","8","DT","S-1-5-18","9/26/2025 6:48:44 PM",,,"c:\users\zinpi\desktop\251215_sys.evtx","System.UInt32[]","System.Diagnostics.Eventing.Reader.EventBookmark","위험","정보",,"System.Collections.ObjectModel.ReadOnlyCollection`1[System.String]","System.Collections.Generic.List`1[System.Diagnostics.Eventing.Reader.EventProperty]"
"하이퍼스레딩이 활성화되어 있기 때문에 하이퍼바이저는 가상 머신에 대한 부채널 취약성에 대한 완화를 활성화하지 않았습니다. 가상 머신에 대한 완화를 활성화하려면 HyperThreading을 비활성화합니다.","167","0",,"3","0","0","-9223301668110598144","24754","Microsoft-Windows-Hyper-V-Hypervisor","52fc89f8-995e-434c-a91e-199986449890","System","4","8","DT","S-1-5-18","9/26/2025 6:48:43 PM",,,"c:\users\zinpi\desktop\251215_sys.evtx","System.UInt32[]","System.Diagnostics.Eventing.Reader.EventBookmark","경고","정보",,"System.Collections.ObjectModel.ReadOnlyCollection`1[System.String]","System.Collections.Generic.List`1[System.Diagnostics.Eventing.Reader.EventProperty]"
"‎2025-‎09-‎25의 오전 6:34:40에서 이전에 예기치 않은 시스템 종료가 있었습니다.","6008","0","32768","2","0","0","36028797018963968","24745","EventLog",,"System","2872","2992","DT",,"9/26/2025 6:48:48 PM",,,"c:\users\zinpi\desktop\251215_sys.evtx","System.UInt32[]","System.Diagnostics.Eventing.Reader.EventBookmark","오류",,"없음","System.Collections.ObjectModel.ReadOnlyCollection`1[System.String]","System.Collections.Generic.List`1[System.Diagnostics.Eventing.Reader.EventProperty]"
"Windows가 빠른 시작에 실패했습니다(오류 상태: 0xC00000D4).","29","1",,"2","0","0","-9223363240761753600","24738","Microsoft-Windows-Kernel-Boot","15ca44ff-4d7a-4baa-bba5-0998955e531e","System","4","8","DT","S-1-5-18","9/26/2025 6:48:43 PM",,,"c:\users\zinpi\desktop\251215_sys.evtx","System.UInt32[]","System.Diagnostics.Eventing.Reader.EventBookmark","오류","정보",,"System.Collections.ObjectModel.ReadOnlyCollection`1[System.String]","System.Collections.Generic.List`1[System.Diagnostics.Eventing.Reader.EventProperty]"
"응용 프로그램별 권한 설정에서 CLSID가 
{2593F8B9-4EAF-457C-B68A-50F6B8EA6B54}
이고 APPID가 
{15C20B67-12E7-4BB6-92BB-7AFF07997402}
인 COM 서버 응용 프로그램에 대한 로컬 활성화 사용 권한을 응용 프로그램 컨테이너 MicrosoftWindows.Client.WebExperience_525.24401.50.0_x64__cw5n1h2txyewy SID(사용할 수 없음)에서 실행 중인 주소 LocalHost(LRPC 사용)의 사용자 DT\zinpi SID(S-1-5-21-3843888092-660805983-3388631941-1001)에게 부여하지 않았습니다. 구성 요소 서비스 관리 도구를 사용하여 이 보안 권한을 수정할 수 있습니다.","10016","0","0","3","0","0","-9187343239835811840","24707","Microsoft-Windows-DistributedCOM","1b562e86-b7aa-4131-badc-b6f3a001407e","System","1564","544","DT","S-1-5-21-3843888092-660805983-3388631941-1001","9/24/2025 9:05:33 PM","a1ecdb40-2a95-0002-77f2-21a2952adc01",,"c:\users\zinpi\desktop\251215_sys.evtx","System.UInt32[]","System.Diagnostics.Eventing.Reader.EventBookmark","경고","정보",,"System.Collections.ObjectModel.ReadOnlyCollection`1[System.String]","System.Collections.Generic.List`1[System.Diagnostics.Eventing.Reader.EventProperty]"
"설치 실패: 0x80073D02 오류 때문에 Windows에서 다음 업데이트를 설치하지 못했습니다. 9NMPJ99VJBWV-Microsoft.YourPhone.","20","1",,"2","1","13","-9223372036854775768","24638","Microsoft-Windows-WindowsUpdateClient","945a8954-c147-4acd-923f-40c45405a658","System","21156","18160","DT","S-1-5-18","9/24/2025 7:04:31 PM","a1ecdb40-2a95-0013-9398-fba1952adc01",,"c:\users\zinpi\desktop\251215_sys.evtx","System.UInt32[]","System.Diagnostics.Eventing.Reader.EventBookmark","오류","설치","Windows 업데이트 에이전트","System.Collections.ObjectModel.ReadOnlyCollection`1[System.String]","System.Collections.Generic.List`1[System.Diagnostics.Eventing.Reader.EventProperty]"
"응용 프로그램별 권한 설정에서 CLSID가 
{2593F8B9-4EAF-457C-B68A-50F6B8EA6B54}
이고 APPID가 
{15C20B67-12E7-4BB6-92BB-7AFF07997402}
인 COM 서버 응용 프로그램에 대한 로컬 활성화 사용 권한을 응용 프로그램 컨테이너 사용할 수 없음 SID(사용할 수 없음)에서 실행 중인 주소 LocalHost(LRPC 사용)의 사용자 DT\zinpi SID(S-1-5-21-3843888092-660805983-3388631941-1001)에게 부여하지 않았습니다. 구성 요소 서비스 관리 도구를 사용하여 이 보안 권한을 수정할 수 있습니다.","10016","0","0","3","0","0","-9187343239835811840","24577","Microsoft-Windows-DistributedCOM","1b562e86-b7aa-4131-badc-b6f3a001407e","System","1564","5008","DT","S-1-5-21-3843888092-660805983-3388631941-1001","9/24/2025 6:50:01 PM","a1ecdb40-2a95-000c-dd2f-01a2952adc01",,"c:\users\zinpi\desktop\251215_sys.evtx","System.UInt32[]","System.Diagnostics.Eventing.Reader.EventBookmark","경고","정보",,"System.Collections.ObjectModel.ReadOnlyCollection`1[System.String]","System.Collections.Generic.List`1[System.Diagnostics.Eventing.Reader.EventProperty]"
"ACPI Time 및 Alarm Device 메서드를 평가하지 못했기 때문에 하드웨어 실시간 시계가 설정되지 않았습니다.  상태: 0xC0000001.","21","0",,"2","0","0","-9223372036854775808","24559","Microsoft-Windows-HAL","63d1e632-95cc-4443-9312-af927761d52a","System","17448","16672","DT","S-1-5-19","9/24/2025 6:42:35 PM",,,"c:\users\zinpi\desktop\251215_sys.evtx","System.UInt32[]","System.Diagnostics.Eventing.Reader.EventBookmark","오류","정보",,"System.Collections.ObjectModel.ReadOnlyCollection`1[System.String]","System.Collections.Generic.List`1[System.Diagnostics.Eventing.Reader.EventProperty]"
"ACPI Time 및 Alarm Device 메서드를 평가하지 못했기 때문에 하드웨어 실시간 시계가 설정되지 않았습니다.  상태: 0xC0000001.","21","0",,"2","0","0","-9223372036854775808","24556","Microsoft-Windows-HAL","63d1e632-95cc-4443-9312-af927761d52a","System","17448","16672","DT","S-1-5-19","9/24/2025 6:42:35 PM",,,"c:\users\zinpi\desktop\251215_sys.evtx","System.UInt32[]","System.Diagnostics.Eventing.Reader.EventBookmark","오류","정보",,"System.Collections.ObjectModel.ReadOnlyCollection`1[System.String]","System.Collections.Generic.List`1[System.Diagnostics.Eventing.Reader.EventProperty]"
"{FD06603A-2BDF-4BB1-B7DF-5DC68F353601} 서버가 요구된 초과 시간 안에 DCOM으로 등록하지 않았습니다.","10010","0","0","2","0","0","-9187343239835811840","24553","Microsoft-Windows-DistributedCOM","1b562e86-b7aa-4131-badc-b6f3a001407e","System","1564","21432","DT","S-1-5-21-3843888092-660805983-3388631941-1001","9/24/2025 6:42:04 PM","a1ecdb40-2a95-0003-7e38-fca1952adc01",,"c:\users\zinpi\desktop\251215_sys.evtx","System.UInt32[]","System.Diagnostics.Eventing.Reader.EventBookmark","오류","정보",,"System.Collections.ObjectModel.ReadOnlyCollection`1[System.String]","System.Collections.Generic.List`1[System.Diagnostics.Eventing.Reader.EventProperty]"
,"6062","0","32768","3","0","0","36028797018963968","24548","Netwtw14",,"System","4","21612","DT",,"9/24/2025 6:41:46 PM",,,"c:\users\zinpi\desktop\251215_sys.evtx","System.UInt32[]","System.Diagnostics.Eventing.Reader.EventBookmark","경고",,"없음","System.Collections.ObjectModel.ReadOnlyCollection`1[System.String]","System.Collections.Generic.List`1[System.Diagnostics.Eventing.Reader.EventProperty]"
"Intel(R) Ethernet Controller (3) I225-V
 네트워크 링크가 분리되었습니다.
","27","0","40964","3","0","0","36028797018963968","24546","e2fexpress",,"System","4","12084","DT",,"9/24/2025 6:41:44 PM",,,"c:\users\zinpi\desktop\251215_sys.evtx","System.UInt32[]","System.Diagnostics.Eventing.Reader.EventBookmark","경고",,"없음","System.Collections.ObjectModel.ReadOnlyCollection`1[System.String]","System.Collections.Generic.List`1[System.Diagnostics.Eventing.Reader.EventProperty]"
"응용 프로그램별 권한 설정에서 CLSID가 
{6B3B8D23-FA8D-40B9-8DBD-B950333E2C52}
이고 APPID가 
{4839DDB7-58C2-48F5-8283-E1D1807D0D7D}
인 COM 서버 응용 프로그램에 대한 로컬 활성화 사용 권한을 응용 프로그램 컨테이너 사용할 수 없음 SID(사용할 수 없음)에서 실행 중인 주소 LocalHost(LRPC 사용)의 사용자 NT AUTHORITY\LOCAL SERVICE SID(S-1-5-19)에게 부여하지 않았습니다. 구성 요소 서비스 관리 도구를 사용하여 이 보안 권한을 수정할 수 있습니다.","10016","0","0","3","0","0","-9187343239835811840","24541","Microsoft-Windows-DistributedCOM","1b562e86-b7aa-4131-badc-b6f3a001407e","System","1564","7264","DT","S-1-5-19","9/24/2025 6:41:42 PM",,,"c:\users\zinpi\desktop\251215_sys.evtx","System.UInt32[]","System.Diagnostics.Eventing.Reader.EventBookmark","경고","정보",,"System.Collections.ObjectModel.ReadOnlyCollection`1[System.String]","System.Collections.Generic.List`1[System.Diagnostics.Eventing.Reader.EventProperty]"
"응용 프로그램별 권한 설정에서 CLSID가 
{6B3B8D23-FA8D-40B9-8DBD-B950333E2C52}
이고 APPID가 
{4839DDB7-58C2-48F5-8283-E1D1807D0D7D}
인 COM 서버 응용 프로그램에 대한 로컬 활성화 사용 권한을 응용 프로그램 컨테이너 사용할 수 없음 SID(사용할 수 없음)에서 실행 중인 주소 LocalHost(LRPC 사용)의 사용자 NT AUTHORITY\LOCAL SERVICE SID(S-1-5-19)에게 부여하지 않았습니다. 구성 요소 서비스 관리 도구를 사용하여 이 보안 권한을 수정할 수 있습니다.","10016","0","0","3","0","0","-9187343239835811840","24540","Microsoft-Windows-DistributedCOM","1b562e86-b7aa-4131-badc-b6f3a001407e","System","1564","10056","DT","S-1-5-19","9/24/2025 6:41:42 PM",,,"c:\users\zinpi\desktop\251215_sys.evtx","System.UInt32[]","System.Diagnostics.Eventing.Reader.EventBookmark","경고","정보",,"System.Collections.ObjectModel.ReadOnlyCollection`1[System.String]","System.Collections.Generic.List`1[System.Diagnostics.Eventing.Reader.EventProperty]"
"NtpClient는 'time.windows.com,0x9'의 DNS 확인 오류로 인해 시간 원본으로 사용할 수동 피어를 설정하지 못했습니다. NtpClient는 15분 내에 다시 시도하고 그 후로는 재시도 간격을 두 배로 합니다. 오류: 알려진 호스트가 없습니다. (0x80072AF9)","134","0",,"3","0","0","-9223372036854775808","24537","Microsoft-Windows-Time-Service","06edcfeb-0fd0-4e53-acca-a6f8bbf81bcb","System","17448","1824","DT","S-1-5-19","9/24/2025 6:41:41 PM",,,"c:\users\zinpi\desktop\251215_sys.evtx","System.UInt32[]","System.Diagnostics.Eventing.Reader.EventBookmark","경고","정보",,"System.Collections.ObjectModel.ReadOnlyCollection`1[System.String]","System.Collections.Generic.List`1[System.Diagnostics.Eventing.Reader.EventProperty]"
"Intel(R) Ethernet Controller (3) I225-V
 네트워크 링크가 분리되었습니다.
","27","0","40964","3","0","0","36028797018963968","24528","e2fexpress",,"System","4","15160","DT",,"9/24/2025 6:41:40 PM",,,"c:\users\zinpi\desktop\251215_sys.evtx","System.UInt32[]","System.Diagnostics.Eventing.Reader.EventBookmark","경고",,"없음","System.Collections.ObjectModel.ReadOnlyCollection`1[System.String]","System.Collections.Generic.List`1[System.Diagnostics.Eventing.Reader.EventProperty]"
"PICO Streaming Service 서비스가 예기치 않게 3번 종료되었습니다. 1000밀리초 안에 다음 수정 작업을 합니다. 서비스 다시 시작.","7031","0","49152","2","0","0","-9187343239835811840","24523","Service Control Manager","555908d1-a6d7-4695-8e1e-26931d2012f4","System","1212","1880","DT",,"9/23/2025 12:16:32 AM",,,"c:\users\zinpi\desktop\251215_sys.evtx","System.UInt32[]","System.Diagnostics.Eventing.Reader.EventBookmark","오류",,,"System.Collections.ObjectModel.ReadOnlyCollection`1[System.String]","System.Collections.Generic.List`1[System.Diagnostics.Eventing.Reader.EventProperty]"
"PICO Streaming Service 서비스가 예기치 않게 2번 종료되었습니다. 1000밀리초 안에 다음 수정 작업을 합니다. 서비스 다시 시작.","7031","0","49152","2","0","0","-9187343239835811840","24519","Service Control Manager","555908d1-a6d7-4695-8e1e-26931d2012f4","System","1212","21236","DT",,"9/23/2025 12:16:22 AM",,,"c:\users\zinpi\desktop\251215_sys.evtx","System.UInt32[]","System.Diagnostics.Eventing.Reader.EventBookmark","오류",,,"System.Collections.ObjectModel.ReadOnlyCollection`1[System.String]","System.Collections.Generic.List`1[System.Diagnostics.Eventing.Reader.EventProperty]"
"프로세스 C:\Windows\explorer.exe 5015 밀리초 후 시스템 종료를 지연하고 있습니다.","100","0",,"3","0","0","-9223372036854775808","24518","winsrvext","2b9537f0-4a90-557b-1313-d0ce2827a94a","System","12080","4984","DT","S-1-5-18","9/23/2025 12:16:21 AM",,,"c:\users\zinpi\desktop\251215_sys.evtx","System.UInt32[]","System.Diagnostics.Eventing.Reader.EventBookmark","경고","정보",,"System.Collections.ObjectModel.ReadOnlyCollection`1[System.String]","System.Collections.Generic.List`1[System.Diagnostics.Eventing.Reader.EventProperty]"
"PICO Streaming Service 서비스가 예기치 않게 1번 종료되었습니다. 1000밀리초 안에 다음 수정 작업을 합니다. 서비스 다시 시작.","7031","0","49152","2","0","0","-9187343239835811840","24517","Service Control Manager","555908d1-a6d7-4695-8e1e-26931d2012f4","System","1212","17596","DT",,"9/23/2025 12:16:17 AM",,,"c:\users\zinpi\desktop\251215_sys.evtx","System.UInt32[]","System.Diagnostics.Eventing.Reader.EventBookmark","오류",,,"System.Collections.ObjectModel.ReadOnlyCollection`1[System.String]","System.Collections.Generic.List`1[System.Diagnostics.Eventing.Reader.EventProperty]"
"{FD06603A-2BDF-4BB1-B7DF-5DC68F353601} 서버가 요구된 초과 시간 안에 DCOM으로 등록하지 않았습니다.","10010","0","0","2","0","0","-9187343239835811840","24516","Microsoft-Windows-DistributedCOM","1b562e86-b7aa-4131-badc-b6f3a001407e","System","1564","4408","DT","S-1-5-21-3843888092-660805983-3388631941-1001","9/23/2025 12:16:16 AM","a1ecdb40-2a95-0006-7b22-00a2952adc01",,"c:\users\zinpi\desktop\251215_sys.evtx","System.UInt32[]","System.Diagnostics.Eventing.Reader.EventBookmark","오류","정보",,"System.Collections.ObjectModel.ReadOnlyCollection`1[System.String]","System.Collections.Generic.List`1[System.Diagnostics.Eventing.Reader.EventProperty]"
"응용 프로그램별 권한 설정에서 CLSID가 
{2593F8B9-4EAF-457C-B68A-50F6B8EA6B54}
이고 APPID가 
{15C20B67-12E7-4BB6-92BB-7AFF07997402}
인 COM 서버 응용 프로그램에 대한 로컬 활성화 사용 권한을 응용 프로그램 컨테이너 MicrosoftWindows.Client.WebExperience_525.24401.50.0_x64__cw5n1h2txyewy SID(사용할 수 없음)에서 실행 중인 주소 LocalHost(LRPC 사용)의 사용자 DT\zinpi SID(S-1-5-21-3843888092-660805983-3388631941-1001)에게 부여하지 않았습니다. 구성 요소 서비스 관리 도구를 사용하여 이 보안 권한을 수정할 수 있습니다.","10016","0","0","3","0","0","-9187343239835811840","24514","Microsoft-Windows-DistributedCOM","1b562e86-b7aa-4131-badc-b6f3a001407e","System","1564","1208","DT","S-1-5-21-3843888092-660805983-3388631941-1001","9/22/2025 9:31:06 PM","a1ecdb40-2a95-000a-8edc-fda1952adc01",,"c:\users\zinpi\desktop\251215_sys.evtx","System.UInt32[]","System.Diagnostics.Eventing.Reader.EventBookmark","경고","정보",,"System.Collections.ObjectModel.ReadOnlyCollection`1[System.String]","System.Collections.Generic.List`1[System.Diagnostics.Eventing.Reader.EventProperty]"
"응용 프로그램별 권한 설정에서 CLSID가 
{2593F8B9-4EAF-457C-B68A-50F6B8EA6B54}
이고 APPID가 
{15C20B67-12E7-4BB6-92BB-7AFF07997402}
인 COM 서버 응용 프로그램에 대한 로컬 활성화 사용 권한을 응용 프로그램 컨테이너 사용할 수 없음 SID(사용할 수 없음)에서 실행 중인 주소 LocalHost(LRPC 사용)의 사용자 DT\zinpi SID(S-1-5-21-3843888092-660805983-3388631941-1001)에게 부여하지 않았습니다. 구성 요소 서비스 관리 도구를 사용하여 이 보안 권한을 수정할 수 있습니다.","10016","0","0","3","0","0","-9187343239835811840","24510","Microsoft-Windows-DistributedCOM","1b562e86-b7aa-4131-badc-b6f3a001407e","System","1564","5484","DT","S-1-5-21-3843888092-660805983-3388631941-1001","9/22/2025 9:11:29 PM","a1ecdb40-2a95-0000-da62-17a2952adc01",,"c:\users\zinpi\desktop\251215_sys.evtx","System.UInt32[]","System.Diagnostics.Eventing.Reader.EventBookmark","경고","정보",,"System.Collections.ObjectModel.ReadOnlyCollection`1[System.String]","System.Collections.Generic.List`1[System.Diagnostics.Eventing.Reader.EventProperty]"
"응용 프로그램별 권한 설정에서 CLSID가 
{2593F8B9-4EAF-457C-B68A-50F6B8EA6B54}
이고 APPID가 
{15C20B67-12E7-4BB6-92BB-7AFF07997402}
인 COM 서버 응용 프로그램에 대한 로컬 활성화 사용 권한을 응용 프로그램 컨테이너 사용할 수 없음 SID(사용할 수 없음)에서 실행 중인 주소 LocalHost(LRPC 사용)의 사용자 DT\zinpi SID(S-1-5-21-3843888092-660805983-3388631941-1001)에게 부여하지 않았습니다. 구성 요소 서비스 관리 도구를 사용하여 이 보안 권한을 수정할 수 있습니다.","10016","0","0","3","0","0","-9187343239835811840","24509","Microsoft-Windows-DistributedCOM","1b562e86-b7aa-4131-badc-b6f3a001407e","System","1564","8828","DT","S-1-5-21-3843888092-660805983-3388631941-1001","9/22/2025 9:11:04 PM","a1ecdb40-2a95-0002-b2fa-16a2952adc01",,"c:\users\zinpi\desktop\251215_sys.evtx","System.UInt32[]","System.Diagnostics.Eventing.Reader.EventBookmark","경고","정보",,"System.Collections.ObjectModel.ReadOnlyCollection`1[System.String]","System.Collections.Generic.List`1[System.Diagnostics.Eventing.Reader.EventProperty]"
"응용 프로그램별 권한 설정에서 CLSID가 
{6B3B8D23-FA8D-40B9-8DBD-B950333E2C52}
이고 APPID가 
{4839DDB7-58C2-48F5-8283-E1D1807D0D7D}
인 COM 서버 응용 프로그램에 대한 로컬 활성화 사용 권한을 응용 프로그램 컨테이너 사용할 수 없음 SID(사용할 수 없음)에서 실행 중인 주소 LocalHost(LRPC 사용)의 사용자 NT AUTHORITY\LOCAL SERVICE SID(S-1-5-19)에게 부여하지 않았습니다. 구성 요소 서비스 관리 도구를 사용하여 이 보안 권한을 수정할 수 있습니다.","10016","0","0","3","0","0","-9187343239835811840","24502","Microsoft-Windows-DistributedCOM","1b562e86-b7aa-4131-badc-b6f3a001407e","System","1564","5484","DT","S-1-5-19","9/22/2025 9:10:50 PM",,,"c:\users\zinpi\desktop\251215_sys.evtx","System.UInt32[]","System.Diagnostics.Eventing.Reader.EventBookmark","경고","정보",,"System.Collections.ObjectModel.ReadOnlyCollection`1[System.String]","System.Collections.Generic.List`1[System.Diagnostics.Eventing.Reader.EventProperty]"
