"응용 프로그램별 권한 설정에서 CLSID가 
{6B3B8D23-FA8D-40B9-8DBD-B950333E2C52}
이고 APPID가 
{4839DDB7-58C2-48F5-8283-E1D1807D0D7D}
인 COM 서버 응용 프로그램에 대한 로컬 활성화 사용 권한을 응용 프로그램 컨테이너 사용할 수 없음 SID(사용할 수 없음)에서 실행 중인 주소 LocalHost(LRPC 사용)의 사용자 NT AUTHORITY\LOCAL SERVICE SID(S-1-5-19)에게 부여하지 않았습니다. 구성 요소 서비스 관리 도구를 사용하여 이 보안 권한을 수정할 수 있습니다.","10016","0","0","3","0","0","-9187343239835811840","28314","Microsoft-Windows-DistributedCOM","1b562e86-b7aa-4131-badc-b6f3a001407e","System","1660","25228","DT","S-1-5-19","10/31/2025 4:12:32 PM",,,"c:\users\zinpi\desktop\251215_sys.evtx","System.UInt32[]","System.Diagnostics.Eventing.Reader.EventBookmark","경고","정보",,"System.Collections.ObjectModel.ReadOnlyCollection`1[System.String]","System.Collections.Generic.List`1[System.Diagnostics.Eventing.Reader.EventProperty]"
"Intel(R) Ethernet Controller (3) I225-V
 네트워크 링크가 분리되었습니다.
","27","0","40964","3","0","0","36028797018963968","28311","e2fexpress",,"System","4","12256","DT",,"10/31/2025 4:12:31 PM",,,"c:\users\zinpi\desktop\251215_sys.evtx","System.UInt32[]","System.Diagnostics.Eventing.Reader.EventBookmark","경고",,"없음","System.Collections.ObjectModel.ReadOnlyCollection`1[System.String]","System.Collections.Generic.List`1[System.Diagnostics.Eventing.Reader.EventProperty]"
"Intel(R) Ethernet Controller (3) I225-V
 네트워크 링크가 분리되었습니다.
","27","0","40964","3","0","0","36028797018963968","28297","e2fexpress",,"System","4","22892","DT",,"10/31/2025 4:12:27 PM",,,"c:\users\zinpi\desktop\251215_sys.evtx","System.UInt32[]","System.Diagnostics.Eventing.Reader.EventBookmark","경고",,"없음","System.Collections.ObjectModel.ReadOnlyCollection`1[System.String]","System.Collections.Generic.List`1[System.Diagnostics.Eventing.Reader.EventProperty]"
"PICO Streaming Service 서비스가 예기치 않게 3번 종료되었습니다. 1000밀리초 안에 다음 수정 작업을 합니다. 서비스 다시 시작.","7031","0","49152","2","0","0","-9187343239835811840","28288","Service Control Manager","555908d1-a6d7-4695-8e1e-26931d2012f4","System","1316","5500","DT",,"10/28/2025 11:55:21 PM",,,"c:\users\zinpi\desktop\251215_sys.evtx","System.UInt32[]","System.Diagnostics.Eventing.Reader.EventBookmark","오류",,,"System.Collections.ObjectModel.ReadOnlyCollection`1[System.String]","System.Collections.Generic.List`1[System.Diagnostics.Eventing.Reader.EventProperty]"
"PICO Streaming Service 서비스가 예기치 않게 2번 종료되었습니다. 1000밀리초 안에 다음 수정 작업을 합니다. 서비스 다시 시작.","7031","0","49152","2","0","0","-9187343239835811840","28283","Service Control Manager","555908d1-a6d7-4695-8e1e-26931d2012f4","System","1316","10216","DT",,"10/28/2025 11:55:17 PM",,,"c:\users\zinpi\desktop\251215_sys.evtx","System.UInt32[]","System.Diagnostics.Eventing.Reader.EventBookmark","오류",,,"System.Collections.ObjectModel.ReadOnlyCollection`1[System.String]","System.Collections.Generic.List`1[System.Diagnostics.Eventing.Reader.EventProperty]"
"PICO Streaming Service 서비스가 예기치 않게 1번 종료되었습니다. 1000밀리초 안에 다음 수정 작업을 합니다. 서비스 다시 시작.","7031","0","49152","2","0","0","-9187343239835811840","28282","Service Control Manager","555908d1-a6d7-4695-8e1e-26931d2012f4","System","1316","20360","DT",,"10/28/2025 11:55:14 PM",,,"c:\users\zinpi\desktop\251215_sys.evtx","System.UInt32[]","System.Diagnostics.Eventing.Reader.EventBookmark","오류",,,"System.Collections.ObjectModel.ReadOnlyCollection`1[System.String]","System.Collections.Generic.List`1[System.Diagnostics.Eventing.Reader.EventProperty]"
"응용 프로그램별 권한 설정에서 CLSID가 
{2593F8B9-4EAF-457C-B68A-50F6B8EA6B54}
이고 APPID가 
{15C20B67-12E7-4BB6-92BB-7AFF07997402}
인 COM 서버 응용 프로그램에 대한 로컬 활성화 사용 권한을 응용 프로그램 컨테이너 MicrosoftWindows.Client.WebExperience_525.24401.50.0_x64__cw5n1h2txyewy SID(사용할 수 없음)에서 실행 중인 주소 LocalHost(LRPC 사용)의 사용자 DT\zinpi SID(S-1-5-21-3843888092-660805983-3388631941-1001)에게 부여하지 않았습니다. 구성 요소 서비스 관리 도구를 사용하여 이 보안 권한을 수정할 수 있습니다.","10016","0","0","3","0","0","-9187343239835811840","28279","Microsoft-Windows-DistributedCOM","1b562e86-b7aa-4131-badc-b6f3a001407e","System","1660","25072","DT","S-1-5-21-3843888092-660805983-3388631941-1001","10/28/2025 10:03:43 PM","12969e9c-401c-000e-a4d7-73131c40dc01",,"c:\users\zinpi\desktop\251215_sys.evtx","System.UInt32[]","System.Diagnostics.Eventing.Reader.EventBookmark","경고","정보",,"System.Collections.ObjectModel.ReadOnlyCollection`1[System.String]","System.Collections.Generic.List`1[System.Diagnostics.Eventing.Reader.EventProperty]"
"응용 프로그램별 권한 설정에서 CLSID가 
{2593F8B9-4EAF-457C-B68A-50F6B8EA6B54}
이고 APPID가 
{15C20B67-12E7-4BB6-92BB-7AFF07997402}
인 COM 서버 응용 프로그램에 대한 로컬 활성화 사용 권한을 응용 프로그램 컨테이너 사용할 수 없음 SID(사용할 수 없음)에서 실행 중인 주소 LocalHost(LRPC 사용)의 사용자 DT\zinpi SID(S-1-5-21-3843888092-660805983-3388631941-1001)에게 부여하지 않았습니다. 구성 요소 서비스 관리 도구를 사용하여 이 보안 권한을 수정할 수 있습니다.","10016","0","0","3","0","0","-9187343239835811840","28267","Microsoft-Windows-DistributedCOM","1b562e86-b7aa-4131-badc-b6f3a001407e","System","1660","11212","DT","S-1-5-21-3843888092-660805983-3388631941-1001","10/28/2025 8:13:08 PM","12969e9c-401c-0003-56a4-81131c40dc01",,"c:\users\zinpi\desktop\251215_sys.evtx","System.UInt32[]","System.Diagnostics.Eventing.Reader.EventBookmark","경고","정보",,"System.Collections.ObjectModel.ReadOnlyCollection`1[System.String]","System.Collections.Generic.List`1[System.Diagnostics.Eventing.Reader.EventProperty]"
"응용 프로그램별 권한 설정에서 CLSID가 
{2593F8B9-4EAF-457C-B68A-50F6B8EA6B54}
이고 APPID가 
{15C20B67-12E7-4BB6-92BB-7AFF07997402}
인 COM 서버 응용 프로그램에 대한 로컬 활성화 사용 권한을 응용 프로그램 컨테이너 사용할 수 없음 SID(사용할 수 없음)에서 실행 중인 주소 LocalHost(LRPC 사용)의 사용자 DT\zinpi SID(S-1-5-21-3843888092-660805983-3388631941-1001)에게 부여하지 않았습니다. 구성 요소 서비스 관리 도구를 사용하여 이 보안 권한을 수정할 수 있습니다.","10016","0","0","3","0","0","-9187343239835811840","28263","Microsoft-Windows-DistributedCOM","1b562e86-b7aa-4131-badc-b6f3a001407e","System","1660","18076","DT","S-1-5-21-3843888092-660805983-3388631941-1001","10/28/2025 7:59:43 PM","12969e9c-401c-0002-167a-fe141c40dc01",,"c:\users\zinpi\desktop\251215_sys.evtx","System.UInt32[]","System.Diagnostics.Eventing.Reader.EventBookmark","경고","정보",,"System.Collections.ObjectModel.ReadOnlyCollection`1[System.String]","System.Collections.Generic.List`1[System.Diagnostics.Eventing.Reader.EventProperty]"
"응용 프로그램별 권한 설정에서 CLSID가 
{2593F8B9-4EAF-457C-B68A-50F6B8EA6B54}
이고 APPID가 
{15C20B67-12E7-4BB6-92BB-7AFF07997402}
인 COM 서버 응용 프로그램에 대한 로컬 활성화 사용 권한을 응용 프로그램 컨테이너 사용할 수 없음 SID(사용할 수 없음)에서 실행 중인 주소 LocalHost(LRPC 사용)의 사용자 DT\zinpi SID(S-1-5-21-3843888092-660805983-3388631941-1001)에게 부여하지 않았습니다. 구성 요소 서비스 관리 도구를 사용하여 이 보안 권한을 수정할 수 있습니다.","10016","0","0","3","0","0","-9187343239835811840","28259","Microsoft-Windows-DistributedCOM","1b562e86-b7aa-4131-badc-b6f3a001407e","System","1660","5920","DT","S-1-5-21-3843888092-660805983-3388631941-1001","10/28/2025 7:52:24 PM","12969e9c-401c-0002-95ee-fb141c40dc01",,"c:\users\zinpi\desktop\251215_sys.evtx","System.UInt32[]","System.Diagnostics.Eventing.Reader.EventBookmark","경고","정보",,"System.Collections.ObjectModel.ReadOnlyCollection`1[System.String]","System.Collections.Generic.List`1[System.Diagnostics.Eventing.Reader.EventProperty]"
"Intel(R) Ethernet Controller (3) I225-V
 네트워크 링크가 분리되었습니다.
","27","0","40964","3","0","0","36028797018963968","28253","e2fexpress",,"System","4","10544","DT",,"10/28/2025 7:49:09 PM",,,"c:\users\zinpi\desktop\251215_sys.evtx","System.UInt32[]","System.Diagnostics.Eventing.Reader.EventBookmark","경고",,"없음","System.Collections.ObjectModel.ReadOnlyCollection`1[System.String]","System.Collections.Generic.List`1[System.Diagnostics.Eventing.Reader.EventProperty]"
"응용 프로그램별 권한 설정에서 CLSID가 
{6B3B8D23-FA8D-40B9-8DBD-B950333E2C52}
이고 APPID가 
{4839DDB7-58C2-48F5-8283-E1D1807D0D7D}
인 COM 서버 응용 프로그램에 대한 로컬 활성화 사용 권한을 응용 프로그램 컨테이너 사용할 수 없음 SID(사용할 수 없음)에서 실행 중인 주소 LocalHost(LRPC 사용)의 사용자 NT AUTHORITY\LOCAL SERVICE SID(S-1-5-19)에게 부여하지 않았습니다. 구성 요소 서비스 관리 도구를 사용하여 이 보안 권한을 수정할 수 있습니다.","10016","0","0","3","0","0","-9187343239835811840","28252","Microsoft-Windows-DistributedCOM","1b562e86-b7aa-4131-badc-b6f3a001407e","System","1660","23420","DT","S-1-5-19","10/28/2025 7:49:08 PM",,,"c:\users\zinpi\desktop\251215_sys.evtx","System.UInt32[]","System.Diagnostics.Eventing.Reader.EventBookmark","경고","정보",,"System.Collections.ObjectModel.ReadOnlyCollection`1[System.String]","System.Collections.Generic.List`1[System.Diagnostics.Eventing.Reader.EventProperty]"
"응용 프로그램별 권한 설정에서 CLSID가 
{6B3B8D23-FA8D-40B9-8DBD-B950333E2C52}
이고 APPID가 
{4839DDB7-58C2-48F5-8283-E1D1807D0D7D}
인 COM 서버 응용 프로그램에 대한 로컬 활성화 사용 권한을 응용 프로그램 컨테이너 사용할 수 없음 SID(사용할 수 없음)에서 실행 중인 주소 LocalHost(LRPC 사용)의 사용자 NT AUTHORITY\LOCAL SERVICE SID(S-1-5-19)에게 부여하지 않았습니다. 구성 요소 서비스 관리 도구를 사용하여 이 보안 권한을 수정할 수 있습니다.","10016","0","0","3","0","0","-9187343239835811840","28251","Microsoft-Windows-DistributedCOM","1b562e86-b7aa-4131-badc-b6f3a001407e","System","1660","20204","DT","S-1-5-19","10/28/2025 7:49:08 PM",,,"c:\users\zinpi\desktop\251215_sys.evtx","System.UInt32[]","System.Diagnostics.Eventing.Reader.EventBookmark","경고","정보",,"System.Collections.ObjectModel.ReadOnlyCollection`1[System.String]","System.Collections.Generic.List`1[System.Diagnostics.Eventing.Reader.EventProperty]"
"Intel(R) Ethernet Controller (3) I225-V
 네트워크 링크가 분리되었습니다.
","27","0","40964","3","0","0","36028797018963968","28234","e2fexpress",,"System","4","12448","DT",,"10/28/2025 7:49:05 PM",,,"c:\users\zinpi\desktop\251215_sys.evtx","System.UInt32[]","System.Diagnostics.Eventing.Reader.EventBookmark","경고",,"없음","System.Collections.ObjectModel.ReadOnlyCollection`1[System.String]","System.Collections.Generic.List`1[System.Diagnostics.Eventing.Reader.EventProperty]"
"PICO Streaming Service 서비스가 예기치 않게 2번 종료되었습니다. 1000밀리초 안에 다음 수정 작업을 합니다. 서비스 다시 시작.","7031","0","49152","2","0","0","-9187343239835811840","28230","Service Control Manager","555908d1-a6d7-4695-8e1e-26931d2012f4","System","1316","15580","DT",,"10/28/2025 7:48:36 PM",,,"c:\users\zinpi\desktop\251215_sys.evtx","System.UInt32[]","System.Diagnostics.Eventing.Reader.EventBookmark","오류",,,"System.Collections.ObjectModel.ReadOnlyCollection`1[System.String]","System.Collections.Generic.List`1[System.Diagnostics.Eventing.Reader.EventProperty]"
"PICO Streaming Service 서비스가 예기치 않게 1번 종료되었습니다. 1000밀리초 안에 다음 수정 작업을 합니다. 서비스 다시 시작.","7031","0","49152","2","0","0","-9187343239835811840","28225","Service Control Manager","555908d1-a6d7-4695-8e1e-26931d2012f4","System","1316","10188","DT",,"10/28/2025 7:48:32 PM",,,"c:\users\zinpi\desktop\251215_sys.evtx","System.UInt32[]","System.Diagnostics.Eventing.Reader.EventBookmark","오류",,,"System.Collections.ObjectModel.ReadOnlyCollection`1[System.String]","System.Collections.Generic.List`1[System.Diagnostics.Eventing.Reader.EventProperty]"
"설치 실패: 0x80073D02 오류 때문에 Windows에서 다음 업데이트를 설치하지 못했습니다. 9P98T77876KZ-SAMSUNGELECTRONICSCO.LTD.SamsungAccount.","20","1",,"2","1","13","-9223372036854775768","28208","Microsoft-Windows-WindowsUpdateClient","945a8954-c147-4acd-923f-40c45405a658","System","8668","20892","DT","S-1-5-18","10/28/2025 7:14:55 PM","12969e9c-401c-0012-69f8-08131c40dc01",,"c:\users\zinpi\desktop\251215_sys.evtx","System.UInt32[]","System.Diagnostics.Eventing.Reader.EventBookmark","오류","설치","Windows 업데이트 에이전트","System.Collections.ObjectModel.ReadOnlyCollection`1[System.String]","System.Collections.Generic.List`1[System.Diagnostics.Eventing.Reader.EventProperty]"
"응용 프로그램별 권한 설정에서 CLSID가 
{2593F8B9-4EAF-457C-B68A-50F6B8EA6B54}
이고 APPID가 
{15C20B67-12E7-4BB6-92BB-7AFF07997402}
인 COM 서버 응용 프로그램에 대한 로컬 활성화 사용 권한을 응용 프로그램 컨테이너 사용할 수 없음 SID(사용할 수 없음)에서 실행 중인 주소 LocalHost(LRPC 사용)의 사용자 DT\zinpi SID(S-1-5-21-3843888092-660805983-3388631941-1001)에게 부여하지 않았습니다. 구성 요소 서비스 관리 도구를 사용하여 이 보안 권한을 수정할 수 있습니다.","10016","0","0","3","0","0","-9187343239835811840","28138","Microsoft-Windows-DistributedCOM","1b562e86-b7aa-4131-badc-b6f3a001407e","System","1660","8512","DT","S-1-5-21-3843888092-660805983-3388631941-1001","10/28/2025 7:06:30 PM","12969e9c-401c-0002-2a50-f4141c40dc01",,"c:\users\zinpi\desktop\251215_sys.evtx","System.UInt32[]","System.Diagnostics.Eventing.Reader.EventBookmark","경고","정보",,"System.Collections.ObjectModel.ReadOnlyCollection`1[System.String]","System.Collections.Generic.List`1[System.Diagnostics.Eventing.Reader.EventProperty]"
"CLSID Windows.Media.Capture.Internal.AppCaptureShell 활성화가 BcastDVRUserService_1f74465f 서비스 중지를 대기하는 동안 시간 초과했습니다.","10029","0","0","2","0","0","-9187343239835811840","28130","Microsoft-Windows-DistributedCOM","1b562e86-b7aa-4131-badc-b6f3a001407e","System","1660","16176","DT","S-1-5-21-3843888092-660805983-3388631941-1001","10/28/2025 6:59:33 PM",,,"c:\users\zinpi\desktop\251215_sys.evtx","System.UInt32[]","System.Diagnostics.Eventing.Reader.EventBookmark","오류","정보",,"System.Collections.ObjectModel.ReadOnlyCollection`1[System.String]","System.Collections.Generic.List`1[System.Diagnostics.Eventing.Reader.EventProperty]"
"응용 프로그램별 권한 설정에서 CLSID가 
{2593F8B9-4EAF-457C-B68A-50F6B8EA6B54}
이고 APPID가 
{15C20B67-12E7-4BB6-92BB-7AFF07997402}
인 COM 서버 응용 프로그램에 대한 로컬 활성화 사용 권한을 응용 프로그램 컨테이너 사용할 수 없음 SID(사용할 수 없음)에서 실행 중인 주소 LocalHost(LRPC 사용)의 사용자 DT\zinpi SID(S-1-5-21-3843888092-660805983-3388631941-1001)에게 부여하지 않았습니다. 구성 요소 서비스 관리 도구를 사용하여 이 보안 권한을 수정할 수 있습니다.","10016","0","0","3","0","0","-9187343239835811840","28125","Microsoft-Windows-DistributedCOM","1b562e86-b7aa-4131-badc-b6f3a001407e","System","1660","25892","DT","S-1-5-21-3843888092-660805983-3388631941-1001","10/28/2025 6:58:44 PM","12969e9c-401c-0002-2db1-f3141c40dc01",,"c:\users\zinpi\desktop\251215_sys.evtx","System.UInt32[]","System.Diagnostics.Eventing.Reader.EventBookmark","경고","정보",,"System.Collections.ObjectModel.ReadOnlyCollection`1[System.String]","System.Collections.Generic.List`1[System.Diagnostics.Eventing.Reader.EventProperty]"
"응용 프로그램별 권한 설정에서 CLSID가 
{6B3B8D23-FA8D-40B9-8DBD-B950333E2C52}
이고 APPID가 
{4839DDB7-58C2-48F5-8283-E1D1807D0D7D}
인 COM 서버 응용 프로그램에 대한 로컬 활성화 사용 권한을 응용 프로그램 컨테이너 사용할 수 없음 SID(사용할 수 없음)에서 실행 중인 주소 LocalHost(LRPC 사용)의 사용자 NT AUTHORITY\LOCAL SERVICE SID(S-1-5-19)에게 부여하지 않았습니다. 구성 요소 서비스 관리 도구를 사용하여 이 보안 권한을 수정할 수 있습니다.","10016","0","0","3","0","0","-9187343239835811840","28112","Microsoft-Windows-DistributedCOM","1b562e86-b7aa-4131-badc-b6f3a001407e","System","1660","6456","DT","S-1-5-19","10/28/2025 6:56:02 PM",,,"c:\users\zinpi\desktop\251215_sys.evtx","System.UInt32[]","System.Diagnostics.Eventing.Reader.EventBookmark","경고","정보",,"System.Collections.ObjectModel.ReadOnlyCollection`1[System.String]","System.Collections.Generic.List`1[System.Diagnostics.Eventing.Reader.EventProperty]"
"응용 프로그램별 권한 설정에서 CLSID가 
{6B3B8D23-FA8D-40B9-8DBD-B950333E2C52}
이고 APPID가 
{4839DDB7-58C2-48F5-8283-E1D1807D0D7D}
인 COM 서버 응용 프로그램에 대한 로컬 활성화 사용 권한을 응용 프로그램 컨테이너 사용할 수 없음 SID(사용할 수 없음)에서 실행 중인 주소 LocalHost(LRPC 사용)의 사용자 NT AUTHORITY\LOCAL SERVICE SID(S-1-5-19)에게 부여하지 않았습니다. 구성 요소 서비스 관리 도구를 사용하여 이 보안 권한을 수정할 수 있습니다.","10016","0","0","3","0","0","-9187343239835811840","28111","Microsoft-Windows-DistributedCOM","1b562e86-b7aa-4131-badc-b6f3a001407e","System","1660","6456","DT","S-1-5-19","10/28/2025 6:56:02 PM",,,"c:\users\zinpi\desktop\251215_sys.evtx","System.UInt32[]","System.Diagnostics.Eventing.Reader.EventBookmark","경고","정보",,"System.Collections.ObjectModel.ReadOnlyCollection`1[System.String]","System.Collections.Generic.List`1[System.Diagnostics.Eventing.Reader.EventProperty]"
"Intel(R) Ethernet Controller (3) I225-V
 네트워크 링크가 분리되었습니다.
","27","0","40964","3","0","0","36028797018963968","28100","e2fexpress",,"System","4","15592","DT",,"10/28/2025 6:55:59 PM",,,"c:\users\zinpi\desktop\251215_sys.evtx","System.UInt32[]","System.Diagnostics.Eventing.Reader.EventBookmark","경고",,"없음","System.Collections.ObjectModel.ReadOnlyCollection`1[System.String]","System.Collections.Generic.List`1[System.Diagnostics.Eventing.Reader.EventProperty]"
"PICO Streaming Service 서비스가 예기치 않게 2번 종료되었습니다. 1000밀리초 안에 다음 수정 작업을 합니다. 서비스 다시 시작.","7031","0","49152","2","0","0","-9187343239835811840","28095","Service Control Manager","555908d1-a6d7-4695-8e1e-26931d2012f4","System","1316","17328","DT",,"10/27/2025 6:54:44 AM",,,"c:\users\zinpi\desktop\251215_sys.evtx","System.UInt32[]","System.Diagnostics.Eventing.Reader.EventBookmark","오류",,,"System.Collections.ObjectModel.ReadOnlyCollection`1[System.String]","System.Collections.Generic.List`1[System.Diagnostics.Eventing.Reader.EventProperty]"
"{AB8902B4-09CA-4BB6-B78D-A8F59079A8D5} 서버가 요구된 초과 시간 안에 DCOM으로 등록하지 않았습니다.","10010","0","0","2","0","0","-9187343239835811840","28090","Microsoft-Windows-DistributedCOM","1b562e86-b7aa-4131-badc-b6f3a001407e","System","1660","14696","DT","S-1-5-21-3843888092-660805983-3388631941-1001","10/27/2025 6:54:31 AM","12969e9c-401c-0001-56c6-af131c40dc01",,"c:\users\zinpi\desktop\251215_sys.evtx","System.UInt32[]","System.Diagnostics.Eventing.Reader.EventBookmark","오류","정보",,"System.Collections.ObjectModel.ReadOnlyCollection`1[System.String]","System.Collections.Generic.List`1[System.Diagnostics.Eventing.Reader.EventProperty]"
"{AB8902B4-09CA-4BB6-B78D-A8F59079A8D5} 서버가 요구된 초과 시간 안에 DCOM으로 등록하지 않았습니다.","10010","0","0","2","0","0","-9187343239835811840","28089","Microsoft-Windows-DistributedCOM","1b562e86-b7aa-4131-badc-b6f3a001407e","System","1660","14696","DT","S-1-5-21-3843888092-660805983-3388631941-1001","10/27/2025 6:54:31 AM","12969e9c-401c-0006-093f-4f131c40dc01",,"c:\users\zinpi\desktop\251215_sys.evtx","System.UInt32[]","System.Diagnostics.Eventing.Reader.EventBookmark","오류","정보",,"System.Collections.ObjectModel.ReadOnlyCollection`1[System.String]","System.Collections.Generic.List`1[System.Diagnostics.Eventing.Reader.EventProperty]"
"{AB8902B4-09CA-4BB6-B78D-A8F59079A8D5} 서버가 요구된 초과 시간 안에 DCOM으로 등록하지 않았습니다.","10010","0","0","2","0","0","-9187343239835811840","28088","Microsoft-Windows-DistributedCOM","1b562e86-b7aa-4131-badc-b6f3a001407e","System","1660","6456","DT","S-1-5-21-3843888092-660805983-3388631941-1001","10/27/2025 6:54:31 AM","12969e9c-401c-0001-2cc6-af131c40dc01",,"c:\users\zinpi\desktop\251215_sys.evtx","System.UInt32[]","System.Diagnostics.Eventing.Reader.EventBookmark","오류","정보",,"System.Collections.ObjectModel.ReadOnlyCollection`1[System.String]","System.Collections.Generic.List`1[System.Diagnostics.Eventing.Reader.EventProperty]"
"{AB8902B4-09CA-4BB6-B78D-A8F59079A8D5} 서버가 요구된 초과 시간 안에 DCOM으로 등록하지 않았습니다.","10010","0","0","2","0","0","-9187343239835811840","28087","Microsoft-Windows-DistributedCOM","1b562e86-b7aa-4131-badc-b6f3a001407e","System","1660","6456","DT","S-1-5-21-3843888092-660805983-3388631941-1001","10/27/2025 6:54:31 AM","12969e9c-401c-0002-a85b-f2141c40dc01",,"c:\users\zinpi\desktop\251215_sys.evtx","System.UInt32[]","System.Diagnostics.Eventing.Reader.EventBookmark","오류","정보",,"System.Collections.ObjectModel.ReadOnlyCollection`1[System.String]","System.Collections.Generic.List`1[System.Diagnostics.Eventing.Reader.EventProperty]"
"{AB8902B4-09CA-4BB6-B78D-A8F59079A8D5} 서버가 요구된 초과 시간 안에 DCOM으로 등록하지 않았습니다.","10010","0","0","2","0","0","-9187343239835811840","28086","Microsoft-Windows-DistributedCOM","1b562e86-b7aa-4131-badc-b6f3a001407e","System","1660","6456","DT","S-1-5-21-3843888092-660805983-3388631941-1001","10/27/2025 6:54:31 AM","12969e9c-401c-0001-1cc6-af131c40dc01",,"c:\users\zinpi\desktop\251215_sys.evtx","System.UInt32[]","System.Diagnostics.Eventing.Reader.EventBookmark","오류","정보",,"System.Collections.ObjectModel.ReadOnlyCollection`1[System.String]","System.Collections.Generic.List`1[System.Diagnostics.Eventing.Reader.EventProperty]"
"{AB8902B4-09CA-4BB6-B78D-A8F59079A8D5} 서버가 요구된 초과 시간 안에 DCOM으로 등록하지 않았습니다.","10010","0","0","2","0","0","-9187343239835811840","28085","Microsoft-Windows-DistributedCOM","1b562e86-b7aa-4131-badc-b6f3a001407e","System","1660","9816","DT","S-1-5-21-3843888092-660805983-3388631941-1001","10/27/2025 6:54:31 AM","12969e9c-401c-0006-f43e-4f131c40dc01",,"c:\users\zinpi\desktop\251215_sys.evtx","System.UInt32[]","System.Diagnostics.Eventing.Reader.EventBookmark","오류","정보",,"System.Collections.ObjectModel.ReadOnlyCollection`1[System.String]","System.Collections.Generic.List`1[System.Diagnostics.Eventing.Reader.EventProperty]"
"{AB8902B4-09CA-4BB6-B78D-A8F59079A8D5} 서버가 요구된 초과 시간 안에 DCOM으로 등록하지 않았습니다.","10010","0","0","2","0","0","-9187343239835811840","28084","Microsoft-Windows-DistributedCOM","1b562e86-b7aa-4131-badc-b6f3a001407e","System","1660","9816","DT","S-1-5-21-3843888092-660805983-3388631941-1001","10/27/2025 6:54:31 AM","12969e9c-401c-0002-785b-f2141c40dc01",,"c:\users\zinpi\desktop\251215_sys.evtx","System.UInt32[]","System.Diagnostics.Eventing.Reader.EventBookmark","오류","정보",,"System.Collections.ObjectModel.ReadOnlyCollection`1[System.String]","System.Collections.Generic.List`1[System.Diagnostics.Eventing.Reader.EventProperty]"
"{AB8902B4-09CA-4BB6-B78D-A8F59079A8D5} 서버가 요구된 초과 시간 안에 DCOM으로 등록하지 않았습니다.","10010","0","0","2","0","0","-9187343239835811840","28083","Microsoft-Windows-DistributedCOM","1b562e86-b7aa-4131-badc-b6f3a001407e","System","1660","9816","DT","S-1-5-21-3843888092-660805983-3388631941-1001","10/27/2025 6:54:31 AM","12969e9c-401c-000e-b43b-6c131c40dc01",,"c:\users\zinpi\desktop\251215_sys.evtx","System.UInt32[]","System.Diagnostics.Eventing.Reader.EventBookmark","오류","정보",,"System.Collections.ObjectModel.ReadOnlyCollection`1[System.String]","System.Collections.Generic.List`1[System.Diagnostics.Eventing.Reader.EventProperty]"
"PICO Streaming Service 서비스가 예기치 않게 1번 종료되었습니다. 1000밀리초 안에 다음 수정 작업을 합니다. 서비스 다시 시작.","7031","0","49152","2","0","0","-9187343239835811840","28082","Service Control Manager","555908d1-a6d7-4695-8e1e-26931d2012f4","System","1316","25060","DT",,"10/27/2025 6:54:31 AM",,,"c:\users\zinpi\desktop\251215_sys.evtx","System.UInt32[]","System.Diagnostics.Eventing.Reader.EventBookmark","오류",,,"System.Collections.ObjectModel.ReadOnlyCollection`1[System.String]","System.Collections.Generic.List`1[System.Diagnostics.Eventing.Reader.EventProperty]"
"CLSID Windows.Media.Capture.Internal.AppCaptureShell 활성화가 BcastDVRUserService_1f74465f 서비스 중지를 대기하는 동안 시간 초과했습니다.","10029","0","0","2","0","0","-9187343239835811840","28080","Microsoft-Windows-DistributedCOM","1b562e86-b7aa-4131-badc-b6f3a001407e","System","1660","24056","DT","S-1-5-21-3843888092-660805983-3388631941-1001","10/27/2025 6:29:59 AM",,,"c:\users\zinpi\desktop\251215_sys.evtx","System.UInt32[]","System.Diagnostics.Eventing.Reader.EventBookmark","오류","정보",,"System.Collections.ObjectModel.ReadOnlyCollection`1[System.String]","System.Collections.Generic.List`1[System.Diagnostics.Eventing.Reader.EventProperty]"
"CLSID Windows.Media.Capture.Internal.AppCaptureShell 활성화가 BcastDVRUserService_1f74465f 서비스 중지를 대기하는 동안 시간 초과했습니다.","10029","0","0","2","0","0","-9187343239835811840","28079","Microsoft-Windows-DistributedCOM","1b562e86-b7aa-4131-badc-b6f3a001407e","System","1660","24056","DT","S-1-5-21-3843888092-660805983-3388631941-1001","10/27/2025 6:25:58 AM",,,"c:\users\zinpi\desktop\251215_sys.evtx","System.UInt32[]","System.Diagnostics.Eventing.Reader.EventBookmark","오류","정보",,"System.Collections.ObjectModel.ReadOnlyCollection`1[System.String]","System.Collections.Generic.List`1[System.Diagnostics.Eventing.Reader.EventProperty]"
"CLSID Windows.Media.Capture.Internal.AppCaptureShell 활성화가 BcastDVRUserService_1f74465f 서비스 중지를 대기하는 동안 시간 초과했습니다.","10029","0","0","2","0","0","-9187343239835811840","28078","Microsoft-Windows-DistributedCOM","1b562e86-b7aa-4131-badc-b6f3a001407e","System","1660","12236","DT","S-1-5-21-3843888092-660805983-3388631941-1001","10/27/2025 6:11:40 AM",,,"c:\users\zinpi\desktop\251215_sys.evtx","System.UInt32[]","System.Diagnostics.Eventing.Reader.EventBookmark","오류","정보",,"System.Collections.ObjectModel.ReadOnlyCollection`1[System.String]","System.Collections.Generic.List`1[System.Diagnostics.Eventing.Reader.EventProperty]"
"응용 프로그램별 권한 설정에서 CLSID가 
{2593F8B9-4EAF-457C-B68A-50F6B8EA6B54}
이고 APPID가 
{15C20B67-12E7-4BB6-92BB-7AFF07997402}
인 COM 서버 응용 프로그램에 대한 로컬 활성화 사용 권한을 응용 프로그램 컨테이너 MicrosoftWindows.Client.WebExperience_525.24401.50.0_x64__cw5n1h2txyewy SID(사용할 수 없음)에서 실행 중인 주소 LocalHost(LRPC 사용)의 사용자 DT\zinpi SID(S-1-5-21-3843888092-660805983-3388631941-1001)에게 부여하지 않았습니다. 구성 요소 서비스 관리 도구를 사용하여 이 보안 권한을 수정할 수 있습니다.","10016","0","0","3","0","0","-9187343239835811840","28076","Microsoft-Windows-DistributedCOM","1b562e86-b7aa-4131-badc-b6f3a001407e","System","1660","4532","DT","S-1-5-21-3843888092-660805983-3388631941-1001","10/27/2025 6:06:41 AM","12969e9c-401c-0002-c841-f0141c40dc01",,"c:\users\zinpi\desktop\251215_sys.evtx","System.UInt32[]","System.Diagnostics.Eventing.Reader.EventBookmark","경고","정보",,"System.Collections.ObjectModel.ReadOnlyCollection`1[System.String]","System.Collections.Generic.List`1[System.Diagnostics.Eventing.Reader.EventProperty]"
"CLSID Windows.Media.Capture.Internal.AppCaptureShell 활성화가 BcastDVRUserService_1f74465f 서비스 중지를 대기하는 동안 시간 초과했습니다.","10029","0","0","2","0","0","-9187343239835811840","28075","Microsoft-Windows-DistributedCOM","1b562e86-b7aa-4131-badc-b6f3a001407e","System","1660","20064","DT","S-1-5-21-3843888092-660805983-3388631941-1001","10/27/2025 6:04:38 AM",,,"c:\users\zinpi\desktop\251215_sys.evtx","System.UInt32[]","System.Diagnostics.Eventing.Reader.EventBookmark","오류","정보",,"System.Collections.ObjectModel.ReadOnlyCollection`1[System.String]","System.Collections.Generic.List`1[System.Diagnostics.Eventing.Reader.EventProperty]"
"응용 프로그램별 권한 설정에서 CLSID가 
{2593F8B9-4EAF-457C-B68A-50F6B8EA6B54}
이고 APPID가 
{15C20B67-12E7-4BB6-92BB-7AFF07997402}
인 COM 서버 응용 프로그램에 대한 로컬 활성화 사용 권한을 응용 프로그램 컨테이너 사용할 수 없음 SID(사용할 수 없음)에서 실행 중인 주소 LocalHost(LRPC 사용)의 사용자 DT\zinpi SID(S-1-5-21-3843888092-660805983-3388631941-1001)에게 부여하지 않았습니다. 구성 요소 서비스 관리 도구를 사용하여 이 보안 권한을 수정할 수 있습니다.","10016","0","0","3","0","0","-9187343239835811840","28072","Microsoft-Windows-DistributedCOM","1b562e86-b7aa-4131-badc-b6f3a001407e","System","1660","25048","DT","S-1-5-21-3843888092-660805983-3388631941-1001","10/27/2025 5:43:53 AM","12969e9c-401c-000e-fc77-69131c40dc01",,"c:\users\zinpi\desktop\251215_sys.evtx","System.UInt32[]","System.Diagnostics.Eventing.Reader.EventBookmark","경고","정보",,"System.Collections.ObjectModel.ReadOnlyCollection`1[System.String]","System.Collections.Generic.List`1[System.Diagnostics.Eventing.Reader.EventProperty]"
"응용 프로그램별 권한 설정에서 CLSID가 
{2593F8B9-4EAF-457C-B68A-50F6B8EA6B54}
이고 APPID가 
{15C20B67-12E7-4BB6-92BB-7AFF07997402}
인 COM 서버 응용 프로그램에 대한 로컬 활성화 사용 권한을 응용 프로그램 컨테이너 사용할 수 없음 SID(사용할 수 없음)에서 실행 중인 주소 LocalHost(LRPC 사용)의 사용자 DT\zinpi SID(S-1-5-21-3843888092-660805983-3388631941-1001)에게 부여하지 않았습니다. 구성 요소 서비스 관리 도구를 사용하여 이 보안 권한을 수정할 수 있습니다.","10016","0","0","3","0","0","-9187343239835811840","28067","Microsoft-Windows-DistributedCOM","1b562e86-b7aa-4131-badc-b6f3a001407e","System","1660","10652","DT","S-1-5-21-3843888092-660805983-3388631941-1001","10/27/2025 5:21:28 AM","12969e9c-401c-0004-1a1d-4b131c40dc01",,"c:\users\zinpi\desktop\251215_sys.evtx","System.UInt32[]","System.Diagnostics.Eventing.Reader.EventBookmark","경고","정보",,"System.Collections.ObjectModel.ReadOnlyCollection`1[System.String]","System.Collections.Generic.List`1[System.Diagnostics.Eventing.Reader.EventProperty]"
"응용 프로그램별 권한 설정에서 CLSID가 
{6B3B8D23-FA8D-40B9-8DBD-B950333E2C52}
이고 APPID가 
{4839DDB7-58C2-48F5-8283-E1D1807D0D7D}
인 COM 서버 응용 프로그램에 대한 로컬 활성화 사용 권한을 응용 프로그램 컨테이너 사용할 수 없음 SID(사용할 수 없음)에서 실행 중인 주소 LocalHost(LRPC 사용)의 사용자 NT AUTHORITY\LOCAL SERVICE SID(S-1-5-19)에게 부여하지 않았습니다. 구성 요소 서비스 관리 도구를 사용하여 이 보안 권한을 수정할 수 있습니다.","10016","0","0","3","0","0","-9187343239835811840","28065","Microsoft-Windows-DistributedCOM","1b562e86-b7aa-4131-badc-b6f3a001407e","System","1660","16288","DT","S-1-5-19","10/27/2025 5:21:12 AM",,,"c:\users\zinpi\desktop\251215_sys.evtx","System.UInt32[]","System.Diagnostics.Eventing.Reader.EventBookmark","경고","정보",,"System.Collections.ObjectModel.ReadOnlyCollection`1[System.String]","System.Collections.Generic.List`1[System.Diagnostics.Eventing.Reader.EventProperty]"
"응용 프로그램별 권한 설정에서 CLSID가 
{6B3B8D23-FA8D-40B9-8DBD-B950333E2C52}
이고 APPID가 
{4839DDB7-58C2-48F5-8283-E1D1807D0D7D}
인 COM 서버 응용 프로그램에 대한 로컬 활성화 사용 권한을 응용 프로그램 컨테이너 사용할 수 없음 SID(사용할 수 없음)에서 실행 중인 주소 LocalHost(LRPC 사용)의 사용자 NT AUTHORITY\LOCAL SERVICE SID(S-1-5-19)에게 부여하지 않았습니다. 구성 요소 서비스 관리 도구를 사용하여 이 보안 권한을 수정할 수 있습니다.","10016","0","0","3","0","0","-9187343239835811840","28064","Microsoft-Windows-DistributedCOM","1b562e86-b7aa-4131-badc-b6f3a001407e","System","1660","10168","DT","S-1-5-19","10/27/2025 5:21:12 AM",,,"c:\users\zinpi\desktop\251215_sys.evtx","System.UInt32[]","System.Diagnostics.Eventing.Reader.EventBookmark","경고","정보",,"System.Collections.ObjectModel.ReadOnlyCollection`1[System.String]","System.Collections.Generic.List`1[System.Diagnostics.Eventing.Reader.EventProperty]"
"Intel(R) Ethernet Controller (3) I225-V
 네트워크 링크가 분리되었습니다.
","27","0","40964","3","0","0","36028797018963968","28050","e2fexpress",,"System","4","1300","DT",,"10/27/2025 5:21:09 AM",,,"c:\users\zinpi\desktop\251215_sys.evtx","System.UInt32[]","System.Diagnostics.Eventing.Reader.EventBookmark","경고",,"없음","System.Collections.ObjectModel.ReadOnlyCollection`1[System.String]","System.Collections.Generic.List`1[System.Diagnostics.Eventing.Reader.EventProperty]"
"PICO Streaming Service 서비스가 예기치 않게 3번 종료되었습니다. 1000밀리초 안에 다음 수정 작업을 합니다. 서비스 다시 시작.","7031","0","49152","2","0","0","-9187343239835811840","28046","Service Control Manager","555908d1-a6d7-4695-8e1e-26931d2012f4","System","1316","11180","DT",,"10/27/2025 4:59:45 AM",,,"c:\users\zinpi\desktop\251215_sys.evtx","System.UInt32[]","System.Diagnostics.Eventing.Reader.EventBookmark","오류",,,"System.Collections.ObjectModel.ReadOnlyCollection`1[System.String]","System.Collections.Generic.List`1[System.Diagnostics.Eventing.Reader.EventProperty]"
"{AB8902B4-09CA-4BB6-B78D-A8F59079A8D5} 서버가 요구된 초과 시간 안에 DCOM으로 등록하지 않았습니다.","10010","0","0","2","0","0","-9187343239835811840","28041","Microsoft-Windows-DistributedCOM","1b562e86-b7aa-4131-badc-b6f3a001407e","System","1660","10168","DT","S-1-5-21-3843888092-660805983-3388631941-1001","10/27/2025 4:59:43 AM","12969e9c-401c-000e-27c4-68131c40dc01",,"c:\users\zinpi\desktop\251215_sys.evtx","System.UInt32[]","System.Diagnostics.Eventing.Reader.EventBookmark","오류","정보",,"System.Collections.ObjectModel.ReadOnlyCollection`1[System.String]","System.Collections.Generic.List`1[System.Diagnostics.Eventing.Reader.EventProperty]"
"{AB8902B4-09CA-4BB6-B78D-A8F59079A8D5} 서버가 요구된 초과 시간 안에 DCOM으로 등록하지 않았습니다.","10010","0","0","2","0","0","-9187343239835811840","28040","Microsoft-Windows-DistributedCOM","1b562e86-b7aa-4131-badc-b6f3a001407e","System","1660","20304","DT","S-1-5-21-3843888092-660805983-3388631941-1001","10/27/2025 4:59:43 AM","12969e9c-401c-000e-1ac4-68131c40dc01",,"c:\users\zinpi\desktop\251215_sys.evtx","System.UInt32[]","System.Diagnostics.Eventing.Reader.EventBookmark","오류","정보",,"System.Collections.ObjectModel.ReadOnlyCollection`1[System.String]","System.Collections.Generic.List`1[System.Diagnostics.Eventing.Reader.EventProperty]"
"{AB8902B4-09CA-4BB6-B78D-A8F59079A8D5} 서버가 요구된 초과 시간 안에 DCOM으로 등록하지 않았습니다.","10010","0","0","2","0","0","-9187343239835811840","28039","Microsoft-Windows-DistributedCOM","1b562e86-b7aa-4131-badc-b6f3a001407e","System","1660","20304","DT","S-1-5-21-3843888092-660805983-3388631941-1001","10/27/2025 4:59:43 AM","12969e9c-401c-0000-a2f3-62151c40dc01",,"c:\users\zinpi\desktop\251215_sys.evtx","System.UInt32[]","System.Diagnostics.Eventing.Reader.EventBookmark","오류","정보",,"System.Collections.ObjectModel.ReadOnlyCollection`1[System.String]","System.Collections.Generic.List`1[System.Diagnostics.Eventing.Reader.EventProperty]"
"{AB8902B4-09CA-4BB6-B78D-A8F59079A8D5} 서버가 요구된 초과 시간 안에 DCOM으로 등록하지 않았습니다.","10010","0","0","2","0","0","-9187343239835811840","28038","Microsoft-Windows-DistributedCOM","1b562e86-b7aa-4131-badc-b6f3a001407e","System","1660","20304","DT","S-1-5-21-3843888092-660805983-3388631941-1001","10/27/2025 4:59:43 AM","12969e9c-401c-0002-9d61-ee141c40dc01",,"c:\users\zinpi\desktop\251215_sys.evtx","System.UInt32[]","System.Diagnostics.Eventing.Reader.EventBookmark","오류","정보",,"System.Collections.ObjectModel.ReadOnlyCollection`1[System.String]","System.Collections.Generic.List`1[System.Diagnostics.Eventing.Reader.EventProperty]"
"{AB8902B4-09CA-4BB6-B78D-A8F59079A8D5} 서버가 요구된 초과 시간 안에 DCOM으로 등록하지 않았습니다.","10010","0","0","2","0","0","-9187343239835811840","28037","Microsoft-Windows-DistributedCOM","1b562e86-b7aa-4131-badc-b6f3a001407e","System","1660","20304","DT","S-1-5-21-3843888092-660805983-3388631941-1001","10/27/2025 4:59:43 AM","12969e9c-401c-0000-70f3-62151c40dc01",,"c:\users\zinpi\desktop\251215_sys.evtx","System.UInt32[]","System.Diagnostics.Eventing.Reader.EventBookmark","오류","정보",,"System.Collections.ObjectModel.ReadOnlyCollection`1[System.String]","System.Collections.Generic.List`1[System.Diagnostics.Eventing.Reader.EventProperty]"
"{AB8902B4-09CA-4BB6-B78D-A8F59079A8D5} 서버가 요구된 초과 시간 안에 DCOM으로 등록하지 않았습니다.","10010","0","0","2","0","0","-9187343239835811840","28036","Microsoft-Windows-DistributedCOM","1b562e86-b7aa-4131-badc-b6f3a001407e","System","1660","20304","DT","S-1-5-21-3843888092-660805983-3388631941-1001","10/27/2025 4:59:43 AM","12969e9c-401c-0008-9253-57131c40dc01",,"c:\users\zinpi\desktop\251215_sys.evtx","System.UInt32[]","System.Diagnostics.Eventing.Reader.EventBookmark","오류","정보",,"System.Collections.ObjectModel.ReadOnlyCollection`1[System.String]","System.Collections.Generic.List`1[System.Diagnostics.Eventing.Reader.EventProperty]"
"{AB8902B4-09CA-4BB6-B78D-A8F59079A8D5} 서버가 요구된 초과 시간 안에 DCOM으로 등록하지 않았습니다.","10010","0","0","2","0","0","-9187343239835811840","28035","Microsoft-Windows-DistributedCOM","1b562e86-b7aa-4131-badc-b6f3a001407e","System","1660","20304","DT","S-1-5-21-3843888092-660805983-3388631941-1001","10/27/2025 4:59:43 AM","12969e9c-401c-0008-8f53-57131c40dc01",,"c:\users\zinpi\desktop\251215_sys.evtx","System.UInt32[]","System.Diagnostics.Eventing.Reader.EventBookmark","오류","정보",,"System.Collections.ObjectModel.ReadOnlyCollection`1[System.String]","System.Collections.Generic.List`1[System.Diagnostics.Eventing.Reader.EventProperty]"
"{AB8902B4-09CA-4BB6-B78D-A8F59079A8D5} 서버가 요구된 초과 시간 안에 DCOM으로 등록하지 않았습니다.","10010","0","0","2","0","0","-9187343239835811840","28034","Microsoft-Windows-DistributedCOM","1b562e86-b7aa-4131-badc-b6f3a001407e","System","1660","20304","DT","S-1-5-21-3843888092-660805983-3388631941-1001","10/27/2025 4:59:43 AM","12969e9c-401c-0000-5cf3-62151c40dc01",,"c:\users\zinpi\desktop\251215_sys.evtx","System.UInt32[]","System.Diagnostics.Eventing.Reader.EventBookmark","오류","정보",,"System.Collections.ObjectModel.ReadOnlyCollection`1[System.String]","System.Collections.Generic.List`1[System.Diagnostics.Eventing.Reader.EventProperty]"
"{AB8902B4-09CA-4BB6-B78D-A8F59079A8D5} 서버가 요구된 초과 시간 안에 DCOM으로 등록하지 않았습니다.","10010","0","0","2","0","0","-9187343239835811840","28033","Microsoft-Windows-DistributedCOM","1b562e86-b7aa-4131-badc-b6f3a001407e","System","1660","20304","DT","S-1-5-21-3843888092-660805983-3388631941-1001","10/27/2025 4:59:43 AM","12969e9c-401c-0002-5f61-ee141c40dc01",,"c:\users\zinpi\desktop\251215_sys.evtx","System.UInt32[]","System.Diagnostics.Eventing.Reader.EventBookmark","오류","정보",,"System.Collections.ObjectModel.ReadOnlyCollection`1[System.String]","System.Collections.Generic.List`1[System.Diagnostics.Eventing.Reader.EventProperty]"
"{AB8902B4-09CA-4BB6-B78D-A8F59079A8D5} 서버가 요구된 초과 시간 안에 DCOM으로 등록하지 않았습니다.","10010","0","0","2","0","0","-9187343239835811840","28032","Microsoft-Windows-DistributedCOM","1b562e86-b7aa-4131-badc-b6f3a001407e","System","1660","20304","DT","S-1-5-21-3843888092-660805983-3388631941-1001","10/27/2025 4:59:43 AM","12969e9c-401c-0000-40f3-62151c40dc01",,"c:\users\zinpi\desktop\251215_sys.evtx","System.UInt32[]","System.Diagnostics.Eventing.Reader.EventBookmark","오류","정보",,"System.Collections.ObjectModel.ReadOnlyCollection`1[System.String]","System.Collections.Generic.List`1[System.Diagnostics.Eventing.Reader.EventProperty]"
"{AB8902B4-09CA-4BB6-B78D-A8F59079A8D5} 서버가 요구된 초과 시간 안에 DCOM으로 등록하지 않았습니다.","10010","0","0","2","0","0","-9187343239835811840","28031","Microsoft-Windows-DistributedCOM","1b562e86-b7aa-4131-badc-b6f3a001407e","System","1660","20304","DT","S-1-5-21-3843888092-660805983-3388631941-1001","10/27/2025 4:59:43 AM","12969e9c-401c-000e-d8c3-68131c40dc01",,"c:\users\zinpi\desktop\251215_sys.evtx","System.UInt32[]","System.Diagnostics.Eventing.Reader.EventBookmark","오류","정보",,"System.Collections.ObjectModel.ReadOnlyCollection`1[System.String]","System.Collections.Generic.List`1[System.Diagnostics.Eventing.Reader.EventProperty]"
"{AB8902B4-09CA-4BB6-B78D-A8F59079A8D5} 서버가 요구된 초과 시간 안에 DCOM으로 등록하지 않았습니다.","10010","0","0","2","0","0","-9187343239835811840","28030","Microsoft-Windows-DistributedCOM","1b562e86-b7aa-4131-badc-b6f3a001407e","System","1660","20304","DT","S-1-5-21-3843888092-660805983-3388631941-1001","10/27/2025 4:59:43 AM","12969e9c-401c-0002-5461-ee141c40dc01",,"c:\users\zinpi\desktop\251215_sys.evtx","System.UInt32[]","System.Diagnostics.Eventing.Reader.EventBookmark","오류","정보",,"System.Collections.ObjectModel.ReadOnlyCollection`1[System.String]","System.Collections.Generic.List`1[System.Diagnostics.Eventing.Reader.EventProperty]"
"{AB8902B4-09CA-4BB6-B78D-A8F59079A8D5} 서버가 요구된 초과 시간 안에 DCOM으로 등록하지 않았습니다.","10010","0","0","2","0","0","-9187343239835811840","28029","Microsoft-Windows-DistributedCOM","1b562e86-b7aa-4131-badc-b6f3a001407e","System","1660","20304","DT","S-1-5-21-3843888092-660805983-3388631941-1001","10/27/2025 4:59:43 AM","12969e9c-401c-000e-cac3-68131c40dc01",,"c:\users\zinpi\desktop\251215_sys.evtx","System.UInt32[]","System.Diagnostics.Eventing.Reader.EventBookmark","오류","정보",,"System.Collections.ObjectModel.ReadOnlyCollection`1[System.String]","System.Collections.Generic.List`1[System.Diagnostics.Eventing.Reader.EventProperty]"
"{AB8902B4-09CA-4BB6-B78D-A8F59079A8D5} 서버가 요구된 초과 시간 안에 DCOM으로 등록하지 않았습니다.","10010","0","0","2","0","0","-9187343239835811840","28028","Microsoft-Windows-DistributedCOM","1b562e86-b7aa-4131-badc-b6f3a001407e","System","1660","20304","DT","S-1-5-21-3843888092-660805983-3388631941-1001","10/27/2025 4:59:43 AM","12969e9c-401c-000e-bcc3-68131c40dc01",,"c:\users\zinpi\desktop\251215_sys.evtx","System.UInt32[]","System.Diagnostics.Eventing.Reader.EventBookmark","오류","정보",,"System.Collections.ObjectModel.ReadOnlyCollection`1[System.String]","System.Collections.Generic.List`1[System.Diagnostics.Eventing.Reader.EventProperty]"
"{AB8902B4-09CA-4BB6-B78D-A8F59079A8D5} 서버가 요구된 초과 시간 안에 DCOM으로 등록하지 않았습니다.","10010","0","0","2","0","0","-9187343239835811840","28027","Microsoft-Windows-DistributedCOM","1b562e86-b7aa-4131-badc-b6f3a001407e","System","1660","20304","DT","S-1-5-21-3843888092-660805983-3388631941-1001","10/27/2025 4:59:43 AM","12969e9c-401c-000e-b6c3-68131c40dc01",,"c:\users\zinpi\desktop\251215_sys.evtx","System.UInt32[]","System.Diagnostics.Eventing.Reader.EventBookmark","오류","정보",,"System.Collections.ObjectModel.ReadOnlyCollection`1[System.String]","System.Collections.Generic.List`1[System.Diagnostics.Eventing.Reader.EventProperty]"
"{AB8902B4-09CA-4BB6-B78D-A8F59079A8D5} 서버가 요구된 초과 시간 안에 DCOM으로 등록하지 않았습니다.","10010","0","0","2","0","0","-9187343239835811840","28026","Microsoft-Windows-DistributedCOM","1b562e86-b7aa-4131-badc-b6f3a001407e","System","1660","20304","DT","S-1-5-21-3843888092-660805983-3388631941-1001","10/27/2025 4:59:43 AM","12969e9c-401c-0002-3b61-ee141c40dc01",,"c:\users\zinpi\desktop\251215_sys.evtx","System.UInt32[]","System.Diagnostics.Eventing.Reader.EventBookmark","오류","정보",,"System.Collections.ObjectModel.ReadOnlyCollection`1[System.String]","System.Collections.Generic.List`1[System.Diagnostics.Eventing.Reader.EventProperty]"
"PICO Streaming Service 서비스가 예기치 않게 2번 종료되었습니다. 1000밀리초 안에 다음 수정 작업을 합니다. 서비스 다시 시작.","7031","0","49152","2","0","0","-9187343239835811840","28025","Service Control Manager","555908d1-a6d7-4695-8e1e-26931d2012f4","System","1316","21076","DT",,"10/27/2025 4:59:43 AM",,,"c:\users\zinpi\desktop\251215_sys.evtx","System.UInt32[]","System.Diagnostics.Eventing.Reader.EventBookmark","오류",,,"System.Collections.ObjectModel.ReadOnlyCollection`1[System.String]","System.Collections.Generic.List`1[System.Diagnostics.Eventing.Reader.EventProperty]"
"프로세스 C:\Program Files\LGHUB\lghub_agent.exe 5000 밀리초 후 시스템 종료를 지연하고 있습니다.","100","0",,"3","0","0","-9223372036854775808","28024","winsrvext","2b9537f0-4a90-557b-1313-d0ce2827a94a","System","19672","2096","DT","S-1-5-18","10/27/2025 4:59:42 AM",,,"c:\users\zinpi\desktop\251215_sys.evtx","System.UInt32[]","System.Diagnostics.Eventing.Reader.EventBookmark","경고","정보",,"System.Collections.ObjectModel.ReadOnlyCollection`1[System.String]","System.Collections.Generic.List`1[System.Diagnostics.Eventing.Reader.EventProperty]"
"PICO Streaming Service 서비스가 예기치 않게 1번 종료되었습니다. 1000밀리초 안에 다음 수정 작업을 합니다. 서비스 다시 시작.","7031","0","49152","2","0","0","-9187343239835811840","28023","Service Control Manager","555908d1-a6d7-4695-8e1e-26931d2012f4","System","1316","16668","DT",,"10/27/2025 4:59:38 AM",,,"c:\users\zinpi\desktop\251215_sys.evtx","System.UInt32[]","System.Diagnostics.Eventing.Reader.EventBookmark","오류",,,"System.Collections.ObjectModel.ReadOnlyCollection`1[System.String]","System.Collections.Generic.List`1[System.Diagnostics.Eventing.Reader.EventProperty]"
"Microsoft.Windows.ContentDeliveryManager_10.0.26100.1_neutral_neutral_cw5n1h2txyewy!App.AppXdca9rykvbm0qn1fw9m2dbx828p2w3h8p.mca 서버가 요구된 초과 시간 안에 DCOM으로 등록하지 않았습니다.","10010","0","0","2","0","0","-9187343239835811840","28022","Microsoft-Windows-DistributedCOM","1b562e86-b7aa-4131-badc-b6f3a001407e","System","1660","13652","DT","S-1-5-21-3843888092-660805983-3388631941-1001","10/27/2025 4:59:38 AM","12969e9c-401c-000e-b2c0-68131c40dc01",,"c:\users\zinpi\desktop\251215_sys.evtx","System.UInt32[]","System.Diagnostics.Eventing.Reader.EventBookmark","오류","정보",,"System.Collections.ObjectModel.ReadOnlyCollection`1[System.String]","System.Collections.Generic.List`1[System.Diagnostics.Eventing.Reader.EventProperty]"
"구성된 DNS 서버 중 응답한 서버가 없으면 이름 t-ring-fdv2.msedge.net 이름 확인 시간이 초과되었습니다. 클라이언트 PID 25192.","1014","1",,"3","1014","0","4611686018695823360","28006","Microsoft-Windows-DNS-Client","1c95126e-7eea-49a9-a3fe-a378b03ddb4d","System","2640","7648","DT","S-1-5-20","10/27/2025 2:44:52 AM",,,"c:\users\zinpi\desktop\251215_sys.evtx","System.UInt32[]","System.Diagnostics.Eventing.Reader.EventBookmark","경고","정보",,"System.Collections.ObjectModel.ReadOnlyCollection`1[System.String]","System.Collections.Generic.List`1[System.Diagnostics.Eventing.Reader.EventProperty]"
"응용 프로그램별 권한 설정에서 CLSID가 
{2593F8B9-4EAF-457C-B68A-50F6B8EA6B54}
이고 APPID가 
{15C20B67-12E7-4BB6-92BB-7AFF07997402}
인 COM 서버 응용 프로그램에 대한 로컬 활성화 사용 권한을 응용 프로그램 컨테이너 MicrosoftWindows.Client.WebExperience_525.24401.50.0_x64__cw5n1h2txyewy SID(사용할 수 없음)에서 실행 중인 주소 LocalHost(LRPC 사용)의 사용자 DT\zinpi SID(S-1-5-21-3843888092-660805983-3388631941-1001)에게 부여하지 않았습니다. 구성 요소 서비스 관리 도구를 사용하여 이 보안 권한을 수정할 수 있습니다.","10016","0","0","3","0","0","-9187343239835811840","28005","Microsoft-Windows-DistributedCOM","1b562e86-b7aa-4131-badc-b6f3a001407e","System","1660","24248","DT","S-1-5-21-3843888092-660805983-3388631941-1001","10/27/2025 2:44:49 AM","12969e9c-401c-0008-c9f0-53131c40dc01",,"c:\users\zinpi\desktop\251215_sys.evtx","System.UInt32[]","System.Diagnostics.Eventing.Reader.EventBookmark","경고","정보",,"System.Collections.ObjectModel.ReadOnlyCollection`1[System.String]","System.Collections.Generic.List`1[System.Diagnostics.Eventing.Reader.EventProperty]"
"응용 프로그램별 권한 설정에서 CLSID가 
{2593F8B9-4EAF-457C-B68A-50F6B8EA6B54}
이고 APPID가 
{15C20B67-12E7-4BB6-92BB-7AFF07997402}
인 COM 서버 응용 프로그램에 대한 로컬 활성화 사용 권한을 응용 프로그램 컨테이너 사용할 수 없음 SID(사용할 수 없음)에서 실행 중인 주소 LocalHost(LRPC 사용)의 사용자 DT\zinpi SID(S-1-5-21-3843888092-660805983-3388631941-1001)에게 부여하지 않았습니다. 구성 요소 서비스 관리 도구를 사용하여 이 보안 권한을 수정할 수 있습니다.","10016","0","0","3","0","0","-9187343239835811840","28003","Microsoft-Windows-DistributedCOM","1b562e86-b7aa-4131-badc-b6f3a001407e","System","1660","13028","DT","S-1-5-21-3843888092-660805983-3388631941-1001","10/27/2025 2:44:03 AM","12969e9c-401c-000e-c140-65131c40dc01",,"c:\users\zinpi\desktop\251215_sys.evtx","System.UInt32[]","System.Diagnostics.Eventing.Reader.EventBookmark","경고","정보",,"System.Collections.ObjectModel.ReadOnlyCollection`1[System.String]","System.Collections.Generic.List`1[System.Diagnostics.Eventing.Reader.EventProperty]"
"응용 프로그램별 권한 설정에서 CLSID가 
{6B3B8D23-FA8D-40B9-8DBD-B950333E2C52}
이고 APPID가 
{4839DDB7-58C2-48F5-8283-E1D1807D0D7D}
인 COM 서버 응용 프로그램에 대한 로컬 활성화 사용 권한을 응용 프로그램 컨테이너 사용할 수 없음 SID(사용할 수 없음)에서 실행 중인 주소 LocalHost(LRPC 사용)의 사용자 NT AUTHORITY\LOCAL SERVICE SID(S-1-5-19)에게 부여하지 않았습니다. 구성 요소 서비스 관리 도구를 사용하여 이 보안 권한을 수정할 수 있습니다.","10016","0","0","3","0","0","-9187343239835811840","28002","Microsoft-Windows-DistributedCOM","1b562e86-b7aa-4131-badc-b6f3a001407e","System","1660","7664","DT","S-1-5-19","10/27/2025 2:43:42 AM",,,"c:\users\zinpi\desktop\251215_sys.evtx","System.UInt32[]","System.Diagnostics.Eventing.Reader.EventBookmark","경고","정보",,"System.Collections.ObjectModel.ReadOnlyCollection`1[System.String]","System.Collections.Generic.List`1[System.Diagnostics.Eventing.Reader.EventProperty]"
"응용 프로그램별 권한 설정에서 CLSID가 
{6B3B8D23-FA8D-40B9-8DBD-B950333E2C52}
이고 APPID가 
{4839DDB7-58C2-48F5-8283-E1D1807D0D7D}
인 COM 서버 응용 프로그램에 대한 로컬 활성화 사용 권한을 응용 프로그램 컨테이너 사용할 수 없음 SID(사용할 수 없음)에서 실행 중인 주소 LocalHost(LRPC 사용)의 사용자 NT AUTHORITY\LOCAL SERVICE SID(S-1-5-19)에게 부여하지 않았습니다. 구성 요소 서비스 관리 도구를 사용하여 이 보안 권한을 수정할 수 있습니다.","10016","0","0","3","0","0","-9187343239835811840","28001","Microsoft-Windows-DistributedCOM","1b562e86-b7aa-4131-badc-b6f3a001407e","System","1660","20340","DT","S-1-5-19","10/27/2025 2:43:42 AM",,,"c:\users\zinpi\desktop\251215_sys.evtx","System.UInt32[]","System.Diagnostics.Eventing.Reader.EventBookmark","경고","정보",,"System.Collections.ObjectModel.ReadOnlyCollection`1[System.String]","System.Collections.Generic.List`1[System.Diagnostics.Eventing.Reader.EventProperty]"
"Intel(R) Ethernet Controller (3) I225-V
 네트워크 링크가 분리되었습니다.
","27","0","40964","3","0","0","36028797018963968","27988","e2fexpress",,"System","4","20384","DT",,"10/27/2025 2:43:39 AM",,,"c:\users\zinpi\desktop\251215_sys.evtx","System.UInt32[]","System.Diagnostics.Eventing.Reader.EventBookmark","경고",,"없음","System.Collections.ObjectModel.ReadOnlyCollection`1[System.String]","System.Collections.Generic.List`1[System.Diagnostics.Eventing.Reader.EventProperty]"
"PICO Streaming Service 서비스가 예기치 않게 2번 종료되었습니다. 1000밀리초 안에 다음 수정 작업을 합니다. 서비스 다시 시작.","7031","0","49152","2","0","0","-9187343239835811840","27985","Service Control Manager","555908d1-a6d7-4695-8e1e-26931d2012f4","System","1316","6684","DT",,"10/27/2025 2:23:19 AM",,,"c:\users\zinpi\desktop\251215_sys.evtx","System.UInt32[]","System.Diagnostics.Eventing.Reader.EventBookmark","오류",,,"System.Collections.ObjectModel.ReadOnlyCollection`1[System.String]","System.Collections.Generic.List`1[System.Diagnostics.Eventing.Reader.EventProperty]"
"ACPI Time 및 Alarm Device 메서드를 평가하지 못했기 때문에 하드웨어 실시간 시계가 설정되지 않았습니다.  상태: 0xC0000001.","21","0",,"2","0","0","-9223372036854775808","27981","Microsoft-Windows-HAL","63d1e632-95cc-4443-9312-af927761d52a","System","10844","10824","DT","S-1-5-19","10/27/2025 2:23:16 AM",,,"c:\users\zinpi\desktop\251215_sys.evtx","System.UInt32[]","System.Diagnostics.Eventing.Reader.EventBookmark","오류","정보",,"System.Collections.ObjectModel.ReadOnlyCollection`1[System.String]","System.Collections.Generic.List`1[System.Diagnostics.Eventing.Reader.EventProperty]"
"{AB8902B4-09CA-4BB6-B78D-A8F59079A8D5} 서버가 요구된 초과 시간 안에 DCOM으로 등록하지 않았습니다.","10010","0","0","2","0","0","-9187343239835811840","27976","Microsoft-Windows-DistributedCOM","1b562e86-b7aa-4131-badc-b6f3a001407e","System","1660","19016","DT","S-1-5-21-3843888092-660805983-3388631941-1001","10/27/2025 2:23:14 AM","12969e9c-401c-0003-2207-78131c40dc01",,"c:\users\zinpi\desktop\251215_sys.evtx","System.UInt32[]","System.Diagnostics.Eventing.Reader.EventBookmark","오류","정보",,"System.Collections.ObjectModel.ReadOnlyCollection`1[System.String]","System.Collections.Generic.List`1[System.Diagnostics.Eventing.Reader.EventProperty]"
"{AB8902B4-09CA-4BB6-B78D-A8F59079A8D5} 서버가 요구된 초과 시간 안에 DCOM으로 등록하지 않았습니다.","10010","0","0","2","0","0","-9187343239835811840","27975","Microsoft-Windows-DistributedCOM","1b562e86-b7aa-4131-badc-b6f3a001407e","System","1660","19016","DT","S-1-5-21-3843888092-660805983-3388631941-1001","10/27/2025 2:23:14 AM","12969e9c-401c-0003-1607-78131c40dc01",,"c:\users\zinpi\desktop\251215_sys.evtx","System.UInt32[]","System.Diagnostics.Eventing.Reader.EventBookmark","오류","정보",,"System.Collections.ObjectModel.ReadOnlyCollection`1[System.String]","System.Collections.Generic.List`1[System.Diagnostics.Eventing.Reader.EventProperty]"
"{AB8902B4-09CA-4BB6-B78D-A8F59079A8D5} 서버가 요구된 초과 시간 안에 DCOM으로 등록하지 않았습니다.","10010","0","0","2","0","0","-9187343239835811840","27974","Microsoft-Windows-DistributedCOM","1b562e86-b7aa-4131-badc-b6f3a001407e","System","1660","19016","DT","S-1-5-21-3843888092-660805983-3388631941-1001","10/27/2025 2:23:14 AM","12969e9c-401c-0003-0a07-78131c40dc01",,"c:\users\zinpi\desktop\251215_sys.evtx","System.UInt32[]","System.Diagnostics.Eventing.Reader.EventBookmark","오류","정보",,"System.Collections.ObjectModel.ReadOnlyCollection`1[System.String]","System.Collections.Generic.List`1[System.Diagnostics.Eventing.Reader.EventProperty]"
"{AB8902B4-09CA-4BB6-B78D-A8F59079A8D5} 서버가 요구된 초과 시간 안에 DCOM으로 등록하지 않았습니다.","10010","0","0","2","0","0","-9187343239835811840","27973","Microsoft-Windows-DistributedCOM","1b562e86-b7aa-4131-badc-b6f3a001407e","System","1660","20340","DT","S-1-5-21-3843888092-660805983-3388631941-1001","10/27/2025 2:23:14 AM","12969e9c-401c-0003-ff06-78131c40dc01",,"c:\users\zinpi\desktop\251215_sys.evtx","System.UInt32[]","System.Diagnostics.Eventing.Reader.EventBookmark","오류","정보",,"System.Collections.ObjectModel.ReadOnlyCollection`1[System.String]","System.Collections.Generic.List`1[System.Diagnostics.Eventing.Reader.EventProperty]"
