"응용 프로그램별 권한 설정에서 CLSID가 
{6B3B8D23-FA8D-40B9-8DBD-B950333E2C52}
이고 APPID가 
{4839DDB7-58C2-48F5-8283-E1D1807D0D7D}
인 COM 서버 응용 프로그램에 대한 로컬 활성화 사용 권한을 응용 프로그램 컨테이너 사용할 수 없음 SID(사용할 수 없음)에서 실행 중인 주소 LocalHost(LRPC 사용)의 사용자 NT AUTHORITY\LOCAL SERVICE SID(S-1-5-19)에게 부여하지 않았습니다. 구성 요소 서비스 관리 도구를 사용하여 이 보안 권한을 수정할 수 있습니다.","10016","0","0","3","0","0","-9187343239835811840","20699","Microsoft-Windows-DistributedCOM","1b562e86-b7aa-4131-badc-b6f3a001407e","System","1684","7424","DT","S-1-5-19","8/30/2025 10:48:23 PM",,,"c:\users\zinpi\desktop\251215_sys.evtx","System.UInt32[]","System.Diagnostics.Eventing.Reader.EventBookmark","경고","정보",,"System.Collections.ObjectModel.ReadOnlyCollection`1[System.String]","System.Collections.Generic.List`1[System.Diagnostics.Eventing.Reader.EventProperty]"
"응용 프로그램별 권한 설정에서 CLSID가 
{6B3B8D23-FA8D-40B9-8DBD-B950333E2C52}
이고 APPID가 
{4839DDB7-58C2-48F5-8283-E1D1807D0D7D}
인 COM 서버 응용 프로그램에 대한 로컬 활성화 사용 권한을 응용 프로그램 컨테이너 사용할 수 없음 SID(사용할 수 없음)에서 실행 중인 주소 LocalHost(LRPC 사용)의 사용자 NT AUTHORITY\LOCAL SERVICE SID(S-1-5-19)에게 부여하지 않았습니다. 구성 요소 서비스 관리 도구를 사용하여 이 보안 권한을 수정할 수 있습니다.","10016","0","0","3","0","0","-9187343239835811840","20698","Microsoft-Windows-DistributedCOM","1b562e86-b7aa-4131-badc-b6f3a001407e","System","1684","7424","DT","S-1-5-19","8/30/2025 10:48:23 PM",,,"c:\users\zinpi\desktop\251215_sys.evtx","System.UInt32[]","System.Diagnostics.Eventing.Reader.EventBookmark","경고","정보",,"System.Collections.ObjectModel.ReadOnlyCollection`1[System.String]","System.Collections.Generic.List`1[System.Diagnostics.Eventing.Reader.EventProperty]"
"NtpClient는 'time.windows.com,0x9'의 DNS 확인 오류로 인해 시간 원본으로 사용할 수동 피어를 설정하지 못했습니다. NtpClient는 15분 내에 다시 시도하고 그 후로는 재시도 간격을 두 배로 합니다. 오류: 알려진 호스트가 없습니다. (0x80072AF9)","134","0",,"3","0","0","-9223372036854775808","20690","Microsoft-Windows-Time-Service","06edcfeb-0fd0-4e53-acca-a6f8bbf81bcb","System","18372","1972","DT","S-1-5-19","8/30/2025 10:48:21 PM",,,"c:\users\zinpi\desktop\251215_sys.evtx","System.UInt32[]","System.Diagnostics.Eventing.Reader.EventBookmark","경고","정보",,"System.Collections.ObjectModel.ReadOnlyCollection`1[System.String]","System.Collections.Generic.List`1[System.Diagnostics.Eventing.Reader.EventProperty]"
"Intel(R) Ethernet Controller (3) I225-V
 네트워크 링크가 분리되었습니다.
","27","0","40964","3","0","0","36028797018963968","20679","e2fexpress",,"System","4","17792","DT",,"8/30/2025 10:48:20 PM",,,"c:\users\zinpi\desktop\251215_sys.evtx","System.UInt32[]","System.Diagnostics.Eventing.Reader.EventBookmark","경고",,"없음","System.Collections.ObjectModel.ReadOnlyCollection`1[System.String]","System.Collections.Generic.List`1[System.Diagnostics.Eventing.Reader.EventProperty]"
"PICO Streaming Service 서비스가 예기치 않게 1번 종료되었습니다. 1000밀리초 안에 다음 수정 작업을 합니다. 서비스 다시 시작.","7031","0","49152","2","0","0","-9187343239835811840","20675","Service Control Manager","555908d1-a6d7-4695-8e1e-26931d2012f4","System","1320","8248","DT",,"8/24/2025 11:33:50 PM",,,"c:\users\zinpi\desktop\251215_sys.evtx","System.UInt32[]","System.Diagnostics.Eventing.Reader.EventBookmark","오류",,,"System.Collections.ObjectModel.ReadOnlyCollection`1[System.String]","System.Collections.Generic.List`1[System.Diagnostics.Eventing.Reader.EventProperty]"
"\Device\Harddisk2\DR3 장치에 잘못된 블록이 있습니다.","7","0","49156","2","0","0","36028797018963968","20660","disk",,"System","4","12016","DT",,"8/24/2025 10:17:39 PM",,,"c:\users\zinpi\desktop\251215_sys.evtx","System.UInt32[]","System.Diagnostics.Eventing.Reader.EventBookmark","오류",,"없음","System.Collections.ObjectModel.ReadOnlyCollection`1[System.String]","System.Collections.Generic.List`1[System.Diagnostics.Eventing.Reader.EventProperty]"
"WSearch 서비스에서 트랜잭션 응답을 기다리는 동안 제한 시간에 도달했습니다(30000밀리초).","7011","0","49152","2","0","0","-9187343239835811840","20659","Service Control Manager","555908d1-a6d7-4695-8e1e-26931d2012f4","System","1320","13804","DT",,"8/24/2025 10:17:33 PM",,,"c:\users\zinpi\desktop\251215_sys.evtx","System.UInt32[]","System.Diagnostics.Eventing.Reader.EventBookmark","오류",,,"System.Collections.ObjectModel.ReadOnlyCollection`1[System.String]","System.Collections.Generic.List`1[System.Diagnostics.Eventing.Reader.EventProperty]"
"\Device\Harddisk2\DR3 장치에 잘못된 블록이 있습니다.","7","0","49156","2","0","0","36028797018963968","20658","disk",,"System","4","536","DT",,"8/24/2025 10:17:26 PM",,,"c:\users\zinpi\desktop\251215_sys.evtx","System.UInt32[]","System.Diagnostics.Eventing.Reader.EventBookmark","오류",,"없음","System.Collections.ObjectModel.ReadOnlyCollection`1[System.String]","System.Collections.Generic.List`1[System.Diagnostics.Eventing.Reader.EventProperty]"
"\Device\Harddisk2\DR3 장치에 잘못된 블록이 있습니다.","7","0","49156","2","0","0","36028797018963968","20657","disk",,"System","4","476","DT",,"8/24/2025 10:17:17 PM",,,"c:\users\zinpi\desktop\251215_sys.evtx","System.UInt32[]","System.Diagnostics.Eventing.Reader.EventBookmark","오류",,"없음","System.Collections.ObjectModel.ReadOnlyCollection`1[System.String]","System.Collections.Generic.List`1[System.Diagnostics.Eventing.Reader.EventProperty]"
"페이징 작업 동안 \Device\Harddisk2\DR3 장치에 오류가 감지되었습니다.","51","0","32772","3","0","0","36028797018963968","20656","disk",,"System","4","500","DT",,"8/24/2025 10:17:07 PM",,,"c:\users\zinpi\desktop\251215_sys.evtx","System.UInt32[]","System.Diagnostics.Eventing.Reader.EventBookmark","경고",,"없음","System.Collections.ObjectModel.ReadOnlyCollection`1[System.String]","System.Collections.Generic.List`1[System.Diagnostics.Eventing.Reader.EventProperty]"
"페이징 작업 동안 \Device\Harddisk2\DR3 장치에 오류가 감지되었습니다.","51","0","32772","3","0","0","36028797018963968","20655","disk",,"System","4","500","DT",,"8/24/2025 10:17:07 PM",,,"c:\users\zinpi\desktop\251215_sys.evtx","System.UInt32[]","System.Diagnostics.Eventing.Reader.EventBookmark","경고",,"없음","System.Collections.ObjectModel.ReadOnlyCollection`1[System.String]","System.Collections.Generic.List`1[System.Diagnostics.Eventing.Reader.EventProperty]"
"페이징 작업 동안 \Device\Harddisk2\DR3 장치에 오류가 감지되었습니다.","51","0","32772","3","0","0","36028797018963968","20654","disk",,"System","4","500","DT",,"8/24/2025 10:17:07 PM",,,"c:\users\zinpi\desktop\251215_sys.evtx","System.UInt32[]","System.Diagnostics.Eventing.Reader.EventBookmark","경고",,"없음","System.Collections.ObjectModel.ReadOnlyCollection`1[System.String]","System.Collections.Generic.List`1[System.Diagnostics.Eventing.Reader.EventProperty]"
"페이징 작업 동안 \Device\Harddisk2\DR3 장치에 오류가 감지되었습니다.","51","0","32772","3","0","0","36028797018963968","20653","disk",,"System","4","500","DT",,"8/24/2025 10:17:07 PM",,,"c:\users\zinpi\desktop\251215_sys.evtx","System.UInt32[]","System.Diagnostics.Eventing.Reader.EventBookmark","경고",,"없음","System.Collections.ObjectModel.ReadOnlyCollection`1[System.String]","System.Collections.Generic.List`1[System.Diagnostics.Eventing.Reader.EventProperty]"
"\Device\Harddisk2\DR3 장치에 잘못된 블록이 있습니다.","7","0","49156","2","0","0","36028797018963968","20652","disk",,"System","4","500","DT",,"8/24/2025 10:17:07 PM",,,"c:\users\zinpi\desktop\251215_sys.evtx","System.UInt32[]","System.Diagnostics.Eventing.Reader.EventBookmark","오류",,"없음","System.Collections.ObjectModel.ReadOnlyCollection`1[System.String]","System.Collections.Generic.List`1[System.Diagnostics.Eventing.Reader.EventProperty]"
"시스템에서 데이터를 트랜잭션 로그로 플러시하지 못했습니다. 볼륨 ID: E:, 장치 이름: \Device\HarddiskVolume7.

           실패 상태: {디스크 없음}
드라이브에 디스크가 없습니다.
%hs 드라이브에 디스크를 넣으십시오.

           장치 GUID: {65685c3e-a48e-a22d-980c-894989fd38e3}
           장치 제조업체: Generic 
           장치 모델: STORAGE DEVICE  
           장치 수정 버전: 1404
           장치 일련 번호: [
           버스 유형: USB

           어댑터 일련 번호: 
","140","1",,"3","0","0","-9223372036854775800","20649","Microsoft-Windows-Ntfs","3ff37a1c-a68d-4d6e-8c9b-f79e8b16c482","System","4","288","DT","S-1-5-18","8/24/2025 10:05:00 PM",,,"c:\users\zinpi\desktop\251215_sys.evtx","System.UInt32[]","System.Diagnostics.Eventing.Reader.EventBookmark","경고","정보",,"System.Collections.ObjectModel.ReadOnlyCollection`1[System.String]","System.Collections.Generic.List`1[System.Diagnostics.Eventing.Reader.EventProperty]"
"응용 프로그램별 권한 설정에서 CLSID가 
{2593F8B9-4EAF-457C-B68A-50F6B8EA6B54}
이고 APPID가 
{15C20B67-12E7-4BB6-92BB-7AFF07997402}
인 COM 서버 응용 프로그램에 대한 로컬 활성화 사용 권한을 응용 프로그램 컨테이너 사용할 수 없음 SID(사용할 수 없음)에서 실행 중인 주소 LocalHost(LRPC 사용)의 사용자 DT\zinpi SID(S-1-5-21-3843888092-660805983-3388631941-1001)에게 부여하지 않았습니다. 구성 요소 서비스 관리 도구를 사용하여 이 보안 권한을 수정할 수 있습니다.","10016","0","0","3","0","0","-9187343239835811840","20569","Microsoft-Windows-DistributedCOM","1b562e86-b7aa-4131-badc-b6f3a001407e","System","1684","7900","DT","S-1-5-21-3843888092-660805983-3388631941-1001","8/24/2025 9:28:51 PM","808c3078-14f1-0002-8ac3-8d80f114dc01",,"c:\users\zinpi\desktop\251215_sys.evtx","System.UInt32[]","System.Diagnostics.Eventing.Reader.EventBookmark","경고","정보",,"System.Collections.ObjectModel.ReadOnlyCollection`1[System.String]","System.Collections.Generic.List`1[System.Diagnostics.Eventing.Reader.EventProperty]"
"응용 프로그램별 권한 설정에서 CLSID가 
Windows.SecurityCenter.WscDataProtection
이고 APPID가 
사용할 수 없음
인 COM 서버 응용 프로그램에 대한 로컬 시작 사용 권한을 응용 프로그램 컨테이너 사용할 수 없음 SID(사용할 수 없음)에서 실행 중인 주소 LocalHost(LRPC 사용)의 사용자 NT AUTHORITY\SYSTEM SID(S-1-5-18)에게 부여하지 않았습니다. 구성 요소 서비스 관리 도구를 사용하여 이 보안 권한을 수정할 수 있습니다.","10016","0","0","3","0","0","-9187343239835811840","20557","Microsoft-Windows-DistributedCOM","1b562e86-b7aa-4131-badc-b6f3a001407e","System","1684","2248","DT","S-1-5-18","8/24/2025 9:22:52 PM",,,"c:\users\zinpi\desktop\251215_sys.evtx","System.UInt32[]","System.Diagnostics.Eventing.Reader.EventBookmark","경고","정보",,"System.Collections.ObjectModel.ReadOnlyCollection`1[System.String]","System.Collections.Generic.List`1[System.Diagnostics.Eventing.Reader.EventProperty]"
"응용 프로그램별 권한 설정에서 CLSID가 
Windows.SecurityCenter.WscBrokerManager
이고 APPID가 
사용할 수 없음
인 COM 서버 응용 프로그램에 대한 로컬 시작 사용 권한을 응용 프로그램 컨테이너 사용할 수 없음 SID(사용할 수 없음)에서 실행 중인 주소 LocalHost(LRPC 사용)의 사용자 NT AUTHORITY\SYSTEM SID(S-1-5-18)에게 부여하지 않았습니다. 구성 요소 서비스 관리 도구를 사용하여 이 보안 권한을 수정할 수 있습니다.","10016","0","0","3","0","0","-9187343239835811840","20556","Microsoft-Windows-DistributedCOM","1b562e86-b7aa-4131-badc-b6f3a001407e","System","1684","2852","DT","S-1-5-18","8/24/2025 9:22:52 PM",,,"c:\users\zinpi\desktop\251215_sys.evtx","System.UInt32[]","System.Diagnostics.Eventing.Reader.EventBookmark","경고","정보",,"System.Collections.ObjectModel.ReadOnlyCollection`1[System.String]","System.Collections.Generic.List`1[System.Diagnostics.Eventing.Reader.EventProperty]"
"응용 프로그램별 권한 설정에서 CLSID가 
Windows.SecurityCenter.SecurityAppBroker
이고 APPID가 
사용할 수 없음
인 COM 서버 응용 프로그램에 대한 로컬 시작 사용 권한을 응용 프로그램 컨테이너 사용할 수 없음 SID(사용할 수 없음)에서 실행 중인 주소 LocalHost(LRPC 사용)의 사용자 NT AUTHORITY\SYSTEM SID(S-1-5-18)에게 부여하지 않았습니다. 구성 요소 서비스 관리 도구를 사용하여 이 보안 권한을 수정할 수 있습니다.","10016","0","0","3","0","0","-9187343239835811840","20555","Microsoft-Windows-DistributedCOM","1b562e86-b7aa-4131-badc-b6f3a001407e","System","1684","1940","DT","S-1-5-18","8/24/2025 9:22:52 PM",,,"c:\users\zinpi\desktop\251215_sys.evtx","System.UInt32[]","System.Diagnostics.Eventing.Reader.EventBookmark","경고","정보",,"System.Collections.ObjectModel.ReadOnlyCollection`1[System.String]","System.Collections.Generic.List`1[System.Diagnostics.Eventing.Reader.EventProperty]"
"다음 오류로 인해 Google 업데이트 서비스 (gupdate) 서비스를 시작하지 못했습니다. 
서비스가 시작이나 제어 요청에 빠르게 응답하지 않았습니다.","7000","0","49152","2","0","0","-9187343239835811840","20553","Service Control Manager","555908d1-a6d7-4695-8e1e-26931d2012f4","System","1320","9128","DT",,"8/24/2025 9:22:51 PM",,,"c:\users\zinpi\desktop\251215_sys.evtx","System.UInt32[]","System.Diagnostics.Eventing.Reader.EventBookmark","오류",,,"System.Collections.ObjectModel.ReadOnlyCollection`1[System.String]","System.Collections.Generic.List`1[System.Diagnostics.Eventing.Reader.EventProperty]"
"Google 업데이트 서비스 (gupdate) 서비스 연결을 기다리는 동안 제한 시간에 도달했습니다(30000밀리초).","7009","0","49152","2","0","0","-9187343239835811840","20552","Service Control Manager","555908d1-a6d7-4695-8e1e-26931d2012f4","System","1320","9128","DT",,"8/24/2025 9:22:51 PM",,,"c:\users\zinpi\desktop\251215_sys.evtx","System.UInt32[]","System.Diagnostics.Eventing.Reader.EventBookmark","오류",,,"System.Collections.ObjectModel.ReadOnlyCollection`1[System.String]","System.Collections.Generic.List`1[System.Diagnostics.Eventing.Reader.EventProperty]"
"응용 프로그램별 권한 설정에서 CLSID가 
{6B3B8D23-FA8D-40B9-8DBD-B950333E2C52}
이고 APPID가 
{4839DDB7-58C2-48F5-8283-E1D1807D0D7D}
인 COM 서버 응용 프로그램에 대한 로컬 활성화 사용 권한을 응용 프로그램 컨테이너 사용할 수 없음 SID(사용할 수 없음)에서 실행 중인 주소 LocalHost(LRPC 사용)의 사용자 NT AUTHORITY\LOCAL SERVICE SID(S-1-5-19)에게 부여하지 않았습니다. 구성 요소 서비스 관리 도구를 사용하여 이 보안 권한을 수정할 수 있습니다.","10016","0","0","3","0","0","-9187343239835811840","20535","Microsoft-Windows-DistributedCOM","1b562e86-b7aa-4131-badc-b6f3a001407e","System","1684","1724","DT","S-1-5-19","8/24/2025 9:20:50 PM",,,"c:\users\zinpi\desktop\251215_sys.evtx","System.UInt32[]","System.Diagnostics.Eventing.Reader.EventBookmark","경고","정보",,"System.Collections.ObjectModel.ReadOnlyCollection`1[System.String]","System.Collections.Generic.List`1[System.Diagnostics.Eventing.Reader.EventProperty]"
"응용 프로그램별 권한 설정에서 CLSID가 
{6B3B8D23-FA8D-40B9-8DBD-B950333E2C52}
이고 APPID가 
{4839DDB7-58C2-48F5-8283-E1D1807D0D7D}
인 COM 서버 응용 프로그램에 대한 로컬 활성화 사용 권한을 응용 프로그램 컨테이너 사용할 수 없음 SID(사용할 수 없음)에서 실행 중인 주소 LocalHost(LRPC 사용)의 사용자 NT AUTHORITY\LOCAL SERVICE SID(S-1-5-19)에게 부여하지 않았습니다. 구성 요소 서비스 관리 도구를 사용하여 이 보안 권한을 수정할 수 있습니다.","10016","0","0","3","0","0","-9187343239835811840","20534","Microsoft-Windows-DistributedCOM","1b562e86-b7aa-4131-badc-b6f3a001407e","System","1684","1724","DT","S-1-5-19","8/24/2025 9:20:50 PM",,,"c:\users\zinpi\desktop\251215_sys.evtx","System.UInt32[]","System.Diagnostics.Eventing.Reader.EventBookmark","경고","정보",,"System.Collections.ObjectModel.ReadOnlyCollection`1[System.String]","System.Collections.Generic.List`1[System.Diagnostics.Eventing.Reader.EventProperty]"
"다음 오류로 인해 OracleVssWriterXE 서비스를 시작하지 못했습니다. 
서비스가 올바르게 작동하는 데 필요한 권한이 서비스 계정 구성에 없습니다. 서비스 MMC(Microsoft Management Console) 스냅인(services.msc)과 로컬 보안 설정 MMC 스냅인(secpol.msc)을 사용하여 서비스 구성과 계정 구성을 볼 수 있습니다.","7000","0","49152","2","0","0","-9187343239835811840","20525","Service Control Manager","555908d1-a6d7-4695-8e1e-26931d2012f4","System","1320","4616","DT",,"8/24/2025 9:20:49 PM",,,"c:\users\zinpi\desktop\251215_sys.evtx","System.UInt32[]","System.Diagnostics.Eventing.Reader.EventBookmark","오류",,,"System.Collections.ObjectModel.ReadOnlyCollection`1[System.String]","System.Collections.Generic.List`1[System.Diagnostics.Eventing.Reader.EventProperty]"
"드라이버가 이 HID 키보드에 불량 펌웨어가 있는 것을 검색했습니다. 중복 보고서 패킷을 전송하고 있습니다.","1","0","32773","3","0","0","36028797018963968","20479","kbdhid",,"System","4","536","DT",,"8/24/2025 9:20:48 PM",,,"c:\users\zinpi\desktop\251215_sys.evtx","System.UInt32[]","System.Diagnostics.Eventing.Reader.EventBookmark","경고",,"없음","System.Collections.ObjectModel.ReadOnlyCollection`1[System.String]","System.Collections.Generic.List`1[System.Diagnostics.Eventing.Reader.EventProperty]"
"Intel(R) Ethernet Controller (3) I225-V
 네트워크 링크가 분리되었습니다.
","27","0","40964","3","0","0","36028797018963968","20468","e2fexpress",,"System","4","480","DT",,"8/24/2025 9:20:45 PM",,,"c:\users\zinpi\desktop\251215_sys.evtx","System.UInt32[]","System.Diagnostics.Eventing.Reader.EventBookmark","경고",,"없음","System.Collections.ObjectModel.ReadOnlyCollection`1[System.String]","System.Collections.Generic.List`1[System.Diagnostics.Eventing.Reader.EventProperty]"
"Intel(R) Ethernet Controller (3) I225-V
 네트워크 링크가 분리되었습니다.
","27","0","40964","3","0","0","36028797018963968","20462","e2fexpress",,"System","4","288","DT",,"8/24/2025 9:20:42 PM",,,"c:\users\zinpi\desktop\251215_sys.evtx","System.UInt32[]","System.Diagnostics.Eventing.Reader.EventBookmark","경고",,"없음","System.Collections.ObjectModel.ReadOnlyCollection`1[System.String]","System.Collections.Generic.List`1[System.Diagnostics.Eventing.Reader.EventProperty]"
"하이퍼스레딩이 활성화되어 있기 때문에 하이퍼바이저는 가상 머신에 대한 부채널 취약성에 대한 완화를 활성화하지 않았습니다. 가상 머신에 대한 완화를 활성화하려면 HyperThreading을 비활성화합니다.","167","0",,"3","0","0","-9223301668110598144","20416","Microsoft-Windows-Hyper-V-Hypervisor","52fc89f8-995e-434c-a91e-199986449890","System","4","8","DT","S-1-5-18","8/24/2025 9:20:39 PM",,,"c:\users\zinpi\desktop\251215_sys.evtx","System.UInt32[]","System.Diagnostics.Eventing.Reader.EventBookmark","경고","정보",,"System.Collections.ObjectModel.ReadOnlyCollection`1[System.String]","System.Collections.Generic.List`1[System.Diagnostics.Eventing.Reader.EventProperty]"
"WLAN 확장성 모듈을 중지했습니다.

모듈 경로: C:\WINDOWS\System32\DriverStore\FileRepository\netwtw6e.inf_amd64_7bd3932d2033b1d2\IntelIHVRouter14.dll
","10002","0",,"3","0","0","4611686018427387904","20393","Microsoft-Windows-WLAN-AutoConfig","9580d7dd-0379-4658-9870-d5be7d52d6de","System","3756","3520","DT","S-1-5-18","8/24/2025 9:20:14 PM",,,"c:\users\zinpi\desktop\251215_sys.evtx","System.UInt32[]","System.Diagnostics.Eventing.Reader.EventBookmark","경고","정보",,"System.Collections.ObjectModel.ReadOnlyCollection`1[System.String]","System.Collections.Generic.List`1[System.Diagnostics.Eventing.Reader.EventProperty]"
"다음 오류로 인해 PICO Streaming Service 서비스를 시작하지 못했습니다. 
서비스가 시작이나 제어 요청에 빠르게 응답하지 않았습니다.","7000","0","49152","2","0","0","-9187343239835811840","20389","Service Control Manager","555908d1-a6d7-4695-8e1e-26931d2012f4","System","1236","21764","DT",,"8/24/2025 9:20:14 PM",,,"c:\users\zinpi\desktop\251215_sys.evtx","System.UInt32[]","System.Diagnostics.Eventing.Reader.EventBookmark","오류",,,"System.Collections.ObjectModel.ReadOnlyCollection`1[System.String]","System.Collections.Generic.List`1[System.Diagnostics.Eventing.Reader.EventProperty]"
"ACPI Time 및 Alarm Device 메서드를 평가하지 못했기 때문에 하드웨어 실시간 시계가 설정되지 않았습니다.  상태: 0xC0000001.","21","0",,"2","0","0","-9223372036854775808","20387","Microsoft-Windows-HAL","63d1e632-95cc-4443-9312-af927761d52a","System","4996","6140","DT","S-1-5-19","8/24/2025 9:20:14 PM",,,"c:\users\zinpi\desktop\251215_sys.evtx","System.UInt32[]","System.Diagnostics.Eventing.Reader.EventBookmark","오류","정보",,"System.Collections.ObjectModel.ReadOnlyCollection`1[System.String]","System.Collections.Generic.List`1[System.Diagnostics.Eventing.Reader.EventProperty]"
"PICO Streaming Service 서비스가 예기치 않게 1번 종료되었습니다. 1000밀리초 안에 다음 수정 작업을 합니다. 서비스 다시 시작.","7031","0","49152","2","0","0","-9187343239835811840","20376","Service Control Manager","555908d1-a6d7-4695-8e1e-26931d2012f4","System","1236","6940","DT",,"8/24/2025 9:20:13 PM",,,"c:\users\zinpi\desktop\251215_sys.evtx","System.UInt32[]","System.Diagnostics.Eventing.Reader.EventBookmark","오류",,,"System.Collections.ObjectModel.ReadOnlyCollection`1[System.String]","System.Collections.Generic.List`1[System.Diagnostics.Eventing.Reader.EventProperty]"
"응용 프로그램별 권한 설정에서 CLSID가 
{2593F8B9-4EAF-457C-B68A-50F6B8EA6B54}
이고 APPID가 
{15C20B67-12E7-4BB6-92BB-7AFF07997402}
인 COM 서버 응용 프로그램에 대한 로컬 활성화 사용 권한을 응용 프로그램 컨테이너 사용할 수 없음 SID(사용할 수 없음)에서 실행 중인 주소 LocalHost(LRPC 사용)의 사용자 DT\zinpi SID(S-1-5-21-3843888092-660805983-3388631941-1001)에게 부여하지 않았습니다. 구성 요소 서비스 관리 도구를 사용하여 이 보안 권한을 수정할 수 있습니다.","10016","0","0","3","0","0","-9187343239835811840","20373","Microsoft-Windows-DistributedCOM","1b562e86-b7aa-4131-badc-b6f3a001407e","System","1608","12236","DT","S-1-5-21-3843888092-660805983-3388631941-1001","8/24/2025 9:19:12 PM","1d83cf4b-0d22-0006-bfbe-9f1d220ddc01",,"c:\users\zinpi\desktop\251215_sys.evtx","System.UInt32[]","System.Diagnostics.Eventing.Reader.EventBookmark","경고","정보",,"System.Collections.ObjectModel.ReadOnlyCollection`1[System.String]","System.Collections.Generic.List`1[System.Diagnostics.Eventing.Reader.EventProperty]"
"응용 프로그램별 권한 설정에서 CLSID가 
{2593F8B9-4EAF-457C-B68A-50F6B8EA6B54}
이고 APPID가 
{15C20B67-12E7-4BB6-92BB-7AFF07997402}
인 COM 서버 응용 프로그램에 대한 로컬 활성화 사용 권한을 응용 프로그램 컨테이너 사용할 수 없음 SID(사용할 수 없음)에서 실행 중인 주소 LocalHost(LRPC 사용)의 사용자 DT\zinpi SID(S-1-5-21-3843888092-660805983-3388631941-1001)에게 부여하지 않았습니다. 구성 요소 서비스 관리 도구를 사용하여 이 보안 권한을 수정할 수 있습니다.","10016","0","0","3","0","0","-9187343239835811840","20291","Microsoft-Windows-DistributedCOM","1b562e86-b7aa-4131-badc-b6f3a001407e","System","1608","8388","DT","S-1-5-21-3843888092-660805983-3388631941-1001","8/24/2025 7:41:30 PM","1d83cf4b-0d22-0000-61ec-461e220ddc01",,"c:\users\zinpi\desktop\251215_sys.evtx","System.UInt32[]","System.Diagnostics.Eventing.Reader.EventBookmark","경고","정보",,"System.Collections.ObjectModel.ReadOnlyCollection`1[System.String]","System.Collections.Generic.List`1[System.Diagnostics.Eventing.Reader.EventProperty]"
"응용 프로그램별 권한 설정에서 CLSID가 
{2593F8B9-4EAF-457C-B68A-50F6B8EA6B54}
이고 APPID가 
{15C20B67-12E7-4BB6-92BB-7AFF07997402}
인 COM 서버 응용 프로그램에 대한 로컬 활성화 사용 권한을 응용 프로그램 컨테이너 사용할 수 없음 SID(사용할 수 없음)에서 실행 중인 주소 LocalHost(LRPC 사용)의 사용자 DT\zinpi SID(S-1-5-21-3843888092-660805983-3388631941-1001)에게 부여하지 않았습니다. 구성 요소 서비스 관리 도구를 사용하여 이 보안 권한을 수정할 수 있습니다.","10016","0","0","3","0","0","-9187343239835811840","20189","Microsoft-Windows-DistributedCOM","1b562e86-b7aa-4131-badc-b6f3a001407e","System","1608","3076","DT","S-1-5-21-3843888092-660805983-3388631941-1001","8/24/2025 7:37:22 PM","1d83cf4b-0d22-0001-4e24-da1d220ddc01",,"c:\users\zinpi\desktop\251215_sys.evtx","System.UInt32[]","System.Diagnostics.Eventing.Reader.EventBookmark","경고","정보",,"System.Collections.ObjectModel.ReadOnlyCollection`1[System.String]","System.Collections.Generic.List`1[System.Diagnostics.Eventing.Reader.EventProperty]"
"응용 프로그램별 권한 설정에서 CLSID가 
{2593F8B9-4EAF-457C-B68A-50F6B8EA6B54}
이고 APPID가 
{15C20B67-12E7-4BB6-92BB-7AFF07997402}
인 COM 서버 응용 프로그램에 대한 로컬 활성화 사용 권한을 응용 프로그램 컨테이너 MicrosoftWindows.Client.CBS_1000.26100.197.0_x64__cw5n1h2txyewy SID(S-1-15-2-283421221-3183566570-1718213290-751554359-3541592344-2312209569-3374928651)에서 실행 중인 주소 LocalHost(LRPC 사용)의 사용자 DT\zinpi SID(S-1-5-21-3843888092-660805983-3388631941-1001)에게 부여하지 않았습니다. 구성 요소 서비스 관리 도구를 사용하여 이 보안 권한을 수정할 수 있습니다.","10016","0","0","3","0","0","-9187343239835811840","20187","Microsoft-Windows-DistributedCOM","1b562e86-b7aa-4131-badc-b6f3a001407e","System","1608","14640","DT","S-1-5-21-3843888092-660805983-3388631941-1001","8/24/2025 7:37:16 PM","1d83cf4b-0d22-000f-253f-921d220ddc01",,"c:\users\zinpi\desktop\251215_sys.evtx","System.UInt32[]","System.Diagnostics.Eventing.Reader.EventBookmark","경고","정보",,"System.Collections.ObjectModel.ReadOnlyCollection`1[System.String]","System.Collections.Generic.List`1[System.Diagnostics.Eventing.Reader.EventProperty]"
"응용 프로그램별 권한 설정에서 CLSID가 
{2593F8B9-4EAF-457C-B68A-50F6B8EA6B54}
이고 APPID가 
{15C20B67-12E7-4BB6-92BB-7AFF07997402}
인 COM 서버 응용 프로그램에 대한 로컬 활성화 사용 권한을 응용 프로그램 컨테이너 사용할 수 없음 SID(사용할 수 없음)에서 실행 중인 주소 LocalHost(LRPC 사용)의 사용자 DT\zinpi SID(S-1-5-21-3843888092-660805983-3388631941-1001)에게 부여하지 않았습니다. 구성 요소 서비스 관리 도구를 사용하여 이 보안 권한을 수정할 수 있습니다.","10016","0","0","3","0","0","-9187343239835811840","20186","Microsoft-Windows-DistributedCOM","1b562e86-b7aa-4131-badc-b6f3a001407e","System","1608","3076","DT","S-1-5-21-3843888092-660805983-3388631941-1001","8/24/2025 7:37:09 PM","1d83cf4b-0d22-0005-f706-921d220ddc01",,"c:\users\zinpi\desktop\251215_sys.evtx","System.UInt32[]","System.Diagnostics.Eventing.Reader.EventBookmark","경고","정보",,"System.Collections.ObjectModel.ReadOnlyCollection`1[System.String]","System.Collections.Generic.List`1[System.Diagnostics.Eventing.Reader.EventProperty]"
"ACPI Time 및 Alarm Device 메서드를 평가하지 못했기 때문에 하드웨어 실시간 시계가 설정되지 않았습니다.  상태: 0xC0000001.","21","0",,"2","0","0","-9223372036854775808","20183","Microsoft-Windows-HAL","63d1e632-95cc-4443-9312-af927761d52a","System","4996","6140","DT","S-1-5-19","8/24/2025 7:36:33 PM",,,"c:\users\zinpi\desktop\251215_sys.evtx","System.UInt32[]","System.Diagnostics.Eventing.Reader.EventBookmark","오류","정보",,"System.Collections.ObjectModel.ReadOnlyCollection`1[System.String]","System.Collections.Generic.List`1[System.Diagnostics.Eventing.Reader.EventProperty]"
"ACPI Time 및 Alarm Device 메서드를 평가하지 못했기 때문에 하드웨어 실시간 시계가 설정되지 않았습니다.  상태: 0xC0000001.","21","0",,"2","0","0","-9223372036854775808","20179","Microsoft-Windows-HAL","63d1e632-95cc-4443-9312-af927761d52a","System","4996","6140","DT","S-1-5-19","8/24/2025 7:36:33 PM",,,"c:\users\zinpi\desktop\251215_sys.evtx","System.UInt32[]","System.Diagnostics.Eventing.Reader.EventBookmark","오류","정보",,"System.Collections.ObjectModel.ReadOnlyCollection`1[System.String]","System.Collections.Generic.List`1[System.Diagnostics.Eventing.Reader.EventProperty]"
"Intel(R) Ethernet Controller (3) I225-V
 네트워크 링크가 분리되었습니다.
","27","0","40964","3","0","0","36028797018963968","20160","e2fexpress",,"System","4","13144","DT",,"8/24/2025 7:35:57 PM",,,"c:\users\zinpi\desktop\251215_sys.evtx","System.UInt32[]","System.Diagnostics.Eventing.Reader.EventBookmark","경고",,"없음","System.Collections.ObjectModel.ReadOnlyCollection`1[System.String]","System.Collections.Generic.List`1[System.Diagnostics.Eventing.Reader.EventProperty]"
,"6062","0","32768","3","0","0","36028797018963968","20157","Netwtw14",,"System","4","22340","DT",,"8/24/2025 7:35:56 PM",,,"c:\users\zinpi\desktop\251215_sys.evtx","System.UInt32[]","System.Diagnostics.Eventing.Reader.EventBookmark","경고",,"없음","System.Collections.ObjectModel.ReadOnlyCollection`1[System.String]","System.Collections.Generic.List`1[System.Diagnostics.Eventing.Reader.EventProperty]"
"응용 프로그램별 권한 설정에서 CLSID가 
{6B3B8D23-FA8D-40B9-8DBD-B950333E2C52}
이고 APPID가 
{4839DDB7-58C2-48F5-8283-E1D1807D0D7D}
인 COM 서버 응용 프로그램에 대한 로컬 활성화 사용 권한을 응용 프로그램 컨테이너 사용할 수 없음 SID(사용할 수 없음)에서 실행 중인 주소 LocalHost(LRPC 사용)의 사용자 NT AUTHORITY\LOCAL SERVICE SID(S-1-5-19)에게 부여하지 않았습니다. 구성 요소 서비스 관리 도구를 사용하여 이 보안 권한을 수정할 수 있습니다.","10016","0","0","3","0","0","-9187343239835811840","20147","Microsoft-Windows-DistributedCOM","1b562e86-b7aa-4131-badc-b6f3a001407e","System","1608","3812","DT","S-1-5-19","8/24/2025 7:35:55 PM",,,"c:\users\zinpi\desktop\251215_sys.evtx","System.UInt32[]","System.Diagnostics.Eventing.Reader.EventBookmark","경고","정보",,"System.Collections.ObjectModel.ReadOnlyCollection`1[System.String]","System.Collections.Generic.List`1[System.Diagnostics.Eventing.Reader.EventProperty]"
"응용 프로그램별 권한 설정에서 CLSID가 
{6B3B8D23-FA8D-40B9-8DBD-B950333E2C52}
이고 APPID가 
{4839DDB7-58C2-48F5-8283-E1D1807D0D7D}
인 COM 서버 응용 프로그램에 대한 로컬 활성화 사용 권한을 응용 프로그램 컨테이너 사용할 수 없음 SID(사용할 수 없음)에서 실행 중인 주소 LocalHost(LRPC 사용)의 사용자 NT AUTHORITY\LOCAL SERVICE SID(S-1-5-19)에게 부여하지 않았습니다. 구성 요소 서비스 관리 도구를 사용하여 이 보안 권한을 수정할 수 있습니다.","10016","0","0","3","0","0","-9187343239835811840","20146","Microsoft-Windows-DistributedCOM","1b562e86-b7aa-4131-badc-b6f3a001407e","System","1608","12508","DT","S-1-5-19","8/24/2025 7:35:55 PM",,,"c:\users\zinpi\desktop\251215_sys.evtx","System.UInt32[]","System.Diagnostics.Eventing.Reader.EventBookmark","경고","정보",,"System.Collections.ObjectModel.ReadOnlyCollection`1[System.String]","System.Collections.Generic.List`1[System.Diagnostics.Eventing.Reader.EventProperty]"
"NtpClient는 'time.windows.com,0x9'의 DNS 확인 오류로 인해 시간 원본으로 사용할 수동 피어를 설정하지 못했습니다. NtpClient는 15분 내에 다시 시도하고 그 후로는 재시도 간격을 두 배로 합니다. 오류: 알려진 호스트가 없습니다. (0x80072AF9)","134","0",,"3","0","0","-9223372036854775808","20139","Microsoft-Windows-Time-Service","06edcfeb-0fd0-4e53-acca-a6f8bbf81bcb","System","4996","5416","DT","S-1-5-19","8/24/2025 7:35:54 PM",,,"c:\users\zinpi\desktop\251215_sys.evtx","System.UInt32[]","System.Diagnostics.Eventing.Reader.EventBookmark","경고","정보",,"System.Collections.ObjectModel.ReadOnlyCollection`1[System.String]","System.Collections.Generic.List`1[System.Diagnostics.Eventing.Reader.EventProperty]"
"Intel(R) Ethernet Controller (3) I225-V
 네트워크 링크가 분리되었습니다.
","27","0","40964","3","0","0","36028797018963968","20129","e2fexpress",,"System","4","17020","DT",,"8/24/2025 7:35:53 PM",,,"c:\users\zinpi\desktop\251215_sys.evtx","System.UInt32[]","System.Diagnostics.Eventing.Reader.EventBookmark","경고",,"없음","System.Collections.ObjectModel.ReadOnlyCollection`1[System.String]","System.Collections.Generic.List`1[System.Diagnostics.Eventing.Reader.EventProperty]"
"PICO Streaming Service 서비스가 예기치 않게 1번 종료되었습니다. 1000밀리초 안에 다음 수정 작업을 합니다. 서비스 다시 시작.","7031","0","49152","2","0","0","-9187343239835811840","20121","Service Control Manager","555908d1-a6d7-4695-8e1e-26931d2012f4","System","1236","9968","DT",,"8/23/2025 10:58:43 PM",,,"c:\users\zinpi\desktop\251215_sys.evtx","System.UInt32[]","System.Diagnostics.Eventing.Reader.EventBookmark","오류",,,"System.Collections.ObjectModel.ReadOnlyCollection`1[System.String]","System.Collections.Generic.List`1[System.Diagnostics.Eventing.Reader.EventProperty]"
"{2593F8B9-4EAF-457C-B68A-50F6B8EA6B54} 서버가 요구된 초과 시간 안에 DCOM으로 등록하지 않았습니다.","10010","0","0","2","0","0","-9187343239835811840","20120","Microsoft-Windows-DistributedCOM","1b562e86-b7aa-4131-badc-b6f3a001407e","System","1608","6308","DT","S-1-5-21-3843888092-660805983-3388631941-1001","8/23/2025 10:58:42 PM","1d83cf4b-0d22-0012-f780-9f1d220ddc01",,"c:\users\zinpi\desktop\251215_sys.evtx","System.UInt32[]","System.Diagnostics.Eventing.Reader.EventBookmark","오류","정보",,"System.Collections.ObjectModel.ReadOnlyCollection`1[System.String]","System.Collections.Generic.List`1[System.Diagnostics.Eventing.Reader.EventProperty]"
"응용 프로그램별 권한 설정에서 CLSID가 
{2593F8B9-4EAF-457C-B68A-50F6B8EA6B54}
이고 APPID가 
{15C20B67-12E7-4BB6-92BB-7AFF07997402}
인 COM 서버 응용 프로그램에 대한 로컬 활성화 사용 권한을 응용 프로그램 컨테이너 사용할 수 없음 SID(사용할 수 없음)에서 실행 중인 주소 LocalHost(LRPC 사용)의 사용자 DT\zinpi SID(S-1-5-21-3843888092-660805983-3388631941-1001)에게 부여하지 않았습니다. 구성 요소 서비스 관리 도구를 사용하여 이 보안 권한을 수정할 수 있습니다.","10016","0","0","3","0","0","-9187343239835811840","20076","Microsoft-Windows-DistributedCOM","1b562e86-b7aa-4131-badc-b6f3a001407e","System","1608","20928","DT","S-1-5-21-3843888092-660805983-3388631941-1001","8/23/2025 9:40:30 PM","1d83cf4b-0d22-000a-d044-9c1d220ddc01",,"c:\users\zinpi\desktop\251215_sys.evtx","System.UInt32[]","System.Diagnostics.Eventing.Reader.EventBookmark","경고","정보",,"System.Collections.ObjectModel.ReadOnlyCollection`1[System.String]","System.Collections.Generic.List`1[System.Diagnostics.Eventing.Reader.EventProperty]"
"응용 프로그램별 권한 설정에서 CLSID가 
{2593F8B9-4EAF-457C-B68A-50F6B8EA6B54}
이고 APPID가 
{15C20B67-12E7-4BB6-92BB-7AFF07997402}
인 COM 서버 응용 프로그램에 대한 로컬 활성화 사용 권한을 응용 프로그램 컨테이너 사용할 수 없음 SID(사용할 수 없음)에서 실행 중인 주소 LocalHost(LRPC 사용)의 사용자 DT\zinpi SID(S-1-5-21-3843888092-660805983-3388631941-1001)에게 부여하지 않았습니다. 구성 요소 서비스 관리 도구를 사용하여 이 보안 권한을 수정할 수 있습니다.","10016","0","0","3","0","0","-9187343239835811840","20075","Microsoft-Windows-DistributedCOM","1b562e86-b7aa-4131-badc-b6f3a001407e","System","1608","18848","DT","S-1-5-21-3843888092-660805983-3388631941-1001","8/23/2025 9:39:08 PM","1d83cf4b-0d22-0001-f3a7-d61d220ddc01",,"c:\users\zinpi\desktop\251215_sys.evtx","System.UInt32[]","System.Diagnostics.Eventing.Reader.EventBookmark","경고","정보",,"System.Collections.ObjectModel.ReadOnlyCollection`1[System.String]","System.Collections.Generic.List`1[System.Diagnostics.Eventing.Reader.EventProperty]"
"ACPI Time 및 Alarm Device 메서드를 평가하지 못했기 때문에 하드웨어 실시간 시계가 설정되지 않았습니다.  상태: 0xC0000001.","21","0",,"2","0","0","-9223372036854775808","19983","Microsoft-Windows-HAL","63d1e632-95cc-4443-9312-af927761d52a","System","4996","6140","DT","S-1-5-19","8/23/2025 9:36:19 PM",,,"c:\users\zinpi\desktop\251215_sys.evtx","System.UInt32[]","System.Diagnostics.Eventing.Reader.EventBookmark","오류","정보",,"System.Collections.ObjectModel.ReadOnlyCollection`1[System.String]","System.Collections.Generic.List`1[System.Diagnostics.Eventing.Reader.EventProperty]"
"ACPI Time 및 Alarm Device 메서드를 평가하지 못했기 때문에 하드웨어 실시간 시계가 설정되지 않았습니다.  상태: 0xC0000001.","21","0",,"2","0","0","-9223372036854775808","19980","Microsoft-Windows-HAL","63d1e632-95cc-4443-9312-af927761d52a","System","4996","6140","DT","S-1-5-19","8/23/2025 9:36:19 PM",,,"c:\users\zinpi\desktop\251215_sys.evtx","System.UInt32[]","System.Diagnostics.Eventing.Reader.EventBookmark","오류","정보",,"System.Collections.ObjectModel.ReadOnlyCollection`1[System.String]","System.Collections.Generic.List`1[System.Diagnostics.Eventing.Reader.EventProperty]"
"응용 프로그램별 권한 설정에서 CLSID가 
{6B3B8D23-FA8D-40B9-8DBD-B950333E2C52}
이고 APPID가 
{4839DDB7-58C2-48F5-8283-E1D1807D0D7D}
인 COM 서버 응용 프로그램에 대한 로컬 활성화 사용 권한을 응용 프로그램 컨테이너 사용할 수 없음 SID(사용할 수 없음)에서 실행 중인 주소 LocalHost(LRPC 사용)의 사용자 NT AUTHORITY\LOCAL SERVICE SID(S-1-5-19)에게 부여하지 않았습니다. 구성 요소 서비스 관리 도구를 사용하여 이 보안 권한을 수정할 수 있습니다.","10016","0","0","3","0","0","-9187343239835811840","19971","Microsoft-Windows-DistributedCOM","1b562e86-b7aa-4131-badc-b6f3a001407e","System","1608","3768","DT","S-1-5-19","8/23/2025 9:35:45 PM",,,"c:\users\zinpi\desktop\251215_sys.evtx","System.UInt32[]","System.Diagnostics.Eventing.Reader.EventBookmark","경고","정보",,"System.Collections.ObjectModel.ReadOnlyCollection`1[System.String]","System.Collections.Generic.List`1[System.Diagnostics.Eventing.Reader.EventProperty]"
"응용 프로그램별 권한 설정에서 CLSID가 
{6B3B8D23-FA8D-40B9-8DBD-B950333E2C52}
이고 APPID가 
{4839DDB7-58C2-48F5-8283-E1D1807D0D7D}
인 COM 서버 응용 프로그램에 대한 로컬 활성화 사용 권한을 응용 프로그램 컨테이너 사용할 수 없음 SID(사용할 수 없음)에서 실행 중인 주소 LocalHost(LRPC 사용)의 사용자 NT AUTHORITY\LOCAL SERVICE SID(S-1-5-19)에게 부여하지 않았습니다. 구성 요소 서비스 관리 도구를 사용하여 이 보안 권한을 수정할 수 있습니다.","10016","0","0","3","0","0","-9187343239835811840","19970","Microsoft-Windows-DistributedCOM","1b562e86-b7aa-4131-badc-b6f3a001407e","System","1608","5944","DT","S-1-5-19","8/23/2025 9:35:45 PM",,,"c:\users\zinpi\desktop\251215_sys.evtx","System.UInt32[]","System.Diagnostics.Eventing.Reader.EventBookmark","경고","정보",,"System.Collections.ObjectModel.ReadOnlyCollection`1[System.String]","System.Collections.Generic.List`1[System.Diagnostics.Eventing.Reader.EventProperty]"
,"6062","0","32768","3","0","0","36028797018963968","19965","Netwtw14",,"System","4","16448","DT",,"8/23/2025 9:35:45 PM",,,"c:\users\zinpi\desktop\251215_sys.evtx","System.UInt32[]","System.Diagnostics.Eventing.Reader.EventBookmark","경고",,"없음","System.Collections.ObjectModel.ReadOnlyCollection`1[System.String]","System.Collections.Generic.List`1[System.Diagnostics.Eventing.Reader.EventProperty]"
"NtpClient는 'time.windows.com,0x9'의 DNS 확인 오류로 인해 시간 원본으로 사용할 수동 피어를 설정하지 못했습니다. NtpClient는 15분 내에 다시 시도하고 그 후로는 재시도 간격을 두 배로 합니다. 오류: 알려진 호스트가 없습니다. (0x80072AF9)","134","0",,"3","0","0","-9223372036854775808","19963","Microsoft-Windows-Time-Service","06edcfeb-0fd0-4e53-acca-a6f8bbf81bcb","System","4996","5416","DT","S-1-5-19","8/23/2025 9:35:44 PM",,,"c:\users\zinpi\desktop\251215_sys.evtx","System.UInt32[]","System.Diagnostics.Eventing.Reader.EventBookmark","경고","정보",,"System.Collections.ObjectModel.ReadOnlyCollection`1[System.String]","System.Collections.Generic.List`1[System.Diagnostics.Eventing.Reader.EventProperty]"
"Intel(R) Ethernet Controller (3) I225-V
 네트워크 링크가 분리되었습니다.
","27","0","40964","3","0","0","36028797018963968","19953","e2fexpress",,"System","4","18336","DT",,"8/23/2025 9:35:43 PM",,,"c:\users\zinpi\desktop\251215_sys.evtx","System.UInt32[]","System.Diagnostics.Eventing.Reader.EventBookmark","경고",,"없음","System.Collections.ObjectModel.ReadOnlyCollection`1[System.String]","System.Collections.Generic.List`1[System.Diagnostics.Eventing.Reader.EventProperty]"
"PICO Streaming Service 서비스가 예기치 않게 1번 종료되었습니다. 1000밀리초 안에 다음 수정 작업을 합니다. 서비스 다시 시작.","7031","0","49152","2","0","0","-9187343239835811840","19946","Service Control Manager","555908d1-a6d7-4695-8e1e-26931d2012f4","System","1236","7392","DT",,"8/23/2025 1:54:32 AM",,,"c:\users\zinpi\desktop\251215_sys.evtx","System.UInt32[]","System.Diagnostics.Eventing.Reader.EventBookmark","오류",,,"System.Collections.ObjectModel.ReadOnlyCollection`1[System.String]","System.Collections.Generic.List`1[System.Diagnostics.Eventing.Reader.EventProperty]"
"설치 실패: 0x80073D02 오류 때문에 Windows에서 다음 업데이트를 설치하지 못했습니다. 9NMPJ99VJBWV-Microsoft.YourPhone.","20","1",,"2","1","13","-9223372036854775768","19931","Microsoft-Windows-WindowsUpdateClient","945a8954-c147-4acd-923f-40c45405a658","System","16744","20684","DT","S-1-5-18","8/23/2025 1:03:08 AM","1d83cf4b-0d22-0011-b013-9c1d220ddc01",,"c:\users\zinpi\desktop\251215_sys.evtx","System.UInt32[]","System.Diagnostics.Eventing.Reader.EventBookmark","오류","설치","Windows 업데이트 에이전트","System.Collections.ObjectModel.ReadOnlyCollection`1[System.String]","System.Collections.Generic.List`1[System.Diagnostics.Eventing.Reader.EventProperty]"
"응용 프로그램별 권한 설정에서 CLSID가 
{2593F8B9-4EAF-457C-B68A-50F6B8EA6B54}
이고 APPID가 
{15C20B67-12E7-4BB6-92BB-7AFF07997402}
인 COM 서버 응용 프로그램에 대한 로컬 활성화 사용 권한을 응용 프로그램 컨테이너 사용할 수 없음 SID(사용할 수 없음)에서 실행 중인 주소 LocalHost(LRPC 사용)의 사용자 DT\zinpi SID(S-1-5-21-3843888092-660805983-3388631941-1001)에게 부여하지 않았습니다. 구성 요소 서비스 관리 도구를 사용하여 이 보안 권한을 수정할 수 있습니다.","10016","0","0","3","0","0","-9187343239835811840","19790","Microsoft-Windows-DistributedCOM","1b562e86-b7aa-4131-badc-b6f3a001407e","System","1608","18604","DT","S-1-5-21-3843888092-660805983-3388631941-1001","8/23/2025 12:47:25 AM","1d83cf4b-0d22-0001-7b2b-d11d220ddc01",,"c:\users\zinpi\desktop\251215_sys.evtx","System.UInt32[]","System.Diagnostics.Eventing.Reader.EventBookmark","경고","정보",,"System.Collections.ObjectModel.ReadOnlyCollection`1[System.String]","System.Collections.Generic.List`1[System.Diagnostics.Eventing.Reader.EventProperty]"
,"6062","0","32768","3","0","0","36028797018963968","19768","Netwtw14",,"System","4","16032","DT",,"8/23/2025 12:44:12 AM",,,"c:\users\zinpi\desktop\251215_sys.evtx","System.UInt32[]","System.Diagnostics.Eventing.Reader.EventBookmark","경고",,"없음","System.Collections.ObjectModel.ReadOnlyCollection`1[System.String]","System.Collections.Generic.List`1[System.Diagnostics.Eventing.Reader.EventProperty]"
"응용 프로그램별 권한 설정에서 CLSID가 
{6B3B8D23-FA8D-40B9-8DBD-B950333E2C52}
이고 APPID가 
{4839DDB7-58C2-48F5-8283-E1D1807D0D7D}
인 COM 서버 응용 프로그램에 대한 로컬 활성화 사용 권한을 응용 프로그램 컨테이너 사용할 수 없음 SID(사용할 수 없음)에서 실행 중인 주소 LocalHost(LRPC 사용)의 사용자 NT AUTHORITY\LOCAL SERVICE SID(S-1-5-19)에게 부여하지 않았습니다. 구성 요소 서비스 관리 도구를 사용하여 이 보안 권한을 수정할 수 있습니다.","10016","0","0","3","0","0","-9187343239835811840","19764","Microsoft-Windows-DistributedCOM","1b562e86-b7aa-4131-badc-b6f3a001407e","System","1608","14280","DT","S-1-5-19","8/23/2025 12:44:10 AM",,,"c:\users\zinpi\desktop\251215_sys.evtx","System.UInt32[]","System.Diagnostics.Eventing.Reader.EventBookmark","경고","정보",,"System.Collections.ObjectModel.ReadOnlyCollection`1[System.String]","System.Collections.Generic.List`1[System.Diagnostics.Eventing.Reader.EventProperty]"
"응용 프로그램별 권한 설정에서 CLSID가 
{6B3B8D23-FA8D-40B9-8DBD-B950333E2C52}
이고 APPID가 
{4839DDB7-58C2-48F5-8283-E1D1807D0D7D}
인 COM 서버 응용 프로그램에 대한 로컬 활성화 사용 권한을 응용 프로그램 컨테이너 사용할 수 없음 SID(사용할 수 없음)에서 실행 중인 주소 LocalHost(LRPC 사용)의 사용자 NT AUTHORITY\LOCAL SERVICE SID(S-1-5-19)에게 부여하지 않았습니다. 구성 요소 서비스 관리 도구를 사용하여 이 보안 권한을 수정할 수 있습니다.","10016","0","0","3","0","0","-9187343239835811840","19763","Microsoft-Windows-DistributedCOM","1b562e86-b7aa-4131-badc-b6f3a001407e","System","1608","12816","DT","S-1-5-19","8/23/2025 12:44:10 AM",,,"c:\users\zinpi\desktop\251215_sys.evtx","System.UInt32[]","System.Diagnostics.Eventing.Reader.EventBookmark","경고","정보",,"System.Collections.ObjectModel.ReadOnlyCollection`1[System.String]","System.Collections.Generic.List`1[System.Diagnostics.Eventing.Reader.EventProperty]"
"NtpClient는 'time.windows.com,0x9'의 DNS 확인 오류로 인해 시간 원본으로 사용할 수동 피어를 설정하지 못했습니다. NtpClient는 15분 내에 다시 시도하고 그 후로는 재시도 간격을 두 배로 합니다. 오류: 알려진 호스트가 없습니다. (0x80072AF9)","134","0",,"3","0","0","-9223372036854775808","19760","Microsoft-Windows-Time-Service","06edcfeb-0fd0-4e53-acca-a6f8bbf81bcb","System","4996","5548","DT","S-1-5-19","8/23/2025 12:44:09 AM",,,"c:\users\zinpi\desktop\251215_sys.evtx","System.UInt32[]","System.Diagnostics.Eventing.Reader.EventBookmark","경고","정보",,"System.Collections.ObjectModel.ReadOnlyCollection`1[System.String]","System.Collections.Generic.List`1[System.Diagnostics.Eventing.Reader.EventProperty]"
"Intel(R) Ethernet Controller (3) I225-V
 네트워크 링크가 분리되었습니다.
","27","0","40964","3","0","0","36028797018963968","19748","e2fexpress",,"System","4","20088","DT",,"8/23/2025 12:44:08 AM",,,"c:\users\zinpi\desktop\251215_sys.evtx","System.UInt32[]","System.Diagnostics.Eventing.Reader.EventBookmark","경고",,"없음","System.Collections.ObjectModel.ReadOnlyCollection`1[System.String]","System.Collections.Generic.List`1[System.Diagnostics.Eventing.Reader.EventProperty]"
"PICO Streaming Service 서비스가 예기치 않게 1번 종료되었습니다. 1000밀리초 안에 다음 수정 작업을 합니다. 서비스 다시 시작.","7031","0","49152","2","0","0","-9187343239835811840","19741","Service Control Manager","555908d1-a6d7-4695-8e1e-26931d2012f4","System","1236","15592","DT",,"8/18/2025 8:24:13 PM",,,"c:\users\zinpi\desktop\251215_sys.evtx","System.UInt32[]","System.Diagnostics.Eventing.Reader.EventBookmark","오류",,,"System.Collections.ObjectModel.ReadOnlyCollection`1[System.String]","System.Collections.Generic.List`1[System.Diagnostics.Eventing.Reader.EventProperty]"
"응용 프로그램별 권한 설정에서 CLSID가 
{2593F8B9-4EAF-457C-B68A-50F6B8EA6B54}
이고 APPID가 
{15C20B67-12E7-4BB6-92BB-7AFF07997402}
인 COM 서버 응용 프로그램에 대한 로컬 활성화 사용 권한을 응용 프로그램 컨테이너 사용할 수 없음 SID(사용할 수 없음)에서 실행 중인 주소 LocalHost(LRPC 사용)의 사용자 DT\zinpi SID(S-1-5-21-3843888092-660805983-3388631941-1001)에게 부여하지 않았습니다. 구성 요소 서비스 관리 도구를 사용하여 이 보안 권한을 수정할 수 있습니다.","10016","0","0","3","0","0","-9187343239835811840","19739","Microsoft-Windows-DistributedCOM","1b562e86-b7aa-4131-badc-b6f3a001407e","System","1608","12420","DT","S-1-5-21-3843888092-660805983-3388631941-1001","8/18/2025 8:21:40 PM","1d83cf4b-0d22-0008-0c14-991d220ddc01",,"c:\users\zinpi\desktop\251215_sys.evtx","System.UInt32[]","System.Diagnostics.Eventing.Reader.EventBookmark","경고","정보",,"System.Collections.ObjectModel.ReadOnlyCollection`1[System.String]","System.Collections.Generic.List`1[System.Diagnostics.Eventing.Reader.EventProperty]"
"응용 프로그램별 권한 설정에서 CLSID가 
{2593F8B9-4EAF-457C-B68A-50F6B8EA6B54}
이고 APPID가 
{15C20B67-12E7-4BB6-92BB-7AFF07997402}
인 COM 서버 응용 프로그램에 대한 로컬 활성화 사용 권한을 응용 프로그램 컨테이너 사용할 수 없음 SID(사용할 수 없음)에서 실행 중인 주소 LocalHost(LRPC 사용)의 사용자 DT\zinpi SID(S-1-5-21-3843888092-660805983-3388631941-1001)에게 부여하지 않았습니다. 구성 요소 서비스 관리 도구를 사용하여 이 보안 권한을 수정할 수 있습니다.","10016","0","0","3","0","0","-9187343239835811840","19661","Microsoft-Windows-DistributedCOM","1b562e86-b7aa-4131-badc-b6f3a001407e","System","1608","2960","DT","S-1-5-21-3843888092-660805983-3388631941-1001","8/18/2025 7:17:20 PM","1d83cf4b-0d22-0001-07ac-c71d220ddc01",,"c:\users\zinpi\desktop\251215_sys.evtx","System.UInt32[]","System.Diagnostics.Eventing.Reader.EventBookmark","경고","정보",,"System.Collections.ObjectModel.ReadOnlyCollection`1[System.String]","System.Collections.Generic.List`1[System.Diagnostics.Eventing.Reader.EventProperty]"
,"6062","0","32768","3","0","0","36028797018963968","19644","Netwtw14",,"System","4","13604","DT",,"8/18/2025 7:17:04 PM",,,"c:\users\zinpi\desktop\251215_sys.evtx","System.UInt32[]","System.Diagnostics.Eventing.Reader.EventBookmark","경고",,"없음","System.Collections.ObjectModel.ReadOnlyCollection`1[System.String]","System.Collections.Generic.List`1[System.Diagnostics.Eventing.Reader.EventProperty]"
"응용 프로그램별 권한 설정에서 CLSID가 
{6B3B8D23-FA8D-40B9-8DBD-B950333E2C52}
이고 APPID가 
{4839DDB7-58C2-48F5-8283-E1D1807D0D7D}
인 COM 서버 응용 프로그램에 대한 로컬 활성화 사용 권한을 응용 프로그램 컨테이너 사용할 수 없음 SID(사용할 수 없음)에서 실행 중인 주소 LocalHost(LRPC 사용)의 사용자 NT AUTHORITY\LOCAL SERVICE SID(S-1-5-19)에게 부여하지 않았습니다. 구성 요소 서비스 관리 도구를 사용하여 이 보안 권한을 수정할 수 있습니다.","10016","0","0","3","0","0","-9187343239835811840","19641","Microsoft-Windows-DistributedCOM","1b562e86-b7aa-4131-badc-b6f3a001407e","System","1608","7512","DT","S-1-5-19","8/18/2025 7:17:03 PM",,,"c:\users\zinpi\desktop\251215_sys.evtx","System.UInt32[]","System.Diagnostics.Eventing.Reader.EventBookmark","경고","정보",,"System.Collections.ObjectModel.ReadOnlyCollection`1[System.String]","System.Collections.Generic.List`1[System.Diagnostics.Eventing.Reader.EventProperty]"
"응용 프로그램별 권한 설정에서 CLSID가 
{6B3B8D23-FA8D-40B9-8DBD-B950333E2C52}
이고 APPID가 
{4839DDB7-58C2-48F5-8283-E1D1807D0D7D}
인 COM 서버 응용 프로그램에 대한 로컬 활성화 사용 권한을 응용 프로그램 컨테이너 사용할 수 없음 SID(사용할 수 없음)에서 실행 중인 주소 LocalHost(LRPC 사용)의 사용자 NT AUTHORITY\LOCAL SERVICE SID(S-1-5-19)에게 부여하지 않았습니다. 구성 요소 서비스 관리 도구를 사용하여 이 보안 권한을 수정할 수 있습니다.","10016","0","0","3","0","0","-9187343239835811840","19640","Microsoft-Windows-DistributedCOM","1b562e86-b7aa-4131-badc-b6f3a001407e","System","1608","3656","DT","S-1-5-19","8/18/2025 7:17:03 PM",,,"c:\users\zinpi\desktop\251215_sys.evtx","System.UInt32[]","System.Diagnostics.Eventing.Reader.EventBookmark","경고","정보",,"System.Collections.ObjectModel.ReadOnlyCollection`1[System.String]","System.Collections.Generic.List`1[System.Diagnostics.Eventing.Reader.EventProperty]"
"Intel(R) Ethernet Controller (3) I225-V
 네트워크 링크가 분리되었습니다.
","27","0","40964","3","0","0","36028797018963968","19625","e2fexpress",,"System","4","18356","DT",,"8/18/2025 7:17:01 PM",,,"c:\users\zinpi\desktop\251215_sys.evtx","System.UInt32[]","System.Diagnostics.Eventing.Reader.EventBookmark","경고",,"없음","System.Collections.ObjectModel.ReadOnlyCollection`1[System.String]","System.Collections.Generic.List`1[System.Diagnostics.Eventing.Reader.EventProperty]"
"PICO Streaming Service 서비스가 예기치 않게 1번 종료되었습니다. 1000밀리초 안에 다음 수정 작업을 합니다. 서비스 다시 시작.","7031","0","49152","2","0","0","-9187343239835811840","19618","Service Control Manager","555908d1-a6d7-4695-8e1e-26931d2012f4","System","1236","17436","DT",,"8/17/2025 2:32:47 AM",,,"c:\users\zinpi\desktop\251215_sys.evtx","System.UInt32[]","System.Diagnostics.Eventing.Reader.EventBookmark","오류",,,"System.Collections.ObjectModel.ReadOnlyCollection`1[System.String]","System.Collections.Generic.List`1[System.Diagnostics.Eventing.Reader.EventProperty]"
"응용 프로그램별 권한 설정에서 CLSID가 
{2593F8B9-4EAF-457C-B68A-50F6B8EA6B54}
이고 APPID가 
{15C20B67-12E7-4BB6-92BB-7AFF07997402}
인 COM 서버 응용 프로그램에 대한 로컬 활성화 사용 권한을 응용 프로그램 컨테이너 사용할 수 없음 SID(사용할 수 없음)에서 실행 중인 주소 LocalHost(LRPC 사용)의 사용자 DT\zinpi SID(S-1-5-21-3843888092-660805983-3388631941-1001)에게 부여하지 않았습니다. 구성 요소 서비스 관리 도구를 사용하여 이 보안 권한을 수정할 수 있습니다.","10016","0","0","3","0","0","-9187343239835811840","19616","Microsoft-Windows-DistributedCOM","1b562e86-b7aa-4131-badc-b6f3a001407e","System","1608","20700","DT","S-1-5-21-3843888092-660805983-3388631941-1001","8/17/2025 2:26:08 AM","1d83cf4b-0d22-0003-89c4-cf1d220ddc01",,"c:\users\zinpi\desktop\251215_sys.evtx","System.UInt32[]","System.Diagnostics.Eventing.Reader.EventBookmark","경고","정보",,"System.Collections.ObjectModel.ReadOnlyCollection`1[System.String]","System.Collections.Generic.List`1[System.Diagnostics.Eventing.Reader.EventProperty]"
"응용 프로그램별 권한 설정에서 CLSID가 
{2593F8B9-4EAF-457C-B68A-50F6B8EA6B54}
이고 APPID가 
{15C20B67-12E7-4BB6-92BB-7AFF07997402}
인 COM 서버 응용 프로그램에 대한 로컬 활성화 사용 권한을 응용 프로그램 컨테이너 사용할 수 없음 SID(사용할 수 없음)에서 실행 중인 주소 LocalHost(LRPC 사용)의 사용자 DT\zinpi SID(S-1-5-21-3843888092-660805983-3388631941-1001)에게 부여하지 않았습니다. 구성 요소 서비스 관리 도구를 사용하여 이 보안 권한을 수정할 수 있습니다.","10016","0","0","3","0","0","-9187343239835811840","19599","Microsoft-Windows-DistributedCOM","1b562e86-b7aa-4131-badc-b6f3a001407e","System","1608","18036","DT","S-1-5-21-3843888092-660805983-3388631941-1001","8/17/2025 1:58:35 AM","1d83cf4b-0d22-0002-4098-281e220ddc01",,"c:\users\zinpi\desktop\251215_sys.evtx","System.UInt32[]","System.Diagnostics.Eventing.Reader.EventBookmark","경고","정보",,"System.Collections.ObjectModel.ReadOnlyCollection`1[System.String]","System.Collections.Generic.List`1[System.Diagnostics.Eventing.Reader.EventProperty]"
,"6062","0","32768","3","0","0","36028797018963968","19546","Netwtw14",,"System","4","7432","DT",,"8/17/2025 12:57:32 AM",,,"c:\users\zinpi\desktop\251215_sys.evtx","System.UInt32[]","System.Diagnostics.Eventing.Reader.EventBookmark","경고",,"없음","System.Collections.ObjectModel.ReadOnlyCollection`1[System.String]","System.Collections.Generic.List`1[System.Diagnostics.Eventing.Reader.EventProperty]"
"Intel(R) Ethernet Controller (3) I225-V
 네트워크 링크가 분리되었습니다.
","27","0","40964","3","0","0","36028797018963968","19469","e2fexpress",,"System","4","5632","DT",,"8/17/2025 12:39:15 AM",,,"c:\users\zinpi\desktop\251215_sys.evtx","System.UInt32[]","System.Diagnostics.Eventing.Reader.EventBookmark","경고",,"없음","System.Collections.ObjectModel.ReadOnlyCollection`1[System.String]","System.Collections.Generic.List`1[System.Diagnostics.Eventing.Reader.EventProperty]"
"응용 프로그램별 권한 설정에서 CLSID가 
{6B3B8D23-FA8D-40B9-8DBD-B950333E2C52}
이고 APPID가 
{4839DDB7-58C2-48F5-8283-E1D1807D0D7D}
인 COM 서버 응용 프로그램에 대한 로컬 활성화 사용 권한을 응용 프로그램 컨테이너 사용할 수 없음 SID(사용할 수 없음)에서 실행 중인 주소 LocalHost(LRPC 사용)의 사용자 NT AUTHORITY\LOCAL SERVICE SID(S-1-5-19)에게 부여하지 않았습니다. 구성 요소 서비스 관리 도구를 사용하여 이 보안 권한을 수정할 수 있습니다.","10016","0","0","3","0","0","-9187343239835811840","19467","Microsoft-Windows-DistributedCOM","1b562e86-b7aa-4131-badc-b6f3a001407e","System","1608","4320","DT","S-1-5-19","8/17/2025 12:39:14 AM",,,"c:\users\zinpi\desktop\251215_sys.evtx","System.UInt32[]","System.Diagnostics.Eventing.Reader.EventBookmark","경고","정보",,"System.Collections.ObjectModel.ReadOnlyCollection`1[System.String]","System.Collections.Generic.List`1[System.Diagnostics.Eventing.Reader.EventProperty]"
