"응용 프로그램별 권한 설정에서 CLSID가 
{2593F8B9-4EAF-457C-B68A-50F6B8EA6B54}
이고 APPID가 
{15C20B67-12E7-4BB6-92BB-7AFF07997402}
인 COM 서버 응용 프로그램에 대한 로컬 활성화 사용 권한을 응용 프로그램 컨테이너 사용할 수 없음 SID(사용할 수 없음)에서 실행 중인 주소 LocalHost(LRPC 사용)의 사용자 DT\zinpi SID(S-1-5-21-3843888092-660805983-3388631941-1001)에게 부여하지 않았습니다. 구성 요소 서비스 관리 도구를 사용하여 이 보안 권한을 수정할 수 있습니다.","10016","0","0","3","0","0","-9187343239835811840","8881","Microsoft-Windows-DistributedCOM","1b562e86-b7aa-4131-badc-b6f3a001407e","System","1636","3856","DT","S-1-5-21-3843888092-660805983-3388631941-1001","3/29/2025 8:17:30 PM","345674ed-9577-000c-f767-89347795db01",,"c:\users\zinpi\desktop\251215_sys.evtx","System.UInt32[]","System.Diagnostics.Eventing.Reader.EventBookmark","경고","정보",,"System.Collections.ObjectModel.ReadOnlyCollection`1[System.String]","System.Collections.Generic.List`1[System.Diagnostics.Eventing.Reader.EventProperty]"
"응용 프로그램별 권한 설정에서 CLSID가 
{2593F8B9-4EAF-457C-B68A-50F6B8EA6B54}
이고 APPID가 
{15C20B67-12E7-4BB6-92BB-7AFF07997402}
인 COM 서버 응용 프로그램에 대한 로컬 활성화 사용 권한을 응용 프로그램 컨테이너 사용할 수 없음 SID(사용할 수 없음)에서 실행 중인 주소 LocalHost(LRPC 사용)의 사용자 DT\zinpi SID(S-1-5-21-3843888092-660805983-3388631941-1001)에게 부여하지 않았습니다. 구성 요소 서비스 관리 도구를 사용하여 이 보안 권한을 수정할 수 있습니다.","10016","0","0","3","0","0","-9187343239835811840","8877","Microsoft-Windows-DistributedCOM","1b562e86-b7aa-4131-badc-b6f3a001407e","System","1636","12716","DT","S-1-5-21-3843888092-660805983-3388631941-1001","3/29/2025 5:49:41 PM","345674ed-9577-0008-3ca7-7f347795db01",,"c:\users\zinpi\desktop\251215_sys.evtx","System.UInt32[]","System.Diagnostics.Eventing.Reader.EventBookmark","경고","정보",,"System.Collections.ObjectModel.ReadOnlyCollection`1[System.String]","System.Collections.Generic.List`1[System.Diagnostics.Eventing.Reader.EventProperty]"
"응용 프로그램별 권한 설정에서 CLSID가 
{2593F8B9-4EAF-457C-B68A-50F6B8EA6B54}
이고 APPID가 
{15C20B67-12E7-4BB6-92BB-7AFF07997402}
인 COM 서버 응용 프로그램에 대한 로컬 활성화 사용 권한을 응용 프로그램 컨테이너 사용할 수 없음 SID(사용할 수 없음)에서 실행 중인 주소 LocalHost(LRPC 사용)의 사용자 DT\zinpi SID(S-1-5-21-3843888092-660805983-3388631941-1001)에게 부여하지 않았습니다. 구성 요소 서비스 관리 도구를 사용하여 이 보안 권한을 수정할 수 있습니다.","10016","0","0","3","0","0","-9187343239835811840","8874","Microsoft-Windows-DistributedCOM","1b562e86-b7aa-4131-badc-b6f3a001407e","System","1636","6496","DT","S-1-5-21-3843888092-660805983-3388631941-1001","3/29/2025 4:26:44 PM","345674ed-9577-0000-c976-08357795db01",,"c:\users\zinpi\desktop\251215_sys.evtx","System.UInt32[]","System.Diagnostics.Eventing.Reader.EventBookmark","경고","정보",,"System.Collections.ObjectModel.ReadOnlyCollection`1[System.String]","System.Collections.Generic.List`1[System.Diagnostics.Eventing.Reader.EventProperty]"
"응용 프로그램별 권한 설정에서 CLSID가 
{2593F8B9-4EAF-457C-B68A-50F6B8EA6B54}
이고 APPID가 
{15C20B67-12E7-4BB6-92BB-7AFF07997402}
인 COM 서버 응용 프로그램에 대한 로컬 활성화 사용 권한을 응용 프로그램 컨테이너 MicrosoftWindows.Client.WebExperience_525.5100.40.0_x64__cw5n1h2txyewy SID(사용할 수 없음)에서 실행 중인 주소 LocalHost(LRPC 사용)의 사용자 DT\zinpi SID(S-1-5-21-3843888092-660805983-3388631941-1001)에게 부여하지 않았습니다. 구성 요소 서비스 관리 도구를 사용하여 이 보안 권한을 수정할 수 있습니다.","10016","0","0","3","0","0","-9187343239835811840","8872","Microsoft-Windows-DistributedCOM","1b562e86-b7aa-4131-badc-b6f3a001407e","System","1636","16108","DT","S-1-5-21-3843888092-660805983-3388631941-1001","3/29/2025 4:13:58 PM","345674ed-9577-000a-7f8b-81347795db01",,"c:\users\zinpi\desktop\251215_sys.evtx","System.UInt32[]","System.Diagnostics.Eventing.Reader.EventBookmark","경고","정보",,"System.Collections.ObjectModel.ReadOnlyCollection`1[System.String]","System.Collections.Generic.List`1[System.Diagnostics.Eventing.Reader.EventProperty]"
"설치 실패: 0x80073D02 오류 때문에 Windows에서 다음 업데이트를 설치하지 못했습니다. 9MSSGKG348SP-MicrosoftWindows.Client.WebExperience.","20","1",,"2","1","13","-9223372036854775768","8812","Microsoft-Windows-WindowsUpdateClient","945a8954-c147-4acd-923f-40c45405a658","System","16012","2700","DT","S-1-5-18","3/29/2025 4:05:27 PM","345674ed-9577-0010-9042-68347795db01",,"c:\users\zinpi\desktop\251215_sys.evtx","System.UInt32[]","System.Diagnostics.Eventing.Reader.EventBookmark","오류","설치","Windows 업데이트 에이전트","System.Collections.ObjectModel.ReadOnlyCollection`1[System.String]","System.Collections.Generic.List`1[System.Diagnostics.Eventing.Reader.EventProperty]"
"설치 실패: 0x80073D02 오류 때문에 Windows에서 다음 업데이트를 설치하지 못했습니다. 9NMPJ99VJBWV-Microsoft.YourPhone.","20","1",,"2","1","13","-9223372036854775768","8795","Microsoft-Windows-WindowsUpdateClient","945a8954-c147-4acd-923f-40c45405a658","System","16012","13884","DT","S-1-5-18","3/29/2025 4:05:09 PM","345674ed-9577-0013-e0fd-66347795db01",,"c:\users\zinpi\desktop\251215_sys.evtx","System.UInt32[]","System.Diagnostics.Eventing.Reader.EventBookmark","오류","설치","Windows 업데이트 에이전트","System.Collections.ObjectModel.ReadOnlyCollection`1[System.String]","System.Collections.Generic.List`1[System.Diagnostics.Eventing.Reader.EventProperty]"
"응용 프로그램별 권한 설정에서 CLSID가 
{6B3B8D23-FA8D-40B9-8DBD-B950333E2C52}
이고 APPID가 
{4839DDB7-58C2-48F5-8283-E1D1807D0D7D}
인 COM 서버 응용 프로그램에 대한 로컬 활성화 사용 권한을 응용 프로그램 컨테이너 사용할 수 없음 SID(사용할 수 없음)에서 실행 중인 주소 LocalHost(LRPC 사용)의 사용자 NT AUTHORITY\LOCAL SERVICE SID(S-1-5-19)에게 부여하지 않았습니다. 구성 요소 서비스 관리 도구를 사용하여 이 보안 권한을 수정할 수 있습니다.","10016","0","0","3","0","0","-9187343239835811840","8760","Microsoft-Windows-DistributedCOM","1b562e86-b7aa-4131-badc-b6f3a001407e","System","1636","15300","DT","S-1-5-19","3/29/2025 3:53:51 PM",,,"c:\users\zinpi\desktop\251215_sys.evtx","System.UInt32[]","System.Diagnostics.Eventing.Reader.EventBookmark","경고","정보",,"System.Collections.ObjectModel.ReadOnlyCollection`1[System.String]","System.Collections.Generic.List`1[System.Diagnostics.Eventing.Reader.EventProperty]"
"응용 프로그램별 권한 설정에서 CLSID가 
{6B3B8D23-FA8D-40B9-8DBD-B950333E2C52}
이고 APPID가 
{4839DDB7-58C2-48F5-8283-E1D1807D0D7D}
인 COM 서버 응용 프로그램에 대한 로컬 활성화 사용 권한을 응용 프로그램 컨테이너 사용할 수 없음 SID(사용할 수 없음)에서 실행 중인 주소 LocalHost(LRPC 사용)의 사용자 NT AUTHORITY\LOCAL SERVICE SID(S-1-5-19)에게 부여하지 않았습니다. 구성 요소 서비스 관리 도구를 사용하여 이 보안 권한을 수정할 수 있습니다.","10016","0","0","3","0","0","-9187343239835811840","8759","Microsoft-Windows-DistributedCOM","1b562e86-b7aa-4131-badc-b6f3a001407e","System","1636","17200","DT","S-1-5-19","3/29/2025 3:53:51 PM",,,"c:\users\zinpi\desktop\251215_sys.evtx","System.UInt32[]","System.Diagnostics.Eventing.Reader.EventBookmark","경고","정보",,"System.Collections.ObjectModel.ReadOnlyCollection`1[System.String]","System.Collections.Generic.List`1[System.Diagnostics.Eventing.Reader.EventProperty]"
"Intel(R) Ethernet Controller (3) I225-V
 네트워크 링크가 분리되었습니다.
","27","0","40964","3","0","0","36028797018963968","8743","e2fexpress",,"System","4","19028","DT",,"3/29/2025 3:53:48 PM",,,"c:\users\zinpi\desktop\251215_sys.evtx","System.UInt32[]","System.Diagnostics.Eventing.Reader.EventBookmark","경고",,"없음","System.Collections.ObjectModel.ReadOnlyCollection`1[System.String]","System.Collections.Generic.List`1[System.Diagnostics.Eventing.Reader.EventProperty]"
"PICO Streaming Service 서비스가 예기치 않게 1번 종료되었습니다. 1000밀리초 안에 다음 수정 작업을 합니다. 서비스 다시 시작.","7031","0","49152","2","0","0","-9187343239835811840","8736","Service Control Manager","555908d1-a6d7-4695-8e1e-26931d2012f4","System","1284","14872","DT",,"3/29/2025 9:05:08 AM",,,"c:\users\zinpi\desktop\251215_sys.evtx","System.UInt32[]","System.Diagnostics.Eventing.Reader.EventBookmark","오류",,,"System.Collections.ObjectModel.ReadOnlyCollection`1[System.String]","System.Collections.Generic.List`1[System.Diagnostics.Eventing.Reader.EventProperty]"
"응용 프로그램별 권한 설정에서 CLSID가 
{2593F8B9-4EAF-457C-B68A-50F6B8EA6B54}
이고 APPID가 
{15C20B67-12E7-4BB6-92BB-7AFF07997402}
인 COM 서버 응용 프로그램에 대한 로컬 활성화 사용 권한을 응용 프로그램 컨테이너 사용할 수 없음 SID(사용할 수 없음)에서 실행 중인 주소 LocalHost(LRPC 사용)의 사용자 DT\zinpi SID(S-1-5-21-3843888092-660805983-3388631941-1001)에게 부여하지 않았습니다. 구성 요소 서비스 관리 도구를 사용하여 이 보안 권한을 수정할 수 있습니다.","10016","0","0","3","0","0","-9187343239835811840","8728","Microsoft-Windows-DistributedCOM","1b562e86-b7aa-4131-badc-b6f3a001407e","System","1636","16300","DT","S-1-5-21-3843888092-660805983-3388631941-1001","3/29/2025 7:40:31 AM","345674ed-9577-0000-b20b-ee347795db01",,"c:\users\zinpi\desktop\251215_sys.evtx","System.UInt32[]","System.Diagnostics.Eventing.Reader.EventBookmark","경고","정보",,"System.Collections.ObjectModel.ReadOnlyCollection`1[System.String]","System.Collections.Generic.List`1[System.Diagnostics.Eventing.Reader.EventProperty]"
"응용 프로그램별 권한 설정에서 CLSID가 
{2593F8B9-4EAF-457C-B68A-50F6B8EA6B54}
이고 APPID가 
{15C20B67-12E7-4BB6-92BB-7AFF07997402}
인 COM 서버 응용 프로그램에 대한 로컬 활성화 사용 권한을 응용 프로그램 컨테이너 MicrosoftWindows.Client.WebExperience_525.5100.30.0_x64__cw5n1h2txyewy SID(사용할 수 없음)에서 실행 중인 주소 LocalHost(LRPC 사용)의 사용자 DT\zinpi SID(S-1-5-21-3843888092-660805983-3388631941-1001)에게 부여하지 않았습니다. 구성 요소 서비스 관리 도구를 사용하여 이 보안 권한을 수정할 수 있습니다.","10016","0","0","3","0","0","-9187343239835811840","8722","Microsoft-Windows-DistributedCOM","1b562e86-b7aa-4131-badc-b6f3a001407e","System","1636","18996","DT","S-1-5-21-3843888092-660805983-3388631941-1001","3/29/2025 7:17:12 AM","345674ed-9577-0010-e6c0-66347795db01",,"c:\users\zinpi\desktop\251215_sys.evtx","System.UInt32[]","System.Diagnostics.Eventing.Reader.EventBookmark","경고","정보",,"System.Collections.ObjectModel.ReadOnlyCollection`1[System.String]","System.Collections.Generic.List`1[System.Diagnostics.Eventing.Reader.EventProperty]"
"드라이버가 이 HID 키보드에 불량 펌웨어가 있는 것을 검색했습니다. 중복 보고서 패킷을 전송하고 있습니다.","1","0","32773","3","0","0","36028797018963968","8721","kbdhid",,"System","4","11160","DT",,"3/29/2025 7:17:01 AM",,,"c:\users\zinpi\desktop\251215_sys.evtx","System.UInt32[]","System.Diagnostics.Eventing.Reader.EventBookmark","경고",,"없음","System.Collections.ObjectModel.ReadOnlyCollection`1[System.String]","System.Collections.Generic.List`1[System.Diagnostics.Eventing.Reader.EventProperty]"
"ACPI Time 및 Alarm Device 메서드를 평가하지 못했기 때문에 하드웨어 실시간 시계가 설정되지 않았습니다.  상태: 0xC0000001.","21","0",,"2","0","0","-9223372036854775808","8715","Microsoft-Windows-HAL","63d1e632-95cc-4443-9312-af927761d52a","System","9968","6392","DT","S-1-5-19","3/29/2025 7:14:19 AM",,,"c:\users\zinpi\desktop\251215_sys.evtx","System.UInt32[]","System.Diagnostics.Eventing.Reader.EventBookmark","오류","정보",,"System.Collections.ObjectModel.ReadOnlyCollection`1[System.String]","System.Collections.Generic.List`1[System.Diagnostics.Eventing.Reader.EventProperty]"
"ACPI Time 및 Alarm Device 메서드를 평가하지 못했기 때문에 하드웨어 실시간 시계가 설정되지 않았습니다.  상태: 0xC0000001.","21","0",,"2","0","0","-9223372036854775808","8712","Microsoft-Windows-HAL","63d1e632-95cc-4443-9312-af927761d52a","System","9968","6392","DT","S-1-5-19","3/29/2025 7:14:19 AM",,,"c:\users\zinpi\desktop\251215_sys.evtx","System.UInt32[]","System.Diagnostics.Eventing.Reader.EventBookmark","오류","정보",,"System.Collections.ObjectModel.ReadOnlyCollection`1[System.String]","System.Collections.Generic.List`1[System.Diagnostics.Eventing.Reader.EventProperty]"
,"6062","0","32768","3","0","0","36028797018963968","8705","Netwtw14",,"System","4","3588","DT",,"3/29/2025 7:13:51 AM",,,"c:\users\zinpi\desktop\251215_sys.evtx","System.UInt32[]","System.Diagnostics.Eventing.Reader.EventBookmark","경고",,"없음","System.Collections.ObjectModel.ReadOnlyCollection`1[System.String]","System.Collections.Generic.List`1[System.Diagnostics.Eventing.Reader.EventProperty]"
"응용 프로그램별 권한 설정에서 CLSID가 
{6B3B8D23-FA8D-40B9-8DBD-B950333E2C52}
이고 APPID가 
{4839DDB7-58C2-48F5-8283-E1D1807D0D7D}
인 COM 서버 응용 프로그램에 대한 로컬 활성화 사용 권한을 응용 프로그램 컨테이너 사용할 수 없음 SID(사용할 수 없음)에서 실행 중인 주소 LocalHost(LRPC 사용)의 사용자 NT AUTHORITY\LOCAL SERVICE SID(S-1-5-19)에게 부여하지 않았습니다. 구성 요소 서비스 관리 도구를 사용하여 이 보안 권한을 수정할 수 있습니다.","10016","0","0","3","0","0","-9187343239835811840","8699","Microsoft-Windows-DistributedCOM","1b562e86-b7aa-4131-badc-b6f3a001407e","System","1636","11536","DT","S-1-5-19","3/29/2025 7:13:47 AM",,,"c:\users\zinpi\desktop\251215_sys.evtx","System.UInt32[]","System.Diagnostics.Eventing.Reader.EventBookmark","경고","정보",,"System.Collections.ObjectModel.ReadOnlyCollection`1[System.String]","System.Collections.Generic.List`1[System.Diagnostics.Eventing.Reader.EventProperty]"
"응용 프로그램별 권한 설정에서 CLSID가 
{6B3B8D23-FA8D-40B9-8DBD-B950333E2C52}
이고 APPID가 
{4839DDB7-58C2-48F5-8283-E1D1807D0D7D}
인 COM 서버 응용 프로그램에 대한 로컬 활성화 사용 권한을 응용 프로그램 컨테이너 사용할 수 없음 SID(사용할 수 없음)에서 실행 중인 주소 LocalHost(LRPC 사용)의 사용자 NT AUTHORITY\LOCAL SERVICE SID(S-1-5-19)에게 부여하지 않았습니다. 구성 요소 서비스 관리 도구를 사용하여 이 보안 권한을 수정할 수 있습니다.","10016","0","0","3","0","0","-9187343239835811840","8698","Microsoft-Windows-DistributedCOM","1b562e86-b7aa-4131-badc-b6f3a001407e","System","1636","11536","DT","S-1-5-19","3/29/2025 7:13:47 AM",,,"c:\users\zinpi\desktop\251215_sys.evtx","System.UInt32[]","System.Diagnostics.Eventing.Reader.EventBookmark","경고","정보",,"System.Collections.ObjectModel.ReadOnlyCollection`1[System.String]","System.Collections.Generic.List`1[System.Diagnostics.Eventing.Reader.EventProperty]"
"NtpClient는 'time.windows.com,0x9'의 DNS 확인 오류로 인해 시간 원본으로 사용할 수동 피어를 설정하지 못했습니다. NtpClient는 15분 내에 다시 시도하고 그 후로는 재시도 간격을 두 배로 합니다. 오류: 알려진 호스트가 없습니다. (0x80072AF9)","134","0",,"3","0","0","-9223372036854775808","8690","Microsoft-Windows-Time-Service","06edcfeb-0fd0-4e53-acca-a6f8bbf81bcb","System","9968","11172","DT","S-1-5-19","3/29/2025 7:13:45 AM",,,"c:\users\zinpi\desktop\251215_sys.evtx","System.UInt32[]","System.Diagnostics.Eventing.Reader.EventBookmark","경고","정보",,"System.Collections.ObjectModel.ReadOnlyCollection`1[System.String]","System.Collections.Generic.List`1[System.Diagnostics.Eventing.Reader.EventProperty]"
"Intel(R) Ethernet Controller (3) I225-V
 네트워크 링크가 분리되었습니다.
","27","0","40964","3","0","0","36028797018963968","8679","e2fexpress",,"System","4","3240","DT",,"3/29/2025 7:13:44 AM",,,"c:\users\zinpi\desktop\251215_sys.evtx","System.UInt32[]","System.Diagnostics.Eventing.Reader.EventBookmark","경고",,"없음","System.Collections.ObjectModel.ReadOnlyCollection`1[System.String]","System.Collections.Generic.List`1[System.Diagnostics.Eventing.Reader.EventProperty]"
"ACPI Time 및 Alarm Device 메서드를 평가하지 못했기 때문에 하드웨어 실시간 시계가 설정되지 않았습니다.  상태: 0xC0000001.","21","0",,"2","0","0","-9223372036854775808","8672","Microsoft-Windows-HAL","63d1e632-95cc-4443-9312-af927761d52a","System","9968","4368","DT","S-1-5-19","3/24/2025 3:33:46 AM",,,"c:\users\zinpi\desktop\251215_sys.evtx","System.UInt32[]","System.Diagnostics.Eventing.Reader.EventBookmark","오류","정보",,"System.Collections.ObjectModel.ReadOnlyCollection`1[System.String]","System.Collections.Generic.List`1[System.Diagnostics.Eventing.Reader.EventProperty]"
"PICO Streaming Service 서비스가 예기치 않게 1번 종료되었습니다. 1000밀리초 안에 다음 수정 작업을 합니다. 서비스 다시 시작.","7031","0","49152","2","0","0","-9187343239835811840","8668","Service Control Manager","555908d1-a6d7-4695-8e1e-26931d2012f4","System","1284","15248","DT",,"3/24/2025 3:33:45 AM",,,"c:\users\zinpi\desktop\251215_sys.evtx","System.UInt32[]","System.Diagnostics.Eventing.Reader.EventBookmark","오류",,,"System.Collections.ObjectModel.ReadOnlyCollection`1[System.String]","System.Collections.Generic.List`1[System.Diagnostics.Eventing.Reader.EventProperty]"
"레지스트리에서 시작한 I/O 작업에 복구할 수 없는 오류가 발생했습니다. 레지스트리가 '\??\GLOBALROOT\Device\HarddiskVolumeShadowCopy6\WINDOWS\System32\config\SYSTEM' 하이브(파일)를 플러시하지 못했습니다.","6","0",,"2","0","0","-9223372036854775808","8648","Microsoft-Windows-Kernel-General","a68ca8b7-004f-d7b6-a698-07e2de0f1f5d","System","4","16064","DT","S-1-5-18","3/24/2025 12:26:14 AM",,,"c:\users\zinpi\desktop\251215_sys.evtx","System.UInt32[]","System.Diagnostics.Eventing.Reader.EventBookmark","오류","정보",,"System.Collections.ObjectModel.ReadOnlyCollection`1[System.String]","System.Collections.Generic.List`1[System.Diagnostics.Eventing.Reader.EventProperty]"
"응용 프로그램별 권한 설정에서 CLSID가 
{2593F8B9-4EAF-457C-B68A-50F6B8EA6B54}
이고 APPID가 
{15C20B67-12E7-4BB6-92BB-7AFF07997402}
인 COM 서버 응용 프로그램에 대한 로컬 활성화 사용 권한을 응용 프로그램 컨테이너 사용할 수 없음 SID(사용할 수 없음)에서 실행 중인 주소 LocalHost(LRPC 사용)의 사용자 DT\zinpi SID(S-1-5-21-3843888092-660805983-3388631941-1001)에게 부여하지 않았습니다. 구성 요소 서비스 관리 도구를 사용하여 이 보안 권한을 수정할 수 있습니다.","10016","0","0","3","0","0","-9187343239835811840","8642","Microsoft-Windows-DistributedCOM","1b562e86-b7aa-4131-badc-b6f3a001407e","System","1636","17668","DT","S-1-5-21-3843888092-660805983-3388631941-1001","3/24/2025 12:07:18 AM","345674ed-9577-0002-ce48-ee347795db01",,"c:\users\zinpi\desktop\251215_sys.evtx","System.UInt32[]","System.Diagnostics.Eventing.Reader.EventBookmark","경고","정보",,"System.Collections.ObjectModel.ReadOnlyCollection`1[System.String]","System.Collections.Generic.List`1[System.Diagnostics.Eventing.Reader.EventProperty]"
"응용 프로그램별 권한 설정에서 CLSID가 
{2593F8B9-4EAF-457C-B68A-50F6B8EA6B54}
이고 APPID가 
{15C20B67-12E7-4BB6-92BB-7AFF07997402}
인 COM 서버 응용 프로그램에 대한 로컬 활성화 사용 권한을 응용 프로그램 컨테이너 MicrosoftWindows.Client.WebExperience_525.5100.30.0_x64__cw5n1h2txyewy SID(사용할 수 없음)에서 실행 중인 주소 LocalHost(LRPC 사용)의 사용자 DT\zinpi SID(S-1-5-21-3843888092-660805983-3388631941-1001)에게 부여하지 않았습니다. 구성 요소 서비스 관리 도구를 사용하여 이 보안 권한을 수정할 수 있습니다.","10016","0","0","3","0","0","-9187343239835811840","8641","Microsoft-Windows-DistributedCOM","1b562e86-b7aa-4131-badc-b6f3a001407e","System","1636","6032","DT","S-1-5-21-3843888092-660805983-3388631941-1001","3/24/2025 12:05:22 AM","345674ed-9577-0011-6e5e-65347795db01",,"c:\users\zinpi\desktop\251215_sys.evtx","System.UInt32[]","System.Diagnostics.Eventing.Reader.EventBookmark","경고","정보",,"System.Collections.ObjectModel.ReadOnlyCollection`1[System.String]","System.Collections.Generic.List`1[System.Diagnostics.Eventing.Reader.EventProperty]"
"응용 프로그램별 권한 설정에서 CLSID가 
{6B3B8D23-FA8D-40B9-8DBD-B950333E2C52}
이고 APPID가 
{4839DDB7-58C2-48F5-8283-E1D1807D0D7D}
인 COM 서버 응용 프로그램에 대한 로컬 활성화 사용 권한을 응용 프로그램 컨테이너 사용할 수 없음 SID(사용할 수 없음)에서 실행 중인 주소 LocalHost(LRPC 사용)의 사용자 NT AUTHORITY\LOCAL SERVICE SID(S-1-5-19)에게 부여하지 않았습니다. 구성 요소 서비스 관리 도구를 사용하여 이 보안 권한을 수정할 수 있습니다.","10016","0","0","3","0","0","-9187343239835811840","8618","Microsoft-Windows-DistributedCOM","1b562e86-b7aa-4131-badc-b6f3a001407e","System","1636","9612","DT","S-1-5-19","3/24/2025 12:04:01 AM",,,"c:\users\zinpi\desktop\251215_sys.evtx","System.UInt32[]","System.Diagnostics.Eventing.Reader.EventBookmark","경고","정보",,"System.Collections.ObjectModel.ReadOnlyCollection`1[System.String]","System.Collections.Generic.List`1[System.Diagnostics.Eventing.Reader.EventProperty]"
"응용 프로그램별 권한 설정에서 CLSID가 
{6B3B8D23-FA8D-40B9-8DBD-B950333E2C52}
이고 APPID가 
{4839DDB7-58C2-48F5-8283-E1D1807D0D7D}
인 COM 서버 응용 프로그램에 대한 로컬 활성화 사용 권한을 응용 프로그램 컨테이너 사용할 수 없음 SID(사용할 수 없음)에서 실행 중인 주소 LocalHost(LRPC 사용)의 사용자 NT AUTHORITY\LOCAL SERVICE SID(S-1-5-19)에게 부여하지 않았습니다. 구성 요소 서비스 관리 도구를 사용하여 이 보안 권한을 수정할 수 있습니다.","10016","0","0","3","0","0","-9187343239835811840","8617","Microsoft-Windows-DistributedCOM","1b562e86-b7aa-4131-badc-b6f3a001407e","System","1636","17700","DT","S-1-5-19","3/24/2025 12:04:01 AM",,,"c:\users\zinpi\desktop\251215_sys.evtx","System.UInt32[]","System.Diagnostics.Eventing.Reader.EventBookmark","경고","정보",,"System.Collections.ObjectModel.ReadOnlyCollection`1[System.String]","System.Collections.Generic.List`1[System.Diagnostics.Eventing.Reader.EventProperty]"
"NtpClient는 'time.windows.com,0x9'의 DNS 확인 오류로 인해 시간 원본으로 사용할 수동 피어를 설정하지 못했습니다. NtpClient는 15분 내에 다시 시도하고 그 후로는 재시도 간격을 두 배로 합니다. 오류: 알려진 호스트가 없습니다. (0x80072AF9)","134","0",,"3","0","0","-9223372036854775808","8612","Microsoft-Windows-Time-Service","06edcfeb-0fd0-4e53-acca-a6f8bbf81bcb","System","9968","11172","DT","S-1-5-19","3/24/2025 12:04:00 AM",,,"c:\users\zinpi\desktop\251215_sys.evtx","System.UInt32[]","System.Diagnostics.Eventing.Reader.EventBookmark","경고","정보",,"System.Collections.ObjectModel.ReadOnlyCollection`1[System.String]","System.Collections.Generic.List`1[System.Diagnostics.Eventing.Reader.EventProperty]"
"Intel(R) Ethernet Controller (3) I225-V
 네트워크 링크가 분리되었습니다.
","27","0","40964","3","0","0","36028797018963968","8601","e2fexpress",,"System","4","7940","DT",,"3/24/2025 12:03:59 AM",,,"c:\users\zinpi\desktop\251215_sys.evtx","System.UInt32[]","System.Diagnostics.Eventing.Reader.EventBookmark","경고",,"없음","System.Collections.ObjectModel.ReadOnlyCollection`1[System.String]","System.Collections.Generic.List`1[System.Diagnostics.Eventing.Reader.EventProperty]"
"PICO Streaming Service 서비스가 예기치 않게 1번 종료되었습니다. 1000밀리초 안에 다음 수정 작업을 합니다. 서비스 다시 시작.","7031","0","49152","2","0","0","-9187343239835811840","8594","Service Control Manager","555908d1-a6d7-4695-8e1e-26931d2012f4","System","1284","2956","DT",,"3/23/2025 10:17:14 PM",,,"c:\users\zinpi\desktop\251215_sys.evtx","System.UInt32[]","System.Diagnostics.Eventing.Reader.EventBookmark","오류",,,"System.Collections.ObjectModel.ReadOnlyCollection`1[System.String]","System.Collections.Generic.List`1[System.Diagnostics.Eventing.Reader.EventProperty]"
"구성된 DNS 서버 중 응답한 서버가 없으면 이름 t-ring-fdv2.msedge.net 이름 확인 시간이 초과되었습니다. 클라이언트 PID 2776.","1014","1",,"3","1014","0","4611686018695823360","8567","Microsoft-Windows-DNS-Client","1c95126e-7eea-49a9-a3fe-a378b03ddb4d","System","2744","14432","DT","S-1-5-20","3/23/2025 7:24:38 PM",,,"c:\users\zinpi\desktop\251215_sys.evtx","System.UInt32[]","System.Diagnostics.Eventing.Reader.EventBookmark","경고","정보",,"System.Collections.ObjectModel.ReadOnlyCollection`1[System.String]","System.Collections.Generic.List`1[System.Diagnostics.Eventing.Reader.EventProperty]"
"드라이버가 이 HID 키보드에 불량 펌웨어가 있는 것을 검색했습니다. 중복 보고서 패킷을 전송하고 있습니다.","1","0","32773","3","0","0","36028797018963968","8559","kbdhid",,"System","4","14700","DT",,"3/23/2025 7:22:30 PM",,,"c:\users\zinpi\desktop\251215_sys.evtx","System.UInt32[]","System.Diagnostics.Eventing.Reader.EventBookmark","경고",,"없음","System.Collections.ObjectModel.ReadOnlyCollection`1[System.String]","System.Collections.Generic.List`1[System.Diagnostics.Eventing.Reader.EventProperty]"
"장치 연결 실패 - 행사 열거.","3505","0",,"2","7000","0","4611686018427387922","8557","Microsoft-Windows-DeviceAssociationService","56c71c31-cfbd-4cdd-8559-505e042bbbe1","System","2852","12900","DT","S-1-5-18","3/23/2025 7:21:45 PM","345674ed-9577-0009-3ebb-63347795db01",,"c:\users\zinpi\desktop\251215_sys.evtx","System.UInt32[]","System.Diagnostics.Eventing.Reader.EventBookmark","오류","정보",,"System.Collections.ObjectModel.ReadOnlyCollection`1[System.String]","System.Collections.Generic.List`1[System.Diagnostics.Eventing.Reader.EventProperty]"
"장치 연결 실패 - 행사 열거.","3505","0",,"2","7000","0","4611686018427387922","8556","Microsoft-Windows-DeviceAssociationService","56c71c31-cfbd-4cdd-8559-505e042bbbe1","System","2852","11772","DT","S-1-5-18","3/23/2025 7:21:45 PM","345674ed-9577-000c-4c4a-7e347795db01",,"c:\users\zinpi\desktop\251215_sys.evtx","System.UInt32[]","System.Diagnostics.Eventing.Reader.EventBookmark","오류","정보",,"System.Collections.ObjectModel.ReadOnlyCollection`1[System.String]","System.Collections.Generic.List`1[System.Diagnostics.Eventing.Reader.EventProperty]"
"드라이버가 이 HID 키보드에 불량 펌웨어가 있는 것을 검색했습니다. 중복 보고서 패킷을 전송하고 있습니다.","1","0","32773","3","0","0","36028797018963968","8553","kbdhid",,"System","4","17040","DT",,"3/23/2025 7:20:35 PM",,,"c:\users\zinpi\desktop\251215_sys.evtx","System.UInt32[]","System.Diagnostics.Eventing.Reader.EventBookmark","경고",,"없음","System.Collections.ObjectModel.ReadOnlyCollection`1[System.String]","System.Collections.Generic.List`1[System.Diagnostics.Eventing.Reader.EventProperty]"
"응용 프로그램별 권한 설정에서 CLSID가 
{2593F8B9-4EAF-457C-B68A-50F6B8EA6B54}
이고 APPID가 
{15C20B67-12E7-4BB6-92BB-7AFF07997402}
인 COM 서버 응용 프로그램에 대한 로컬 활성화 사용 권한을 응용 프로그램 컨테이너 MicrosoftWindows.Client.WebExperience_525.5100.30.0_x64__cw5n1h2txyewy SID(사용할 수 없음)에서 실행 중인 주소 LocalHost(LRPC 사용)의 사용자 DT\zinpi SID(S-1-5-21-3843888092-660805983-3388631941-1001)에게 부여하지 않았습니다. 구성 요소 서비스 관리 도구를 사용하여 이 보안 권한을 수정할 수 있습니다.","10016","0","0","3","0","0","-9187343239835811840","8550","Microsoft-Windows-DistributedCOM","1b562e86-b7aa-4131-badc-b6f3a001407e","System","1636","2424","DT","S-1-5-21-3843888092-660805983-3388631941-1001","3/23/2025 7:20:22 PM","345674ed-9577-0011-b9a7-63347795db01",,"c:\users\zinpi\desktop\251215_sys.evtx","System.UInt32[]","System.Diagnostics.Eventing.Reader.EventBookmark","경고","정보",,"System.Collections.ObjectModel.ReadOnlyCollection`1[System.String]","System.Collections.Generic.List`1[System.Diagnostics.Eventing.Reader.EventProperty]"
"응용 프로그램별 권한 설정에서 CLSID가 
{6B3B8D23-FA8D-40B9-8DBD-B950333E2C52}
이고 APPID가 
{4839DDB7-58C2-48F5-8283-E1D1807D0D7D}
인 COM 서버 응용 프로그램에 대한 로컬 활성화 사용 권한을 응용 프로그램 컨테이너 사용할 수 없음 SID(사용할 수 없음)에서 실행 중인 주소 LocalHost(LRPC 사용)의 사용자 NT AUTHORITY\LOCAL SERVICE SID(S-1-5-19)에게 부여하지 않았습니다. 구성 요소 서비스 관리 도구를 사용하여 이 보안 권한을 수정할 수 있습니다.","10016","0","0","3","0","0","-9187343239835811840","8546","Microsoft-Windows-DistributedCOM","1b562e86-b7aa-4131-badc-b6f3a001407e","System","1636","2960","DT","S-1-5-19","3/23/2025 7:19:53 PM",,,"c:\users\zinpi\desktop\251215_sys.evtx","System.UInt32[]","System.Diagnostics.Eventing.Reader.EventBookmark","경고","정보",,"System.Collections.ObjectModel.ReadOnlyCollection`1[System.String]","System.Collections.Generic.List`1[System.Diagnostics.Eventing.Reader.EventProperty]"
"응용 프로그램별 권한 설정에서 CLSID가 
{6B3B8D23-FA8D-40B9-8DBD-B950333E2C52}
이고 APPID가 
{4839DDB7-58C2-48F5-8283-E1D1807D0D7D}
인 COM 서버 응용 프로그램에 대한 로컬 활성화 사용 권한을 응용 프로그램 컨테이너 사용할 수 없음 SID(사용할 수 없음)에서 실행 중인 주소 LocalHost(LRPC 사용)의 사용자 NT AUTHORITY\LOCAL SERVICE SID(S-1-5-19)에게 부여하지 않았습니다. 구성 요소 서비스 관리 도구를 사용하여 이 보안 권한을 수정할 수 있습니다.","10016","0","0","3","0","0","-9187343239835811840","8545","Microsoft-Windows-DistributedCOM","1b562e86-b7aa-4131-badc-b6f3a001407e","System","1636","4988","DT","S-1-5-19","3/23/2025 7:19:53 PM",,,"c:\users\zinpi\desktop\251215_sys.evtx","System.UInt32[]","System.Diagnostics.Eventing.Reader.EventBookmark","경고","정보",,"System.Collections.ObjectModel.ReadOnlyCollection`1[System.String]","System.Collections.Generic.List`1[System.Diagnostics.Eventing.Reader.EventProperty]"
"드라이버가 이 HID 키보드에 불량 펌웨어가 있는 것을 검색했습니다. 중복 보고서 패킷을 전송하고 있습니다.","1","0","32773","3","0","0","36028797018963968","8543","kbdhid",,"System","4","15144","DT",,"3/23/2025 7:19:40 PM",,,"c:\users\zinpi\desktop\251215_sys.evtx","System.UInt32[]","System.Diagnostics.Eventing.Reader.EventBookmark","경고",,"없음","System.Collections.ObjectModel.ReadOnlyCollection`1[System.String]","System.Collections.Generic.List`1[System.Diagnostics.Eventing.Reader.EventProperty]"
"Intel(R) Ethernet Controller (3) I225-V
 네트워크 링크가 분리되었습니다.
","27","0","40964","3","0","0","36028797018963968","8527","e2fexpress",,"System","4","1340","DT",,"3/23/2025 7:14:27 PM",,,"c:\users\zinpi\desktop\251215_sys.evtx","System.UInt32[]","System.Diagnostics.Eventing.Reader.EventBookmark","경고",,"없음","System.Collections.ObjectModel.ReadOnlyCollection`1[System.String]","System.Collections.Generic.List`1[System.Diagnostics.Eventing.Reader.EventProperty]"
"PICO Streaming Service 서비스가 예기치 않게 2번 종료되었습니다. 1000밀리초 안에 다음 수정 작업을 합니다. 서비스 다시 시작.","7031","0","49152","2","0","0","-9187343239835811840","8519","Service Control Manager","555908d1-a6d7-4695-8e1e-26931d2012f4","System","1284","17276","DT",,"3/23/2025 7:13:55 PM",,,"c:\users\zinpi\desktop\251215_sys.evtx","System.UInt32[]","System.Diagnostics.Eventing.Reader.EventBookmark","오류",,,"System.Collections.ObjectModel.ReadOnlyCollection`1[System.String]","System.Collections.Generic.List`1[System.Diagnostics.Eventing.Reader.EventProperty]"
"PICO Streaming Service 서비스가 예기치 않게 1번 종료되었습니다. 1000밀리초 안에 다음 수정 작업을 합니다. 서비스 다시 시작.","7031","0","49152","2","0","0","-9187343239835811840","8518","Service Control Manager","555908d1-a6d7-4695-8e1e-26931d2012f4","System","1284","11896","DT",,"3/23/2025 7:13:53 PM",,,"c:\users\zinpi\desktop\251215_sys.evtx","System.UInt32[]","System.Diagnostics.Eventing.Reader.EventBookmark","오류",,,"System.Collections.ObjectModel.ReadOnlyCollection`1[System.String]","System.Collections.Generic.List`1[System.Diagnostics.Eventing.Reader.EventProperty]"
"
Windows.Media.Capture.Internal.AppCaptureShell 서버를 실행하기 위해 ""사용할 수 없음"" 인수를 사용하여 BcastDVRUserService_10bea25d 서비스를 시작하는 동안 DCOM에 ""1053"" 오류가 발생했습니다.","10005","0","0","2","0","0","-9187343239835811840","8517","Microsoft-Windows-DistributedCOM","1b562e86-b7aa-4131-badc-b6f3a001407e","System","1448","15976","DT","S-1-5-21-3843888092-660805983-3388631941-1001","3/23/2025 7:13:52 PM",,,"c:\users\zinpi\desktop\251215_sys.evtx","System.UInt32[]","System.Diagnostics.Eventing.Reader.EventBookmark","오류","정보",,"System.Collections.ObjectModel.ReadOnlyCollection`1[System.String]","System.Collections.Generic.List`1[System.Diagnostics.Eventing.Reader.EventProperty]"
"다음 오류로 인해 GameDVR 및 브로드캐스트 사용자 서비스_10bea25d 서비스를 시작하지 못했습니다. 
서비스가 시작이나 제어 요청에 빠르게 응답하지 않았습니다.","7000","0","49152","2","0","0","-9187343239835811840","8516","Service Control Manager","555908d1-a6d7-4695-8e1e-26931d2012f4","System","1284","11896","DT",,"3/23/2025 7:13:52 PM",,,"c:\users\zinpi\desktop\251215_sys.evtx","System.UInt32[]","System.Diagnostics.Eventing.Reader.EventBookmark","오류",,,"System.Collections.ObjectModel.ReadOnlyCollection`1[System.String]","System.Collections.Generic.List`1[System.Diagnostics.Eventing.Reader.EventProperty]"
"GameDVR 및 브로드캐스트 사용자 서비스_10bea25d 서비스 연결을 기다리는 동안 제한 시간에 도달했습니다(30000밀리초).","7009","0","49152","2","0","0","-9187343239835811840","8515","Service Control Manager","555908d1-a6d7-4695-8e1e-26931d2012f4","System","1284","11896","DT",,"3/23/2025 7:13:52 PM",,,"c:\users\zinpi\desktop\251215_sys.evtx","System.UInt32[]","System.Diagnostics.Eventing.Reader.EventBookmark","오류",,,"System.Collections.ObjectModel.ReadOnlyCollection`1[System.String]","System.Collections.Generic.List`1[System.Diagnostics.Eventing.Reader.EventProperty]"
"선택한 로컬 끝점이 최근에 동일한 원격 끝점 연결에 사용되었기 때문에 TCP/IP에서 나가는 연결을 설정하지 못했습니다. 이 오류는 대개 나가는 연결이 매우 빠른 속도로 열리고 닫히기 때문에 사용할 수 있는 모든 로컬 포트가 사용되고 TCP/IP에서 나가는 연결에 로컬 포트를 다시 사용해야 하는 경우에 발생합니다. TCP/IP 표준에서는 데이터 손상 위험을 최소화하기 위해 지정된 로컬 끝점에서 지정된 원격 끝점으로 연속하여 연결할 때 최소 시간 간격을 두고 연결하도록 합니다.","4227","0","32768","3","0","0","36028797018963968","8504","Tcpip",,"System","4","18656","DT",,"3/23/2025 2:26:10 PM",,,"c:\users\zinpi\desktop\251215_sys.evtx","System.UInt32[]","System.Diagnostics.Eventing.Reader.EventBookmark","경고",,"없음","System.Collections.ObjectModel.ReadOnlyCollection`1[System.String]","System.Collections.Generic.List`1[System.Diagnostics.Eventing.Reader.EventProperty]"
"응용 프로그램별 권한 설정에서 CLSID가 
{2593F8B9-4EAF-457C-B68A-50F6B8EA6B54}
이고 APPID가 
{15C20B67-12E7-4BB6-92BB-7AFF07997402}
인 COM 서버 응용 프로그램에 대한 로컬 활성화 사용 권한을 응용 프로그램 컨테이너 사용할 수 없음 SID(사용할 수 없음)에서 실행 중인 주소 LocalHost(LRPC 사용)의 사용자 DT\zinpi SID(S-1-5-21-3843888092-660805983-3388631941-1001)에게 부여하지 않았습니다. 구성 요소 서비스 관리 도구를 사용하여 이 보안 권한을 수정할 수 있습니다.","10016","0","0","3","0","0","-9187343239835811840","8503","Microsoft-Windows-DistributedCOM","1b562e86-b7aa-4131-badc-b6f3a001407e","System","1636","5092","DT","S-1-5-21-3843888092-660805983-3388631941-1001","3/23/2025 2:24:31 PM","345674ed-9577-0002-8cd7-e5347795db01",,"c:\users\zinpi\desktop\251215_sys.evtx","System.UInt32[]","System.Diagnostics.Eventing.Reader.EventBookmark","경고","정보",,"System.Collections.ObjectModel.ReadOnlyCollection`1[System.String]","System.Collections.Generic.List`1[System.Diagnostics.Eventing.Reader.EventProperty]"
"ACPI Time 및 Alarm Device 메서드를 평가하지 못했기 때문에 하드웨어 실시간 시계가 설정되지 않았습니다.  상태: 0xC0000001.","21","0",,"2","0","0","-9223372036854775808","8484","Microsoft-Windows-HAL","63d1e632-95cc-4443-9312-af927761d52a","System","9968","6392","DT","S-1-5-19","3/23/2025 2:13:58 PM",,,"c:\users\zinpi\desktop\251215_sys.evtx","System.UInt32[]","System.Diagnostics.Eventing.Reader.EventBookmark","오류","정보",,"System.Collections.ObjectModel.ReadOnlyCollection`1[System.String]","System.Collections.Generic.List`1[System.Diagnostics.Eventing.Reader.EventProperty]"
"ACPI Time 및 Alarm Device 메서드를 평가하지 못했기 때문에 하드웨어 실시간 시계가 설정되지 않았습니다.  상태: 0xC0000001.","21","0",,"2","0","0","-9223372036854775808","8481","Microsoft-Windows-HAL","63d1e632-95cc-4443-9312-af927761d52a","System","9968","6392","DT","S-1-5-19","3/23/2025 2:13:58 PM",,,"c:\users\zinpi\desktop\251215_sys.evtx","System.UInt32[]","System.Diagnostics.Eventing.Reader.EventBookmark","오류","정보",,"System.Collections.ObjectModel.ReadOnlyCollection`1[System.String]","System.Collections.Generic.List`1[System.Diagnostics.Eventing.Reader.EventProperty]"
"응용 프로그램별 권한 설정에서 CLSID가 
{2593F8B9-4EAF-457C-B68A-50F6B8EA6B54}
이고 APPID가 
{15C20B67-12E7-4BB6-92BB-7AFF07997402}
인 COM 서버 응용 프로그램에 대한 로컬 활성화 사용 권한을 응용 프로그램 컨테이너 사용할 수 없음 SID(사용할 수 없음)에서 실행 중인 주소 LocalHost(LRPC 사용)의 사용자 DT\zinpi SID(S-1-5-21-3843888092-660805983-3388631941-1001)에게 부여하지 않았습니다. 구성 요소 서비스 관리 도구를 사용하여 이 보안 권한을 수정할 수 있습니다.","10016","0","0","3","0","0","-9187343239835811840","8477","Microsoft-Windows-DistributedCOM","1b562e86-b7aa-4131-badc-b6f3a001407e","System","1636","16460","DT","S-1-5-21-3843888092-660805983-3388631941-1001","3/23/2025 2:13:40 PM","345674ed-9577-0001-f3a8-80347795db01",,"c:\users\zinpi\desktop\251215_sys.evtx","System.UInt32[]","System.Diagnostics.Eventing.Reader.EventBookmark","경고","정보",,"System.Collections.ObjectModel.ReadOnlyCollection`1[System.String]","System.Collections.Generic.List`1[System.Diagnostics.Eventing.Reader.EventProperty]"
"응용 프로그램별 권한 설정에서 CLSID가 
{2593F8B9-4EAF-457C-B68A-50F6B8EA6B54}
이고 APPID가 
{15C20B67-12E7-4BB6-92BB-7AFF07997402}
인 COM 서버 응용 프로그램에 대한 로컬 활성화 사용 권한을 응용 프로그램 컨테이너 MicrosoftWindows.Client.WebExperience_525.5100.30.0_x64__cw5n1h2txyewy SID(사용할 수 없음)에서 실행 중인 주소 LocalHost(LRPC 사용)의 사용자 DT\zinpi SID(S-1-5-21-3843888092-660805983-3388631941-1001)에게 부여하지 않았습니다. 구성 요소 서비스 관리 도구를 사용하여 이 보안 권한을 수정할 수 있습니다.","10016","0","0","3","0","0","-9187343239835811840","8476","Microsoft-Windows-DistributedCOM","1b562e86-b7aa-4131-badc-b6f3a001407e","System","1636","10656","DT","S-1-5-21-3843888092-660805983-3388631941-1001","3/23/2025 2:13:39 PM","345674ed-9577-0010-4f20-61347795db01",,"c:\users\zinpi\desktop\251215_sys.evtx","System.UInt32[]","System.Diagnostics.Eventing.Reader.EventBookmark","경고","정보",,"System.Collections.ObjectModel.ReadOnlyCollection`1[System.String]","System.Collections.Generic.List`1[System.Diagnostics.Eventing.Reader.EventProperty]"
"응용 프로그램별 권한 설정에서 CLSID가 
{6B3B8D23-FA8D-40B9-8DBD-B950333E2C52}
이고 APPID가 
{4839DDB7-58C2-48F5-8283-E1D1807D0D7D}
인 COM 서버 응용 프로그램에 대한 로컬 활성화 사용 권한을 응용 프로그램 컨테이너 사용할 수 없음 SID(사용할 수 없음)에서 실행 중인 주소 LocalHost(LRPC 사용)의 사용자 NT AUTHORITY\LOCAL SERVICE SID(S-1-5-19)에게 부여하지 않았습니다. 구성 요소 서비스 관리 도구를 사용하여 이 보안 권한을 수정할 수 있습니다.","10016","0","0","3","0","0","-9187343239835811840","8448","Microsoft-Windows-DistributedCOM","1b562e86-b7aa-4131-badc-b6f3a001407e","System","1636","19572","DT","S-1-5-19","3/23/2025 2:13:07 PM",,,"c:\users\zinpi\desktop\251215_sys.evtx","System.UInt32[]","System.Diagnostics.Eventing.Reader.EventBookmark","경고","정보",,"System.Collections.ObjectModel.ReadOnlyCollection`1[System.String]","System.Collections.Generic.List`1[System.Diagnostics.Eventing.Reader.EventProperty]"
"응용 프로그램별 권한 설정에서 CLSID가 
{6B3B8D23-FA8D-40B9-8DBD-B950333E2C52}
이고 APPID가 
{4839DDB7-58C2-48F5-8283-E1D1807D0D7D}
인 COM 서버 응용 프로그램에 대한 로컬 활성화 사용 권한을 응용 프로그램 컨테이너 사용할 수 없음 SID(사용할 수 없음)에서 실행 중인 주소 LocalHost(LRPC 사용)의 사용자 NT AUTHORITY\LOCAL SERVICE SID(S-1-5-19)에게 부여하지 않았습니다. 구성 요소 서비스 관리 도구를 사용하여 이 보안 권한을 수정할 수 있습니다.","10016","0","0","3","0","0","-9187343239835811840","8447","Microsoft-Windows-DistributedCOM","1b562e86-b7aa-4131-badc-b6f3a001407e","System","1636","12224","DT","S-1-5-19","3/23/2025 2:13:07 PM",,,"c:\users\zinpi\desktop\251215_sys.evtx","System.UInt32[]","System.Diagnostics.Eventing.Reader.EventBookmark","경고","정보",,"System.Collections.ObjectModel.ReadOnlyCollection`1[System.String]","System.Collections.Generic.List`1[System.Diagnostics.Eventing.Reader.EventProperty]"
"NtpClient는 'time.windows.com,0x9'의 DNS 확인 오류로 인해 시간 원본으로 사용할 수동 피어를 설정하지 못했습니다. NtpClient는 15분 내에 다시 시도하고 그 후로는 재시도 간격을 두 배로 합니다. 오류: 알려진 호스트가 없습니다. (0x80072AF9)","134","0",,"3","0","0","-9223372036854775808","8440","Microsoft-Windows-Time-Service","06edcfeb-0fd0-4e53-acca-a6f8bbf81bcb","System","9968","11172","DT","S-1-5-19","3/23/2025 2:13:05 PM",,,"c:\users\zinpi\desktop\251215_sys.evtx","System.UInt32[]","System.Diagnostics.Eventing.Reader.EventBookmark","경고","정보",,"System.Collections.ObjectModel.ReadOnlyCollection`1[System.String]","System.Collections.Generic.List`1[System.Diagnostics.Eventing.Reader.EventProperty]"
"Intel(R) Ethernet Controller (3) I225-V
 네트워크 링크가 분리되었습니다.
","27","0","40964","3","0","0","36028797018963968","8431","e2fexpress",,"System","4","12036","DT",,"3/23/2025 2:13:04 PM",,,"c:\users\zinpi\desktop\251215_sys.evtx","System.UInt32[]","System.Diagnostics.Eventing.Reader.EventBookmark","경고",,"없음","System.Collections.ObjectModel.ReadOnlyCollection`1[System.String]","System.Collections.Generic.List`1[System.Diagnostics.Eventing.Reader.EventProperty]"
"ACPI Time 및 Alarm Device 메서드를 평가하지 못했기 때문에 하드웨어 실시간 시계가 설정되지 않았습니다.  상태: 0xC0000001.","21","0",,"2","0","0","-9223372036854775808","8425","Microsoft-Windows-HAL","63d1e632-95cc-4443-9312-af927761d52a","System","9968","4368","DT","S-1-5-19","3/20/2025 4:42:09 PM",,,"c:\users\zinpi\desktop\251215_sys.evtx","System.UInt32[]","System.Diagnostics.Eventing.Reader.EventBookmark","오류","정보",,"System.Collections.ObjectModel.ReadOnlyCollection`1[System.String]","System.Collections.Generic.List`1[System.Diagnostics.Eventing.Reader.EventProperty]"
"PICO Streaming Service 서비스가 예기치 않게 1번 종료되었습니다. 1000밀리초 안에 다음 수정 작업을 합니다. 서비스 다시 시작.","7031","0","49152","2","0","0","-9187343239835811840","8420","Service Control Manager","555908d1-a6d7-4695-8e1e-26931d2012f4","System","1284","14556","DT",,"3/20/2025 4:42:08 PM",,,"c:\users\zinpi\desktop\251215_sys.evtx","System.UInt32[]","System.Diagnostics.Eventing.Reader.EventBookmark","오류",,,"System.Collections.ObjectModel.ReadOnlyCollection`1[System.String]","System.Collections.Generic.List`1[System.Diagnostics.Eventing.Reader.EventProperty]"
"응용 프로그램별 권한 설정에서 CLSID가 
{2593F8B9-4EAF-457C-B68A-50F6B8EA6B54}
이고 APPID가 
{15C20B67-12E7-4BB6-92BB-7AFF07997402}
인 COM 서버 응용 프로그램에 대한 로컬 활성화 사용 권한을 응용 프로그램 컨테이너 사용할 수 없음 SID(사용할 수 없음)에서 실행 중인 주소 LocalHost(LRPC 사용)의 사용자 DT\zinpi SID(S-1-5-21-3843888092-660805983-3388631941-1001)에게 부여하지 않았습니다. 구성 요소 서비스 관리 도구를 사용하여 이 보안 권한을 수정할 수 있습니다.","10016","0","0","3","0","0","-9187343239835811840","8412","Microsoft-Windows-DistributedCOM","1b562e86-b7aa-4131-badc-b6f3a001407e","System","1636","19884","DT","S-1-5-21-3843888092-660805983-3388631941-1001","3/20/2025 11:29:45 AM","345674ed-9577-0002-8e5e-d0347795db01",,"c:\users\zinpi\desktop\251215_sys.evtx","System.UInt32[]","System.Diagnostics.Eventing.Reader.EventBookmark","경고","정보",,"System.Collections.ObjectModel.ReadOnlyCollection`1[System.String]","System.Collections.Generic.List`1[System.Diagnostics.Eventing.Reader.EventProperty]"
"응용 프로그램별 권한 설정에서 CLSID가 
{2593F8B9-4EAF-457C-B68A-50F6B8EA6B54}
이고 APPID가 
{15C20B67-12E7-4BB6-92BB-7AFF07997402}
인 COM 서버 응용 프로그램에 대한 로컬 활성화 사용 권한을 응용 프로그램 컨테이너 MicrosoftWindows.Client.WebExperience_525.5100.30.0_x64__cw5n1h2txyewy SID(사용할 수 없음)에서 실행 중인 주소 LocalHost(LRPC 사용)의 사용자 DT\zinpi SID(S-1-5-21-3843888092-660805983-3388631941-1001)에게 부여하지 않았습니다. 구성 요소 서비스 관리 도구를 사용하여 이 보안 권한을 수정할 수 있습니다.","10016","0","0","3","0","0","-9187343239835811840","8411","Microsoft-Windows-DistributedCOM","1b562e86-b7aa-4131-badc-b6f3a001407e","System","1636","16148","DT","S-1-5-21-3843888092-660805983-3388631941-1001","3/20/2025 11:24:40 AM","345674ed-9577-0006-bc7f-74347795db01",,"c:\users\zinpi\desktop\251215_sys.evtx","System.UInt32[]","System.Diagnostics.Eventing.Reader.EventBookmark","경고","정보",,"System.Collections.ObjectModel.ReadOnlyCollection`1[System.String]","System.Collections.Generic.List`1[System.Diagnostics.Eventing.Reader.EventProperty]"
,"6062","0","32768","3","0","0","36028797018963968","8403","Netwtw14",,"System","4","10408","DT",,"3/20/2025 10:53:19 AM",,,"c:\users\zinpi\desktop\251215_sys.evtx","System.UInt32[]","System.Diagnostics.Eventing.Reader.EventBookmark","경고",,"없음","System.Collections.ObjectModel.ReadOnlyCollection`1[System.String]","System.Collections.Generic.List`1[System.Diagnostics.Eventing.Reader.EventProperty]"
"Intel(R) Ethernet Controller (3) I225-V
 네트워크 링크가 분리되었습니다.
","27","0","40964","3","0","0","36028797018963968","8399","e2fexpress",,"System","4","9116","DT",,"3/20/2025 10:53:17 AM",,,"c:\users\zinpi\desktop\251215_sys.evtx","System.UInt32[]","System.Diagnostics.Eventing.Reader.EventBookmark","경고",,"없음","System.Collections.ObjectModel.ReadOnlyCollection`1[System.String]","System.Collections.Generic.List`1[System.Diagnostics.Eventing.Reader.EventProperty]"
"응용 프로그램별 권한 설정에서 CLSID가 
{6B3B8D23-FA8D-40B9-8DBD-B950333E2C52}
이고 APPID가 
{4839DDB7-58C2-48F5-8283-E1D1807D0D7D}
인 COM 서버 응용 프로그램에 대한 로컬 활성화 사용 권한을 응용 프로그램 컨테이너 사용할 수 없음 SID(사용할 수 없음)에서 실행 중인 주소 LocalHost(LRPC 사용)의 사용자 NT AUTHORITY\LOCAL SERVICE SID(S-1-5-19)에게 부여하지 않았습니다. 구성 요소 서비스 관리 도구를 사용하여 이 보안 권한을 수정할 수 있습니다.","10016","0","0","3","0","0","-9187343239835811840","8397","Microsoft-Windows-DistributedCOM","1b562e86-b7aa-4131-badc-b6f3a001407e","System","1636","10260","DT","S-1-5-19","3/20/2025 10:53:16 AM",,,"c:\users\zinpi\desktop\251215_sys.evtx","System.UInt32[]","System.Diagnostics.Eventing.Reader.EventBookmark","경고","정보",,"System.Collections.ObjectModel.ReadOnlyCollection`1[System.String]","System.Collections.Generic.List`1[System.Diagnostics.Eventing.Reader.EventProperty]"
"응용 프로그램별 권한 설정에서 CLSID가 
{6B3B8D23-FA8D-40B9-8DBD-B950333E2C52}
이고 APPID가 
{4839DDB7-58C2-48F5-8283-E1D1807D0D7D}
인 COM 서버 응용 프로그램에 대한 로컬 활성화 사용 권한을 응용 프로그램 컨테이너 사용할 수 없음 SID(사용할 수 없음)에서 실행 중인 주소 LocalHost(LRPC 사용)의 사용자 NT AUTHORITY\LOCAL SERVICE SID(S-1-5-19)에게 부여하지 않았습니다. 구성 요소 서비스 관리 도구를 사용하여 이 보안 권한을 수정할 수 있습니다.","10016","0","0","3","0","0","-9187343239835811840","8396","Microsoft-Windows-DistributedCOM","1b562e86-b7aa-4131-badc-b6f3a001407e","System","1636","14764","DT","S-1-5-19","3/20/2025 10:53:16 AM",,,"c:\users\zinpi\desktop\251215_sys.evtx","System.UInt32[]","System.Diagnostics.Eventing.Reader.EventBookmark","경고","정보",,"System.Collections.ObjectModel.ReadOnlyCollection`1[System.String]","System.Collections.Generic.List`1[System.Diagnostics.Eventing.Reader.EventProperty]"
"NtpClient는 'time.windows.com,0x9'의 DNS 확인 오류로 인해 시간 원본으로 사용할 수동 피어를 설정하지 못했습니다. NtpClient는 15분 내에 다시 시도하고 그 후로는 재시도 간격을 두 배로 합니다. 오류: 알려진 호스트가 없습니다. (0x80072AF9)","134","0",,"3","0","0","-9223372036854775808","8391","Microsoft-Windows-Time-Service","06edcfeb-0fd0-4e53-acca-a6f8bbf81bcb","System","9968","5644","DT","S-1-5-19","3/20/2025 10:53:14 AM",,,"c:\users\zinpi\desktop\251215_sys.evtx","System.UInt32[]","System.Diagnostics.Eventing.Reader.EventBookmark","경고","정보",,"System.Collections.ObjectModel.ReadOnlyCollection`1[System.String]","System.Collections.Generic.List`1[System.Diagnostics.Eventing.Reader.EventProperty]"
"Intel(R) Ethernet Controller (3) I225-V
 네트워크 링크가 분리되었습니다.
","27","0","40964","3","0","0","36028797018963968","8382","e2fexpress",,"System","4","6052","DT",,"3/20/2025 10:53:13 AM",,,"c:\users\zinpi\desktop\251215_sys.evtx","System.UInt32[]","System.Diagnostics.Eventing.Reader.EventBookmark","경고",,"없음","System.Collections.ObjectModel.ReadOnlyCollection`1[System.String]","System.Collections.Generic.List`1[System.Diagnostics.Eventing.Reader.EventProperty]"
"PICO Streaming Service 서비스가 예기치 않게 1번 종료되었습니다. 1000밀리초 안에 다음 수정 작업을 합니다. 서비스 다시 시작.","7031","0","49152","2","0","0","-9187343239835811840","8376","Service Control Manager","555908d1-a6d7-4695-8e1e-26931d2012f4","System","1284","20324","DT",,"3/20/2025 3:35:27 AM",,,"c:\users\zinpi\desktop\251215_sys.evtx","System.UInt32[]","System.Diagnostics.Eventing.Reader.EventBookmark","오류",,,"System.Collections.ObjectModel.ReadOnlyCollection`1[System.String]","System.Collections.Generic.List`1[System.Diagnostics.Eventing.Reader.EventProperty]"
"응용 프로그램별 권한 설정에서 CLSID가 
{2593F8B9-4EAF-457C-B68A-50F6B8EA6B54}
이고 APPID가 
{15C20B67-12E7-4BB6-92BB-7AFF07997402}
인 COM 서버 응용 프로그램에 대한 로컬 활성화 사용 권한을 응용 프로그램 컨테이너 사용할 수 없음 SID(사용할 수 없음)에서 실행 중인 주소 LocalHost(LRPC 사용)의 사용자 DT\zinpi SID(S-1-5-21-3843888092-660805983-3388631941-1001)에게 부여하지 않았습니다. 구성 요소 서비스 관리 도구를 사용하여 이 보안 권한을 수정할 수 있습니다.","10016","0","0","3","0","0","-9187343239835811840","8364","Microsoft-Windows-DistributedCOM","1b562e86-b7aa-4131-badc-b6f3a001407e","System","1636","11872","DT","S-1-5-21-3843888092-660805983-3388631941-1001","3/19/2025 10:08:08 PM","345674ed-9577-0001-340c-6f347795db01",,"c:\users\zinpi\desktop\251215_sys.evtx","System.UInt32[]","System.Diagnostics.Eventing.Reader.EventBookmark","경고","정보",,"System.Collections.ObjectModel.ReadOnlyCollection`1[System.String]","System.Collections.Generic.List`1[System.Diagnostics.Eventing.Reader.EventProperty]"
"응용 프로그램별 권한 설정에서 CLSID가 
{2593F8B9-4EAF-457C-B68A-50F6B8EA6B54}
이고 APPID가 
{15C20B67-12E7-4BB6-92BB-7AFF07997402}
인 COM 서버 응용 프로그램에 대한 로컬 활성화 사용 권한을 응용 프로그램 컨테이너 MicrosoftWindows.Client.WebExperience_525.5100.30.0_x64__cw5n1h2txyewy SID(사용할 수 없음)에서 실행 중인 주소 LocalHost(LRPC 사용)의 사용자 DT\zinpi SID(S-1-5-21-3843888092-660805983-3388631941-1001)에게 부여하지 않았습니다. 구성 요소 서비스 관리 도구를 사용하여 이 보안 권한을 수정할 수 있습니다.","10016","0","0","3","0","0","-9187343239835811840","8359","Microsoft-Windows-DistributedCOM","1b562e86-b7aa-4131-badc-b6f3a001407e","System","1636","16072","DT","S-1-5-21-3843888092-660805983-3388631941-1001","3/19/2025 9:19:49 PM","345674ed-9577-0006-9413-6c347795db01",,"c:\users\zinpi\desktop\251215_sys.evtx","System.UInt32[]","System.Diagnostics.Eventing.Reader.EventBookmark","경고","정보",,"System.Collections.ObjectModel.ReadOnlyCollection`1[System.String]","System.Collections.Generic.List`1[System.Diagnostics.Eventing.Reader.EventProperty]"
"설치 실패: 0x80073D02 오류 때문에 Windows에서 다음 업데이트를 설치하지 못했습니다. 9MSSGKG348SP-MicrosoftWindows.Client.WebExperience.","20","1",,"2","1","13","-9223372036854775768","8346","Microsoft-Windows-WindowsUpdateClient","945a8954-c147-4acd-923f-40c45405a658","System","9384","10028","DT","S-1-5-18","3/19/2025 8:39:10 PM","345674ed-9577-0012-c505-5e347795db01",,"c:\users\zinpi\desktop\251215_sys.evtx","System.UInt32[]","System.Diagnostics.Eventing.Reader.EventBookmark","오류","설치","Windows 업데이트 에이전트","System.Collections.ObjectModel.ReadOnlyCollection`1[System.String]","System.Collections.Generic.List`1[System.Diagnostics.Eventing.Reader.EventProperty]"
"응용 프로그램별 권한 설정에서 CLSID가 
{2593F8B9-4EAF-457C-B68A-50F6B8EA6B54}
이고 APPID가 
{15C20B67-12E7-4BB6-92BB-7AFF07997402}
인 COM 서버 응용 프로그램에 대한 로컬 활성화 사용 권한을 응용 프로그램 컨테이너 사용할 수 없음 SID(사용할 수 없음)에서 실행 중인 주소 LocalHost(LRPC 사용)의 사용자 DT\zinpi SID(S-1-5-21-3843888092-660805983-3388631941-1001)에게 부여하지 않았습니다. 구성 요소 서비스 관리 도구를 사용하여 이 보안 권한을 수정할 수 있습니다.","10016","0","0","3","0","0","-9187343239835811840","8324","Microsoft-Windows-DistributedCOM","1b562e86-b7aa-4131-badc-b6f3a001407e","System","1636","11088","DT","S-1-5-21-3843888092-660805983-3388631941-1001","3/19/2025 7:04:02 PM","345674ed-9577-0010-fc9a-5d347795db01",,"c:\users\zinpi\desktop\251215_sys.evtx","System.UInt32[]","System.Diagnostics.Eventing.Reader.EventBookmark","경고","정보",,"System.Collections.ObjectModel.ReadOnlyCollection`1[System.String]","System.Collections.Generic.List`1[System.Diagnostics.Eventing.Reader.EventProperty]"
"응용 프로그램별 권한 설정에서 CLSID가 
{2593F8B9-4EAF-457C-B68A-50F6B8EA6B54}
이고 APPID가 
{15C20B67-12E7-4BB6-92BB-7AFF07997402}
인 COM 서버 응용 프로그램에 대한 로컬 활성화 사용 권한을 응용 프로그램 컨테이너 MicrosoftWindows.Client.WebExperience_525.1301.30.0_x64__cw5n1h2txyewy SID(사용할 수 없음)에서 실행 중인 주소 LocalHost(LRPC 사용)의 사용자 DT\zinpi SID(S-1-5-21-3843888092-660805983-3388631941-1001)에게 부여하지 않았습니다. 구성 요소 서비스 관리 도구를 사용하여 이 보안 권한을 수정할 수 있습니다.","10016","0","0","3","0","0","-9187343239835811840","8323","Microsoft-Windows-DistributedCOM","1b562e86-b7aa-4131-badc-b6f3a001407e","System","1636","7500","DT","S-1-5-21-3843888092-660805983-3388631941-1001","3/19/2025 7:03:50 PM","345674ed-9577-0013-69c5-5c347795db01",,"c:\users\zinpi\desktop\251215_sys.evtx","System.UInt32[]","System.Diagnostics.Eventing.Reader.EventBookmark","경고","정보",,"System.Collections.ObjectModel.ReadOnlyCollection`1[System.String]","System.Collections.Generic.List`1[System.Diagnostics.Eventing.Reader.EventProperty]"
"ACPI Time 및 Alarm Device 메서드를 평가하지 못했기 때문에 하드웨어 실시간 시계가 설정되지 않았습니다.  상태: 0xC0000001.","21","0",,"2","0","0","-9223372036854775808","8320","Microsoft-Windows-HAL","63d1e632-95cc-4443-9312-af927761d52a","System","9968","6392","DT","S-1-5-19","3/19/2025 7:03:41 PM",,,"c:\users\zinpi\desktop\251215_sys.evtx","System.UInt32[]","System.Diagnostics.Eventing.Reader.EventBookmark","오류","정보",,"System.Collections.ObjectModel.ReadOnlyCollection`1[System.String]","System.Collections.Generic.List`1[System.Diagnostics.Eventing.Reader.EventProperty]"
"ACPI Time 및 Alarm Device 메서드를 평가하지 못했기 때문에 하드웨어 실시간 시계가 설정되지 않았습니다.  상태: 0xC0000001.","21","0",,"2","0","0","-9223372036854775808","8317","Microsoft-Windows-HAL","63d1e632-95cc-4443-9312-af927761d52a","System","9968","6392","DT","S-1-5-19","3/19/2025 7:03:41 PM",,,"c:\users\zinpi\desktop\251215_sys.evtx","System.UInt32[]","System.Diagnostics.Eventing.Reader.EventBookmark","오류","정보",,"System.Collections.ObjectModel.ReadOnlyCollection`1[System.String]","System.Collections.Generic.List`1[System.Diagnostics.Eventing.Reader.EventProperty]"
"응용 프로그램별 권한 설정에서 CLSID가 
{6B3B8D23-FA8D-40B9-8DBD-B950333E2C52}
이고 APPID가 
{4839DDB7-58C2-48F5-8283-E1D1807D0D7D}
인 COM 서버 응용 프로그램에 대한 로컬 활성화 사용 권한을 응용 프로그램 컨테이너 사용할 수 없음 SID(사용할 수 없음)에서 실행 중인 주소 LocalHost(LRPC 사용)의 사용자 NT AUTHORITY\LOCAL SERVICE SID(S-1-5-19)에게 부여하지 않았습니다. 구성 요소 서비스 관리 도구를 사용하여 이 보안 권한을 수정할 수 있습니다.","10016","0","0","3","0","0","-9187343239835811840","8291","Microsoft-Windows-DistributedCOM","1b562e86-b7aa-4131-badc-b6f3a001407e","System","1636","6432","DT","S-1-5-19","3/19/2025 7:03:04 PM",,,"c:\users\zinpi\desktop\251215_sys.evtx","System.UInt32[]","System.Diagnostics.Eventing.Reader.EventBookmark","경고","정보",,"System.Collections.ObjectModel.ReadOnlyCollection`1[System.String]","System.Collections.Generic.List`1[System.Diagnostics.Eventing.Reader.EventProperty]"
