"응용 프로그램별 권한 설정에서 CLSID가 
Windows.SecurityCenter.SecurityAppBroker
이고 APPID가 
사용할 수 없음
인 COM 서버 응용 프로그램에 대한 로컬 시작 사용 권한을 응용 프로그램 컨테이너 사용할 수 없음 SID(사용할 수 없음)에서 실행 중인 주소 LocalHost(LRPC 사용)의 사용자 NT AUTHORITY\SYSTEM SID(S-1-5-18)에게 부여하지 않았습니다. 구성 요소 서비스 관리 도구를 사용하여 이 보안 권한을 수정할 수 있습니다.","10016","0","0","3","0","0","-9187343239835811840","29823","Microsoft-Windows-DistributedCOM","1b562e86-b7aa-4131-badc-b6f3a001407e","System","1624","4660","DT","S-1-5-18","11/23/2025 12:36:21 AM",,,"c:\users\zinpi\desktop\251215_sys.evtx","System.UInt32[]","System.Diagnostics.Eventing.Reader.EventBookmark","경고","정보",,"System.Collections.ObjectModel.ReadOnlyCollection`1[System.String]","System.Collections.Generic.List`1[System.Diagnostics.Eventing.Reader.EventProperty]"
"응용 프로그램별 권한 설정에서 CLSID가 
Windows.SecurityCenter.WscDataProtection
이고 APPID가 
사용할 수 없음
인 COM 서버 응용 프로그램에 대한 로컬 시작 사용 권한을 응용 프로그램 컨테이너 사용할 수 없음 SID(사용할 수 없음)에서 실행 중인 주소 LocalHost(LRPC 사용)의 사용자 NT AUTHORITY\SYSTEM SID(S-1-5-18)에게 부여하지 않았습니다. 구성 요소 서비스 관리 도구를 사용하여 이 보안 권한을 수정할 수 있습니다.","10016","0","0","3","0","0","-9187343239835811840","29822","Microsoft-Windows-DistributedCOM","1b562e86-b7aa-4131-badc-b6f3a001407e","System","1624","3976","DT","S-1-5-18","11/23/2025 12:36:21 AM",,,"c:\users\zinpi\desktop\251215_sys.evtx","System.UInt32[]","System.Diagnostics.Eventing.Reader.EventBookmark","경고","정보",,"System.Collections.ObjectModel.ReadOnlyCollection`1[System.String]","System.Collections.Generic.List`1[System.Diagnostics.Eventing.Reader.EventProperty]"
"다음 오류로 인해 Google 업데이트 서비스 (gupdate) 서비스를 시작하지 못했습니다. 
서비스가 시작이나 제어 요청에 빠르게 응답하지 않았습니다.","7000","0","49152","2","0","0","-9187343239835811840","29820","Service Control Manager","555908d1-a6d7-4695-8e1e-26931d2012f4","System","1268","9348","DT",,"11/23/2025 12:36:19 AM",,,"c:\users\zinpi\desktop\251215_sys.evtx","System.UInt32[]","System.Diagnostics.Eventing.Reader.EventBookmark","오류",,,"System.Collections.ObjectModel.ReadOnlyCollection`1[System.String]","System.Collections.Generic.List`1[System.Diagnostics.Eventing.Reader.EventProperty]"
"Google 업데이트 서비스 (gupdate) 서비스 연결을 기다리는 동안 제한 시간에 도달했습니다(30000밀리초).","7009","0","49152","2","0","0","-9187343239835811840","29819","Service Control Manager","555908d1-a6d7-4695-8e1e-26931d2012f4","System","1268","9348","DT",,"11/23/2025 12:36:19 AM",,,"c:\users\zinpi\desktop\251215_sys.evtx","System.UInt32[]","System.Diagnostics.Eventing.Reader.EventBookmark","오류",,,"System.Collections.ObjectModel.ReadOnlyCollection`1[System.String]","System.Collections.Generic.List`1[System.Diagnostics.Eventing.Reader.EventProperty]"
"응용 프로그램별 권한 설정에서 CLSID가 
{6B3B8D23-FA8D-40B9-8DBD-B950333E2C52}
이고 APPID가 
{4839DDB7-58C2-48F5-8283-E1D1807D0D7D}
인 COM 서버 응용 프로그램에 대한 로컬 활성화 사용 권한을 응용 프로그램 컨테이너 사용할 수 없음 SID(사용할 수 없음)에서 실행 중인 주소 LocalHost(LRPC 사용)의 사용자 NT AUTHORITY\LOCAL SERVICE SID(S-1-5-19)에게 부여하지 않았습니다. 구성 요소 서비스 관리 도구를 사용하여 이 보안 권한을 수정할 수 있습니다.","10016","0","0","3","0","0","-9187343239835811840","29808","Microsoft-Windows-DistributedCOM","1b562e86-b7aa-4131-badc-b6f3a001407e","System","1624","2080","DT","S-1-5-19","11/23/2025 12:34:19 AM",,,"c:\users\zinpi\desktop\251215_sys.evtx","System.UInt32[]","System.Diagnostics.Eventing.Reader.EventBookmark","경고","정보",,"System.Collections.ObjectModel.ReadOnlyCollection`1[System.String]","System.Collections.Generic.List`1[System.Diagnostics.Eventing.Reader.EventProperty]"
"응용 프로그램별 권한 설정에서 CLSID가 
{6B3B8D23-FA8D-40B9-8DBD-B950333E2C52}
이고 APPID가 
{4839DDB7-58C2-48F5-8283-E1D1807D0D7D}
인 COM 서버 응용 프로그램에 대한 로컬 활성화 사용 권한을 응용 프로그램 컨테이너 사용할 수 없음 SID(사용할 수 없음)에서 실행 중인 주소 LocalHost(LRPC 사용)의 사용자 NT AUTHORITY\LOCAL SERVICE SID(S-1-5-19)에게 부여하지 않았습니다. 구성 요소 서비스 관리 도구를 사용하여 이 보안 권한을 수정할 수 있습니다.","10016","0","0","3","0","0","-9187343239835811840","29807","Microsoft-Windows-DistributedCOM","1b562e86-b7aa-4131-badc-b6f3a001407e","System","1624","6552","DT","S-1-5-19","11/23/2025 12:34:19 AM",,,"c:\users\zinpi\desktop\251215_sys.evtx","System.UInt32[]","System.Diagnostics.Eventing.Reader.EventBookmark","경고","정보",,"System.Collections.ObjectModel.ReadOnlyCollection`1[System.String]","System.Collections.Generic.List`1[System.Diagnostics.Eventing.Reader.EventProperty]"
"다음 오류로 인해 OracleVssWriterXE 서비스를 시작하지 못했습니다. 
서비스가 올바르게 작동하는 데 필요한 권한이 서비스 계정 구성에 없습니다. 서비스 MMC(Microsoft Management Console) 스냅인(services.msc)과 로컬 보안 설정 MMC 스냅인(secpol.msc)을 사용하여 서비스 구성과 계정 구성을 볼 수 있습니다.","7000","0","49152","2","0","0","-9187343239835811840","29792","Service Control Manager","555908d1-a6d7-4695-8e1e-26931d2012f4","System","1268","4076","DT",,"11/23/2025 12:34:16 AM",,,"c:\users\zinpi\desktop\251215_sys.evtx","System.UInt32[]","System.Diagnostics.Eventing.Reader.EventBookmark","오류",,,"System.Collections.ObjectModel.ReadOnlyCollection`1[System.String]","System.Collections.Generic.List`1[System.Diagnostics.Eventing.Reader.EventProperty]"
"드라이버가 이 HID 키보드에 불량 펌웨어가 있는 것을 검색했습니다. 중복 보고서 패킷을 전송하고 있습니다.","1","0","32773","3","0","0","36028797018963968","29746","kbdhid",,"System","4","532","DT",,"11/23/2025 12:34:15 AM",,,"c:\users\zinpi\desktop\251215_sys.evtx","System.UInt32[]","System.Diagnostics.Eventing.Reader.EventBookmark","경고",,"없음","System.Collections.ObjectModel.ReadOnlyCollection`1[System.String]","System.Collections.Generic.List`1[System.Diagnostics.Eventing.Reader.EventProperty]"
"\Driver\WudfRd 드라이버를 로드하지 못했습니다.
디바이스: USB\VID_04E8&PID_6860&MS_COMP_MTP&SAMSUNG_Android\6&e1e1c4c&1&0000
상태: 0xC0000365","219","0",,"3","212","0","-9223372036854767616","29736","Microsoft-Windows-Kernel-PnP","9c205a39-1250-487d-abd7-e831c6290539","System","4","512","DT","S-1-5-18","11/23/2025 12:34:14 AM",,,"c:\users\zinpi\desktop\251215_sys.evtx","System.UInt32[]","System.Diagnostics.Eventing.Reader.EventBookmark","경고","정보",,"System.Collections.ObjectModel.ReadOnlyCollection`1[System.String]","System.Collections.Generic.List`1[System.Diagnostics.Eventing.Reader.EventProperty]"
"\Driver\WudfRd 드라이버를 로드하지 못했습니다.
디바이스: USB\VID_04E8&PID_6860&MS_COMP_MTP&SAMSUNG_Android\6&e1e1c4c&1&0000
상태: 0xC0000365","219","0",,"3","212","0","-9223372036854767616","29734","Microsoft-Windows-Kernel-PnP","9c205a39-1250-487d-abd7-e831c6290539","System","4","512","DT","S-1-5-18","11/23/2025 12:34:14 AM",,,"c:\users\zinpi\desktop\251215_sys.evtx","System.UInt32[]","System.Diagnostics.Eventing.Reader.EventBookmark","경고","정보",,"System.Collections.ObjectModel.ReadOnlyCollection`1[System.String]","System.Collections.Generic.List`1[System.Diagnostics.Eventing.Reader.EventProperty]"
"Intel(R) Ethernet Controller (3) I225-V
 네트워크 링크가 분리되었습니다.
","27","0","40964","3","0","0","36028797018963968","29732","e2fexpress",,"System","4","512","DT",,"11/23/2025 12:34:13 AM",,,"c:\users\zinpi\desktop\251215_sys.evtx","System.UInt32[]","System.Diagnostics.Eventing.Reader.EventBookmark","경고",,"없음","System.Collections.ObjectModel.ReadOnlyCollection`1[System.String]","System.Collections.Generic.List`1[System.Diagnostics.Eventing.Reader.EventProperty]"
"하이퍼스레딩이 활성화되어 있기 때문에 하이퍼바이저는 가상 머신에 대한 부채널 취약성에 대한 완화를 활성화하지 않았습니다. 가상 머신에 대한 완화를 활성화하려면 HyperThreading을 비활성화합니다.","167","0",,"3","0","0","-9223301668110598144","29684","Microsoft-Windows-Hyper-V-Hypervisor","52fc89f8-995e-434c-a91e-199986449890","System","4","8","DT","S-1-5-18","11/23/2025 12:34:10 AM",,,"c:\users\zinpi\desktop\251215_sys.evtx","System.UInt32[]","System.Diagnostics.Eventing.Reader.EventBookmark","경고","정보",,"System.Collections.ObjectModel.ReadOnlyCollection`1[System.String]","System.Collections.Generic.List`1[System.Diagnostics.Eventing.Reader.EventProperty]"
"WLAN 확장성 모듈을 중지했습니다.

모듈 경로: C:\WINDOWS\System32\DriverStore\FileRepository\netwtw6e.inf_amd64_7bd3932d2033b1d2\IntelIHVRouter14.dll
","10002","0",,"3","0","0","4611686018427387904","29661","Microsoft-Windows-WLAN-AutoConfig","9580d7dd-0379-4658-9870-d5be7d52d6de","System","3764","43032","DT","S-1-5-18","11/23/2025 12:33:46 AM",,,"c:\users\zinpi\desktop\251215_sys.evtx","System.UInt32[]","System.Diagnostics.Eventing.Reader.EventBookmark","경고","정보",,"System.Collections.ObjectModel.ReadOnlyCollection`1[System.String]","System.Collections.Generic.List`1[System.Diagnostics.Eventing.Reader.EventProperty]"
"PICO Streaming Service 서비스가 예기치 않게 1번 종료되었습니다. 1000밀리초 안에 다음 수정 작업을 합니다. 서비스 다시 시작.","7031","0","49152","2","0","0","-9187343239835811840","29649","Service Control Manager","555908d1-a6d7-4695-8e1e-26931d2012f4","System","1316","31348","DT",,"11/23/2025 12:33:43 AM",,,"c:\users\zinpi\desktop\251215_sys.evtx","System.UInt32[]","System.Diagnostics.Eventing.Reader.EventBookmark","오류",,,"System.Collections.ObjectModel.ReadOnlyCollection`1[System.String]","System.Collections.Generic.List`1[System.Diagnostics.Eventing.Reader.EventProperty]"
"프로세스 C:\Program Files\LGHUB\lghub_agent.exe 5093 밀리초 후 시스템 종료를 지연하고 있습니다.","100","0",,"3","0","0","-9223372036854775808","29647","winsrvext","2b9537f0-4a90-557b-1313-d0ce2827a94a","System","40036","17308","DT","S-1-5-18","11/23/2025 12:33:43 AM",,,"c:\users\zinpi\desktop\251215_sys.evtx","System.UInt32[]","System.Diagnostics.Eventing.Reader.EventBookmark","경고","정보",,"System.Collections.ObjectModel.ReadOnlyCollection`1[System.String]","System.Collections.Generic.List`1[System.Diagnostics.Eventing.Reader.EventProperty]"
"응용 프로그램별 권한 설정에서 CLSID가 
{2593F8B9-4EAF-457C-B68A-50F6B8EA6B54}
이고 APPID가 
{15C20B67-12E7-4BB6-92BB-7AFF07997402}
인 COM 서버 응용 프로그램에 대한 로컬 활성화 사용 권한을 응용 프로그램 컨테이너 사용할 수 없음 SID(사용할 수 없음)에서 실행 중인 주소 LocalHost(LRPC 사용)의 사용자 DT\zinpi SID(S-1-5-21-3843888092-660805983-3388631941-1001)에게 부여하지 않았습니다. 구성 요소 서비스 관리 도구를 사용하여 이 보안 권한을 수정할 수 있습니다.","10016","0","0","3","0","0","-9187343239835811840","29619","Microsoft-Windows-DistributedCOM","1b562e86-b7aa-4131-badc-b6f3a001407e","System","1660","17052","DT","S-1-5-21-3843888092-660805983-3388631941-1001","11/23/2025 12:15:54 AM","12969e9c-401c-0004-95a3-03141c40dc01",,"c:\users\zinpi\desktop\251215_sys.evtx","System.UInt32[]","System.Diagnostics.Eventing.Reader.EventBookmark","경고","정보",,"System.Collections.ObjectModel.ReadOnlyCollection`1[System.String]","System.Collections.Generic.List`1[System.Diagnostics.Eventing.Reader.EventProperty]"
"다음 오류로 인해 Android Emulator hypervisor driver Service 서비스를 시작하지 못했습니다. 
%%4294967201","7000","0","49152","2","0","0","-9187343239835811840","29618","Service Control Manager","555908d1-a6d7-4695-8e1e-26931d2012f4","System","1316","22788","DT",,"11/23/2025 12:15:45 AM",,,"c:\users\zinpi\desktop\251215_sys.evtx","System.UInt32[]","System.Diagnostics.Eventing.Reader.EventBookmark","오류",,,"System.Collections.ObjectModel.ReadOnlyCollection`1[System.String]","System.Collections.Generic.List`1[System.Diagnostics.Eventing.Reader.EventProperty]"
"구성된 DNS 서버 중 응답한 서버가 없으면 이름 t-ring-fdv2.msedge.net 이름 확인 시간이 초과되었습니다. 클라이언트 PID 13324.","1014","1",,"3","1014","0","4611686018695823360","29615","Microsoft-Windows-DNS-Client","1c95126e-7eea-49a9-a3fe-a378b03ddb4d","System","2640","1896","DT","S-1-5-20","11/23/2025 12:14:04 AM",,,"c:\users\zinpi\desktop\251215_sys.evtx","System.UInt32[]","System.Diagnostics.Eventing.Reader.EventBookmark","경고","정보",,"System.Collections.ObjectModel.ReadOnlyCollection`1[System.String]","System.Collections.Generic.List`1[System.Diagnostics.Eventing.Reader.EventProperty]"
"응용 프로그램별 권한 설정에서 CLSID가 
{2593F8B9-4EAF-457C-B68A-50F6B8EA6B54}
이고 APPID가 
{15C20B67-12E7-4BB6-92BB-7AFF07997402}
인 COM 서버 응용 프로그램에 대한 로컬 활성화 사용 권한을 응용 프로그램 컨테이너 사용할 수 없음 SID(사용할 수 없음)에서 실행 중인 주소 LocalHost(LRPC 사용)의 사용자 DT\zinpi SID(S-1-5-21-3843888092-660805983-3388631941-1001)에게 부여하지 않았습니다. 구성 요소 서비스 관리 도구를 사용하여 이 보안 권한을 수정할 수 있습니다.","10016","0","0","3","0","0","-9187343239835811840","29592","Microsoft-Windows-DistributedCOM","1b562e86-b7aa-4131-badc-b6f3a001407e","System","1660","15868","DT","S-1-5-21-3843888092-660805983-3388631941-1001","11/22/2025 11:59:29 PM","12969e9c-401c-0000-0d56-60171c40dc01",,"c:\users\zinpi\desktop\251215_sys.evtx","System.UInt32[]","System.Diagnostics.Eventing.Reader.EventBookmark","경고","정보",,"System.Collections.ObjectModel.ReadOnlyCollection`1[System.String]","System.Collections.Generic.List`1[System.Diagnostics.Eventing.Reader.EventProperty]"
"응용 프로그램별 권한 설정에서 CLSID가 
{2593F8B9-4EAF-457C-B68A-50F6B8EA6B54}
이고 APPID가 
{15C20B67-12E7-4BB6-92BB-7AFF07997402}
인 COM 서버 응용 프로그램에 대한 로컬 활성화 사용 권한을 응용 프로그램 컨테이너 사용할 수 없음 SID(사용할 수 없음)에서 실행 중인 주소 LocalHost(LRPC 사용)의 사용자 DT\zinpi SID(S-1-5-21-3843888092-660805983-3388631941-1001)에게 부여하지 않았습니다. 구성 요소 서비스 관리 도구를 사용하여 이 보안 권한을 수정할 수 있습니다.","10016","0","0","3","0","0","-9187343239835811840","29583","Microsoft-Windows-DistributedCOM","1b562e86-b7aa-4131-badc-b6f3a001407e","System","1660","35180","DT","S-1-5-21-3843888092-660805983-3388631941-1001","11/22/2025 11:55:16 PM","12969e9c-401c-0004-29e8-01141c40dc01",,"c:\users\zinpi\desktop\251215_sys.evtx","System.UInt32[]","System.Diagnostics.Eventing.Reader.EventBookmark","경고","정보",,"System.Collections.ObjectModel.ReadOnlyCollection`1[System.String]","System.Collections.Generic.List`1[System.Diagnostics.Eventing.Reader.EventProperty]"
"ACPI Time 및 Alarm Device 메서드를 평가하지 못했기 때문에 하드웨어 실시간 시계가 설정되지 않았습니다.  상태: 0xC0000001.","21","0",,"2","0","0","-9223372036854775808","29536","Microsoft-Windows-HAL","63d1e632-95cc-4443-9312-af927761d52a","System","10844","5828","DT","S-1-5-19","11/22/2025 11:43:34 PM",,,"c:\users\zinpi\desktop\251215_sys.evtx","System.UInt32[]","System.Diagnostics.Eventing.Reader.EventBookmark","오류","정보",,"System.Collections.ObjectModel.ReadOnlyCollection`1[System.String]","System.Collections.Generic.List`1[System.Diagnostics.Eventing.Reader.EventProperty]"
"Intel(R) Ethernet Controller (3) I225-V
 네트워크 링크가 분리되었습니다.
","27","0","40964","3","0","0","36028797018963968","29521","e2fexpress",,"System","4","31316","DT",,"11/22/2025 11:43:12 PM",,,"c:\users\zinpi\desktop\251215_sys.evtx","System.UInt32[]","System.Diagnostics.Eventing.Reader.EventBookmark","경고",,"없음","System.Collections.ObjectModel.ReadOnlyCollection`1[System.String]","System.Collections.Generic.List`1[System.Diagnostics.Eventing.Reader.EventProperty]"
"Intel(R) Ethernet Controller (3) I225-V
 네트워크 링크가 분리되었습니다.
","27","0","40964","3","0","0","36028797018963968","29509","e2fexpress",,"System","4","18420","DT",,"11/22/2025 11:43:09 PM",,,"c:\users\zinpi\desktop\251215_sys.evtx","System.UInt32[]","System.Diagnostics.Eventing.Reader.EventBookmark","경고",,"없음","System.Collections.ObjectModel.ReadOnlyCollection`1[System.String]","System.Collections.Generic.List`1[System.Diagnostics.Eventing.Reader.EventProperty]"
"응용 프로그램별 권한 설정에서 CLSID가 
{6B3B8D23-FA8D-40B9-8DBD-B950333E2C52}
이고 APPID가 
{4839DDB7-58C2-48F5-8283-E1D1807D0D7D}
인 COM 서버 응용 프로그램에 대한 로컬 활성화 사용 권한을 응용 프로그램 컨테이너 사용할 수 없음 SID(사용할 수 없음)에서 실행 중인 주소 LocalHost(LRPC 사용)의 사용자 NT AUTHORITY\LOCAL SERVICE SID(S-1-5-19)에게 부여하지 않았습니다. 구성 요소 서비스 관리 도구를 사용하여 이 보안 권한을 수정할 수 있습니다.","10016","0","0","3","0","0","-9187343239835811840","29508","Microsoft-Windows-DistributedCOM","1b562e86-b7aa-4131-badc-b6f3a001407e","System","1660","25056","DT","S-1-5-19","11/22/2025 11:43:09 PM",,,"c:\users\zinpi\desktop\251215_sys.evtx","System.UInt32[]","System.Diagnostics.Eventing.Reader.EventBookmark","경고","정보",,"System.Collections.ObjectModel.ReadOnlyCollection`1[System.String]","System.Collections.Generic.List`1[System.Diagnostics.Eventing.Reader.EventProperty]"
"응용 프로그램별 권한 설정에서 CLSID가 
{6B3B8D23-FA8D-40B9-8DBD-B950333E2C52}
이고 APPID가 
{4839DDB7-58C2-48F5-8283-E1D1807D0D7D}
인 COM 서버 응용 프로그램에 대한 로컬 활성화 사용 권한을 응용 프로그램 컨테이너 사용할 수 없음 SID(사용할 수 없음)에서 실행 중인 주소 LocalHost(LRPC 사용)의 사용자 NT AUTHORITY\LOCAL SERVICE SID(S-1-5-19)에게 부여하지 않았습니다. 구성 요소 서비스 관리 도구를 사용하여 이 보안 권한을 수정할 수 있습니다.","10016","0","0","3","0","0","-9187343239835811840","29507","Microsoft-Windows-DistributedCOM","1b562e86-b7aa-4131-badc-b6f3a001407e","System","1660","13468","DT","S-1-5-19","11/22/2025 11:43:08 PM",,,"c:\users\zinpi\desktop\251215_sys.evtx","System.UInt32[]","System.Diagnostics.Eventing.Reader.EventBookmark","경고","정보",,"System.Collections.ObjectModel.ReadOnlyCollection`1[System.String]","System.Collections.Generic.List`1[System.Diagnostics.Eventing.Reader.EventProperty]"
"NtpClient는 'time.windows.com,0x9'의 DNS 확인 오류로 인해 시간 원본으로 사용할 수동 피어를 설정하지 못했습니다. NtpClient는 15분 내에 다시 시도하고 그 후로는 재시도 간격을 두 배로 합니다. 오류: 알려진 호스트가 없습니다. (0x80072AF9)","134","0",,"3","0","0","-9223372036854775808","29498","Microsoft-Windows-Time-Service","06edcfeb-0fd0-4e53-acca-a6f8bbf81bcb","System","10844","10804","DT","S-1-5-19","11/22/2025 11:43:06 PM",,,"c:\users\zinpi\desktop\251215_sys.evtx","System.UInt32[]","System.Diagnostics.Eventing.Reader.EventBookmark","경고","정보",,"System.Collections.ObjectModel.ReadOnlyCollection`1[System.String]","System.Collections.Generic.List`1[System.Diagnostics.Eventing.Reader.EventProperty]"
"Intel(R) Ethernet Controller (3) I225-V
 네트워크 링크가 분리되었습니다.
","27","0","40964","3","0","0","36028797018963968","29490","e2fexpress",,"System","4","28640","DT",,"11/22/2025 11:43:05 PM",,,"c:\users\zinpi\desktop\251215_sys.evtx","System.UInt32[]","System.Diagnostics.Eventing.Reader.EventBookmark","경고",,"없음","System.Collections.ObjectModel.ReadOnlyCollection`1[System.String]","System.Collections.Generic.List`1[System.Diagnostics.Eventing.Reader.EventProperty]"
"PICO Streaming Service 서비스가 예기치 않게 1번 종료되었습니다. 1000밀리초 안에 다음 수정 작업을 합니다. 서비스 다시 시작.","7031","0","49152","2","0","0","-9187343239835811840","29481","Service Control Manager","555908d1-a6d7-4695-8e1e-26931d2012f4","System","1316","2584","DT",,"11/9/2025 10:26:44 PM",,,"c:\users\zinpi\desktop\251215_sys.evtx","System.UInt32[]","System.Diagnostics.Eventing.Reader.EventBookmark","오류",,,"System.Collections.ObjectModel.ReadOnlyCollection`1[System.String]","System.Collections.Generic.List`1[System.Diagnostics.Eventing.Reader.EventProperty]"
"{AB8902B4-09CA-4BB6-B78D-A8F59079A8D5} 서버가 요구된 초과 시간 안에 DCOM으로 등록하지 않았습니다.","10010","0","0","2","0","0","-9187343239835811840","29480","Microsoft-Windows-DistributedCOM","1b562e86-b7aa-4131-badc-b6f3a001407e","System","1660","20080","DT","S-1-5-21-3843888092-660805983-3388631941-1001","11/9/2025 10:26:41 PM","12969e9c-401c-0002-74d2-77161c40dc01",,"c:\users\zinpi\desktop\251215_sys.evtx","System.UInt32[]","System.Diagnostics.Eventing.Reader.EventBookmark","오류","정보",,"System.Collections.ObjectModel.ReadOnlyCollection`1[System.String]","System.Collections.Generic.List`1[System.Diagnostics.Eventing.Reader.EventProperty]"
"{AB8902B4-09CA-4BB6-B78D-A8F59079A8D5} 서버가 요구된 초과 시간 안에 DCOM으로 등록하지 않았습니다.","10010","0","0","2","0","0","-9187343239835811840","29479","Microsoft-Windows-DistributedCOM","1b562e86-b7aa-4131-badc-b6f3a001407e","System","1660","20080","DT","S-1-5-21-3843888092-660805983-3388631941-1001","11/9/2025 10:26:41 PM","12969e9c-401c-000a-2d2c-20141c40dc01",,"c:\users\zinpi\desktop\251215_sys.evtx","System.UInt32[]","System.Diagnostics.Eventing.Reader.EventBookmark","오류","정보",,"System.Collections.ObjectModel.ReadOnlyCollection`1[System.String]","System.Collections.Generic.List`1[System.Diagnostics.Eventing.Reader.EventProperty]"
"{AB8902B4-09CA-4BB6-B78D-A8F59079A8D5} 서버가 요구된 초과 시간 안에 DCOM으로 등록하지 않았습니다.","10010","0","0","2","0","0","-9187343239835811840","29478","Microsoft-Windows-DistributedCOM","1b562e86-b7aa-4131-badc-b6f3a001407e","System","1660","20080","DT","S-1-5-21-3843888092-660805983-3388631941-1001","11/9/2025 10:26:41 PM","12969e9c-401c-0002-5dd2-77161c40dc01",,"c:\users\zinpi\desktop\251215_sys.evtx","System.UInt32[]","System.Diagnostics.Eventing.Reader.EventBookmark","오류","정보",,"System.Collections.ObjectModel.ReadOnlyCollection`1[System.String]","System.Collections.Generic.List`1[System.Diagnostics.Eventing.Reader.EventProperty]"
"{AB8902B4-09CA-4BB6-B78D-A8F59079A8D5} 서버가 요구된 초과 시간 안에 DCOM으로 등록하지 않았습니다.","10010","0","0","2","0","0","-9187343239835811840","29477","Microsoft-Windows-DistributedCOM","1b562e86-b7aa-4131-badc-b6f3a001407e","System","1660","20080","DT","S-1-5-21-3843888092-660805983-3388631941-1001","11/9/2025 10:26:41 PM","12969e9c-401c-0002-51d2-77161c40dc01",,"c:\users\zinpi\desktop\251215_sys.evtx","System.UInt32[]","System.Diagnostics.Eventing.Reader.EventBookmark","오류","정보",,"System.Collections.ObjectModel.ReadOnlyCollection`1[System.String]","System.Collections.Generic.List`1[System.Diagnostics.Eventing.Reader.EventProperty]"
"{AB8902B4-09CA-4BB6-B78D-A8F59079A8D5} 서버가 요구된 초과 시간 안에 DCOM으로 등록하지 않았습니다.","10010","0","0","2","0","0","-9187343239835811840","29476","Microsoft-Windows-DistributedCOM","1b562e86-b7aa-4131-badc-b6f3a001407e","System","1660","20080","DT","S-1-5-21-3843888092-660805983-3388631941-1001","11/9/2025 10:26:41 PM","12969e9c-401c-0000-1592-59171c40dc01",,"c:\users\zinpi\desktop\251215_sys.evtx","System.UInt32[]","System.Diagnostics.Eventing.Reader.EventBookmark","오류","정보",,"System.Collections.ObjectModel.ReadOnlyCollection`1[System.String]","System.Collections.Generic.List`1[System.Diagnostics.Eventing.Reader.EventProperty]"
"{AB8902B4-09CA-4BB6-B78D-A8F59079A8D5} 서버가 요구된 초과 시간 안에 DCOM으로 등록하지 않았습니다.","10010","0","0","2","0","0","-9187343239835811840","29475","Microsoft-Windows-DistributedCOM","1b562e86-b7aa-4131-badc-b6f3a001407e","System","1660","20080","DT","S-1-5-21-3843888092-660805983-3388631941-1001","11/9/2025 10:26:41 PM","12969e9c-401c-0000-0d92-59171c40dc01",,"c:\users\zinpi\desktop\251215_sys.evtx","System.UInt32[]","System.Diagnostics.Eventing.Reader.EventBookmark","오류","정보",,"System.Collections.ObjectModel.ReadOnlyCollection`1[System.String]","System.Collections.Generic.List`1[System.Diagnostics.Eventing.Reader.EventProperty]"
"{AB8902B4-09CA-4BB6-B78D-A8F59079A8D5} 서버가 요구된 초과 시간 안에 DCOM으로 등록하지 않았습니다.","10010","0","0","2","0","0","-9187343239835811840","29474","Microsoft-Windows-DistributedCOM","1b562e86-b7aa-4131-badc-b6f3a001407e","System","1660","20080","DT","S-1-5-21-3843888092-660805983-3388631941-1001","11/9/2025 10:26:41 PM","12969e9c-401c-0002-41d2-77161c40dc01",,"c:\users\zinpi\desktop\251215_sys.evtx","System.UInt32[]","System.Diagnostics.Eventing.Reader.EventBookmark","오류","정보",,"System.Collections.ObjectModel.ReadOnlyCollection`1[System.String]","System.Collections.Generic.List`1[System.Diagnostics.Eventing.Reader.EventProperty]"
"{AB8902B4-09CA-4BB6-B78D-A8F59079A8D5} 서버가 요구된 초과 시간 안에 DCOM으로 등록하지 않았습니다.","10010","0","0","2","0","0","-9187343239835811840","29473","Microsoft-Windows-DistributedCOM","1b562e86-b7aa-4131-badc-b6f3a001407e","System","1660","20080","DT","S-1-5-21-3843888092-660805983-3388631941-1001","11/9/2025 10:26:41 PM","12969e9c-401c-0002-36d2-77161c40dc01",,"c:\users\zinpi\desktop\251215_sys.evtx","System.UInt32[]","System.Diagnostics.Eventing.Reader.EventBookmark","오류","정보",,"System.Collections.ObjectModel.ReadOnlyCollection`1[System.String]","System.Collections.Generic.List`1[System.Diagnostics.Eventing.Reader.EventProperty]"
"{AB8902B4-09CA-4BB6-B78D-A8F59079A8D5} 서버가 요구된 초과 시간 안에 DCOM으로 등록하지 않았습니다.","10010","0","0","2","0","0","-9187343239835811840","29472","Microsoft-Windows-DistributedCOM","1b562e86-b7aa-4131-badc-b6f3a001407e","System","1660","13468","DT","S-1-5-21-3843888092-660805983-3388631941-1001","11/9/2025 10:26:41 PM","12969e9c-401c-0008-ed8a-12141c40dc01",,"c:\users\zinpi\desktop\251215_sys.evtx","System.UInt32[]","System.Diagnostics.Eventing.Reader.EventBookmark","오류","정보",,"System.Collections.ObjectModel.ReadOnlyCollection`1[System.String]","System.Collections.Generic.List`1[System.Diagnostics.Eventing.Reader.EventProperty]"
"{AB8902B4-09CA-4BB6-B78D-A8F59079A8D5} 서버가 요구된 초과 시간 안에 DCOM으로 등록하지 않았습니다.","10010","0","0","2","0","0","-9187343239835811840","29471","Microsoft-Windows-DistributedCOM","1b562e86-b7aa-4131-badc-b6f3a001407e","System","1660","15832","DT","S-1-5-21-3843888092-660805983-3388631941-1001","11/9/2025 10:26:41 PM","12969e9c-401c-0000-0b92-59171c40dc01",,"c:\users\zinpi\desktop\251215_sys.evtx","System.UInt32[]","System.Diagnostics.Eventing.Reader.EventBookmark","오류","정보",,"System.Collections.ObjectModel.ReadOnlyCollection`1[System.String]","System.Collections.Generic.List`1[System.Diagnostics.Eventing.Reader.EventProperty]"
"{AB8902B4-09CA-4BB6-B78D-A8F59079A8D5} 서버가 요구된 초과 시간 안에 DCOM으로 등록하지 않았습니다.","10010","0","0","2","0","0","-9187343239835811840","29470","Microsoft-Windows-DistributedCOM","1b562e86-b7aa-4131-badc-b6f3a001407e","System","1660","15832","DT","S-1-5-21-3843888092-660805983-3388631941-1001","11/9/2025 10:26:41 PM","12969e9c-401c-0000-0492-59171c40dc01",,"c:\users\zinpi\desktop\251215_sys.evtx","System.UInt32[]","System.Diagnostics.Eventing.Reader.EventBookmark","오류","정보",,"System.Collections.ObjectModel.ReadOnlyCollection`1[System.String]","System.Collections.Generic.List`1[System.Diagnostics.Eventing.Reader.EventProperty]"
"{AB8902B4-09CA-4BB6-B78D-A8F59079A8D5} 서버가 요구된 초과 시간 안에 DCOM으로 등록하지 않았습니다.","10010","0","0","2","0","0","-9187343239835811840","29469","Microsoft-Windows-DistributedCOM","1b562e86-b7aa-4131-badc-b6f3a001407e","System","1660","15832","DT","S-1-5-21-3843888092-660805983-3388631941-1001","11/9/2025 10:26:41 PM","12969e9c-401c-0002-27d2-77161c40dc01",,"c:\users\zinpi\desktop\251215_sys.evtx","System.UInt32[]","System.Diagnostics.Eventing.Reader.EventBookmark","오류","정보",,"System.Collections.ObjectModel.ReadOnlyCollection`1[System.String]","System.Collections.Generic.List`1[System.Diagnostics.Eventing.Reader.EventProperty]"
"{AB8902B4-09CA-4BB6-B78D-A8F59079A8D5} 서버가 요구된 초과 시간 안에 DCOM으로 등록하지 않았습니다.","10010","0","0","2","0","0","-9187343239835811840","29468","Microsoft-Windows-DistributedCOM","1b562e86-b7aa-4131-badc-b6f3a001407e","System","1660","15832","DT","S-1-5-21-3843888092-660805983-3388631941-1001","11/9/2025 10:26:41 PM","12969e9c-401c-0002-20d2-77161c40dc01",,"c:\users\zinpi\desktop\251215_sys.evtx","System.UInt32[]","System.Diagnostics.Eventing.Reader.EventBookmark","오류","정보",,"System.Collections.ObjectModel.ReadOnlyCollection`1[System.String]","System.Collections.Generic.List`1[System.Diagnostics.Eventing.Reader.EventProperty]"
"{AB8902B4-09CA-4BB6-B78D-A8F59079A8D5} 서버가 요구된 초과 시간 안에 DCOM으로 등록하지 않았습니다.","10010","0","0","2","0","0","-9187343239835811840","29467","Microsoft-Windows-DistributedCOM","1b562e86-b7aa-4131-badc-b6f3a001407e","System","1660","15832","DT","S-1-5-21-3843888092-660805983-3388631941-1001","11/9/2025 10:26:41 PM","12969e9c-401c-0000-f591-59171c40dc01",,"c:\users\zinpi\desktop\251215_sys.evtx","System.UInt32[]","System.Diagnostics.Eventing.Reader.EventBookmark","오류","정보",,"System.Collections.ObjectModel.ReadOnlyCollection`1[System.String]","System.Collections.Generic.List`1[System.Diagnostics.Eventing.Reader.EventProperty]"
"{AB8902B4-09CA-4BB6-B78D-A8F59079A8D5} 서버가 요구된 초과 시간 안에 DCOM으로 등록하지 않았습니다.","10010","0","0","2","0","0","-9187343239835811840","29466","Microsoft-Windows-DistributedCOM","1b562e86-b7aa-4131-badc-b6f3a001407e","System","1660","15832","DT","S-1-5-21-3843888092-660805983-3388631941-1001","11/9/2025 10:26:41 PM","12969e9c-401c-0006-b55c-ff131c40dc01",,"c:\users\zinpi\desktop\251215_sys.evtx","System.UInt32[]","System.Diagnostics.Eventing.Reader.EventBookmark","오류","정보",,"System.Collections.ObjectModel.ReadOnlyCollection`1[System.String]","System.Collections.Generic.List`1[System.Diagnostics.Eventing.Reader.EventProperty]"
"{AB8902B4-09CA-4BB6-B78D-A8F59079A8D5} 서버가 요구된 초과 시간 안에 DCOM으로 등록하지 않았습니다.","10010","0","0","2","0","0","-9187343239835811840","29465","Microsoft-Windows-DistributedCOM","1b562e86-b7aa-4131-badc-b6f3a001407e","System","1660","15832","DT","S-1-5-21-3843888092-660805983-3388631941-1001","11/9/2025 10:26:41 PM","12969e9c-401c-0006-ac5c-ff131c40dc01",,"c:\users\zinpi\desktop\251215_sys.evtx","System.UInt32[]","System.Diagnostics.Eventing.Reader.EventBookmark","오류","정보",,"System.Collections.ObjectModel.ReadOnlyCollection`1[System.String]","System.Collections.Generic.List`1[System.Diagnostics.Eventing.Reader.EventProperty]"
"{AB8902B4-09CA-4BB6-B78D-A8F59079A8D5} 서버가 요구된 초과 시간 안에 DCOM으로 등록하지 않았습니다.","10010","0","0","2","0","0","-9187343239835811840","29464","Microsoft-Windows-DistributedCOM","1b562e86-b7aa-4131-badc-b6f3a001407e","System","1660","15832","DT","S-1-5-21-3843888092-660805983-3388631941-1001","11/9/2025 10:26:41 PM","12969e9c-401c-0000-d591-59171c40dc01",,"c:\users\zinpi\desktop\251215_sys.evtx","System.UInt32[]","System.Diagnostics.Eventing.Reader.EventBookmark","오류","정보",,"System.Collections.ObjectModel.ReadOnlyCollection`1[System.String]","System.Collections.Generic.List`1[System.Diagnostics.Eventing.Reader.EventProperty]"
"{AB8902B4-09CA-4BB6-B78D-A8F59079A8D5} 서버가 요구된 초과 시간 안에 DCOM으로 등록하지 않았습니다.","10010","0","0","2","0","0","-9187343239835811840","29463","Microsoft-Windows-DistributedCOM","1b562e86-b7aa-4131-badc-b6f3a001407e","System","1660","15832","DT","S-1-5-21-3843888092-660805983-3388631941-1001","11/9/2025 10:26:41 PM","12969e9c-401c-0008-d38a-12141c40dc01",,"c:\users\zinpi\desktop\251215_sys.evtx","System.UInt32[]","System.Diagnostics.Eventing.Reader.EventBookmark","오류","정보",,"System.Collections.ObjectModel.ReadOnlyCollection`1[System.String]","System.Collections.Generic.List`1[System.Diagnostics.Eventing.Reader.EventProperty]"
"{AB8902B4-09CA-4BB6-B78D-A8F59079A8D5} 서버가 요구된 초과 시간 안에 DCOM으로 등록하지 않았습니다.","10010","0","0","2","0","0","-9187343239835811840","29462","Microsoft-Windows-DistributedCOM","1b562e86-b7aa-4131-badc-b6f3a001407e","System","1660","15832","DT","S-1-5-21-3843888092-660805983-3388631941-1001","11/9/2025 10:26:41 PM","12969e9c-401c-000a-262c-20141c40dc01",,"c:\users\zinpi\desktop\251215_sys.evtx","System.UInt32[]","System.Diagnostics.Eventing.Reader.EventBookmark","오류","정보",,"System.Collections.ObjectModel.ReadOnlyCollection`1[System.String]","System.Collections.Generic.List`1[System.Diagnostics.Eventing.Reader.EventProperty]"
"{AB8902B4-09CA-4BB6-B78D-A8F59079A8D5} 서버가 요구된 초과 시간 안에 DCOM으로 등록하지 않았습니다.","10010","0","0","2","0","0","-9187343239835811840","29461","Microsoft-Windows-DistributedCOM","1b562e86-b7aa-4131-badc-b6f3a001407e","System","1660","15832","DT","S-1-5-21-3843888092-660805983-3388631941-1001","11/9/2025 10:26:41 PM","12969e9c-401c-000a-1c2c-20141c40dc01",,"c:\users\zinpi\desktop\251215_sys.evtx","System.UInt32[]","System.Diagnostics.Eventing.Reader.EventBookmark","오류","정보",,"System.Collections.ObjectModel.ReadOnlyCollection`1[System.String]","System.Collections.Generic.List`1[System.Diagnostics.Eventing.Reader.EventProperty]"
"{AB8902B4-09CA-4BB6-B78D-A8F59079A8D5} 서버가 요구된 초과 시간 안에 DCOM으로 등록하지 않았습니다.","10010","0","0","2","0","0","-9187343239835811840","29460","Microsoft-Windows-DistributedCOM","1b562e86-b7aa-4131-badc-b6f3a001407e","System","1660","15832","DT","S-1-5-21-3843888092-660805983-3388631941-1001","11/9/2025 10:26:41 PM","12969e9c-401c-0000-c591-59171c40dc01",,"c:\users\zinpi\desktop\251215_sys.evtx","System.UInt32[]","System.Diagnostics.Eventing.Reader.EventBookmark","오류","정보",,"System.Collections.ObjectModel.ReadOnlyCollection`1[System.String]","System.Collections.Generic.List`1[System.Diagnostics.Eventing.Reader.EventProperty]"
"{AB8902B4-09CA-4BB6-B78D-A8F59079A8D5} 서버가 요구된 초과 시간 안에 DCOM으로 등록하지 않았습니다.","10010","0","0","2","0","0","-9187343239835811840","29459","Microsoft-Windows-DistributedCOM","1b562e86-b7aa-4131-badc-b6f3a001407e","System","1660","15832","DT","S-1-5-21-3843888092-660805983-3388631941-1001","11/9/2025 10:26:41 PM","12969e9c-401c-000e-6c04-32141c40dc01",,"c:\users\zinpi\desktop\251215_sys.evtx","System.UInt32[]","System.Diagnostics.Eventing.Reader.EventBookmark","오류","정보",,"System.Collections.ObjectModel.ReadOnlyCollection`1[System.String]","System.Collections.Generic.List`1[System.Diagnostics.Eventing.Reader.EventProperty]"
"{AB8902B4-09CA-4BB6-B78D-A8F59079A8D5} 서버가 요구된 초과 시간 안에 DCOM으로 등록하지 않았습니다.","10010","0","0","2","0","0","-9187343239835811840","29458","Microsoft-Windows-DistributedCOM","1b562e86-b7aa-4131-badc-b6f3a001407e","System","1660","15832","DT","S-1-5-21-3843888092-660805983-3388631941-1001","11/9/2025 10:26:41 PM","12969e9c-401c-000c-f435-ff131c40dc01",,"c:\users\zinpi\desktop\251215_sys.evtx","System.UInt32[]","System.Diagnostics.Eventing.Reader.EventBookmark","오류","정보",,"System.Collections.ObjectModel.ReadOnlyCollection`1[System.String]","System.Collections.Generic.List`1[System.Diagnostics.Eventing.Reader.EventProperty]"
"{AB8902B4-09CA-4BB6-B78D-A8F59079A8D5} 서버가 요구된 초과 시간 안에 DCOM으로 등록하지 않았습니다.","10010","0","0","2","0","0","-9187343239835811840","29457","Microsoft-Windows-DistributedCOM","1b562e86-b7aa-4131-badc-b6f3a001407e","System","1660","32052","DT","S-1-5-21-3843888092-660805983-3388631941-1001","11/9/2025 10:26:41 PM","12969e9c-401c-0000-b691-59171c40dc01",,"c:\users\zinpi\desktop\251215_sys.evtx","System.UInt32[]","System.Diagnostics.Eventing.Reader.EventBookmark","오류","정보",,"System.Collections.ObjectModel.ReadOnlyCollection`1[System.String]","System.Collections.Generic.List`1[System.Diagnostics.Eventing.Reader.EventProperty]"
"{AB8902B4-09CA-4BB6-B78D-A8F59079A8D5} 서버가 요구된 초과 시간 안에 DCOM으로 등록하지 않았습니다.","10010","0","0","2","0","0","-9187343239835811840","29456","Microsoft-Windows-DistributedCOM","1b562e86-b7aa-4131-badc-b6f3a001407e","System","1660","32052","DT","S-1-5-21-3843888092-660805983-3388631941-1001","11/9/2025 10:26:41 PM","12969e9c-401c-0000-ac91-59171c40dc01",,"c:\users\zinpi\desktop\251215_sys.evtx","System.UInt32[]","System.Diagnostics.Eventing.Reader.EventBookmark","오류","정보",,"System.Collections.ObjectModel.ReadOnlyCollection`1[System.String]","System.Collections.Generic.List`1[System.Diagnostics.Eventing.Reader.EventProperty]"
"{AB8902B4-09CA-4BB6-B78D-A8F59079A8D5} 서버가 요구된 초과 시간 안에 DCOM으로 등록하지 않았습니다.","10010","0","0","2","0","0","-9187343239835811840","29455","Microsoft-Windows-DistributedCOM","1b562e86-b7aa-4131-badc-b6f3a001407e","System","1660","32052","DT","S-1-5-21-3843888092-660805983-3388631941-1001","11/9/2025 10:26:41 PM","12969e9c-401c-0008-be8a-12141c40dc01",,"c:\users\zinpi\desktop\251215_sys.evtx","System.UInt32[]","System.Diagnostics.Eventing.Reader.EventBookmark","오류","정보",,"System.Collections.ObjectModel.ReadOnlyCollection`1[System.String]","System.Collections.Generic.List`1[System.Diagnostics.Eventing.Reader.EventProperty]"
"{AB8902B4-09CA-4BB6-B78D-A8F59079A8D5} 서버가 요구된 초과 시간 안에 DCOM으로 등록하지 않았습니다.","10010","0","0","2","0","0","-9187343239835811840","29454","Microsoft-Windows-DistributedCOM","1b562e86-b7aa-4131-badc-b6f3a001407e","System","1660","32052","DT","S-1-5-21-3843888092-660805983-3388631941-1001","11/9/2025 10:26:41 PM","12969e9c-401c-000c-ec35-ff131c40dc01",,"c:\users\zinpi\desktop\251215_sys.evtx","System.UInt32[]","System.Diagnostics.Eventing.Reader.EventBookmark","오류","정보",,"System.Collections.ObjectModel.ReadOnlyCollection`1[System.String]","System.Collections.Generic.List`1[System.Diagnostics.Eventing.Reader.EventProperty]"
"{AB8902B4-09CA-4BB6-B78D-A8F59079A8D5} 서버가 요구된 초과 시간 안에 DCOM으로 등록하지 않았습니다.","10010","0","0","2","0","0","-9187343239835811840","29453","Microsoft-Windows-DistributedCOM","1b562e86-b7aa-4131-badc-b6f3a001407e","System","1660","32052","DT","S-1-5-21-3843888092-660805983-3388631941-1001","11/9/2025 10:26:41 PM","12969e9c-401c-000c-e035-ff131c40dc01",,"c:\users\zinpi\desktop\251215_sys.evtx","System.UInt32[]","System.Diagnostics.Eventing.Reader.EventBookmark","오류","정보",,"System.Collections.ObjectModel.ReadOnlyCollection`1[System.String]","System.Collections.Generic.List`1[System.Diagnostics.Eventing.Reader.EventProperty]"
"{AB8902B4-09CA-4BB6-B78D-A8F59079A8D5} 서버가 요구된 초과 시간 안에 DCOM으로 등록하지 않았습니다.","10010","0","0","2","0","0","-9187343239835811840","29452","Microsoft-Windows-DistributedCOM","1b562e86-b7aa-4131-badc-b6f3a001407e","System","1660","13468","DT","S-1-5-21-3843888092-660805983-3388631941-1001","11/9/2025 10:26:41 PM","12969e9c-401c-0008-b08a-12141c40dc01",,"c:\users\zinpi\desktop\251215_sys.evtx","System.UInt32[]","System.Diagnostics.Eventing.Reader.EventBookmark","오류","정보",,"System.Collections.ObjectModel.ReadOnlyCollection`1[System.String]","System.Collections.Generic.List`1[System.Diagnostics.Eventing.Reader.EventProperty]"
"{AB8902B4-09CA-4BB6-B78D-A8F59079A8D5} 서버가 요구된 초과 시간 안에 DCOM으로 등록하지 않았습니다.","10010","0","0","2","0","0","-9187343239835811840","29451","Microsoft-Windows-DistributedCOM","1b562e86-b7aa-4131-badc-b6f3a001407e","System","1660","13468","DT","S-1-5-21-3843888092-660805983-3388631941-1001","11/9/2025 10:26:41 PM","12969e9c-401c-0004-6a9c-01141c40dc01",,"c:\users\zinpi\desktop\251215_sys.evtx","System.UInt32[]","System.Diagnostics.Eventing.Reader.EventBookmark","오류","정보",,"System.Collections.ObjectModel.ReadOnlyCollection`1[System.String]","System.Collections.Generic.List`1[System.Diagnostics.Eventing.Reader.EventProperty]"
"{AB8902B4-09CA-4BB6-B78D-A8F59079A8D5} 서버가 요구된 초과 시간 안에 DCOM으로 등록하지 않았습니다.","10010","0","0","2","0","0","-9187343239835811840","29450","Microsoft-Windows-DistributedCOM","1b562e86-b7aa-4131-badc-b6f3a001407e","System","1660","37400","DT","S-1-5-21-3843888092-660805983-3388631941-1001","11/9/2025 10:26:41 PM","12969e9c-401c-0008-828a-12141c40dc01",,"c:\users\zinpi\desktop\251215_sys.evtx","System.UInt32[]","System.Diagnostics.Eventing.Reader.EventBookmark","오류","정보",,"System.Collections.ObjectModel.ReadOnlyCollection`1[System.String]","System.Collections.Generic.List`1[System.Diagnostics.Eventing.Reader.EventProperty]"
"응용 프로그램별 권한 설정에서 CLSID가 
{2593F8B9-4EAF-457C-B68A-50F6B8EA6B54}
이고 APPID가 
{15C20B67-12E7-4BB6-92BB-7AFF07997402}
인 COM 서버 응용 프로그램에 대한 로컬 활성화 사용 권한을 응용 프로그램 컨테이너 사용할 수 없음 SID(사용할 수 없음)에서 실행 중인 주소 LocalHost(LRPC 사용)의 사용자 DT\zinpi SID(S-1-5-21-3843888092-660805983-3388631941-1001)에게 부여하지 않았습니다. 구성 요소 서비스 관리 도구를 사용하여 이 보안 권한을 수정할 수 있습니다.","10016","0","0","3","0","0","-9187343239835811840","29444","Microsoft-Windows-DistributedCOM","1b562e86-b7aa-4131-badc-b6f3a001407e","System","1660","41256","DT","S-1-5-21-3843888092-660805983-3388631941-1001","11/9/2025 8:55:30 PM","12969e9c-401c-000f-34c2-fc121c40dc01",,"c:\users\zinpi\desktop\251215_sys.evtx","System.UInt32[]","System.Diagnostics.Eventing.Reader.EventBookmark","경고","정보",,"System.Collections.ObjectModel.ReadOnlyCollection`1[System.String]","System.Collections.Generic.List`1[System.Diagnostics.Eventing.Reader.EventProperty]"
"응용 프로그램별 권한 설정에서 CLSID가 
{2593F8B9-4EAF-457C-B68A-50F6B8EA6B54}
이고 APPID가 
{15C20B67-12E7-4BB6-92BB-7AFF07997402}
인 COM 서버 응용 프로그램에 대한 로컬 활성화 사용 권한을 응용 프로그램 컨테이너 MicrosoftWindows.Client.WebExperience_525.28301.40.0_x64__cw5n1h2txyewy SID(사용할 수 없음)에서 실행 중인 주소 LocalHost(LRPC 사용)의 사용자 DT\zinpi SID(S-1-5-21-3843888092-660805983-3388631941-1001)에게 부여하지 않았습니다. 구성 요소 서비스 관리 도구를 사용하여 이 보안 권한을 수정할 수 있습니다.","10016","0","0","3","0","0","-9187343239835811840","29441","Microsoft-Windows-DistributedCOM","1b562e86-b7aa-4131-badc-b6f3a001407e","System","1660","37796","DT","S-1-5-21-3843888092-660805983-3388631941-1001","11/9/2025 3:56:52 PM","12969e9c-401c-000a-125b-18141c40dc01",,"c:\users\zinpi\desktop\251215_sys.evtx","System.UInt32[]","System.Diagnostics.Eventing.Reader.EventBookmark","경고","정보",,"System.Collections.ObjectModel.ReadOnlyCollection`1[System.String]","System.Collections.Generic.List`1[System.Diagnostics.Eventing.Reader.EventProperty]"
"응용 프로그램별 권한 설정에서 CLSID가 
{6B3B8D23-FA8D-40B9-8DBD-B950333E2C52}
이고 APPID가 
{4839DDB7-58C2-48F5-8283-E1D1807D0D7D}
인 COM 서버 응용 프로그램에 대한 로컬 활성화 사용 권한을 응용 프로그램 컨테이너 사용할 수 없음 SID(사용할 수 없음)에서 실행 중인 주소 LocalHost(LRPC 사용)의 사용자 NT AUTHORITY\LOCAL SERVICE SID(S-1-5-19)에게 부여하지 않았습니다. 구성 요소 서비스 관리 도구를 사용하여 이 보안 권한을 수정할 수 있습니다.","10016","0","0","3","0","0","-9187343239835811840","29371","Microsoft-Windows-DistributedCOM","1b562e86-b7aa-4131-badc-b6f3a001407e","System","1660","13320","DT","S-1-5-19","11/9/2025 2:55:46 PM",,,"c:\users\zinpi\desktop\251215_sys.evtx","System.UInt32[]","System.Diagnostics.Eventing.Reader.EventBookmark","경고","정보",,"System.Collections.ObjectModel.ReadOnlyCollection`1[System.String]","System.Collections.Generic.List`1[System.Diagnostics.Eventing.Reader.EventProperty]"
"응용 프로그램별 권한 설정에서 CLSID가 
{6B3B8D23-FA8D-40B9-8DBD-B950333E2C52}
이고 APPID가 
{4839DDB7-58C2-48F5-8283-E1D1807D0D7D}
인 COM 서버 응용 프로그램에 대한 로컬 활성화 사용 권한을 응용 프로그램 컨테이너 사용할 수 없음 SID(사용할 수 없음)에서 실행 중인 주소 LocalHost(LRPC 사용)의 사용자 NT AUTHORITY\LOCAL SERVICE SID(S-1-5-19)에게 부여하지 않았습니다. 구성 요소 서비스 관리 도구를 사용하여 이 보안 권한을 수정할 수 있습니다.","10016","0","0","3","0","0","-9187343239835811840","29370","Microsoft-Windows-DistributedCOM","1b562e86-b7aa-4131-badc-b6f3a001407e","System","1660","24380","DT","S-1-5-19","11/9/2025 2:55:46 PM",,,"c:\users\zinpi\desktop\251215_sys.evtx","System.UInt32[]","System.Diagnostics.Eventing.Reader.EventBookmark","경고","정보",,"System.Collections.ObjectModel.ReadOnlyCollection`1[System.String]","System.Collections.Generic.List`1[System.Diagnostics.Eventing.Reader.EventProperty]"
"NtpClient는 'time.windows.com,0x9'의 DNS 확인 오류로 인해 시간 원본으로 사용할 수동 피어를 설정하지 못했습니다. NtpClient는 15분 내에 다시 시도하고 그 후로는 재시도 간격을 두 배로 합니다. 오류: 알려진 호스트가 없습니다. (0x80072AF9)","134","0",,"3","0","0","-9223372036854775808","29366","Microsoft-Windows-Time-Service","06edcfeb-0fd0-4e53-acca-a6f8bbf81bcb","System","10844","10804","DT","S-1-5-19","11/9/2025 2:55:45 PM",,,"c:\users\zinpi\desktop\251215_sys.evtx","System.UInt32[]","System.Diagnostics.Eventing.Reader.EventBookmark","경고","정보",,"System.Collections.ObjectModel.ReadOnlyCollection`1[System.String]","System.Collections.Generic.List`1[System.Diagnostics.Eventing.Reader.EventProperty]"
"Intel(R) Ethernet Controller (3) I225-V
 네트워크 링크가 분리되었습니다.
","27","0","40964","3","0","0","36028797018963968","29358","e2fexpress",,"System","4","22100","DT",,"11/9/2025 2:55:44 PM",,,"c:\users\zinpi\desktop\251215_sys.evtx","System.UInt32[]","System.Diagnostics.Eventing.Reader.EventBookmark","경고",,"없음","System.Collections.ObjectModel.ReadOnlyCollection`1[System.String]","System.Collections.Generic.List`1[System.Diagnostics.Eventing.Reader.EventProperty]"
"PICO Streaming Service 서비스가 예기치 않게 2번 종료되었습니다. 1000밀리초 안에 다음 수정 작업을 합니다. 서비스 다시 시작.","7031","0","49152","2","0","0","-9187343239835811840","29354","Service Control Manager","555908d1-a6d7-4695-8e1e-26931d2012f4","System","1316","28352","DT",,"11/8/2025 4:42:30 PM",,,"c:\users\zinpi\desktop\251215_sys.evtx","System.UInt32[]","System.Diagnostics.Eventing.Reader.EventBookmark","오류",,,"System.Collections.ObjectModel.ReadOnlyCollection`1[System.String]","System.Collections.Generic.List`1[System.Diagnostics.Eventing.Reader.EventProperty]"
"{AB8902B4-09CA-4BB6-B78D-A8F59079A8D5} 서버가 요구된 초과 시간 안에 DCOM으로 등록하지 않았습니다.","10010","0","0","2","0","0","-9187343239835811840","29349","Microsoft-Windows-DistributedCOM","1b562e86-b7aa-4131-badc-b6f3a001407e","System","1660","17560","DT","S-1-5-21-3843888092-660805983-3388631941-1001","11/8/2025 4:42:28 PM","12969e9c-401c-0001-3357-70141c40dc01",,"c:\users\zinpi\desktop\251215_sys.evtx","System.UInt32[]","System.Diagnostics.Eventing.Reader.EventBookmark","오류","정보",,"System.Collections.ObjectModel.ReadOnlyCollection`1[System.String]","System.Collections.Generic.List`1[System.Diagnostics.Eventing.Reader.EventProperty]"
"{AB8902B4-09CA-4BB6-B78D-A8F59079A8D5} 서버가 요구된 초과 시간 안에 DCOM으로 등록하지 않았습니다.","10010","0","0","2","0","0","-9187343239835811840","29348","Microsoft-Windows-DistributedCOM","1b562e86-b7aa-4131-badc-b6f3a001407e","System","1660","17560","DT","S-1-5-21-3843888092-660805983-3388631941-1001","11/8/2025 4:42:28 PM","12969e9c-401c-0011-48dc-56141c40dc01",,"c:\users\zinpi\desktop\251215_sys.evtx","System.UInt32[]","System.Diagnostics.Eventing.Reader.EventBookmark","오류","정보",,"System.Collections.ObjectModel.ReadOnlyCollection`1[System.String]","System.Collections.Generic.List`1[System.Diagnostics.Eventing.Reader.EventProperty]"
"{AB8902B4-09CA-4BB6-B78D-A8F59079A8D5} 서버가 요구된 초과 시간 안에 DCOM으로 등록하지 않았습니다.","10010","0","0","2","0","0","-9187343239835811840","29347","Microsoft-Windows-DistributedCOM","1b562e86-b7aa-4131-badc-b6f3a001407e","System","1660","17560","DT","S-1-5-21-3843888092-660805983-3388631941-1001","11/8/2025 4:42:28 PM","12969e9c-401c-0001-1a57-70141c40dc01",,"c:\users\zinpi\desktop\251215_sys.evtx","System.UInt32[]","System.Diagnostics.Eventing.Reader.EventBookmark","오류","정보",,"System.Collections.ObjectModel.ReadOnlyCollection`1[System.String]","System.Collections.Generic.List`1[System.Diagnostics.Eventing.Reader.EventProperty]"
"{AB8902B4-09CA-4BB6-B78D-A8F59079A8D5} 서버가 요구된 초과 시간 안에 DCOM으로 등록하지 않았습니다.","10010","0","0","2","0","0","-9187343239835811840","29346","Microsoft-Windows-DistributedCOM","1b562e86-b7aa-4131-badc-b6f3a001407e","System","1660","17560","DT","S-1-5-21-3843888092-660805983-3388631941-1001","11/8/2025 4:42:28 PM","12969e9c-401c-000d-6bbe-e9121c40dc01",,"c:\users\zinpi\desktop\251215_sys.evtx","System.UInt32[]","System.Diagnostics.Eventing.Reader.EventBookmark","오류","정보",,"System.Collections.ObjectModel.ReadOnlyCollection`1[System.String]","System.Collections.Generic.List`1[System.Diagnostics.Eventing.Reader.EventProperty]"
"{AB8902B4-09CA-4BB6-B78D-A8F59079A8D5} 서버가 요구된 초과 시간 안에 DCOM으로 등록하지 않았습니다.","10010","0","0","2","0","0","-9187343239835811840","29345","Microsoft-Windows-DistributedCOM","1b562e86-b7aa-4131-badc-b6f3a001407e","System","1660","17560","DT","S-1-5-21-3843888092-660805983-3388631941-1001","11/8/2025 4:42:28 PM","12969e9c-401c-0006-ec53-f8131c40dc01",,"c:\users\zinpi\desktop\251215_sys.evtx","System.UInt32[]","System.Diagnostics.Eventing.Reader.EventBookmark","오류","정보",,"System.Collections.ObjectModel.ReadOnlyCollection`1[System.String]","System.Collections.Generic.List`1[System.Diagnostics.Eventing.Reader.EventProperty]"
"{AB8902B4-09CA-4BB6-B78D-A8F59079A8D5} 서버가 요구된 초과 시간 안에 DCOM으로 등록하지 않았습니다.","10010","0","0","2","0","0","-9187343239835811840","29344","Microsoft-Windows-DistributedCOM","1b562e86-b7aa-4131-badc-b6f3a001407e","System","1660","17560","DT","S-1-5-21-3843888092-660805983-3388631941-1001","11/8/2025 4:42:28 PM","12969e9c-401c-0002-72aa-61161c40dc01",,"c:\users\zinpi\desktop\251215_sys.evtx","System.UInt32[]","System.Diagnostics.Eventing.Reader.EventBookmark","오류","정보",,"System.Collections.ObjectModel.ReadOnlyCollection`1[System.String]","System.Collections.Generic.List`1[System.Diagnostics.Eventing.Reader.EventProperty]"
"{AB8902B4-09CA-4BB6-B78D-A8F59079A8D5} 서버가 요구된 초과 시간 안에 DCOM으로 등록하지 않았습니다.","10010","0","0","2","0","0","-9187343239835811840","29343","Microsoft-Windows-DistributedCOM","1b562e86-b7aa-4131-badc-b6f3a001407e","System","1660","17560","DT","S-1-5-21-3843888092-660805983-3388631941-1001","11/8/2025 4:42:28 PM","12969e9c-401c-0006-da53-f8131c40dc01",,"c:\users\zinpi\desktop\251215_sys.evtx","System.UInt32[]","System.Diagnostics.Eventing.Reader.EventBookmark","오류","정보",,"System.Collections.ObjectModel.ReadOnlyCollection`1[System.String]","System.Collections.Generic.List`1[System.Diagnostics.Eventing.Reader.EventProperty]"
"{AB8902B4-09CA-4BB6-B78D-A8F59079A8D5} 서버가 요구된 초과 시간 안에 DCOM으로 등록하지 않았습니다.","10010","0","0","2","0","0","-9187343239835811840","29342","Microsoft-Windows-DistributedCOM","1b562e86-b7aa-4131-badc-b6f3a001407e","System","1660","17560","DT","S-1-5-21-3843888092-660805983-3388631941-1001","11/8/2025 4:42:28 PM","12969e9c-401c-0001-d756-70141c40dc01",,"c:\users\zinpi\desktop\251215_sys.evtx","System.UInt32[]","System.Diagnostics.Eventing.Reader.EventBookmark","오류","정보",,"System.Collections.ObjectModel.ReadOnlyCollection`1[System.String]","System.Collections.Generic.List`1[System.Diagnostics.Eventing.Reader.EventProperty]"
"{AB8902B4-09CA-4BB6-B78D-A8F59079A8D5} 서버가 요구된 초과 시간 안에 DCOM으로 등록하지 않았습니다.","10010","0","0","2","0","0","-9187343239835811840","29341","Microsoft-Windows-DistributedCOM","1b562e86-b7aa-4131-badc-b6f3a001407e","System","1660","17560","DT","S-1-5-21-3843888092-660805983-3388631941-1001","11/8/2025 4:42:28 PM","12969e9c-401c-0002-49aa-61161c40dc01",,"c:\users\zinpi\desktop\251215_sys.evtx","System.UInt32[]","System.Diagnostics.Eventing.Reader.EventBookmark","오류","정보",,"System.Collections.ObjectModel.ReadOnlyCollection`1[System.String]","System.Collections.Generic.List`1[System.Diagnostics.Eventing.Reader.EventProperty]"
"{AB8902B4-09CA-4BB6-B78D-A8F59079A8D5} 서버가 요구된 초과 시간 안에 DCOM으로 등록하지 않았습니다.","10010","0","0","2","0","0","-9187343239835811840","29340","Microsoft-Windows-DistributedCOM","1b562e86-b7aa-4131-badc-b6f3a001407e","System","1660","17560","DT","S-1-5-21-3843888092-660805983-3388631941-1001","11/8/2025 4:42:28 PM","12969e9c-401c-0002-43aa-61161c40dc01",,"c:\users\zinpi\desktop\251215_sys.evtx","System.UInt32[]","System.Diagnostics.Eventing.Reader.EventBookmark","오류","정보",,"System.Collections.ObjectModel.ReadOnlyCollection`1[System.String]","System.Collections.Generic.List`1[System.Diagnostics.Eventing.Reader.EventProperty]"
"{AB8902B4-09CA-4BB6-B78D-A8F59079A8D5} 서버가 요구된 초과 시간 안에 DCOM으로 등록하지 않았습니다.","10010","0","0","2","0","0","-9187343239835811840","29339","Microsoft-Windows-DistributedCOM","1b562e86-b7aa-4131-badc-b6f3a001407e","System","1660","17560","DT","S-1-5-21-3843888092-660805983-3388631941-1001","11/8/2025 4:42:28 PM","12969e9c-401c-0001-b356-70141c40dc01",,"c:\users\zinpi\desktop\251215_sys.evtx","System.UInt32[]","System.Diagnostics.Eventing.Reader.EventBookmark","오류","정보",,"System.Collections.ObjectModel.ReadOnlyCollection`1[System.String]","System.Collections.Generic.List`1[System.Diagnostics.Eventing.Reader.EventProperty]"
"{AB8902B4-09CA-4BB6-B78D-A8F59079A8D5} 서버가 요구된 초과 시간 안에 DCOM으로 등록하지 않았습니다.","10010","0","0","2","0","0","-9187343239835811840","29338","Microsoft-Windows-DistributedCOM","1b562e86-b7aa-4131-badc-b6f3a001407e","System","1660","17560","DT","S-1-5-21-3843888092-660805983-3388631941-1001","11/8/2025 4:42:28 PM","12969e9c-401c-0001-a856-70141c40dc01",,"c:\users\zinpi\desktop\251215_sys.evtx","System.UInt32[]","System.Diagnostics.Eventing.Reader.EventBookmark","오류","정보",,"System.Collections.ObjectModel.ReadOnlyCollection`1[System.String]","System.Collections.Generic.List`1[System.Diagnostics.Eventing.Reader.EventProperty]"
