모듈 경로: C:\WINDOWS\System32\DriverStore\FileRepository\netwtw6e.inf_amd64_7bd3932d2033b1d2\IntelIHVRouter14.dll
","10002","0",,"3","0","0","4611686018427387904","11635","Microsoft-Windows-WLAN-AutoConfig","9580d7dd-0379-4658-9870-d5be7d52d6de","System","3456","6296","DT","S-1-5-18","5/18/2025 10:03:35 AM",,,"c:\users\zinpi\desktop\251215_sys.evtx","System.UInt32[]","System.Diagnostics.Eventing.Reader.EventBookmark","경고","정보",,"System.Collections.ObjectModel.ReadOnlyCollection`1[System.String]","System.Collections.Generic.List`1[System.Diagnostics.Eventing.Reader.EventProperty]"
"장치 연결 서비스에서 엔드포인트 검색 오류를 감지했습니다.","3503","0",,"2","5000","0","4611686018427387922","11627","Microsoft-Windows-DeviceAssociationService","56c71c31-cfbd-4cdd-8559-505e042bbbe1","System","2356","2464","DT","S-1-5-18","5/18/2025 10:03:35 AM","005c0073-0064-006f-7400-6e0065007400",,"c:\users\zinpi\desktop\251215_sys.evtx","System.UInt32[]","System.Diagnostics.Eventing.Reader.EventBookmark","오류","정보",,"System.Collections.ObjectModel.ReadOnlyCollection`1[System.String]","System.Collections.Generic.List`1[System.Diagnostics.Eventing.Reader.EventProperty]"
"장치 연결 서비스에서 엔드포인트 검색 오류를 감지했습니다.","3503","0",,"2","5000","0","4611686018427387922","11626","Microsoft-Windows-DeviceAssociationService","56c71c31-cfbd-4cdd-8559-505e042bbbe1","System","2356","2464","DT","S-1-5-18","5/18/2025 10:03:35 AM",,,"c:\users\zinpi\desktop\251215_sys.evtx","System.UInt32[]","System.Diagnostics.Eventing.Reader.EventBookmark","오류","정보",,"System.Collections.ObjectModel.ReadOnlyCollection`1[System.String]","System.Collections.Generic.List`1[System.Diagnostics.Eventing.Reader.EventProperty]"
"장치 연결 서비스에서 엔드포인트 검색 오류를 감지했습니다.","3503","0",,"2","5000","0","4611686018427387922","11625","Microsoft-Windows-DeviceAssociationService","56c71c31-cfbd-4cdd-8559-505e042bbbe1","System","2356","2464","DT","S-1-5-18","5/18/2025 10:03:35 AM","e7c3fb29-caa7-4f47-8c8b-be59b330d4c5",,"c:\users\zinpi\desktop\251215_sys.evtx","System.UInt32[]","System.Diagnostics.Eventing.Reader.EventBookmark","오류","정보",,"System.Collections.ObjectModel.ReadOnlyCollection`1[System.String]","System.Collections.Generic.List`1[System.Diagnostics.Eventing.Reader.EventProperty]"
"Intel(R) Ethernet Controller (3) I225-V
 네트워크 링크가 분리되었습니다.
","27","0","40964","3","0","0","36028797018963968","11589","e2fexpress",,"System","4","500","DT",,"5/18/2025 10:03:14 AM",,,"c:\users\zinpi\desktop\251215_sys.evtx","System.UInt32[]","System.Diagnostics.Eventing.Reader.EventBookmark","경고",,"없음","System.Collections.ObjectModel.ReadOnlyCollection`1[System.String]","System.Collections.Generic.List`1[System.Diagnostics.Eventing.Reader.EventProperty]"
"다음 오류로 인해 OracleVssWriterXE 서비스를 시작하지 못했습니다. 
서비스가 올바르게 작동하는 데 필요한 권한이 서비스 계정 구성에 없습니다. 서비스 MMC(Microsoft Management Console) 스냅인(services.msc)과 로컬 보안 설정 MMC 스냅인(secpol.msc)을 사용하여 서비스 구성과 계정 구성을 볼 수 있습니다.","7000","0","49152","2","0","0","-9187343239835811840","11576","Service Control Manager","555908d1-a6d7-4695-8e1e-26931d2012f4","System","1248","4052","DT",,"5/18/2025 10:03:10 AM",,,"c:\users\zinpi\desktop\251215_sys.evtx","System.UInt32[]","System.Diagnostics.Eventing.Reader.EventBookmark","오류",,,"System.Collections.ObjectModel.ReadOnlyCollection`1[System.String]","System.Collections.Generic.List`1[System.Diagnostics.Eventing.Reader.EventProperty]"
"드라이버가 이 HID 키보드에 불량 펌웨어가 있는 것을 검색했습니다. 중복 보고서 패킷을 전송하고 있습니다.","1","0","32773","3","0","0","36028797018963968","11533","kbdhid",,"System","4","500","DT",,"5/18/2025 10:03:09 AM",,,"c:\users\zinpi\desktop\251215_sys.evtx","System.UInt32[]","System.Diagnostics.Eventing.Reader.EventBookmark","경고",,"없음","System.Collections.ObjectModel.ReadOnlyCollection`1[System.String]","System.Collections.Generic.List`1[System.Diagnostics.Eventing.Reader.EventProperty]"
"Intel(R) Ethernet Controller (3) I225-V
 네트워크 링크가 분리되었습니다.
","27","0","40964","3","0","0","36028797018963968","11519","e2fexpress",,"System","4","508","DT",,"5/18/2025 10:03:07 AM",,,"c:\users\zinpi\desktop\251215_sys.evtx","System.UInt32[]","System.Diagnostics.Eventing.Reader.EventBookmark","경고",,"없음","System.Collections.ObjectModel.ReadOnlyCollection`1[System.String]","System.Collections.Generic.List`1[System.Diagnostics.Eventing.Reader.EventProperty]"
"하이퍼스레딩이 활성화되어 있기 때문에 하이퍼바이저는 가상 머신에 대한 부채널 취약성에 대한 완화를 활성화하지 않았습니다. 가상 머신에 대한 완화를 활성화하려면 HyperThreading을 비활성화합니다.","167","0",,"3","0","0","-9223301668110598144","11473","Microsoft-Windows-Hyper-V-Hypervisor","52fc89f8-995e-434c-a91e-199986449890","System","4","8","DT","S-1-5-18","5/18/2025 10:03:05 AM",,,"c:\users\zinpi\desktop\251215_sys.evtx","System.UInt32[]","System.Diagnostics.Eventing.Reader.EventBookmark","경고","정보",,"System.Collections.ObjectModel.ReadOnlyCollection`1[System.String]","System.Collections.Generic.List`1[System.Diagnostics.Eventing.Reader.EventProperty]"
"WLAN 확장성 모듈을 중지했습니다.

모듈 경로: C:\WINDOWS\System32\DriverStore\FileRepository\netwtw6e.inf_amd64_7bd3932d2033b1d2\IntelIHVRouter14.dll
","10002","0",,"3","0","0","4611686018427387904","11450","Microsoft-Windows-WLAN-AutoConfig","9580d7dd-0379-4658-9870-d5be7d52d6de","System","3428","5224","DT","S-1-5-18","5/18/2025 10:02:43 AM",,,"c:\users\zinpi\desktop\251215_sys.evtx","System.UInt32[]","System.Diagnostics.Eventing.Reader.EventBookmark","경고","정보",,"System.Collections.ObjectModel.ReadOnlyCollection`1[System.String]","System.Collections.Generic.List`1[System.Diagnostics.Eventing.Reader.EventProperty]"
"ACPI Time 및 Alarm Device 메서드를 평가하지 못했기 때문에 하드웨어 실시간 시계가 설정되지 않았습니다.  상태: 0xC0000001.","21","0",,"2","0","0","-9223372036854775808","11445","Microsoft-Windows-HAL","63d1e632-95cc-4443-9312-af927761d52a","System","5616","5824","DT","S-1-5-19","5/18/2025 10:02:42 AM",,,"c:\users\zinpi\desktop\251215_sys.evtx","System.UInt32[]","System.Diagnostics.Eventing.Reader.EventBookmark","오류","정보",,"System.Collections.ObjectModel.ReadOnlyCollection`1[System.String]","System.Collections.Generic.List`1[System.Diagnostics.Eventing.Reader.EventProperty]"
"장치 연결 서비스에서 엔드포인트 검색 오류를 감지했습니다.","3503","0",,"2","5000","0","4611686018427387922","11440","Microsoft-Windows-DeviceAssociationService","56c71c31-cfbd-4cdd-8559-505e042bbbe1","System","4156","14708","DT","S-1-5-18","5/18/2025 10:02:42 AM",,,"c:\users\zinpi\desktop\251215_sys.evtx","System.UInt32[]","System.Diagnostics.Eventing.Reader.EventBookmark","오류","정보",,"System.Collections.ObjectModel.ReadOnlyCollection`1[System.String]","System.Collections.Generic.List`1[System.Diagnostics.Eventing.Reader.EventProperty]"
"장치 연결 서비스에서 엔드포인트 검색 오류를 감지했습니다.","3503","0",,"2","5000","0","4611686018427387922","11439","Microsoft-Windows-DeviceAssociationService","56c71c31-cfbd-4cdd-8559-505e042bbbe1","System","4156","14708","DT","S-1-5-18","5/18/2025 10:02:42 AM","00000012-0054-0000-e877-127a3a010000",,"c:\users\zinpi\desktop\251215_sys.evtx","System.UInt32[]","System.Diagnostics.Eventing.Reader.EventBookmark","오류","정보",,"System.Collections.ObjectModel.ReadOnlyCollection`1[System.String]","System.Collections.Generic.List`1[System.Diagnostics.Eventing.Reader.EventProperty]"
"장치 연결 서비스에서 엔드포인트 검색 오류를 감지했습니다.","3503","0",,"2","5000","0","4611686018427387922","11438","Microsoft-Windows-DeviceAssociationService","56c71c31-cfbd-4cdd-8559-505e042bbbe1","System","4156","14708","DT","S-1-5-18","5/18/2025 10:02:42 AM","00000012-0054-0000-0078-127a3a010000",,"c:\users\zinpi\desktop\251215_sys.evtx","System.UInt32[]","System.Diagnostics.Eventing.Reader.EventBookmark","오류","정보",,"System.Collections.ObjectModel.ReadOnlyCollection`1[System.String]","System.Collections.Generic.List`1[System.Diagnostics.Eventing.Reader.EventProperty]"
"
{9C695035-48D2-4229-8B73-4C70E756E519} 서버를 실행하기 위해 ""사용할 수 없음"" 인수를 사용하여 UsoSvc 서비스를 시작하는 동안 DCOM에 ""1115"" 오류가 발생했습니다.","10005","0","0","2","0","0","-9187343239835811840","11432","Microsoft-Windows-DistributedCOM","1b562e86-b7aa-4131-badc-b6f3a001407e","System","1416","14696","DT","S-1-5-18","5/18/2025 10:02:29 AM","52d1db59-ac4f-0013-34dd-6d534facdb01",,"c:\users\zinpi\desktop\251215_sys.evtx","System.UInt32[]","System.Diagnostics.Eventing.Reader.EventBookmark","오류","정보",,"System.Collections.ObjectModel.ReadOnlyCollection`1[System.String]","System.Collections.Generic.List`1[System.Diagnostics.Eventing.Reader.EventProperty]"
"
{E60687F7-01A1-40AA-86AC-DB1CBF673334} 서버를 실행하기 위해 ""사용할 수 없음"" 인수를 사용하여 wuauserv 서비스를 시작하는 동안 DCOM에 ""1115"" 오류가 발생했습니다.","10005","0","0","2","0","0","-9187343239835811840","11431","Microsoft-Windows-DistributedCOM","1b562e86-b7aa-4131-badc-b6f3a001407e","System","1416","11912","DT","S-1-5-18","5/18/2025 10:02:28 AM","52d1db59-ac4f-0011-c349-6d534facdb01",,"c:\users\zinpi\desktop\251215_sys.evtx","System.UInt32[]","System.Diagnostics.Eventing.Reader.EventBookmark","오류","정보",,"System.Collections.ObjectModel.ReadOnlyCollection`1[System.String]","System.Collections.Generic.List`1[System.Diagnostics.Eventing.Reader.EventProperty]"
"
{E60687F7-01A1-40AA-86AC-DB1CBF673334} 서버를 실행하기 위해 ""사용할 수 없음"" 인수를 사용하여 wuauserv 서비스를 시작하는 동안 DCOM에 ""1115"" 오류가 발생했습니다.","10005","0","0","2","0","0","-9187343239835811840","11430","Microsoft-Windows-DistributedCOM","1b562e86-b7aa-4131-badc-b6f3a001407e","System","1416","11912","DT","S-1-5-18","5/18/2025 10:02:28 AM","52d1db59-ac4f-0011-bc49-6d534facdb01",,"c:\users\zinpi\desktop\251215_sys.evtx","System.UInt32[]","System.Diagnostics.Eventing.Reader.EventBookmark","오류","정보",,"System.Collections.ObjectModel.ReadOnlyCollection`1[System.String]","System.Collections.Generic.List`1[System.Diagnostics.Eventing.Reader.EventProperty]"
"
{E60687F7-01A1-40AA-86AC-DB1CBF673334} 서버를 실행하기 위해 ""사용할 수 없음"" 인수를 사용하여 wuauserv 서비스를 시작하는 동안 DCOM에 ""1115"" 오류가 발생했습니다.","10005","0","0","2","0","0","-9187343239835811840","11429","Microsoft-Windows-DistributedCOM","1b562e86-b7aa-4131-badc-b6f3a001407e","System","1416","11912","DT","S-1-5-18","5/18/2025 10:02:28 AM","52d1db59-ac4f-0013-12dd-6d534facdb01",,"c:\users\zinpi\desktop\251215_sys.evtx","System.UInt32[]","System.Diagnostics.Eventing.Reader.EventBookmark","오류","정보",,"System.Collections.ObjectModel.ReadOnlyCollection`1[System.String]","System.Collections.Generic.List`1[System.Diagnostics.Eventing.Reader.EventProperty]"
"
{E60687F7-01A1-40AA-86AC-DB1CBF673334} 서버를 실행하기 위해 ""사용할 수 없음"" 인수를 사용하여 wuauserv 서비스를 시작하는 동안 DCOM에 ""1115"" 오류가 발생했습니다.","10005","0","0","2","0","0","-9187343239835811840","11428","Microsoft-Windows-DistributedCOM","1b562e86-b7aa-4131-badc-b6f3a001407e","System","1416","14696","DT","S-1-5-18","5/18/2025 10:02:28 AM","52d1db59-ac4f-0012-5898-6f534facdb01",,"c:\users\zinpi\desktop\251215_sys.evtx","System.UInt32[]","System.Diagnostics.Eventing.Reader.EventBookmark","오류","정보",,"System.Collections.ObjectModel.ReadOnlyCollection`1[System.String]","System.Collections.Generic.List`1[System.Diagnostics.Eventing.Reader.EventProperty]"
"
{E60687F7-01A1-40AA-86AC-DB1CBF673334} 서버를 실행하기 위해 ""사용할 수 없음"" 인수를 사용하여 wuauserv 서비스를 시작하는 동안 DCOM에 ""1115"" 오류가 발생했습니다.","10005","0","0","2","0","0","-9187343239835811840","11427","Microsoft-Windows-DistributedCOM","1b562e86-b7aa-4131-badc-b6f3a001407e","System","1416","11912","DT","S-1-5-18","5/18/2025 10:02:27 AM","52d1db59-ac4f-0011-a849-6d534facdb01",,"c:\users\zinpi\desktop\251215_sys.evtx","System.UInt32[]","System.Diagnostics.Eventing.Reader.EventBookmark","오류","정보",,"System.Collections.ObjectModel.ReadOnlyCollection`1[System.String]","System.Collections.Generic.List`1[System.Diagnostics.Eventing.Reader.EventProperty]"
"
{E60687F7-01A1-40AA-86AC-DB1CBF673334} 서버를 실행하기 위해 ""사용할 수 없음"" 인수를 사용하여 wuauserv 서비스를 시작하는 동안 DCOM에 ""1115"" 오류가 발생했습니다.","10005","0","0","2","0","0","-9187343239835811840","11426","Microsoft-Windows-DistributedCOM","1b562e86-b7aa-4131-badc-b6f3a001407e","System","1416","11912","DT","S-1-5-18","5/18/2025 10:02:27 AM","52d1db59-ac4f-0012-3798-6f534facdb01",,"c:\users\zinpi\desktop\251215_sys.evtx","System.UInt32[]","System.Diagnostics.Eventing.Reader.EventBookmark","오류","정보",,"System.Collections.ObjectModel.ReadOnlyCollection`1[System.String]","System.Collections.Generic.List`1[System.Diagnostics.Eventing.Reader.EventProperty]"
"
{E60687F7-01A1-40AA-86AC-DB1CBF673334} 서버를 실행하기 위해 ""사용할 수 없음"" 인수를 사용하여 wuauserv 서비스를 시작하는 동안 DCOM에 ""1115"" 오류가 발생했습니다.","10005","0","0","2","0","0","-9187343239835811840","11425","Microsoft-Windows-DistributedCOM","1b562e86-b7aa-4131-badc-b6f3a001407e","System","1416","14696","DT","S-1-5-18","5/18/2025 10:02:27 AM","52d1db59-ac4f-0013-70dc-6d534facdb01",,"c:\users\zinpi\desktop\251215_sys.evtx","System.UInt32[]","System.Diagnostics.Eventing.Reader.EventBookmark","오류","정보",,"System.Collections.ObjectModel.ReadOnlyCollection`1[System.String]","System.Collections.Generic.List`1[System.Diagnostics.Eventing.Reader.EventProperty]"
"
{E60687F7-01A1-40AA-86AC-DB1CBF673334} 서버를 실행하기 위해 ""사용할 수 없음"" 인수를 사용하여 wuauserv 서비스를 시작하는 동안 DCOM에 ""1115"" 오류가 발생했습니다.","10005","0","0","2","0","0","-9187343239835811840","11424","Microsoft-Windows-DistributedCOM","1b562e86-b7aa-4131-badc-b6f3a001407e","System","1416","11912","DT","S-1-5-18","5/18/2025 10:02:27 AM","52d1db59-ac4f-0012-3198-6f534facdb01",,"c:\users\zinpi\desktop\251215_sys.evtx","System.UInt32[]","System.Diagnostics.Eventing.Reader.EventBookmark","오류","정보",,"System.Collections.ObjectModel.ReadOnlyCollection`1[System.String]","System.Collections.Generic.List`1[System.Diagnostics.Eventing.Reader.EventProperty]"
"
{E60687F7-01A1-40AA-86AC-DB1CBF673334} 서버를 실행하기 위해 ""사용할 수 없음"" 인수를 사용하여 wuauserv 서비스를 시작하는 동안 DCOM에 ""1115"" 오류가 발생했습니다.","10005","0","0","2","0","0","-9187343239835811840","11423","Microsoft-Windows-DistributedCOM","1b562e86-b7aa-4131-badc-b6f3a001407e","System","1416","11912","DT","S-1-5-18","5/18/2025 10:02:27 AM","52d1db59-ac4f-0010-dcb7-64534facdb01",,"c:\users\zinpi\desktop\251215_sys.evtx","System.UInt32[]","System.Diagnostics.Eventing.Reader.EventBookmark","오류","정보",,"System.Collections.ObjectModel.ReadOnlyCollection`1[System.String]","System.Collections.Generic.List`1[System.Diagnostics.Eventing.Reader.EventProperty]"
"
{E60687F7-01A1-40AA-86AC-DB1CBF673334} 서버를 실행하기 위해 ""사용할 수 없음"" 인수를 사용하여 wuauserv 서비스를 시작하는 동안 DCOM에 ""1115"" 오류가 발생했습니다.","10005","0","0","2","0","0","-9187343239835811840","11422","Microsoft-Windows-DistributedCOM","1b562e86-b7aa-4131-badc-b6f3a001407e","System","1416","11912","DT","S-1-5-18","5/18/2025 10:02:27 AM","52d1db59-ac4f-0012-2198-6f534facdb01",,"c:\users\zinpi\desktop\251215_sys.evtx","System.UInt32[]","System.Diagnostics.Eventing.Reader.EventBookmark","오류","정보",,"System.Collections.ObjectModel.ReadOnlyCollection`1[System.String]","System.Collections.Generic.List`1[System.Diagnostics.Eventing.Reader.EventProperty]"
"
{E60687F7-01A1-40AA-86AC-DB1CBF673334} 서버를 실행하기 위해 ""사용할 수 없음"" 인수를 사용하여 wuauserv 서비스를 시작하는 동안 DCOM에 ""1115"" 오류가 발생했습니다.","10005","0","0","2","0","0","-9187343239835811840","11421","Microsoft-Windows-DistributedCOM","1b562e86-b7aa-4131-badc-b6f3a001407e","System","1416","11912","DT","S-1-5-18","5/18/2025 10:02:26 AM","52d1db59-ac4f-0010-9eb7-64534facdb01",,"c:\users\zinpi\desktop\251215_sys.evtx","System.UInt32[]","System.Diagnostics.Eventing.Reader.EventBookmark","오류","정보",,"System.Collections.ObjectModel.ReadOnlyCollection`1[System.String]","System.Collections.Generic.List`1[System.Diagnostics.Eventing.Reader.EventProperty]"
"
{E60687F7-01A1-40AA-86AC-DB1CBF673334} 서버를 실행하기 위해 ""사용할 수 없음"" 인수를 사용하여 wuauserv 서비스를 시작하는 동안 DCOM에 ""1115"" 오류가 발생했습니다.","10005","0","0","2","0","0","-9187343239835811840","11420","Microsoft-Windows-DistributedCOM","1b562e86-b7aa-4131-badc-b6f3a001407e","System","1416","11912","DT","S-1-5-18","5/18/2025 10:02:26 AM","52d1db59-ac4f-0013-46dc-6d534facdb01",,"c:\users\zinpi\desktop\251215_sys.evtx","System.UInt32[]","System.Diagnostics.Eventing.Reader.EventBookmark","오류","정보",,"System.Collections.ObjectModel.ReadOnlyCollection`1[System.String]","System.Collections.Generic.List`1[System.Diagnostics.Eventing.Reader.EventProperty]"
"
{E60687F7-01A1-40AA-86AC-DB1CBF673334} 서버를 실행하기 위해 ""사용할 수 없음"" 인수를 사용하여 wuauserv 서비스를 시작하는 동안 DCOM에 ""1115"" 오류가 발생했습니다.","10005","0","0","2","0","0","-9187343239835811840","11419","Microsoft-Windows-DistributedCOM","1b562e86-b7aa-4131-badc-b6f3a001407e","System","1416","11912","DT","S-1-5-18","5/18/2025 10:02:26 AM","52d1db59-ac4f-0011-4749-6d534facdb01",,"c:\users\zinpi\desktop\251215_sys.evtx","System.UInt32[]","System.Diagnostics.Eventing.Reader.EventBookmark","오류","정보",,"System.Collections.ObjectModel.ReadOnlyCollection`1[System.String]","System.Collections.Generic.List`1[System.Diagnostics.Eventing.Reader.EventProperty]"
"
{E60687F7-01A1-40AA-86AC-DB1CBF673334} 서버를 실행하기 위해 ""사용할 수 없음"" 인수를 사용하여 wuauserv 서비스를 시작하는 동안 DCOM에 ""1115"" 오류가 발생했습니다.","10005","0","0","2","0","0","-9187343239835811840","11418","Microsoft-Windows-DistributedCOM","1b562e86-b7aa-4131-badc-b6f3a001407e","System","1416","11912","DT","S-1-5-18","5/18/2025 10:02:26 AM","52d1db59-ac4f-0013-42dc-6d534facdb01",,"c:\users\zinpi\desktop\251215_sys.evtx","System.UInt32[]","System.Diagnostics.Eventing.Reader.EventBookmark","오류","정보",,"System.Collections.ObjectModel.ReadOnlyCollection`1[System.String]","System.Collections.Generic.List`1[System.Diagnostics.Eventing.Reader.EventProperty]"
"
{E60687F7-01A1-40AA-86AC-DB1CBF673334} 서버를 실행하기 위해 ""사용할 수 없음"" 인수를 사용하여 wuauserv 서비스를 시작하는 동안 DCOM에 ""1115"" 오류가 발생했습니다.","10005","0","0","2","0","0","-9187343239835811840","11417","Microsoft-Windows-DistributedCOM","1b562e86-b7aa-4131-badc-b6f3a001407e","System","1416","11912","DT","S-1-5-18","5/18/2025 10:02:25 AM","52d1db59-ac4f-0011-3149-6d534facdb01",,"c:\users\zinpi\desktop\251215_sys.evtx","System.UInt32[]","System.Diagnostics.Eventing.Reader.EventBookmark","오류","정보",,"System.Collections.ObjectModel.ReadOnlyCollection`1[System.String]","System.Collections.Generic.List`1[System.Diagnostics.Eventing.Reader.EventProperty]"
"
{E60687F7-01A1-40AA-86AC-DB1CBF673334} 서버를 실행하기 위해 ""사용할 수 없음"" 인수를 사용하여 wuauserv 서비스를 시작하는 동안 DCOM에 ""1115"" 오류가 발생했습니다.","10005","0","0","2","0","0","-9187343239835811840","11416","Microsoft-Windows-DistributedCOM","1b562e86-b7aa-4131-badc-b6f3a001407e","System","1416","14696","DT","S-1-5-18","5/18/2025 10:02:25 AM","52d1db59-ac4f-0011-2149-6d534facdb01",,"c:\users\zinpi\desktop\251215_sys.evtx","System.UInt32[]","System.Diagnostics.Eventing.Reader.EventBookmark","오류","정보",,"System.Collections.ObjectModel.ReadOnlyCollection`1[System.String]","System.Collections.Generic.List`1[System.Diagnostics.Eventing.Reader.EventProperty]"
"
{E60687F7-01A1-40AA-86AC-DB1CBF673334} 서버를 실행하기 위해 ""사용할 수 없음"" 인수를 사용하여 wuauserv 서비스를 시작하는 동안 DCOM에 ""1115"" 오류가 발생했습니다.","10005","0","0","2","0","0","-9187343239835811840","11415","Microsoft-Windows-DistributedCOM","1b562e86-b7aa-4131-badc-b6f3a001407e","System","1416","14696","DT","S-1-5-18","5/18/2025 10:02:25 AM","52d1db59-ac4f-0011-1c49-6d534facdb01",,"c:\users\zinpi\desktop\251215_sys.evtx","System.UInt32[]","System.Diagnostics.Eventing.Reader.EventBookmark","오류","정보",,"System.Collections.ObjectModel.ReadOnlyCollection`1[System.String]","System.Collections.Generic.List`1[System.Diagnostics.Eventing.Reader.EventProperty]"
"
{E60687F7-01A1-40AA-86AC-DB1CBF673334} 서버를 실행하기 위해 ""사용할 수 없음"" 인수를 사용하여 wuauserv 서비스를 시작하는 동안 DCOM에 ""1115"" 오류가 발생했습니다.","10005","0","0","2","0","0","-9187343239835811840","11414","Microsoft-Windows-DistributedCOM","1b562e86-b7aa-4131-badc-b6f3a001407e","System","1416","14696","DT","S-1-5-18","5/18/2025 10:02:25 AM","52d1db59-ac4f-0011-1a49-6d534facdb01",,"c:\users\zinpi\desktop\251215_sys.evtx","System.UInt32[]","System.Diagnostics.Eventing.Reader.EventBookmark","오류","정보",,"System.Collections.ObjectModel.ReadOnlyCollection`1[System.String]","System.Collections.Generic.List`1[System.Diagnostics.Eventing.Reader.EventProperty]"
"
{E60687F7-01A1-40AA-86AC-DB1CBF673334} 서버를 실행하기 위해 ""사용할 수 없음"" 인수를 사용하여 wuauserv 서비스를 시작하는 동안 DCOM에 ""1115"" 오류가 발생했습니다.","10005","0","0","2","0","0","-9187343239835811840","11413","Microsoft-Windows-DistributedCOM","1b562e86-b7aa-4131-badc-b6f3a001407e","System","1416","14696","DT","S-1-5-18","5/18/2025 10:02:25 AM","52d1db59-ac4f-0013-1fdc-6d534facdb01",,"c:\users\zinpi\desktop\251215_sys.evtx","System.UInt32[]","System.Diagnostics.Eventing.Reader.EventBookmark","오류","정보",,"System.Collections.ObjectModel.ReadOnlyCollection`1[System.String]","System.Collections.Generic.List`1[System.Diagnostics.Eventing.Reader.EventProperty]"
"
{E60687F7-01A1-40AA-86AC-DB1CBF673334} 서버를 실행하기 위해 ""사용할 수 없음"" 인수를 사용하여 wuauserv 서비스를 시작하는 동안 DCOM에 ""1115"" 오류가 발생했습니다.","10005","0","0","2","0","0","-9187343239835811840","11412","Microsoft-Windows-DistributedCOM","1b562e86-b7aa-4131-badc-b6f3a001407e","System","1416","14696","DT","S-1-5-18","5/18/2025 10:02:24 AM","52d1db59-ac4f-0012-cf97-6f534facdb01",,"c:\users\zinpi\desktop\251215_sys.evtx","System.UInt32[]","System.Diagnostics.Eventing.Reader.EventBookmark","오류","정보",,"System.Collections.ObjectModel.ReadOnlyCollection`1[System.String]","System.Collections.Generic.List`1[System.Diagnostics.Eventing.Reader.EventProperty]"
"
{E60687F7-01A1-40AA-86AC-DB1CBF673334} 서버를 실행하기 위해 ""사용할 수 없음"" 인수를 사용하여 wuauserv 서비스를 시작하는 동안 DCOM에 ""1115"" 오류가 발생했습니다.","10005","0","0","2","0","0","-9187343239835811840","11411","Microsoft-Windows-DistributedCOM","1b562e86-b7aa-4131-badc-b6f3a001407e","System","1416","14696","DT","S-1-5-18","5/18/2025 10:02:24 AM","52d1db59-ac4f-0010-feb6-64534facdb01",,"c:\users\zinpi\desktop\251215_sys.evtx","System.UInt32[]","System.Diagnostics.Eventing.Reader.EventBookmark","오류","정보",,"System.Collections.ObjectModel.ReadOnlyCollection`1[System.String]","System.Collections.Generic.List`1[System.Diagnostics.Eventing.Reader.EventProperty]"
"
{E60687F7-01A1-40AA-86AC-DB1CBF673334} 서버를 실행하기 위해 ""사용할 수 없음"" 인수를 사용하여 wuauserv 서비스를 시작하는 동안 DCOM에 ""1115"" 오류가 발생했습니다.","10005","0","0","2","0","0","-9187343239835811840","11410","Microsoft-Windows-DistributedCOM","1b562e86-b7aa-4131-badc-b6f3a001407e","System","1416","14696","DT","S-1-5-18","5/18/2025 10:02:24 AM","52d1db59-ac4f-0013-f3db-6d534facdb01",,"c:\users\zinpi\desktop\251215_sys.evtx","System.UInt32[]","System.Diagnostics.Eventing.Reader.EventBookmark","오류","정보",,"System.Collections.ObjectModel.ReadOnlyCollection`1[System.String]","System.Collections.Generic.List`1[System.Diagnostics.Eventing.Reader.EventProperty]"
"
{E60687F7-01A1-40AA-86AC-DB1CBF673334} 서버를 실행하기 위해 ""사용할 수 없음"" 인수를 사용하여 wuauserv 서비스를 시작하는 동안 DCOM에 ""1115"" 오류가 발생했습니다.","10005","0","0","2","0","0","-9187343239835811840","11409","Microsoft-Windows-DistributedCOM","1b562e86-b7aa-4131-badc-b6f3a001407e","System","1416","14696","DT","S-1-5-18","5/18/2025 10:02:24 AM","52d1db59-ac4f-0011-f648-6d534facdb01",,"c:\users\zinpi\desktop\251215_sys.evtx","System.UInt32[]","System.Diagnostics.Eventing.Reader.EventBookmark","오류","정보",,"System.Collections.ObjectModel.ReadOnlyCollection`1[System.String]","System.Collections.Generic.List`1[System.Diagnostics.Eventing.Reader.EventProperty]"
"
{E60687F7-01A1-40AA-86AC-DB1CBF673334} 서버를 실행하기 위해 ""사용할 수 없음"" 인수를 사용하여 wuauserv 서비스를 시작하는 동안 DCOM에 ""1115"" 오류가 발생했습니다.","10005","0","0","2","0","0","-9187343239835811840","11408","Microsoft-Windows-DistributedCOM","1b562e86-b7aa-4131-badc-b6f3a001407e","System","1416","11912","DT","S-1-5-18","5/18/2025 10:02:24 AM","52d1db59-ac4f-0011-f448-6d534facdb01",,"c:\users\zinpi\desktop\251215_sys.evtx","System.UInt32[]","System.Diagnostics.Eventing.Reader.EventBookmark","오류","정보",,"System.Collections.ObjectModel.ReadOnlyCollection`1[System.String]","System.Collections.Generic.List`1[System.Diagnostics.Eventing.Reader.EventProperty]"
"
{E60687F7-01A1-40AA-86AC-DB1CBF673334} 서버를 실행하기 위해 ""사용할 수 없음"" 인수를 사용하여 wuauserv 서비스를 시작하는 동안 DCOM에 ""1115"" 오류가 발생했습니다.","10005","0","0","2","0","0","-9187343239835811840","11407","Microsoft-Windows-DistributedCOM","1b562e86-b7aa-4131-badc-b6f3a001407e","System","1416","15072","DT","S-1-5-18","5/18/2025 10:02:23 AM","52d1db59-ac4f-0011-cb48-6d534facdb01",,"c:\users\zinpi\desktop\251215_sys.evtx","System.UInt32[]","System.Diagnostics.Eventing.Reader.EventBookmark","오류","정보",,"System.Collections.ObjectModel.ReadOnlyCollection`1[System.String]","System.Collections.Generic.List`1[System.Diagnostics.Eventing.Reader.EventProperty]"
"
{E60687F7-01A1-40AA-86AC-DB1CBF673334} 서버를 실행하기 위해 ""사용할 수 없음"" 인수를 사용하여 wuauserv 서비스를 시작하는 동안 DCOM에 ""1115"" 오류가 발생했습니다.","10005","0","0","2","0","0","-9187343239835811840","11406","Microsoft-Windows-DistributedCOM","1b562e86-b7aa-4131-badc-b6f3a001407e","System","1416","15072","DT","S-1-5-18","5/18/2025 10:02:23 AM","52d1db59-ac4f-0011-bf48-6d534facdb01",,"c:\users\zinpi\desktop\251215_sys.evtx","System.UInt32[]","System.Diagnostics.Eventing.Reader.EventBookmark","오류","정보",,"System.Collections.ObjectModel.ReadOnlyCollection`1[System.String]","System.Collections.Generic.List`1[System.Diagnostics.Eventing.Reader.EventProperty]"
"
{E60687F7-01A1-40AA-86AC-DB1CBF673334} 서버를 실행하기 위해 ""사용할 수 없음"" 인수를 사용하여 wuauserv 서비스를 시작하는 동안 DCOM에 ""1115"" 오류가 발생했습니다.","10005","0","0","2","0","0","-9187343239835811840","11405","Microsoft-Windows-DistributedCOM","1b562e86-b7aa-4131-badc-b6f3a001407e","System","1416","14696","DT","S-1-5-18","5/18/2025 10:02:23 AM","52d1db59-ac4f-0012-9597-6f534facdb01",,"c:\users\zinpi\desktop\251215_sys.evtx","System.UInt32[]","System.Diagnostics.Eventing.Reader.EventBookmark","오류","정보",,"System.Collections.ObjectModel.ReadOnlyCollection`1[System.String]","System.Collections.Generic.List`1[System.Diagnostics.Eventing.Reader.EventProperty]"
"
{E60687F7-01A1-40AA-86AC-DB1CBF673334} 서버를 실행하기 위해 ""사용할 수 없음"" 인수를 사용하여 wuauserv 서비스를 시작하는 동안 DCOM에 ""1115"" 오류가 발생했습니다.","10005","0","0","2","0","0","-9187343239835811840","11404","Microsoft-Windows-DistributedCOM","1b562e86-b7aa-4131-badc-b6f3a001407e","System","1416","14696","DT","S-1-5-18","5/18/2025 10:02:23 AM","52d1db59-ac4f-0013-cedb-6d534facdb01",,"c:\users\zinpi\desktop\251215_sys.evtx","System.UInt32[]","System.Diagnostics.Eventing.Reader.EventBookmark","오류","정보",,"System.Collections.ObjectModel.ReadOnlyCollection`1[System.String]","System.Collections.Generic.List`1[System.Diagnostics.Eventing.Reader.EventProperty]"
"
{E60687F7-01A1-40AA-86AC-DB1CBF673334} 서버를 실행하기 위해 ""사용할 수 없음"" 인수를 사용하여 wuauserv 서비스를 시작하는 동안 DCOM에 ""1115"" 오류가 발생했습니다.","10005","0","0","2","0","0","-9187343239835811840","11403","Microsoft-Windows-DistributedCOM","1b562e86-b7aa-4131-badc-b6f3a001407e","System","1416","14696","DT","S-1-5-18","5/18/2025 10:02:23 AM","52d1db59-ac4f-0011-bb48-6d534facdb01",,"c:\users\zinpi\desktop\251215_sys.evtx","System.UInt32[]","System.Diagnostics.Eventing.Reader.EventBookmark","오류","정보",,"System.Collections.ObjectModel.ReadOnlyCollection`1[System.String]","System.Collections.Generic.List`1[System.Diagnostics.Eventing.Reader.EventProperty]"
"
{E60687F7-01A1-40AA-86AC-DB1CBF673334} 서버를 실행하기 위해 ""사용할 수 없음"" 인수를 사용하여 wuauserv 서비스를 시작하는 동안 DCOM에 ""1115"" 오류가 발생했습니다.","10005","0","0","2","0","0","-9187343239835811840","11402","Microsoft-Windows-DistributedCOM","1b562e86-b7aa-4131-badc-b6f3a001407e","System","1416","14696","DT","S-1-5-18","5/18/2025 10:02:23 AM","52d1db59-ac4f-0012-6a97-6f534facdb01",,"c:\users\zinpi\desktop\251215_sys.evtx","System.UInt32[]","System.Diagnostics.Eventing.Reader.EventBookmark","오류","정보",,"System.Collections.ObjectModel.ReadOnlyCollection`1[System.String]","System.Collections.Generic.List`1[System.Diagnostics.Eventing.Reader.EventProperty]"
"
{E60687F7-01A1-40AA-86AC-DB1CBF673334} 서버를 실행하기 위해 ""사용할 수 없음"" 인수를 사용하여 wuauserv 서비스를 시작하는 동안 DCOM에 ""1115"" 오류가 발생했습니다.","10005","0","0","2","0","0","-9187343239835811840","11401","Microsoft-Windows-DistributedCOM","1b562e86-b7aa-4131-badc-b6f3a001407e","System","1416","14696","DT","S-1-5-18","5/18/2025 10:02:22 AM","52d1db59-ac4f-0011-9248-6d534facdb01",,"c:\users\zinpi\desktop\251215_sys.evtx","System.UInt32[]","System.Diagnostics.Eventing.Reader.EventBookmark","오류","정보",,"System.Collections.ObjectModel.ReadOnlyCollection`1[System.String]","System.Collections.Generic.List`1[System.Diagnostics.Eventing.Reader.EventProperty]"
"
{E60687F7-01A1-40AA-86AC-DB1CBF673334} 서버를 실행하기 위해 ""사용할 수 없음"" 인수를 사용하여 wuauserv 서비스를 시작하는 동안 DCOM에 ""1115"" 오류가 발생했습니다.","10005","0","0","2","0","0","-9187343239835811840","11400","Microsoft-Windows-DistributedCOM","1b562e86-b7aa-4131-badc-b6f3a001407e","System","1416","14696","DT","S-1-5-18","5/18/2025 10:02:22 AM","52d1db59-ac4f-0012-6097-6f534facdb01",,"c:\users\zinpi\desktop\251215_sys.evtx","System.UInt32[]","System.Diagnostics.Eventing.Reader.EventBookmark","오류","정보",,"System.Collections.ObjectModel.ReadOnlyCollection`1[System.String]","System.Collections.Generic.List`1[System.Diagnostics.Eventing.Reader.EventProperty]"
"
{E60687F7-01A1-40AA-86AC-DB1CBF673334} 서버를 실행하기 위해 ""사용할 수 없음"" 인수를 사용하여 wuauserv 서비스를 시작하는 동안 DCOM에 ""1115"" 오류가 발생했습니다.","10005","0","0","2","0","0","-9187343239835811840","11399","Microsoft-Windows-DistributedCOM","1b562e86-b7aa-4131-badc-b6f3a001407e","System","1416","14696","DT","S-1-5-18","5/18/2025 10:02:22 AM","52d1db59-ac4f-0012-5e97-6f534facdb01",,"c:\users\zinpi\desktop\251215_sys.evtx","System.UInt32[]","System.Diagnostics.Eventing.Reader.EventBookmark","오류","정보",,"System.Collections.ObjectModel.ReadOnlyCollection`1[System.String]","System.Collections.Generic.List`1[System.Diagnostics.Eventing.Reader.EventProperty]"
"
{E60687F7-01A1-40AA-86AC-DB1CBF673334} 서버를 실행하기 위해 ""사용할 수 없음"" 인수를 사용하여 wuauserv 서비스를 시작하는 동안 DCOM에 ""1115"" 오류가 발생했습니다.","10005","0","0","2","0","0","-9187343239835811840","11398","Microsoft-Windows-DistributedCOM","1b562e86-b7aa-4131-badc-b6f3a001407e","System","1416","14696","DT","S-1-5-18","5/18/2025 10:02:22 AM","52d1db59-ac4f-0013-badb-6d534facdb01",,"c:\users\zinpi\desktop\251215_sys.evtx","System.UInt32[]","System.Diagnostics.Eventing.Reader.EventBookmark","오류","정보",,"System.Collections.ObjectModel.ReadOnlyCollection`1[System.String]","System.Collections.Generic.List`1[System.Diagnostics.Eventing.Reader.EventProperty]"
"
{E60687F7-01A1-40AA-86AC-DB1CBF673334} 서버를 실행하기 위해 ""사용할 수 없음"" 인수를 사용하여 wuauserv 서비스를 시작하는 동안 DCOM에 ""1115"" 오류가 발생했습니다.","10005","0","0","2","0","0","-9187343239835811840","11397","Microsoft-Windows-DistributedCOM","1b562e86-b7aa-4131-badc-b6f3a001407e","System","1416","14696","DT","S-1-5-18","5/18/2025 10:02:22 AM","52d1db59-ac4f-0013-87db-6d534facdb01",,"c:\users\zinpi\desktop\251215_sys.evtx","System.UInt32[]","System.Diagnostics.Eventing.Reader.EventBookmark","오류","정보",,"System.Collections.ObjectModel.ReadOnlyCollection`1[System.String]","System.Collections.Generic.List`1[System.Diagnostics.Eventing.Reader.EventProperty]"
"
{E60687F7-01A1-40AA-86AC-DB1CBF673334} 서버를 실행하기 위해 ""사용할 수 없음"" 인수를 사용하여 wuauserv 서비스를 시작하는 동안 DCOM에 ""1115"" 오류가 발생했습니다.","10005","0","0","2","0","0","-9187343239835811840","11396","Microsoft-Windows-DistributedCOM","1b562e86-b7aa-4131-badc-b6f3a001407e","System","1416","14696","DT","S-1-5-18","5/18/2025 10:02:22 AM","52d1db59-ac4f-0012-2e96-6f534facdb01",,"c:\users\zinpi\desktop\251215_sys.evtx","System.UInt32[]","System.Diagnostics.Eventing.Reader.EventBookmark","오류","정보",,"System.Collections.ObjectModel.ReadOnlyCollection`1[System.String]","System.Collections.Generic.List`1[System.Diagnostics.Eventing.Reader.EventProperty]"
"
{E60687F7-01A1-40AA-86AC-DB1CBF673334} 서버를 실행하기 위해 ""사용할 수 없음"" 인수를 사용하여 wuauserv 서비스를 시작하는 동안 DCOM에 ""1115"" 오류가 발생했습니다.","10005","0","0","2","0","0","-9187343239835811840","11395","Microsoft-Windows-DistributedCOM","1b562e86-b7aa-4131-badc-b6f3a001407e","System","1416","11912","DT","S-1-5-18","5/18/2025 10:02:22 AM","52d1db59-ac4f-0010-53b6-64534facdb01",,"c:\users\zinpi\desktop\251215_sys.evtx","System.UInt32[]","System.Diagnostics.Eventing.Reader.EventBookmark","오류","정보",,"System.Collections.ObjectModel.ReadOnlyCollection`1[System.String]","System.Collections.Generic.List`1[System.Diagnostics.Eventing.Reader.EventProperty]"
"
{E60687F7-01A1-40AA-86AC-DB1CBF673334} 서버를 실행하기 위해 ""사용할 수 없음"" 인수를 사용하여 wuauserv 서비스를 시작하는 동안 DCOM에 ""1115"" 오류가 발생했습니다.","10005","0","0","2","0","0","-9187343239835811840","11394","Microsoft-Windows-DistributedCOM","1b562e86-b7aa-4131-badc-b6f3a001407e","System","1416","11912","DT","S-1-5-18","5/18/2025 10:02:22 AM","52d1db59-ac4f-0011-6048-6d534facdb01",,"c:\users\zinpi\desktop\251215_sys.evtx","System.UInt32[]","System.Diagnostics.Eventing.Reader.EventBookmark","오류","정보",,"System.Collections.ObjectModel.ReadOnlyCollection`1[System.String]","System.Collections.Generic.List`1[System.Diagnostics.Eventing.Reader.EventProperty]"
"
{E60687F7-01A1-40AA-86AC-DB1CBF673334} 서버를 실행하기 위해 ""사용할 수 없음"" 인수를 사용하여 wuauserv 서비스를 시작하는 동안 DCOM에 ""1115"" 오류가 발생했습니다.","10005","0","0","2","0","0","-9187343239835811840","11393","Microsoft-Windows-DistributedCOM","1b562e86-b7aa-4131-badc-b6f3a001407e","System","1416","11912","DT","S-1-5-18","5/18/2025 10:02:22 AM","52d1db59-ac4f-0012-2896-6f534facdb01",,"c:\users\zinpi\desktop\251215_sys.evtx","System.UInt32[]","System.Diagnostics.Eventing.Reader.EventBookmark","오류","정보",,"System.Collections.ObjectModel.ReadOnlyCollection`1[System.String]","System.Collections.Generic.List`1[System.Diagnostics.Eventing.Reader.EventProperty]"
"PICO Streaming Service 서비스가 예기치 않게 1번 종료되었습니다. 1000밀리초 안에 다음 수정 작업을 합니다. 서비스 다시 시작.","7031","0","49152","2","0","0","-9187343239835811840","11391","Service Control Manager","555908d1-a6d7-4695-8e1e-26931d2012f4","System","1208","24280","DT",,"5/18/2025 10:02:18 AM",,,"c:\users\zinpi\desktop\251215_sys.evtx","System.UInt32[]","System.Diagnostics.Eventing.Reader.EventBookmark","오류",,,"System.Collections.ObjectModel.ReadOnlyCollection`1[System.String]","System.Collections.Generic.List`1[System.Diagnostics.Eventing.Reader.EventProperty]"
"CLSID Windows.Media.Capture.Internal.AppCaptureShell 활성화가 BcastDVRUserService_58f516c0 서비스 중지를 대기하는 동안 시간 초과했습니다.","10029","0","0","2","0","0","-9187343239835811840","11343","Microsoft-Windows-DistributedCOM","1b562e86-b7aa-4131-badc-b6f3a001407e","System","1564","8304","DT","S-1-5-21-3843888092-660805983-3388631941-1001","5/18/2025 3:39:44 AM",,,"c:\users\zinpi\desktop\251215_sys.evtx","System.UInt32[]","System.Diagnostics.Eventing.Reader.EventBookmark","오류","정보",,"System.Collections.ObjectModel.ReadOnlyCollection`1[System.String]","System.Collections.Generic.List`1[System.Diagnostics.Eventing.Reader.EventProperty]"
"응용 프로그램별 권한 설정에서 CLSID가 
{2593F8B9-4EAF-457C-B68A-50F6B8EA6B54}
이고 APPID가 
{15C20B67-12E7-4BB6-92BB-7AFF07997402}
인 COM 서버 응용 프로그램에 대한 로컬 활성화 사용 권한을 응용 프로그램 컨테이너 사용할 수 없음 SID(사용할 수 없음)에서 실행 중인 주소 LocalHost(LRPC 사용)의 사용자 DT\zinpi SID(S-1-5-21-3843888092-660805983-3388631941-1001)에게 부여하지 않았습니다. 구성 요소 서비스 관리 도구를 사용하여 이 보안 권한을 수정할 수 있습니다.","10016","0","0","3","0","0","-9187343239835811840","11342","Microsoft-Windows-DistributedCOM","1b562e86-b7aa-4131-badc-b6f3a001407e","System","1564","11868","DT","S-1-5-21-3843888092-660805983-3388631941-1001","5/18/2025 3:36:26 AM","52d1db59-ac4f-000f-798b-1e534facdb01",,"c:\users\zinpi\desktop\251215_sys.evtx","System.UInt32[]","System.Diagnostics.Eventing.Reader.EventBookmark","경고","정보",,"System.Collections.ObjectModel.ReadOnlyCollection`1[System.String]","System.Collections.Generic.List`1[System.Diagnostics.Eventing.Reader.EventProperty]"
"응용 프로그램별 권한 설정에서 CLSID가 
{2593F8B9-4EAF-457C-B68A-50F6B8EA6B54}
이고 APPID가 
{15C20B67-12E7-4BB6-92BB-7AFF07997402}
인 COM 서버 응용 프로그램에 대한 로컬 활성화 사용 권한을 응용 프로그램 컨테이너 사용할 수 없음 SID(사용할 수 없음)에서 실행 중인 주소 LocalHost(LRPC 사용)의 사용자 DT\zinpi SID(S-1-5-21-3843888092-660805983-3388631941-1001)에게 부여하지 않았습니다. 구성 요소 서비스 관리 도구를 사용하여 이 보안 권한을 수정할 수 있습니다.","10016","0","0","3","0","0","-9187343239835811840","11341","Microsoft-Windows-DistributedCOM","1b562e86-b7aa-4131-badc-b6f3a001407e","System","1564","11868","DT","S-1-5-21-3843888092-660805983-3388631941-1001","5/18/2025 3:36:25 AM","52d1db59-ac4f-000b-fc01-06534facdb01",,"c:\users\zinpi\desktop\251215_sys.evtx","System.UInt32[]","System.Diagnostics.Eventing.Reader.EventBookmark","경고","정보",,"System.Collections.ObjectModel.ReadOnlyCollection`1[System.String]","System.Collections.Generic.List`1[System.Diagnostics.Eventing.Reader.EventProperty]"
"Intel(R) Ethernet Controller (3) I225-V
 네트워크 링크가 분리되었습니다.
","27","0","40964","3","0","0","36028797018963968","11337","e2fexpress",,"System","4","5076","DT",,"5/18/2025 3:36:11 AM",,,"c:\users\zinpi\desktop\251215_sys.evtx","System.UInt32[]","System.Diagnostics.Eventing.Reader.EventBookmark","경고",,"없음","System.Collections.ObjectModel.ReadOnlyCollection`1[System.String]","System.Collections.Generic.List`1[System.Diagnostics.Eventing.Reader.EventProperty]"
"응용 프로그램별 권한 설정에서 CLSID가 
{6B3B8D23-FA8D-40B9-8DBD-B950333E2C52}
이고 APPID가 
{4839DDB7-58C2-48F5-8283-E1D1807D0D7D}
인 COM 서버 응용 프로그램에 대한 로컬 활성화 사용 권한을 응용 프로그램 컨테이너 사용할 수 없음 SID(사용할 수 없음)에서 실행 중인 주소 LocalHost(LRPC 사용)의 사용자 NT AUTHORITY\LOCAL SERVICE SID(S-1-5-19)에게 부여하지 않았습니다. 구성 요소 서비스 관리 도구를 사용하여 이 보안 권한을 수정할 수 있습니다.","10016","0","0","3","0","0","-9187343239835811840","11334","Microsoft-Windows-DistributedCOM","1b562e86-b7aa-4131-badc-b6f3a001407e","System","1564","7248","DT","S-1-5-19","5/18/2025 3:36:09 AM",,,"c:\users\zinpi\desktop\251215_sys.evtx","System.UInt32[]","System.Diagnostics.Eventing.Reader.EventBookmark","경고","정보",,"System.Collections.ObjectModel.ReadOnlyCollection`1[System.String]","System.Collections.Generic.List`1[System.Diagnostics.Eventing.Reader.EventProperty]"
"응용 프로그램별 권한 설정에서 CLSID가 
{6B3B8D23-FA8D-40B9-8DBD-B950333E2C52}
이고 APPID가 
{4839DDB7-58C2-48F5-8283-E1D1807D0D7D}
인 COM 서버 응용 프로그램에 대한 로컬 활성화 사용 권한을 응용 프로그램 컨테이너 사용할 수 없음 SID(사용할 수 없음)에서 실행 중인 주소 LocalHost(LRPC 사용)의 사용자 NT AUTHORITY\LOCAL SERVICE SID(S-1-5-19)에게 부여하지 않았습니다. 구성 요소 서비스 관리 도구를 사용하여 이 보안 권한을 수정할 수 있습니다.","10016","0","0","3","0","0","-9187343239835811840","11333","Microsoft-Windows-DistributedCOM","1b562e86-b7aa-4131-badc-b6f3a001407e","System","1564","11312","DT","S-1-5-19","5/18/2025 3:36:09 AM",,,"c:\users\zinpi\desktop\251215_sys.evtx","System.UInt32[]","System.Diagnostics.Eventing.Reader.EventBookmark","경고","정보",,"System.Collections.ObjectModel.ReadOnlyCollection`1[System.String]","System.Collections.Generic.List`1[System.Diagnostics.Eventing.Reader.EventProperty]"
"Intel(R) Ethernet Controller (3) I225-V
 네트워크 링크가 분리되었습니다.
","27","0","40964","3","0","0","36028797018963968","11319","e2fexpress",,"System","4","18376","DT",,"5/18/2025 3:36:07 AM",,,"c:\users\zinpi\desktop\251215_sys.evtx","System.UInt32[]","System.Diagnostics.Eventing.Reader.EventBookmark","경고",,"없음","System.Collections.ObjectModel.ReadOnlyCollection`1[System.String]","System.Collections.Generic.List`1[System.Diagnostics.Eventing.Reader.EventProperty]"
"PICO Streaming Service 서비스가 예기치 않게 3번 종료되었습니다. 1000밀리초 안에 다음 수정 작업을 합니다. 서비스 다시 시작.","7031","0","49152","2","0","0","-9187343239835811840","11315","Service Control Manager","555908d1-a6d7-4695-8e1e-26931d2012f4","System","1208","19680","DT",,"5/18/2025 3:00:07 AM",,,"c:\users\zinpi\desktop\251215_sys.evtx","System.UInt32[]","System.Diagnostics.Eventing.Reader.EventBookmark","오류",,,"System.Collections.ObjectModel.ReadOnlyCollection`1[System.String]","System.Collections.Generic.List`1[System.Diagnostics.Eventing.Reader.EventProperty]"
"PICO Streaming Service 서비스가 예기치 않게 2번 종료되었습니다. 1000밀리초 안에 다음 수정 작업을 합니다. 서비스 다시 시작.","7031","0","49152","2","0","0","-9187343239835811840","11311","Service Control Manager","555908d1-a6d7-4695-8e1e-26931d2012f4","System","1208","3356","DT",,"5/18/2025 2:59:57 AM",,,"c:\users\zinpi\desktop\251215_sys.evtx","System.UInt32[]","System.Diagnostics.Eventing.Reader.EventBookmark","오류",,,"System.Collections.ObjectModel.ReadOnlyCollection`1[System.String]","System.Collections.Generic.List`1[System.Diagnostics.Eventing.Reader.EventProperty]"
"PICO Streaming Service 서비스가 예기치 않게 1번 종료되었습니다. 1000밀리초 안에 다음 수정 작업을 합니다. 서비스 다시 시작.","7031","0","49152","2","0","0","-9187343239835811840","11310","Service Control Manager","555908d1-a6d7-4695-8e1e-26931d2012f4","System","1208","12584","DT",,"5/18/2025 2:59:55 AM",,,"c:\users\zinpi\desktop\251215_sys.evtx","System.UInt32[]","System.Diagnostics.Eventing.Reader.EventBookmark","오류",,,"System.Collections.ObjectModel.ReadOnlyCollection`1[System.String]","System.Collections.Generic.List`1[System.Diagnostics.Eventing.Reader.EventProperty]"
"CLSID Windows.Media.Capture.Internal.AppCaptureShell 활성화가 BcastDVRUserService_58f516c0 서비스 중지를 대기하는 동안 시간 초과했습니다.","10029","0","0","2","0","0","-9187343239835811840","11306","Microsoft-Windows-DistributedCOM","1b562e86-b7aa-4131-badc-b6f3a001407e","System","1564","10404","DT","S-1-5-21-3843888092-660805983-3388631941-1001","5/17/2025 11:50:44 PM",,,"c:\users\zinpi\desktop\251215_sys.evtx","System.UInt32[]","System.Diagnostics.Eventing.Reader.EventBookmark","오류","정보",,"System.Collections.ObjectModel.ReadOnlyCollection`1[System.String]","System.Collections.Generic.List`1[System.Diagnostics.Eventing.Reader.EventProperty]"
"CLSID Windows.Media.Capture.Internal.AppCaptureShell 활성화가 BcastDVRUserService_58f516c0 서비스 중지를 대기하는 동안 시간 초과했습니다.","10029","0","0","2","0","0","-9187343239835811840","11305","Microsoft-Windows-DistributedCOM","1b562e86-b7aa-4131-badc-b6f3a001407e","System","1564","10404","DT","S-1-5-21-3843888092-660805983-3388631941-1001","5/17/2025 11:46:43 PM",,,"c:\users\zinpi\desktop\251215_sys.evtx","System.UInt32[]","System.Diagnostics.Eventing.Reader.EventBookmark","오류","정보",,"System.Collections.ObjectModel.ReadOnlyCollection`1[System.String]","System.Collections.Generic.List`1[System.Diagnostics.Eventing.Reader.EventProperty]"
"CLSID Windows.Media.Capture.Internal.AppCaptureShell 활성화가 BcastDVRUserService_58f516c0 서비스 중지를 대기하는 동안 시간 초과했습니다.","10029","0","0","2","0","0","-9187343239835811840","11298","Microsoft-Windows-DistributedCOM","1b562e86-b7aa-4131-badc-b6f3a001407e","System","1564","20084","DT","S-1-5-21-3843888092-660805983-3388631941-1001","5/17/2025 10:17:05 PM",,,"c:\users\zinpi\desktop\251215_sys.evtx","System.UInt32[]","System.Diagnostics.Eventing.Reader.EventBookmark","오류","정보",,"System.Collections.ObjectModel.ReadOnlyCollection`1[System.String]","System.Collections.Generic.List`1[System.Diagnostics.Eventing.Reader.EventProperty]"
"CLSID Windows.Media.Capture.Internal.AppCaptureShell 활성화가 BcastDVRUserService_58f516c0 서비스 중지를 대기하는 동안 시간 초과했습니다.","10029","0","0","2","0","0","-9187343239835811840","11297","Microsoft-Windows-DistributedCOM","1b562e86-b7aa-4131-badc-b6f3a001407e","System","1564","20084","DT","S-1-5-21-3843888092-660805983-3388631941-1001","5/17/2025 10:13:03 PM",,,"c:\users\zinpi\desktop\251215_sys.evtx","System.UInt32[]","System.Diagnostics.Eventing.Reader.EventBookmark","오류","정보",,"System.Collections.ObjectModel.ReadOnlyCollection`1[System.String]","System.Collections.Generic.List`1[System.Diagnostics.Eventing.Reader.EventProperty]"
"CLSID Windows.Media.Capture.AppCaptureManager 활성화가 BcastDVRUserService_58f516c0 서비스 중지를 대기하는 동안 시간 초과했습니다.","10029","0","0","2","0","0","-9187343239835811840","11296","Microsoft-Windows-DistributedCOM","1b562e86-b7aa-4131-badc-b6f3a001407e","System","1564","492","DT","S-1-5-21-3843888092-660805983-3388631941-1001","5/17/2025 10:09:02 PM",,,"c:\users\zinpi\desktop\251215_sys.evtx","System.UInt32[]","System.Diagnostics.Eventing.Reader.EventBookmark","오류","정보",,"System.Collections.ObjectModel.ReadOnlyCollection`1[System.String]","System.Collections.Generic.List`1[System.Diagnostics.Eventing.Reader.EventProperty]"
"CLSID Windows.Media.Capture.Internal.AppCaptureShell 활성화가 BcastDVRUserService_58f516c0 서비스 중지를 대기하는 동안 시간 초과했습니다.","10029","0","0","2","0","0","-9187343239835811840","11295","Microsoft-Windows-DistributedCOM","1b562e86-b7aa-4131-badc-b6f3a001407e","System","1564","20084","DT","S-1-5-21-3843888092-660805983-3388631941-1001","5/17/2025 10:05:01 PM",,,"c:\users\zinpi\desktop\251215_sys.evtx","System.UInt32[]","System.Diagnostics.Eventing.Reader.EventBookmark","오류","정보",,"System.Collections.ObjectModel.ReadOnlyCollection`1[System.String]","System.Collections.Generic.List`1[System.Diagnostics.Eventing.Reader.EventProperty]"
"CLSID Windows.Media.Capture.AppCaptureManager 활성화가 BcastDVRUserService_58f516c0 서비스 중지를 대기하는 동안 시간 초과했습니다.","10029","0","0","2","0","0","-9187343239835811840","11294","Microsoft-Windows-DistributedCOM","1b562e86-b7aa-4131-badc-b6f3a001407e","System","1564","16032","DT","S-1-5-21-3843888092-660805983-3388631941-1001","5/17/2025 10:01:00 PM",,,"c:\users\zinpi\desktop\251215_sys.evtx","System.UInt32[]","System.Diagnostics.Eventing.Reader.EventBookmark","오류","정보",,"System.Collections.ObjectModel.ReadOnlyCollection`1[System.String]","System.Collections.Generic.List`1[System.Diagnostics.Eventing.Reader.EventProperty]"
"CLSID Windows.Media.Capture.Internal.AppCaptureShell 활성화가 BcastDVRUserService_58f516c0 서비스 중지를 대기하는 동안 시간 초과했습니다.","10029","0","0","2","0","0","-9187343239835811840","11293","Microsoft-Windows-DistributedCOM","1b562e86-b7aa-4131-badc-b6f3a001407e","System","1564","6860","DT","S-1-5-21-3843888092-660805983-3388631941-1001","5/17/2025 9:56:58 PM",,,"c:\users\zinpi\desktop\251215_sys.evtx","System.UInt32[]","System.Diagnostics.Eventing.Reader.EventBookmark","오류","정보",,"System.Collections.ObjectModel.ReadOnlyCollection`1[System.String]","System.Collections.Generic.List`1[System.Diagnostics.Eventing.Reader.EventProperty]"
"CLSID Windows.Media.Capture.Internal.AppCaptureShell 활성화가 BcastDVRUserService_58f516c0 서비스 중지를 대기하는 동안 시간 초과했습니다.","10029","0","0","2","0","0","-9187343239835811840","11291","Microsoft-Windows-DistributedCOM","1b562e86-b7aa-4131-badc-b6f3a001407e","System","1564","6860","DT","S-1-5-21-3843888092-660805983-3388631941-1001","5/17/2025 9:52:57 PM",,,"c:\users\zinpi\desktop\251215_sys.evtx","System.UInt32[]","System.Diagnostics.Eventing.Reader.EventBookmark","오류","정보",,"System.Collections.ObjectModel.ReadOnlyCollection`1[System.String]","System.Collections.Generic.List`1[System.Diagnostics.Eventing.Reader.EventProperty]"
"CLSID Windows.Media.Capture.Internal.AppCaptureShell 활성화가 BcastDVRUserService_58f516c0 서비스 중지를 대기하는 동안 시간 초과했습니다.","10029","0","0","2","0","0","-9187343239835811840","11290","Microsoft-Windows-DistributedCOM","1b562e86-b7aa-4131-badc-b6f3a001407e","System","1564","6860","DT","S-1-5-21-3843888092-660805983-3388631941-1001","5/17/2025 9:48:56 PM",,,"c:\users\zinpi\desktop\251215_sys.evtx","System.UInt32[]","System.Diagnostics.Eventing.Reader.EventBookmark","오류","정보",,"System.Collections.ObjectModel.ReadOnlyCollection`1[System.String]","System.Collections.Generic.List`1[System.Diagnostics.Eventing.Reader.EventProperty]"
"CLSID Windows.Media.Capture.AppCaptureManager 활성화가 BcastDVRUserService_58f516c0 서비스 중지를 대기하는 동안 시간 초과했습니다.","10029","0","0","2","0","0","-9187343239835811840","11289","Microsoft-Windows-DistributedCOM","1b562e86-b7aa-4131-badc-b6f3a001407e","System","1564","21932","DT","S-1-5-21-3843888092-660805983-3388631941-1001","5/17/2025 9:44:55 PM",,,"c:\users\zinpi\desktop\251215_sys.evtx","System.UInt32[]","System.Diagnostics.Eventing.Reader.EventBookmark","오류","정보",,"System.Collections.ObjectModel.ReadOnlyCollection`1[System.String]","System.Collections.Generic.List`1[System.Diagnostics.Eventing.Reader.EventProperty]"
"CLSID Windows.Media.Capture.Internal.AppCaptureShell 활성화가 BcastDVRUserService_58f516c0 서비스 중지를 대기하는 동안 시간 초과했습니다.","10029","0","0","2","0","0","-9187343239835811840","11288","Microsoft-Windows-DistributedCOM","1b562e86-b7aa-4131-badc-b6f3a001407e","System","1564","6860","DT","S-1-5-21-3843888092-660805983-3388631941-1001","5/17/2025 9:40:54 PM",,,"c:\users\zinpi\desktop\251215_sys.evtx","System.UInt32[]","System.Diagnostics.Eventing.Reader.EventBookmark","오류","정보",,"System.Collections.ObjectModel.ReadOnlyCollection`1[System.String]","System.Collections.Generic.List`1[System.Diagnostics.Eventing.Reader.EventProperty]"
"CLSID Windows.Media.Capture.AppCaptureManager 활성화가 BcastDVRUserService_58f516c0 서비스 중지를 대기하는 동안 시간 초과했습니다.","10029","0","0","2","0","0","-9187343239835811840","11287","Microsoft-Windows-DistributedCOM","1b562e86-b7aa-4131-badc-b6f3a001407e","System","1564","21932","DT","S-1-5-21-3843888092-660805983-3388631941-1001","5/17/2025 9:36:53 PM",,,"c:\users\zinpi\desktop\251215_sys.evtx","System.UInt32[]","System.Diagnostics.Eventing.Reader.EventBookmark","오류","정보",,"System.Collections.ObjectModel.ReadOnlyCollection`1[System.String]","System.Collections.Generic.List`1[System.Diagnostics.Eventing.Reader.EventProperty]"
"CLSID Windows.Media.Capture.Internal.AppCaptureShell 활성화가 BcastDVRUserService_58f516c0 서비스 중지를 대기하는 동안 시간 초과했습니다.","10029","0","0","2","0","0","-9187343239835811840","11286","Microsoft-Windows-DistributedCOM","1b562e86-b7aa-4131-badc-b6f3a001407e","System","1564","20300","DT","S-1-5-21-3843888092-660805983-3388631941-1001","5/17/2025 9:32:51 PM",,,"c:\users\zinpi\desktop\251215_sys.evtx","System.UInt32[]","System.Diagnostics.Eventing.Reader.EventBookmark","오류","정보",,"System.Collections.ObjectModel.ReadOnlyCollection`1[System.String]","System.Collections.Generic.List`1[System.Diagnostics.Eventing.Reader.EventProperty]"
"CLSID Windows.Media.Capture.Internal.AppCaptureShell 활성화가 BcastDVRUserService_58f516c0 서비스 중지를 대기하는 동안 시간 초과했습니다.","10029","0","0","2","0","0","-9187343239835811840","11285","Microsoft-Windows-DistributedCOM","1b562e86-b7aa-4131-badc-b6f3a001407e","System","1564","8640","DT","S-1-5-21-3843888092-660805983-3388631941-1001","5/17/2025 9:28:50 PM",,,"c:\users\zinpi\desktop\251215_sys.evtx","System.UInt32[]","System.Diagnostics.Eventing.Reader.EventBookmark","오류","정보",,"System.Collections.ObjectModel.ReadOnlyCollection`1[System.String]","System.Collections.Generic.List`1[System.Diagnostics.Eventing.Reader.EventProperty]"
