"응용 프로그램별 권한 설정에서 CLSID가 
Windows.SecurityCenter.WscDataProtection
이고 APPID가 
사용할 수 없음
인 COM 서버 응용 프로그램에 대한 로컬 시작 사용 권한을 응용 프로그램 컨테이너 사용할 수 없음 SID(사용할 수 없음)에서 실행 중인 주소 LocalHost(LRPC 사용)의 사용자 NT AUTHORITY\SYSTEM SID(S-1-5-18)에게 부여하지 않았습니다. 구성 요소 서비스 관리 도구를 사용하여 이 보안 권한을 수정할 수 있습니다.","10016","0","0","3","0","0","-9187343239835811840","27439","Microsoft-Windows-DistributedCOM","1b562e86-b7aa-4131-badc-b6f3a001407e","System","1660","1688","DT","S-1-5-18","10/18/2025 7:46:03 PM",,,"c:\users\zinpi\desktop\251215_sys.evtx","System.UInt32[]","System.Diagnostics.Eventing.Reader.EventBookmark","경고","정보",,"System.Collections.ObjectModel.ReadOnlyCollection`1[System.String]","System.Collections.Generic.List`1[System.Diagnostics.Eventing.Reader.EventProperty]"
"다음 오류로 인해 Google 업데이트 서비스 (gupdate) 서비스를 시작하지 못했습니다. 
서비스가 시작이나 제어 요청에 빠르게 응답하지 않았습니다.","7000","0","49152","2","0","0","-9187343239835811840","27437","Service Control Manager","555908d1-a6d7-4695-8e1e-26931d2012f4","System","1316","1500","DT",,"10/18/2025 7:46:01 PM",,,"c:\users\zinpi\desktop\251215_sys.evtx","System.UInt32[]","System.Diagnostics.Eventing.Reader.EventBookmark","오류",,,"System.Collections.ObjectModel.ReadOnlyCollection`1[System.String]","System.Collections.Generic.List`1[System.Diagnostics.Eventing.Reader.EventProperty]"
"Google 업데이트 서비스 (gupdate) 서비스 연결을 기다리는 동안 제한 시간에 도달했습니다(30000밀리초).","7009","0","49152","2","0","0","-9187343239835811840","27436","Service Control Manager","555908d1-a6d7-4695-8e1e-26931d2012f4","System","1316","1500","DT",,"10/18/2025 7:46:01 PM",,,"c:\users\zinpi\desktop\251215_sys.evtx","System.UInt32[]","System.Diagnostics.Eventing.Reader.EventBookmark","오류",,,"System.Collections.ObjectModel.ReadOnlyCollection`1[System.String]","System.Collections.Generic.List`1[System.Diagnostics.Eventing.Reader.EventProperty]"
"다음 오류로 인해 OracleVssWriterXE 서비스를 시작하지 못했습니다. 
서비스가 올바르게 작동하는 데 필요한 권한이 서비스 계정 구성에 없습니다. 서비스 MMC(Microsoft Management Console) 스냅인(services.msc)과 로컬 보안 설정 MMC 스냅인(secpol.msc)을 사용하여 서비스 구성과 계정 구성을 볼 수 있습니다.","7000","0","49152","2","0","0","-9187343239835811840","27415","Service Control Manager","555908d1-a6d7-4695-8e1e-26931d2012f4","System","1316","4616","DT",,"10/18/2025 7:43:52 PM",,,"c:\users\zinpi\desktop\251215_sys.evtx","System.UInt32[]","System.Diagnostics.Eventing.Reader.EventBookmark","오류",,,"System.Collections.ObjectModel.ReadOnlyCollection`1[System.String]","System.Collections.Generic.List`1[System.Diagnostics.Eventing.Reader.EventProperty]"
"드라이버가 이 HID 키보드에 불량 펌웨어가 있는 것을 검색했습니다. 중복 보고서 패킷을 전송하고 있습니다.","1","0","32773","3","0","0","36028797018963968","27382","kbdhid",,"System","4","196","DT",,"10/18/2025 7:43:51 PM",,,"c:\users\zinpi\desktop\251215_sys.evtx","System.UInt32[]","System.Diagnostics.Eventing.Reader.EventBookmark","경고",,"없음","System.Collections.ObjectModel.ReadOnlyCollection`1[System.String]","System.Collections.Generic.List`1[System.Diagnostics.Eventing.Reader.EventProperty]"
"Intel(R) Ethernet Controller (3) I225-V
 네트워크 링크가 분리되었습니다.
","27","0","40964","3","0","0","36028797018963968","27371","e2fexpress",,"System","4","532","DT",,"10/18/2025 7:43:45 PM",,,"c:\users\zinpi\desktop\251215_sys.evtx","System.UInt32[]","System.Diagnostics.Eventing.Reader.EventBookmark","경고",,"없음","System.Collections.ObjectModel.ReadOnlyCollection`1[System.String]","System.Collections.Generic.List`1[System.Diagnostics.Eventing.Reader.EventProperty]"
"하이퍼스레딩이 활성화되어 있기 때문에 하이퍼바이저는 가상 머신에 대한 부채널 취약성에 대한 완화를 활성화하지 않았습니다. 가상 머신에 대한 완화를 활성화하려면 HyperThreading을 비활성화합니다.","167","0",,"3","0","0","-9223301668110598144","27327","Microsoft-Windows-Hyper-V-Hypervisor","52fc89f8-995e-434c-a91e-199986449890","System","4","8","DT","S-1-5-18","10/18/2025 7:43:42 PM",,,"c:\users\zinpi\desktop\251215_sys.evtx","System.UInt32[]","System.Diagnostics.Eventing.Reader.EventBookmark","경고","정보",,"System.Collections.ObjectModel.ReadOnlyCollection`1[System.String]","System.Collections.Generic.List`1[System.Diagnostics.Eventing.Reader.EventProperty]"
"WLAN 확장성 모듈을 중지했습니다.

모듈 경로: C:\WINDOWS\System32\DriverStore\FileRepository\netwtw6e.inf_amd64_7bd3932d2033b1d2\IntelIHVRouter14.dll
","10002","0",,"3","0","0","4611686018427387904","27304","Microsoft-Windows-WLAN-AutoConfig","9580d7dd-0379-4658-9870-d5be7d52d6de","System","3688","3208","DT","S-1-5-18","10/18/2025 7:43:18 PM",,,"c:\users\zinpi\desktop\251215_sys.evtx","System.UInt32[]","System.Diagnostics.Eventing.Reader.EventBookmark","경고","정보",,"System.Collections.ObjectModel.ReadOnlyCollection`1[System.String]","System.Collections.Generic.List`1[System.Diagnostics.Eventing.Reader.EventProperty]"
"다음 오류로 인해 OracleVssWriterXE 서비스를 시작하지 못했습니다. 
서비스가 올바르게 작동하는 데 필요한 권한이 서비스 계정 구성에 없습니다. 서비스 MMC(Microsoft Management Console) 스냅인(services.msc)과 로컬 보안 설정 MMC 스냅인(secpol.msc)을 사용하여 서비스 구성과 계정 구성을 볼 수 있습니다.","7000","0","49152","2","0","0","-9187343239835811840","27249","Service Control Manager","555908d1-a6d7-4695-8e1e-26931d2012f4","System","1264","4460","DT",,"10/18/2025 7:42:49 PM",,,"c:\users\zinpi\desktop\251215_sys.evtx","System.UInt32[]","System.Diagnostics.Eventing.Reader.EventBookmark","오류",,,"System.Collections.ObjectModel.ReadOnlyCollection`1[System.String]","System.Collections.Generic.List`1[System.Diagnostics.Eventing.Reader.EventProperty]"
"드라이버가 이 HID 키보드에 불량 펌웨어가 있는 것을 검색했습니다. 중복 보고서 패킷을 전송하고 있습니다.","1","0","32773","3","0","0","36028797018963968","27215","kbdhid",,"System","4","516","DT",,"10/18/2025 7:42:48 PM",,,"c:\users\zinpi\desktop\251215_sys.evtx","System.UInt32[]","System.Diagnostics.Eventing.Reader.EventBookmark","경고",,"없음","System.Collections.ObjectModel.ReadOnlyCollection`1[System.String]","System.Collections.Generic.List`1[System.Diagnostics.Eventing.Reader.EventProperty]"
"Intel(R) Ethernet Controller (3) I225-V
 네트워크 링크가 분리되었습니다.
","27","0","40964","3","0","0","36028797018963968","27205","e2fexpress",,"System","4","520","DT",,"10/18/2025 7:42:45 PM",,,"c:\users\zinpi\desktop\251215_sys.evtx","System.UInt32[]","System.Diagnostics.Eventing.Reader.EventBookmark","경고",,"없음","System.Collections.ObjectModel.ReadOnlyCollection`1[System.String]","System.Collections.Generic.List`1[System.Diagnostics.Eventing.Reader.EventProperty]"
"하이퍼스레딩이 활성화되어 있기 때문에 하이퍼바이저는 가상 머신에 대한 부채널 취약성에 대한 완화를 활성화하지 않았습니다. 가상 머신에 대한 완화를 활성화하려면 HyperThreading을 비활성화합니다.","167","0",,"3","0","0","-9223301668110598144","27161","Microsoft-Windows-Hyper-V-Hypervisor","52fc89f8-995e-434c-a91e-199986449890","System","4","8","DT","S-1-5-18","10/18/2025 7:42:42 PM",,,"c:\users\zinpi\desktop\251215_sys.evtx","System.UInt32[]","System.Diagnostics.Eventing.Reader.EventBookmark","경고","정보",,"System.Collections.ObjectModel.ReadOnlyCollection`1[System.String]","System.Collections.Generic.List`1[System.Diagnostics.Eventing.Reader.EventProperty]"
"WLAN 확장성 모듈을 중지했습니다.

모듈 경로: C:\WINDOWS\System32\DriverStore\FileRepository\netwtw6e.inf_amd64_7bd3932d2033b1d2\IntelIHVRouter14.dll
","10002","0",,"3","0","0","4611686018427387904","27138","Microsoft-Windows-WLAN-AutoConfig","9580d7dd-0379-4658-9870-d5be7d52d6de","System","4004","8900","DT","S-1-5-18","10/18/2025 7:42:19 PM",,,"c:\users\zinpi\desktop\251215_sys.evtx","System.UInt32[]","System.Diagnostics.Eventing.Reader.EventBookmark","경고","정보",,"System.Collections.ObjectModel.ReadOnlyCollection`1[System.String]","System.Collections.Generic.List`1[System.Diagnostics.Eventing.Reader.EventProperty]"
"ACPI Time 및 Alarm Device 메서드를 평가하지 못했기 때문에 하드웨어 실시간 시계가 설정되지 않았습니다.  상태: 0xC0000001.","21","0",,"2","0","0","-9223372036854775808","27133","Microsoft-Windows-HAL","63d1e632-95cc-4443-9312-af927761d52a","System","2200","21136","DT","S-1-5-19","10/18/2025 7:42:19 PM",,,"c:\users\zinpi\desktop\251215_sys.evtx","System.UInt32[]","System.Diagnostics.Eventing.Reader.EventBookmark","오류","정보",,"System.Collections.ObjectModel.ReadOnlyCollection`1[System.String]","System.Collections.Generic.List`1[System.Diagnostics.Eventing.Reader.EventProperty]"
"PICO Streaming Service 서비스가 예기치 않게 3번 종료되었습니다. 1000밀리초 안에 다음 수정 작업을 합니다. 서비스 다시 시작.","7031","0","49152","2","0","0","-9187343239835811840","27122","Service Control Manager","555908d1-a6d7-4695-8e1e-26931d2012f4","System","1212","9720","DT",,"10/18/2025 7:41:52 PM",,,"c:\users\zinpi\desktop\251215_sys.evtx","System.UInt32[]","System.Diagnostics.Eventing.Reader.EventBookmark","오류",,,"System.Collections.ObjectModel.ReadOnlyCollection`1[System.String]","System.Collections.Generic.List`1[System.Diagnostics.Eventing.Reader.EventProperty]"
"패키지 Microsoft.Edge.GameAssist_1.0.3590.0_x64__8wekyb3d8bbwe 프로세스 C:\Program Files\WindowsApps\Microsoft.Edge.GameAssist_1.0.3590.0_x64__8wekyb3d8bbwe\EdgeGameAssist.exe 15031 밀리초 후에 시스템 종료가 지연되고 있습니다.","101","0",,"3","0","0","-9223372036854775808","27120","winsrvext","2b9537f0-4a90-557b-1313-d0ce2827a94a","System","8668","7924","DT","S-1-5-18","10/18/2025 7:41:51 PM",,,"c:\users\zinpi\desktop\251215_sys.evtx","System.UInt32[]","System.Diagnostics.Eventing.Reader.EventBookmark","경고","정보",,"System.Collections.ObjectModel.ReadOnlyCollection`1[System.String]","System.Collections.Generic.List`1[System.Diagnostics.Eventing.Reader.EventProperty]"
"PICO Streaming Service 서비스가 예기치 않게 2번 종료되었습니다. 1000밀리초 안에 다음 수정 작업을 합니다. 서비스 다시 시작.","7031","0","49152","2","0","0","-9187343239835811840","27119","Service Control Manager","555908d1-a6d7-4695-8e1e-26931d2012f4","System","1212","6228","DT",,"10/18/2025 7:41:36 PM",,,"c:\users\zinpi\desktop\251215_sys.evtx","System.UInt32[]","System.Diagnostics.Eventing.Reader.EventBookmark","오류",,,"System.Collections.ObjectModel.ReadOnlyCollection`1[System.String]","System.Collections.Generic.List`1[System.Diagnostics.Eventing.Reader.EventProperty]"
"프로세스 C:\Program Files\LGHUB\lghub_agent.exe 5062 밀리초 후 시스템 종료를 지연하고 있습니다.","100","0",,"3","0","0","-9223372036854775808","27118","winsrvext","2b9537f0-4a90-557b-1313-d0ce2827a94a","System","8668","19228","DT","S-1-5-18","10/18/2025 7:41:36 PM",,,"c:\users\zinpi\desktop\251215_sys.evtx","System.UInt32[]","System.Diagnostics.Eventing.Reader.EventBookmark","경고","정보",,"System.Collections.ObjectModel.ReadOnlyCollection`1[System.String]","System.Collections.Generic.List`1[System.Diagnostics.Eventing.Reader.EventProperty]"
"PICO Streaming Service 서비스가 예기치 않게 1번 종료되었습니다. 1000밀리초 안에 다음 수정 작업을 합니다. 서비스 다시 시작.","7031","0","49152","2","0","0","-9187343239835811840","27117","Service Control Manager","555908d1-a6d7-4695-8e1e-26931d2012f4","System","1212","15624","DT",,"10/18/2025 7:41:31 PM",,,"c:\users\zinpi\desktop\251215_sys.evtx","System.UInt32[]","System.Diagnostics.Eventing.Reader.EventBookmark","오류",,,"System.Collections.ObjectModel.ReadOnlyCollection`1[System.String]","System.Collections.Generic.List`1[System.Diagnostics.Eventing.Reader.EventProperty]"
"응용 프로그램별 권한 설정에서 CLSID가 
{2593F8B9-4EAF-457C-B68A-50F6B8EA6B54}
이고 APPID가 
{15C20B67-12E7-4BB6-92BB-7AFF07997402}
인 COM 서버 응용 프로그램에 대한 로컬 활성화 사용 권한을 응용 프로그램 컨테이너 사용할 수 없음 SID(사용할 수 없음)에서 실행 중인 주소 LocalHost(LRPC 사용)의 사용자 DT\zinpi SID(S-1-5-21-3843888092-660805983-3388631941-1001)에게 부여하지 않았습니다. 구성 요소 서비스 관리 도구를 사용하여 이 보안 권한을 수정할 수 있습니다.","10016","0","0","3","0","0","-9187343239835811840","27109","Microsoft-Windows-DistributedCOM","1b562e86-b7aa-4131-badc-b6f3a001407e","System","1584","5888","DT","S-1-5-21-3843888092-660805983-3388631941-1001","10/18/2025 4:02:13 PM","e6a3713b-3aee-000e-788e-b8e6ee3adc01",,"c:\users\zinpi\desktop\251215_sys.evtx","System.UInt32[]","System.Diagnostics.Eventing.Reader.EventBookmark","경고","정보",,"System.Collections.ObjectModel.ReadOnlyCollection`1[System.String]","System.Collections.Generic.List`1[System.Diagnostics.Eventing.Reader.EventProperty]"
"응용 프로그램별 권한 설정에서 CLSID가 
{2593F8B9-4EAF-457C-B68A-50F6B8EA6B54}
이고 APPID가 
{15C20B67-12E7-4BB6-92BB-7AFF07997402}
인 COM 서버 응용 프로그램에 대한 로컬 활성화 사용 권한을 응용 프로그램 컨테이너 사용할 수 없음 SID(사용할 수 없음)에서 실행 중인 주소 LocalHost(LRPC 사용)의 사용자 DT\zinpi SID(S-1-5-21-3843888092-660805983-3388631941-1001)에게 부여하지 않았습니다. 구성 요소 서비스 관리 도구를 사용하여 이 보안 권한을 수정할 수 있습니다.","10016","0","0","3","0","0","-9187343239835811840","27108","Microsoft-Windows-DistributedCOM","1b562e86-b7aa-4131-badc-b6f3a001407e","System","1584","14096","DT","S-1-5-21-3843888092-660805983-3388631941-1001","10/18/2025 4:01:20 PM","e6a3713b-3aee-000f-4b5e-afe6ee3adc01",,"c:\users\zinpi\desktop\251215_sys.evtx","System.UInt32[]","System.Diagnostics.Eventing.Reader.EventBookmark","경고","정보",,"System.Collections.ObjectModel.ReadOnlyCollection`1[System.String]","System.Collections.Generic.List`1[System.Diagnostics.Eventing.Reader.EventProperty]"
"응용 프로그램별 권한 설정에서 CLSID가 
{2593F8B9-4EAF-457C-B68A-50F6B8EA6B54}
이고 APPID가 
{15C20B67-12E7-4BB6-92BB-7AFF07997402}
인 COM 서버 응용 프로그램에 대한 로컬 활성화 사용 권한을 응용 프로그램 컨테이너 MicrosoftWindows.Client.WebExperience_525.24401.50.0_x64__cw5n1h2txyewy SID(사용할 수 없음)에서 실행 중인 주소 LocalHost(LRPC 사용)의 사용자 DT\zinpi SID(S-1-5-21-3843888092-660805983-3388631941-1001)에게 부여하지 않았습니다. 구성 요소 서비스 관리 도구를 사용하여 이 보안 권한을 수정할 수 있습니다.","10016","0","0","3","0","0","-9187343239835811840","27107","Microsoft-Windows-DistributedCOM","1b562e86-b7aa-4131-badc-b6f3a001407e","System","1584","13456","DT","S-1-5-21-3843888092-660805983-3388631941-1001","10/18/2025 1:15:00 PM","e6a3713b-3aee-000e-70cc-b5e6ee3adc01",,"c:\users\zinpi\desktop\251215_sys.evtx","System.UInt32[]","System.Diagnostics.Eventing.Reader.EventBookmark","경고","정보",,"System.Collections.ObjectModel.ReadOnlyCollection`1[System.String]","System.Collections.Generic.List`1[System.Diagnostics.Eventing.Reader.EventProperty]"
"Intel(R) Ethernet Controller (3) I225-V
 네트워크 링크가 분리되었습니다.
","27","0","40964","3","0","0","36028797018963968","26875","e2fexpress",,"System","4","10768","DT",,"10/18/2025 12:13:57 PM",,,"c:\users\zinpi\desktop\251215_sys.evtx","System.UInt32[]","System.Diagnostics.Eventing.Reader.EventBookmark","경고",,"없음","System.Collections.ObjectModel.ReadOnlyCollection`1[System.String]","System.Collections.Generic.List`1[System.Diagnostics.Eventing.Reader.EventProperty]"
"응용 프로그램별 권한 설정에서 CLSID가 
{6B3B8D23-FA8D-40B9-8DBD-B950333E2C52}
이고 APPID가 
{4839DDB7-58C2-48F5-8283-E1D1807D0D7D}
인 COM 서버 응용 프로그램에 대한 로컬 활성화 사용 권한을 응용 프로그램 컨테이너 사용할 수 없음 SID(사용할 수 없음)에서 실행 중인 주소 LocalHost(LRPC 사용)의 사용자 NT AUTHORITY\LOCAL SERVICE SID(S-1-5-19)에게 부여하지 않았습니다. 구성 요소 서비스 관리 도구를 사용하여 이 보안 권한을 수정할 수 있습니다.","10016","0","0","3","0","0","-9187343239835811840","26872","Microsoft-Windows-DistributedCOM","1b562e86-b7aa-4131-badc-b6f3a001407e","System","1584","16976","DT","S-1-5-19","10/18/2025 12:13:56 PM",,,"c:\users\zinpi\desktop\251215_sys.evtx","System.UInt32[]","System.Diagnostics.Eventing.Reader.EventBookmark","경고","정보",,"System.Collections.ObjectModel.ReadOnlyCollection`1[System.String]","System.Collections.Generic.List`1[System.Diagnostics.Eventing.Reader.EventProperty]"
"응용 프로그램별 권한 설정에서 CLSID가 
{6B3B8D23-FA8D-40B9-8DBD-B950333E2C52}
이고 APPID가 
{4839DDB7-58C2-48F5-8283-E1D1807D0D7D}
인 COM 서버 응용 프로그램에 대한 로컬 활성화 사용 권한을 응용 프로그램 컨테이너 사용할 수 없음 SID(사용할 수 없음)에서 실행 중인 주소 LocalHost(LRPC 사용)의 사용자 NT AUTHORITY\LOCAL SERVICE SID(S-1-5-19)에게 부여하지 않았습니다. 구성 요소 서비스 관리 도구를 사용하여 이 보안 권한을 수정할 수 있습니다.","10016","0","0","3","0","0","-9187343239835811840","26871","Microsoft-Windows-DistributedCOM","1b562e86-b7aa-4131-badc-b6f3a001407e","System","1584","18720","DT","S-1-5-19","10/18/2025 12:13:56 PM",,,"c:\users\zinpi\desktop\251215_sys.evtx","System.UInt32[]","System.Diagnostics.Eventing.Reader.EventBookmark","경고","정보",,"System.Collections.ObjectModel.ReadOnlyCollection`1[System.String]","System.Collections.Generic.List`1[System.Diagnostics.Eventing.Reader.EventProperty]"
"NtpClient는 'time.windows.com,0x9'의 DNS 확인 오류로 인해 시간 원본으로 사용할 수동 피어를 설정하지 못했습니다. NtpClient는 15분 내에 다시 시도하고 그 후로는 재시도 간격을 두 배로 합니다. 오류: 알려진 호스트가 없습니다. (0x80072AF9)","134","0",,"3","0","0","-9223372036854775808","26867","Microsoft-Windows-Time-Service","06edcfeb-0fd0-4e53-acca-a6f8bbf81bcb","System","2200","19452","DT","S-1-5-19","10/18/2025 12:13:54 PM",,,"c:\users\zinpi\desktop\251215_sys.evtx","System.UInt32[]","System.Diagnostics.Eventing.Reader.EventBookmark","경고","정보",,"System.Collections.ObjectModel.ReadOnlyCollection`1[System.String]","System.Collections.Generic.List`1[System.Diagnostics.Eventing.Reader.EventProperty]"
"Intel(R) Ethernet Controller (3) I225-V
 네트워크 링크가 분리되었습니다.
","27","0","40964","3","0","0","36028797018963968","26857","e2fexpress",,"System","4","21752","DT",,"10/18/2025 12:13:54 PM",,,"c:\users\zinpi\desktop\251215_sys.evtx","System.UInt32[]","System.Diagnostics.Eventing.Reader.EventBookmark","경고",,"없음","System.Collections.ObjectModel.ReadOnlyCollection`1[System.String]","System.Collections.Generic.List`1[System.Diagnostics.Eventing.Reader.EventProperty]"
"PICO Streaming Service 서비스가 예기치 않게 2번 종료되었습니다. 1000밀리초 안에 다음 수정 작업을 합니다. 서비스 다시 시작.","7031","0","49152","2","0","0","-9187343239835811840","26852","Service Control Manager","555908d1-a6d7-4695-8e1e-26931d2012f4","System","1212","13532","DT",,"10/14/2025 6:40:26 PM",,,"c:\users\zinpi\desktop\251215_sys.evtx","System.UInt32[]","System.Diagnostics.Eventing.Reader.EventBookmark","오류",,,"System.Collections.ObjectModel.ReadOnlyCollection`1[System.String]","System.Collections.Generic.List`1[System.Diagnostics.Eventing.Reader.EventProperty]"
"ACPI Time 및 Alarm Device 메서드를 평가하지 못했기 때문에 하드웨어 실시간 시계가 설정되지 않았습니다.  상태: 0xC0000001.","21","0",,"2","0","0","-9223372036854775808","26850","Microsoft-Windows-HAL","63d1e632-95cc-4443-9312-af927761d52a","System","2200","2316","DT","S-1-5-19","10/14/2025 6:40:26 PM",,,"c:\users\zinpi\desktop\251215_sys.evtx","System.UInt32[]","System.Diagnostics.Eventing.Reader.EventBookmark","오류","정보",,"System.Collections.ObjectModel.ReadOnlyCollection`1[System.String]","System.Collections.Generic.List`1[System.Diagnostics.Eventing.Reader.EventProperty]"
"PICO Streaming Service 서비스가 예기치 않게 1번 종료되었습니다. 1000밀리초 안에 다음 수정 작업을 합니다. 서비스 다시 시작.","7031","0","49152","2","0","0","-9187343239835811840","26845","Service Control Manager","555908d1-a6d7-4695-8e1e-26931d2012f4","System","1212","13532","DT",,"10/14/2025 6:40:15 PM",,,"c:\users\zinpi\desktop\251215_sys.evtx","System.UInt32[]","System.Diagnostics.Eventing.Reader.EventBookmark","오류",,,"System.Collections.ObjectModel.ReadOnlyCollection`1[System.String]","System.Collections.Generic.List`1[System.Diagnostics.Eventing.Reader.EventProperty]"
"프로세스 C:\Program Files\LGHUB\lghub_agent.exe 5109 밀리초 후 시스템 종료를 지연하고 있습니다.","100","0",,"3","0","0","-9223372036854775808","26844","winsrvext","2b9537f0-4a90-557b-1313-d0ce2827a94a","System","7312","12536","DT","S-1-5-18","10/14/2025 6:40:15 PM",,,"c:\users\zinpi\desktop\251215_sys.evtx","System.UInt32[]","System.Diagnostics.Eventing.Reader.EventBookmark","경고","정보",,"System.Collections.ObjectModel.ReadOnlyCollection`1[System.String]","System.Collections.Generic.List`1[System.Diagnostics.Eventing.Reader.EventProperty]"
"{08728914-3F57-4D52-9E31-49DAECA5A80A} 서버가 요구된 초과 시간 안에 DCOM으로 등록하지 않았습니다.","10010","0","0","2","0","0","-9187343239835811840","26843","Microsoft-Windows-DistributedCOM","1b562e86-b7aa-4131-badc-b6f3a001407e","System","1584","16076","DT","S-1-5-18","10/14/2025 6:40:10 PM","e6a3713b-3aee-0001-8ec4-f0e6ee3adc01",,"c:\users\zinpi\desktop\251215_sys.evtx","System.UInt32[]","System.Diagnostics.Eventing.Reader.EventBookmark","오류","정보",,"System.Collections.ObjectModel.ReadOnlyCollection`1[System.String]","System.Collections.Generic.List`1[System.Diagnostics.Eventing.Reader.EventProperty]"
"{08728914-3F57-4D52-9E31-49DAECA5A80A} 서버가 요구된 초과 시간 안에 DCOM으로 등록하지 않았습니다.","10010","0","0","2","0","0","-9187343239835811840","26842","Microsoft-Windows-DistributedCOM","1b562e86-b7aa-4131-badc-b6f3a001407e","System","1584","16076","DT","S-1-5-18","10/14/2025 6:40:10 PM","e6a3713b-3aee-0011-b8ea-37e7ee3adc01",,"c:\users\zinpi\desktop\251215_sys.evtx","System.UInt32[]","System.Diagnostics.Eventing.Reader.EventBookmark","오류","정보",,"System.Collections.ObjectModel.ReadOnlyCollection`1[System.String]","System.Collections.Generic.List`1[System.Diagnostics.Eventing.Reader.EventProperty]"
"시간 서비스 제공자가 사용 가능한 타임스탬프를 제공하지 않아서 시간 서비스에서 시스템 시간을 50000초 동안 동기화하지 못했습니다. 시간 서비스는 시간 원본과 동기화할 수 있을 때까지 로컬 시스템 시간을 업데이트하지 않습니다. 로컬 시스템이 클라이언트의 시간 서버로 사용되도록 구성되면 36362초 후 클라이언트에 대한 시간 원본으로 사용되지 않습니다. 시간 서비스는 계속 시간 원본과의 동기화를 시도합니다. 자세한 내용은 다른 W32time 이벤트에 대한 시스템 이벤트 로그를 참조하세요. 인스턴트 시간 동기화를 강제로 수행하려면 'w32tm/resync'를 실행하세요. ClockHoldoverPeriod W32time 구성 설정을 사용하여 시간 원본 재검색의 빈도를 제어할 수 있습니다. 이 메시지를 사용하지 않으려면 EventLogFlags W32time 구성 설정을 수정하세요.","36","0",,"3","0","0","-9223372036854775808","26839","Microsoft-Windows-Time-Service","06edcfeb-0fd0-4e53-acca-a6f8bbf81bcb","System","2200","19452","DT","S-1-5-19","10/14/2025 3:58:04 PM",,,"c:\users\zinpi\desktop\251215_sys.evtx","System.UInt32[]","System.Diagnostics.Eventing.Reader.EventBookmark","경고","정보",,"System.Collections.ObjectModel.ReadOnlyCollection`1[System.String]","System.Collections.Generic.List`1[System.Diagnostics.Eventing.Reader.EventProperty]"
"응용 프로그램별 권한 설정에서 CLSID가 
{2593F8B9-4EAF-457C-B68A-50F6B8EA6B54}
이고 APPID가 
{15C20B67-12E7-4BB6-92BB-7AFF07997402}
인 COM 서버 응용 프로그램에 대한 로컬 활성화 사용 권한을 응용 프로그램 컨테이너 MicrosoftWindows.Client.WebExperience_525.24401.50.0_x64__cw5n1h2txyewy SID(사용할 수 없음)에서 실행 중인 주소 LocalHost(LRPC 사용)의 사용자 DT\zinpi SID(S-1-5-21-3843888092-660805983-3388631941-1001)에게 부여하지 않았습니다. 구성 요소 서비스 관리 도구를 사용하여 이 보안 권한을 수정할 수 있습니다.","10016","0","0","3","0","0","-9187343239835811840","26826","Microsoft-Windows-DistributedCOM","1b562e86-b7aa-4131-badc-b6f3a001407e","System","1584","8000","DT","S-1-5-21-3843888092-660805983-3388631941-1001","10/14/2025 3:05:10 AM","e6a3713b-3aee-0008-e0ff-abe6ee3adc01",,"c:\users\zinpi\desktop\251215_sys.evtx","System.UInt32[]","System.Diagnostics.Eventing.Reader.EventBookmark","경고","정보",,"System.Collections.ObjectModel.ReadOnlyCollection`1[System.String]","System.Collections.Generic.List`1[System.Diagnostics.Eventing.Reader.EventProperty]"
"응용 프로그램별 권한 설정에서 CLSID가 
{6B3B8D23-FA8D-40B9-8DBD-B950333E2C52}
이고 APPID가 
{4839DDB7-58C2-48F5-8283-E1D1807D0D7D}
인 COM 서버 응용 프로그램에 대한 로컬 활성화 사용 권한을 응용 프로그램 컨테이너 사용할 수 없음 SID(사용할 수 없음)에서 실행 중인 주소 LocalHost(LRPC 사용)의 사용자 NT AUTHORITY\LOCAL SERVICE SID(S-1-5-19)에게 부여하지 않았습니다. 구성 요소 서비스 관리 도구를 사용하여 이 보안 권한을 수정할 수 있습니다.","10016","0","0","3","0","0","-9187343239835811840","26811","Microsoft-Windows-DistributedCOM","1b562e86-b7aa-4131-badc-b6f3a001407e","System","1584","25372","DT","S-1-5-19","10/14/2025 2:04:07 AM",,,"c:\users\zinpi\desktop\251215_sys.evtx","System.UInt32[]","System.Diagnostics.Eventing.Reader.EventBookmark","경고","정보",,"System.Collections.ObjectModel.ReadOnlyCollection`1[System.String]","System.Collections.Generic.List`1[System.Diagnostics.Eventing.Reader.EventProperty]"
"응용 프로그램별 권한 설정에서 CLSID가 
{6B3B8D23-FA8D-40B9-8DBD-B950333E2C52}
이고 APPID가 
{4839DDB7-58C2-48F5-8283-E1D1807D0D7D}
인 COM 서버 응용 프로그램에 대한 로컬 활성화 사용 권한을 응용 프로그램 컨테이너 사용할 수 없음 SID(사용할 수 없음)에서 실행 중인 주소 LocalHost(LRPC 사용)의 사용자 NT AUTHORITY\LOCAL SERVICE SID(S-1-5-19)에게 부여하지 않았습니다. 구성 요소 서비스 관리 도구를 사용하여 이 보안 권한을 수정할 수 있습니다.","10016","0","0","3","0","0","-9187343239835811840","26810","Microsoft-Windows-DistributedCOM","1b562e86-b7aa-4131-badc-b6f3a001407e","System","1584","6280","DT","S-1-5-19","10/14/2025 2:04:07 AM",,,"c:\users\zinpi\desktop\251215_sys.evtx","System.UInt32[]","System.Diagnostics.Eventing.Reader.EventBookmark","경고","정보",,"System.Collections.ObjectModel.ReadOnlyCollection`1[System.String]","System.Collections.Generic.List`1[System.Diagnostics.Eventing.Reader.EventProperty]"
"NtpClient는 'time.windows.com,0x9'의 DNS 확인 오류로 인해 시간 원본으로 사용할 수동 피어를 설정하지 못했습니다. NtpClient는 15분 내에 다시 시도하고 그 후로는 재시도 간격을 두 배로 합니다. 오류: 알려진 호스트가 없습니다. (0x80072AF9)","134","0",,"3","0","0","-9223372036854775808","26804","Microsoft-Windows-Time-Service","06edcfeb-0fd0-4e53-acca-a6f8bbf81bcb","System","2200","19452","DT","S-1-5-19","10/14/2025 2:04:05 AM",,,"c:\users\zinpi\desktop\251215_sys.evtx","System.UInt32[]","System.Diagnostics.Eventing.Reader.EventBookmark","경고","정보",,"System.Collections.ObjectModel.ReadOnlyCollection`1[System.String]","System.Collections.Generic.List`1[System.Diagnostics.Eventing.Reader.EventProperty]"
"Intel(R) Ethernet Controller (3) I225-V
 네트워크 링크가 분리되었습니다.
","27","0","40964","3","0","0","36028797018963968","26796","e2fexpress",,"System","4","1492","DT",,"10/14/2025 2:04:04 AM",,,"c:\users\zinpi\desktop\251215_sys.evtx","System.UInt32[]","System.Diagnostics.Eventing.Reader.EventBookmark","경고",,"없음","System.Collections.ObjectModel.ReadOnlyCollection`1[System.String]","System.Collections.Generic.List`1[System.Diagnostics.Eventing.Reader.EventProperty]"
"ACPI Time 및 Alarm Device 메서드를 평가하지 못했기 때문에 하드웨어 실시간 시계가 설정되지 않았습니다.  상태: 0xC0000001.","21","0",,"2","0","0","-9223372036854775808","26790","Microsoft-Windows-HAL","63d1e632-95cc-4443-9312-af927761d52a","System","2200","2316","DT","S-1-5-19","10/12/2025 10:54:46 PM",,,"c:\users\zinpi\desktop\251215_sys.evtx","System.UInt32[]","System.Diagnostics.Eventing.Reader.EventBookmark","오류","정보",,"System.Collections.ObjectModel.ReadOnlyCollection`1[System.String]","System.Collections.Generic.List`1[System.Diagnostics.Eventing.Reader.EventProperty]"
"PICO Streaming Service 서비스가 예기치 않게 1번 종료되었습니다. 1000밀리초 안에 다음 수정 작업을 합니다. 서비스 다시 시작.","7031","0","49152","2","0","0","-9187343239835811840","26785","Service Control Manager","555908d1-a6d7-4695-8e1e-26931d2012f4","System","1212","21080","DT",,"10/12/2025 10:54:45 PM",,,"c:\users\zinpi\desktop\251215_sys.evtx","System.UInt32[]","System.Diagnostics.Eventing.Reader.EventBookmark","오류",,,"System.Collections.ObjectModel.ReadOnlyCollection`1[System.String]","System.Collections.Generic.List`1[System.Diagnostics.Eventing.Reader.EventProperty]"
"{AB8902B4-09CA-4BB6-B78D-A8F59079A8D5} 서버가 요구된 초과 시간 안에 DCOM으로 등록하지 않았습니다.","10010","0","0","2","0","0","-9187343239835811840","26784","Microsoft-Windows-DistributedCOM","1b562e86-b7aa-4131-badc-b6f3a001407e","System","1584","25372","DT","S-1-5-21-3843888092-660805983-3388631941-1001","10/12/2025 10:54:43 PM","e6a3713b-3aee-000d-8ee9-a6e6ee3adc01",,"c:\users\zinpi\desktop\251215_sys.evtx","System.UInt32[]","System.Diagnostics.Eventing.Reader.EventBookmark","오류","정보",,"System.Collections.ObjectModel.ReadOnlyCollection`1[System.String]","System.Collections.Generic.List`1[System.Diagnostics.Eventing.Reader.EventProperty]"
"{AB8902B4-09CA-4BB6-B78D-A8F59079A8D5} 서버가 요구된 초과 시간 안에 DCOM으로 등록하지 않았습니다.","10010","0","0","2","0","0","-9187343239835811840","26783","Microsoft-Windows-DistributedCOM","1b562e86-b7aa-4131-badc-b6f3a001407e","System","1584","25372","DT","S-1-5-21-3843888092-660805983-3388631941-1001","10/12/2025 10:54:43 PM","e6a3713b-3aee-000e-2e60-aae6ee3adc01",,"c:\users\zinpi\desktop\251215_sys.evtx","System.UInt32[]","System.Diagnostics.Eventing.Reader.EventBookmark","오류","정보",,"System.Collections.ObjectModel.ReadOnlyCollection`1[System.String]","System.Collections.Generic.List`1[System.Diagnostics.Eventing.Reader.EventProperty]"
"{AB8902B4-09CA-4BB6-B78D-A8F59079A8D5} 서버가 요구된 초과 시간 안에 DCOM으로 등록하지 않았습니다.","10010","0","0","2","0","0","-9187343239835811840","26782","Microsoft-Windows-DistributedCOM","1b562e86-b7aa-4131-badc-b6f3a001407e","System","1584","25372","DT","S-1-5-21-3843888092-660805983-3388631941-1001","10/12/2025 10:54:43 PM","e6a3713b-3aee-000e-1e60-aae6ee3adc01",,"c:\users\zinpi\desktop\251215_sys.evtx","System.UInt32[]","System.Diagnostics.Eventing.Reader.EventBookmark","오류","정보",,"System.Collections.ObjectModel.ReadOnlyCollection`1[System.String]","System.Collections.Generic.List`1[System.Diagnostics.Eventing.Reader.EventProperty]"
"{AB8902B4-09CA-4BB6-B78D-A8F59079A8D5} 서버가 요구된 초과 시간 안에 DCOM으로 등록하지 않았습니다.","10010","0","0","2","0","0","-9187343239835811840","26781","Microsoft-Windows-DistributedCOM","1b562e86-b7aa-4131-badc-b6f3a001407e","System","1584","25372","DT","S-1-5-21-3843888092-660805983-3388631941-1001","10/12/2025 10:54:43 PM","e6a3713b-3aee-000e-0f60-aae6ee3adc01",,"c:\users\zinpi\desktop\251215_sys.evtx","System.UInt32[]","System.Diagnostics.Eventing.Reader.EventBookmark","오류","정보",,"System.Collections.ObjectModel.ReadOnlyCollection`1[System.String]","System.Collections.Generic.List`1[System.Diagnostics.Eventing.Reader.EventProperty]"
"{AB8902B4-09CA-4BB6-B78D-A8F59079A8D5} 서버가 요구된 초과 시간 안에 DCOM으로 등록하지 않았습니다.","10010","0","0","2","0","0","-9187343239835811840","26780","Microsoft-Windows-DistributedCOM","1b562e86-b7aa-4131-badc-b6f3a001407e","System","1584","25372","DT","S-1-5-21-3843888092-660805983-3388631941-1001","10/12/2025 10:54:43 PM","e6a3713b-3aee-0001-fa9f-efe6ee3adc01",,"c:\users\zinpi\desktop\251215_sys.evtx","System.UInt32[]","System.Diagnostics.Eventing.Reader.EventBookmark","오류","정보",,"System.Collections.ObjectModel.ReadOnlyCollection`1[System.String]","System.Collections.Generic.List`1[System.Diagnostics.Eventing.Reader.EventProperty]"
"{AB8902B4-09CA-4BB6-B78D-A8F59079A8D5} 서버가 요구된 초과 시간 안에 DCOM으로 등록하지 않았습니다.","10010","0","0","2","0","0","-9187343239835811840","26779","Microsoft-Windows-DistributedCOM","1b562e86-b7aa-4131-badc-b6f3a001407e","System","1584","25372","DT","S-1-5-21-3843888092-660805983-3388631941-1001","10/12/2025 10:54:43 PM","e6a3713b-3aee-000e-0860-aae6ee3adc01",,"c:\users\zinpi\desktop\251215_sys.evtx","System.UInt32[]","System.Diagnostics.Eventing.Reader.EventBookmark","오류","정보",,"System.Collections.ObjectModel.ReadOnlyCollection`1[System.String]","System.Collections.Generic.List`1[System.Diagnostics.Eventing.Reader.EventProperty]"
"{AB8902B4-09CA-4BB6-B78D-A8F59079A8D5} 서버가 요구된 초과 시간 안에 DCOM으로 등록하지 않았습니다.","10010","0","0","2","0","0","-9187343239835811840","26778","Microsoft-Windows-DistributedCOM","1b562e86-b7aa-4131-badc-b6f3a001407e","System","1584","25372","DT","S-1-5-21-3843888092-660805983-3388631941-1001","10/12/2025 10:54:43 PM","e6a3713b-3aee-0006-666e-abe6ee3adc01",,"c:\users\zinpi\desktop\251215_sys.evtx","System.UInt32[]","System.Diagnostics.Eventing.Reader.EventBookmark","오류","정보",,"System.Collections.ObjectModel.ReadOnlyCollection`1[System.String]","System.Collections.Generic.List`1[System.Diagnostics.Eventing.Reader.EventProperty]"
"{AB8902B4-09CA-4BB6-B78D-A8F59079A8D5} 서버가 요구된 초과 시간 안에 DCOM으로 등록하지 않았습니다.","10010","0","0","2","0","0","-9187343239835811840","26777","Microsoft-Windows-DistributedCOM","1b562e86-b7aa-4131-badc-b6f3a001407e","System","1584","25372","DT","S-1-5-21-3843888092-660805983-3388631941-1001","10/12/2025 10:54:43 PM","e6a3713b-3aee-0006-626e-abe6ee3adc01",,"c:\users\zinpi\desktop\251215_sys.evtx","System.UInt32[]","System.Diagnostics.Eventing.Reader.EventBookmark","오류","정보",,"System.Collections.ObjectModel.ReadOnlyCollection`1[System.String]","System.Collections.Generic.List`1[System.Diagnostics.Eventing.Reader.EventProperty]"
"{AB8902B4-09CA-4BB6-B78D-A8F59079A8D5} 서버가 요구된 초과 시간 안에 DCOM으로 등록하지 않았습니다.","10010","0","0","2","0","0","-9187343239835811840","26776","Microsoft-Windows-DistributedCOM","1b562e86-b7aa-4131-badc-b6f3a001407e","System","1584","25372","DT","S-1-5-21-3843888092-660805983-3388631941-1001","10/12/2025 10:54:43 PM","e6a3713b-3aee-0006-536e-abe6ee3adc01",,"c:\users\zinpi\desktop\251215_sys.evtx","System.UInt32[]","System.Diagnostics.Eventing.Reader.EventBookmark","오류","정보",,"System.Collections.ObjectModel.ReadOnlyCollection`1[System.String]","System.Collections.Generic.List`1[System.Diagnostics.Eventing.Reader.EventProperty]"
"{AB8902B4-09CA-4BB6-B78D-A8F59079A8D5} 서버가 요구된 초과 시간 안에 DCOM으로 등록하지 않았습니다.","10010","0","0","2","0","0","-9187343239835811840","26775","Microsoft-Windows-DistributedCOM","1b562e86-b7aa-4131-badc-b6f3a001407e","System","1584","25372","DT","S-1-5-21-3843888092-660805983-3388631941-1001","10/12/2025 10:54:43 PM","e6a3713b-3aee-0006-476e-abe6ee3adc01",,"c:\users\zinpi\desktop\251215_sys.evtx","System.UInt32[]","System.Diagnostics.Eventing.Reader.EventBookmark","오류","정보",,"System.Collections.ObjectModel.ReadOnlyCollection`1[System.String]","System.Collections.Generic.List`1[System.Diagnostics.Eventing.Reader.EventProperty]"
"{AB8902B4-09CA-4BB6-B78D-A8F59079A8D5} 서버가 요구된 초과 시간 안에 DCOM으로 등록하지 않았습니다.","10010","0","0","2","0","0","-9187343239835811840","26774","Microsoft-Windows-DistributedCOM","1b562e86-b7aa-4131-badc-b6f3a001407e","System","1584","4932","DT","S-1-5-21-3843888092-660805983-3388631941-1001","10/12/2025 10:54:43 PM","e6a3713b-3aee-0002-508a-80e7ee3adc01",,"c:\users\zinpi\desktop\251215_sys.evtx","System.UInt32[]","System.Diagnostics.Eventing.Reader.EventBookmark","오류","정보",,"System.Collections.ObjectModel.ReadOnlyCollection`1[System.String]","System.Collections.Generic.List`1[System.Diagnostics.Eventing.Reader.EventProperty]"
"{AB8902B4-09CA-4BB6-B78D-A8F59079A8D5} 서버가 요구된 초과 시간 안에 DCOM으로 등록하지 않았습니다.","10010","0","0","2","0","0","-9187343239835811840","26773","Microsoft-Windows-DistributedCOM","1b562e86-b7aa-4131-badc-b6f3a001407e","System","1584","4932","DT","S-1-5-21-3843888092-660805983-3388631941-1001","10/12/2025 10:54:43 PM","e6a3713b-3aee-000a-e61f-ace6ee3adc01",,"c:\users\zinpi\desktop\251215_sys.evtx","System.UInt32[]","System.Diagnostics.Eventing.Reader.EventBookmark","오류","정보",,"System.Collections.ObjectModel.ReadOnlyCollection`1[System.String]","System.Collections.Generic.List`1[System.Diagnostics.Eventing.Reader.EventProperty]"
"{AB8902B4-09CA-4BB6-B78D-A8F59079A8D5} 서버가 요구된 초과 시간 안에 DCOM으로 등록하지 않았습니다.","10010","0","0","2","0","0","-9187343239835811840","26772","Microsoft-Windows-DistributedCOM","1b562e86-b7aa-4131-badc-b6f3a001407e","System","1584","1620","DT","S-1-5-21-3843888092-660805983-3388631941-1001","10/12/2025 10:54:43 PM","e6a3713b-3aee-0006-3d6e-abe6ee3adc01",,"c:\users\zinpi\desktop\251215_sys.evtx","System.UInt32[]","System.Diagnostics.Eventing.Reader.EventBookmark","오류","정보",,"System.Collections.ObjectModel.ReadOnlyCollection`1[System.String]","System.Collections.Generic.List`1[System.Diagnostics.Eventing.Reader.EventProperty]"
"{AB8902B4-09CA-4BB6-B78D-A8F59079A8D5} 서버가 요구된 초과 시간 안에 DCOM으로 등록하지 않았습니다.","10010","0","0","2","0","0","-9187343239835811840","26771","Microsoft-Windows-DistributedCOM","1b562e86-b7aa-4131-badc-b6f3a001407e","System","1584","1620","DT","S-1-5-21-3843888092-660805983-3388631941-1001","10/12/2025 10:54:43 PM","e6a3713b-3aee-0001-cf9f-efe6ee3adc01",,"c:\users\zinpi\desktop\251215_sys.evtx","System.UInt32[]","System.Diagnostics.Eventing.Reader.EventBookmark","오류","정보",,"System.Collections.ObjectModel.ReadOnlyCollection`1[System.String]","System.Collections.Generic.List`1[System.Diagnostics.Eventing.Reader.EventProperty]"
"{AB8902B4-09CA-4BB6-B78D-A8F59079A8D5} 서버가 요구된 초과 시간 안에 DCOM으로 등록하지 않았습니다.","10010","0","0","2","0","0","-9187343239835811840","26770","Microsoft-Windows-DistributedCOM","1b562e86-b7aa-4131-badc-b6f3a001407e","System","1584","1620","DT","S-1-5-21-3843888092-660805983-3388631941-1001","10/12/2025 10:54:43 PM","e6a3713b-3aee-0002-458a-80e7ee3adc01",,"c:\users\zinpi\desktop\251215_sys.evtx","System.UInt32[]","System.Diagnostics.Eventing.Reader.EventBookmark","오류","정보",,"System.Collections.ObjectModel.ReadOnlyCollection`1[System.String]","System.Collections.Generic.List`1[System.Diagnostics.Eventing.Reader.EventProperty]"
"{AB8902B4-09CA-4BB6-B78D-A8F59079A8D5} 서버가 요구된 초과 시간 안에 DCOM으로 등록하지 않았습니다.","10010","0","0","2","0","0","-9187343239835811840","26769","Microsoft-Windows-DistributedCOM","1b562e86-b7aa-4131-badc-b6f3a001407e","System","1584","25372","DT","S-1-5-21-3843888092-660805983-3388631941-1001","10/12/2025 10:54:43 PM","e6a3713b-3aee-0001-be9f-efe6ee3adc01",,"c:\users\zinpi\desktop\251215_sys.evtx","System.UInt32[]","System.Diagnostics.Eventing.Reader.EventBookmark","오류","정보",,"System.Collections.ObjectModel.ReadOnlyCollection`1[System.String]","System.Collections.Generic.List`1[System.Diagnostics.Eventing.Reader.EventProperty]"
"{AB8902B4-09CA-4BB6-B78D-A8F59079A8D5} 서버가 요구된 초과 시간 안에 DCOM으로 등록하지 않았습니다.","10010","0","0","2","0","0","-9187343239835811840","26768","Microsoft-Windows-DistributedCOM","1b562e86-b7aa-4131-badc-b6f3a001407e","System","1584","18624","DT","S-1-5-21-3843888092-660805983-3388631941-1001","10/12/2025 10:54:43 PM","e6a3713b-3aee-0006-336e-abe6ee3adc01",,"c:\users\zinpi\desktop\251215_sys.evtx","System.UInt32[]","System.Diagnostics.Eventing.Reader.EventBookmark","오류","정보",,"System.Collections.ObjectModel.ReadOnlyCollection`1[System.String]","System.Collections.Generic.List`1[System.Diagnostics.Eventing.Reader.EventProperty]"
"{AB8902B4-09CA-4BB6-B78D-A8F59079A8D5} 서버가 요구된 초과 시간 안에 DCOM으로 등록하지 않았습니다.","10010","0","0","2","0","0","-9187343239835811840","26767","Microsoft-Windows-DistributedCOM","1b562e86-b7aa-4131-badc-b6f3a001407e","System","1584","23496","DT","S-1-5-21-3843888092-660805983-3388631941-1001","10/12/2025 10:54:43 PM","e6a3713b-3aee-0006-256e-abe6ee3adc01",,"c:\users\zinpi\desktop\251215_sys.evtx","System.UInt32[]","System.Diagnostics.Eventing.Reader.EventBookmark","오류","정보",,"System.Collections.ObjectModel.ReadOnlyCollection`1[System.String]","System.Collections.Generic.List`1[System.Diagnostics.Eventing.Reader.EventProperty]"
"{AB8902B4-09CA-4BB6-B78D-A8F59079A8D5} 서버가 요구된 초과 시간 안에 DCOM으로 등록하지 않았습니다.","10010","0","0","2","0","0","-9187343239835811840","26766","Microsoft-Windows-DistributedCOM","1b562e86-b7aa-4131-badc-b6f3a001407e","System","1584","23496","DT","S-1-5-21-3843888092-660805983-3388631941-1001","10/12/2025 10:54:43 PM","e6a3713b-3aee-0006-186e-abe6ee3adc01",,"c:\users\zinpi\desktop\251215_sys.evtx","System.UInt32[]","System.Diagnostics.Eventing.Reader.EventBookmark","오류","정보",,"System.Collections.ObjectModel.ReadOnlyCollection`1[System.String]","System.Collections.Generic.List`1[System.Diagnostics.Eventing.Reader.EventProperty]"
"{AB8902B4-09CA-4BB6-B78D-A8F59079A8D5} 서버가 요구된 초과 시간 안에 DCOM으로 등록하지 않았습니다.","10010","0","0","2","0","0","-9187343239835811840","26765","Microsoft-Windows-DistributedCOM","1b562e86-b7aa-4131-badc-b6f3a001407e","System","1584","23496","DT","S-1-5-21-3843888092-660805983-3388631941-1001","10/12/2025 10:54:43 PM","e6a3713b-3aee-0001-ab9f-efe6ee3adc01",,"c:\users\zinpi\desktop\251215_sys.evtx","System.UInt32[]","System.Diagnostics.Eventing.Reader.EventBookmark","오류","정보",,"System.Collections.ObjectModel.ReadOnlyCollection`1[System.String]","System.Collections.Generic.List`1[System.Diagnostics.Eventing.Reader.EventProperty]"
"{AB8902B4-09CA-4BB6-B78D-A8F59079A8D5} 서버가 요구된 초과 시간 안에 DCOM으로 등록하지 않았습니다.","10010","0","0","2","0","0","-9187343239835811840","26764","Microsoft-Windows-DistributedCOM","1b562e86-b7aa-4131-badc-b6f3a001407e","System","1584","23496","DT","S-1-5-21-3843888092-660805983-3388631941-1001","10/12/2025 10:54:43 PM","e6a3713b-3aee-0001-a09f-efe6ee3adc01",,"c:\users\zinpi\desktop\251215_sys.evtx","System.UInt32[]","System.Diagnostics.Eventing.Reader.EventBookmark","오류","정보",,"System.Collections.ObjectModel.ReadOnlyCollection`1[System.String]","System.Collections.Generic.List`1[System.Diagnostics.Eventing.Reader.EventProperty]"
"{AB8902B4-09CA-4BB6-B78D-A8F59079A8D5} 서버가 요구된 초과 시간 안에 DCOM으로 등록하지 않았습니다.","10010","0","0","2","0","0","-9187343239835811840","26763","Microsoft-Windows-DistributedCOM","1b562e86-b7aa-4131-badc-b6f3a001407e","System","1584","1620","DT","S-1-5-21-3843888092-660805983-3388631941-1001","10/12/2025 10:54:43 PM","e6a3713b-3aee-0001-9c9f-efe6ee3adc01",,"c:\users\zinpi\desktop\251215_sys.evtx","System.UInt32[]","System.Diagnostics.Eventing.Reader.EventBookmark","오류","정보",,"System.Collections.ObjectModel.ReadOnlyCollection`1[System.String]","System.Collections.Generic.List`1[System.Diagnostics.Eventing.Reader.EventProperty]"
"{AB8902B4-09CA-4BB6-B78D-A8F59079A8D5} 서버가 요구된 초과 시간 안에 DCOM으로 등록하지 않았습니다.","10010","0","0","2","0","0","-9187343239835811840","26762","Microsoft-Windows-DistributedCOM","1b562e86-b7aa-4131-badc-b6f3a001407e","System","1584","18624","DT","S-1-5-21-3843888092-660805983-3388631941-1001","10/12/2025 10:54:43 PM","e6a3713b-3aee-0002-368a-80e7ee3adc01",,"c:\users\zinpi\desktop\251215_sys.evtx","System.UInt32[]","System.Diagnostics.Eventing.Reader.EventBookmark","오류","정보",,"System.Collections.ObjectModel.ReadOnlyCollection`1[System.String]","System.Collections.Generic.List`1[System.Diagnostics.Eventing.Reader.EventProperty]"
"{AB8902B4-09CA-4BB6-B78D-A8F59079A8D5} 서버가 요구된 초과 시간 안에 DCOM으로 등록하지 않았습니다.","10010","0","0","2","0","0","-9187343239835811840","26761","Microsoft-Windows-DistributedCOM","1b562e86-b7aa-4131-badc-b6f3a001407e","System","1584","4492","DT","S-1-5-21-3843888092-660805983-3388631941-1001","10/12/2025 10:54:43 PM","e6a3713b-3aee-0006-0e6e-abe6ee3adc01",,"c:\users\zinpi\desktop\251215_sys.evtx","System.UInt32[]","System.Diagnostics.Eventing.Reader.EventBookmark","오류","정보",,"System.Collections.ObjectModel.ReadOnlyCollection`1[System.String]","System.Collections.Generic.List`1[System.Diagnostics.Eventing.Reader.EventProperty]"
"{AB8902B4-09CA-4BB6-B78D-A8F59079A8D5} 서버가 요구된 초과 시간 안에 DCOM으로 등록하지 않았습니다.","10010","0","0","2","0","0","-9187343239835811840","26760","Microsoft-Windows-DistributedCOM","1b562e86-b7aa-4131-badc-b6f3a001407e","System","1584","4932","DT","S-1-5-21-3843888092-660805983-3388631941-1001","10/12/2025 10:54:43 PM","e6a3713b-3aee-0006-056e-abe6ee3adc01",,"c:\users\zinpi\desktop\251215_sys.evtx","System.UInt32[]","System.Diagnostics.Eventing.Reader.EventBookmark","오류","정보",,"System.Collections.ObjectModel.ReadOnlyCollection`1[System.String]","System.Collections.Generic.List`1[System.Diagnostics.Eventing.Reader.EventProperty]"
"{AB8902B4-09CA-4BB6-B78D-A8F59079A8D5} 서버가 요구된 초과 시간 안에 DCOM으로 등록하지 않았습니다.","10010","0","0","2","0","0","-9187343239835811840","26759","Microsoft-Windows-DistributedCOM","1b562e86-b7aa-4131-badc-b6f3a001407e","System","1584","4932","DT","S-1-5-21-3843888092-660805983-3388631941-1001","10/12/2025 10:54:43 PM","e6a3713b-3aee-0006-f76d-abe6ee3adc01",,"c:\users\zinpi\desktop\251215_sys.evtx","System.UInt32[]","System.Diagnostics.Eventing.Reader.EventBookmark","오류","정보",,"System.Collections.ObjectModel.ReadOnlyCollection`1[System.String]","System.Collections.Generic.List`1[System.Diagnostics.Eventing.Reader.EventProperty]"
"{AB8902B4-09CA-4BB6-B78D-A8F59079A8D5} 서버가 요구된 초과 시간 안에 DCOM으로 등록하지 않았습니다.","10010","0","0","2","0","0","-9187343239835811840","26758","Microsoft-Windows-DistributedCOM","1b562e86-b7aa-4131-badc-b6f3a001407e","System","1584","4932","DT","S-1-5-21-3843888092-660805983-3388631941-1001","10/12/2025 10:54:43 PM","e6a3713b-3aee-0006-e96d-abe6ee3adc01",,"c:\users\zinpi\desktop\251215_sys.evtx","System.UInt32[]","System.Diagnostics.Eventing.Reader.EventBookmark","오류","정보",,"System.Collections.ObjectModel.ReadOnlyCollection`1[System.String]","System.Collections.Generic.List`1[System.Diagnostics.Eventing.Reader.EventProperty]"
"{AB8902B4-09CA-4BB6-B78D-A8F59079A8D5} 서버가 요구된 초과 시간 안에 DCOM으로 등록하지 않았습니다.","10010","0","0","2","0","0","-9187343239835811840","26757","Microsoft-Windows-DistributedCOM","1b562e86-b7aa-4131-badc-b6f3a001407e","System","1584","4932","DT","S-1-5-21-3843888092-660805983-3388631941-1001","10/12/2025 10:54:43 PM","e6a3713b-3aee-0001-7c9f-efe6ee3adc01",,"c:\users\zinpi\desktop\251215_sys.evtx","System.UInt32[]","System.Diagnostics.Eventing.Reader.EventBookmark","오류","정보",,"System.Collections.ObjectModel.ReadOnlyCollection`1[System.String]","System.Collections.Generic.List`1[System.Diagnostics.Eventing.Reader.EventProperty]"
"{AB8902B4-09CA-4BB6-B78D-A8F59079A8D5} 서버가 요구된 초과 시간 안에 DCOM으로 등록하지 않았습니다.","10010","0","0","2","0","0","-9187343239835811840","26756","Microsoft-Windows-DistributedCOM","1b562e86-b7aa-4131-badc-b6f3a001407e","System","1584","4932","DT","S-1-5-21-3843888092-660805983-3388631941-1001","10/12/2025 10:54:43 PM","e6a3713b-3aee-0006-d86d-abe6ee3adc01",,"c:\users\zinpi\desktop\251215_sys.evtx","System.UInt32[]","System.Diagnostics.Eventing.Reader.EventBookmark","오류","정보",,"System.Collections.ObjectModel.ReadOnlyCollection`1[System.String]","System.Collections.Generic.List`1[System.Diagnostics.Eventing.Reader.EventProperty]"
"{AB8902B4-09CA-4BB6-B78D-A8F59079A8D5} 서버가 요구된 초과 시간 안에 DCOM으로 등록하지 않았습니다.","10010","0","0","2","0","0","-9187343239835811840","26755","Microsoft-Windows-DistributedCOM","1b562e86-b7aa-4131-badc-b6f3a001407e","System","1584","4932","DT","S-1-5-21-3843888092-660805983-3388631941-1001","10/12/2025 10:54:43 PM","e6a3713b-3aee-000e-ee5f-aae6ee3adc01",,"c:\users\zinpi\desktop\251215_sys.evtx","System.UInt32[]","System.Diagnostics.Eventing.Reader.EventBookmark","오류","정보",,"System.Collections.ObjectModel.ReadOnlyCollection`1[System.String]","System.Collections.Generic.List`1[System.Diagnostics.Eventing.Reader.EventProperty]"
"{AB8902B4-09CA-4BB6-B78D-A8F59079A8D5} 서버가 요구된 초과 시간 안에 DCOM으로 등록하지 않았습니다.","10010","0","0","2","0","0","-9187343239835811840","26754","Microsoft-Windows-DistributedCOM","1b562e86-b7aa-4131-badc-b6f3a001407e","System","1584","4932","DT","S-1-5-21-3843888092-660805983-3388631941-1001","10/12/2025 10:54:43 PM","e6a3713b-3aee-000d-62e9-a6e6ee3adc01",,"c:\users\zinpi\desktop\251215_sys.evtx","System.UInt32[]","System.Diagnostics.Eventing.Reader.EventBookmark","오류","정보",,"System.Collections.ObjectModel.ReadOnlyCollection`1[System.String]","System.Collections.Generic.List`1[System.Diagnostics.Eventing.Reader.EventProperty]"
"{AB8902B4-09CA-4BB6-B78D-A8F59079A8D5} 서버가 요구된 초과 시간 안에 DCOM으로 등록하지 않았습니다.","10010","0","0","2","0","0","-9187343239835811840","26753","Microsoft-Windows-DistributedCOM","1b562e86-b7aa-4131-badc-b6f3a001407e","System","1584","4492","DT","S-1-5-21-3843888092-660805983-3388631941-1001","10/12/2025 10:54:43 PM","e6a3713b-3aee-0006-a06d-abe6ee3adc01",,"c:\users\zinpi\desktop\251215_sys.evtx","System.UInt32[]","System.Diagnostics.Eventing.Reader.EventBookmark","오류","정보",,"System.Collections.ObjectModel.ReadOnlyCollection`1[System.String]","System.Collections.Generic.List`1[System.Diagnostics.Eventing.Reader.EventProperty]"
"{AB8902B4-09CA-4BB6-B78D-A8F59079A8D5} 서버가 요구된 초과 시간 안에 DCOM으로 등록하지 않았습니다.","10010","0","0","2","0","0","-9187343239835811840","26752","Microsoft-Windows-DistributedCOM","1b562e86-b7aa-4131-badc-b6f3a001407e","System","1584","4492","DT","S-1-5-21-3843888092-660805983-3388631941-1001","10/12/2025 10:54:43 PM","e6a3713b-3aee-000e-9a5f-aae6ee3adc01",,"c:\users\zinpi\desktop\251215_sys.evtx","System.UInt32[]","System.Diagnostics.Eventing.Reader.EventBookmark","오류","정보",,"System.Collections.ObjectModel.ReadOnlyCollection`1[System.String]","System.Collections.Generic.List`1[System.Diagnostics.Eventing.Reader.EventProperty]"
"{AB8902B4-09CA-4BB6-B78D-A8F59079A8D5} 서버가 요구된 초과 시간 안에 DCOM으로 등록하지 않았습니다.","10010","0","0","2","0","0","-9187343239835811840","26751","Microsoft-Windows-DistributedCOM","1b562e86-b7aa-4131-badc-b6f3a001407e","System","1584","4932","DT","S-1-5-21-3843888092-660805983-3388631941-1001","10/12/2025 10:54:43 PM","e6a3713b-3aee-0002-bc89-80e7ee3adc01",,"c:\users\zinpi\desktop\251215_sys.evtx","System.UInt32[]","System.Diagnostics.Eventing.Reader.EventBookmark","오류","정보",,"System.Collections.ObjectModel.ReadOnlyCollection`1[System.String]","System.Collections.Generic.List`1[System.Diagnostics.Eventing.Reader.EventProperty]"
"{AB8902B4-09CA-4BB6-B78D-A8F59079A8D5} 서버가 요구된 초과 시간 안에 DCOM으로 등록하지 않았습니다.","10010","0","0","2","0","0","-9187343239835811840","26750","Microsoft-Windows-DistributedCOM","1b562e86-b7aa-4131-badc-b6f3a001407e","System","1584","18624","DT","S-1-5-21-3843888092-660805983-3388631941-1001","10/12/2025 10:54:42 PM","e6a3713b-3aee-0002-b089-80e7ee3adc01",,"c:\users\zinpi\desktop\251215_sys.evtx","System.UInt32[]","System.Diagnostics.Eventing.Reader.EventBookmark","오류","정보",,"System.Collections.ObjectModel.ReadOnlyCollection`1[System.String]","System.Collections.Generic.List`1[System.Diagnostics.Eventing.Reader.EventProperty]"
"{AB8902B4-09CA-4BB6-B78D-A8F59079A8D5} 서버가 요구된 초과 시간 안에 DCOM으로 등록하지 않았습니다.","10010","0","0","2","0","0","-9187343239835811840","26749","Microsoft-Windows-DistributedCOM","1b562e86-b7aa-4131-badc-b6f3a001407e","System","1584","18624","DT","S-1-5-21-3843888092-660805983-3388631941-1001","10/12/2025 10:54:42 PM","e6a3713b-3aee-0001-1c9f-efe6ee3adc01",,"c:\users\zinpi\desktop\251215_sys.evtx","System.UInt32[]","System.Diagnostics.Eventing.Reader.EventBookmark","오류","정보",,"System.Collections.ObjectModel.ReadOnlyCollection`1[System.String]","System.Collections.Generic.List`1[System.Diagnostics.Eventing.Reader.EventProperty]"
"{AB8902B4-09CA-4BB6-B78D-A8F59079A8D5} 서버가 요구된 초과 시간 안에 DCOM으로 등록하지 않았습니다.","10010","0","0","2","0","0","-9187343239835811840","26748","Microsoft-Windows-DistributedCOM","1b562e86-b7aa-4131-badc-b6f3a001407e","System","1584","18624","DT","S-1-5-21-3843888092-660805983-3388631941-1001","10/12/2025 10:54:42 PM","e6a3713b-3aee-0001-119f-efe6ee3adc01",,"c:\users\zinpi\desktop\251215_sys.evtx","System.UInt32[]","System.Diagnostics.Eventing.Reader.EventBookmark","오류","정보",,"System.Collections.ObjectModel.ReadOnlyCollection`1[System.String]","System.Collections.Generic.List`1[System.Diagnostics.Eventing.Reader.EventProperty]"
"{AB8902B4-09CA-4BB6-B78D-A8F59079A8D5} 서버가 요구된 초과 시간 안에 DCOM으로 등록하지 않았습니다.","10010","0","0","2","0","0","-9187343239835811840","26747","Microsoft-Windows-DistributedCOM","1b562e86-b7aa-4131-badc-b6f3a001407e","System","1584","18624","DT","S-1-5-21-3843888092-660805983-3388631941-1001","10/12/2025 10:54:42 PM","e6a3713b-3aee-0002-9f89-80e7ee3adc01",,"c:\users\zinpi\desktop\251215_sys.evtx","System.UInt32[]","System.Diagnostics.Eventing.Reader.EventBookmark","오류","정보",,"System.Collections.ObjectModel.ReadOnlyCollection`1[System.String]","System.Collections.Generic.List`1[System.Diagnostics.Eventing.Reader.EventProperty]"
